BLOCK00/SES002/SA002S12	SES002	2.05957	30.3942	28.3346
BLOCK00/SES002/SA002S13	SES002	2.47757	28.5746	26.0971
BLOCK00/SES002/SA002S23	SES002	1.30446	29.3404	28.0359
BLOCK00/SES002/SA002S26	SES002	2.17455	30.5129	28.3383
BLOCK00/SES002/SA002S28	SES002	0.886425	27.6462	26.7598
BLOCK00/SES007/SA007S14	SES007	2.79837	31.3525	28.5542
BLOCK00/SES007/SA007S15	SES007	0.933393	28.1164	27.183
BLOCK00/SES007/SA007S24	SES007	1.32843	28.0614	26.733
BLOCK00/SES007/SA007S27	SES007	0.53912	27.0191	26.48
BLOCK00/SES007/SA007S29	SES007	0.783215	28.3634	27.5802
BLOCK00/SES008/SA008S11	SES008	1.76615	28.7467	26.9806
BLOCK00/SES008/SA008S12	SES008	0.104691	27.2992	27.1945
BLOCK00/SES008/SA008S19	SES008	2.14732	30.7736	28.6263
BLOCK00/SES008/SA008S22	SES008	1.09655	27.1612	26.0646
BLOCK00/SES008/SA008S29	SES008	1.91263	29.7441	27.8314
BLOCK01/SES014/SA014S10	SES014	2.33466	29.6827	27.3481
BLOCK01/SES014/SA014S12	SES014	4.74002	34.1544	29.4144
BLOCK01/SES014/SA014S24	SES014	1.56944	30.0399	28.4705
BLOCK01/SES014/SA014S26	SES014	3.25125	34.487	31.2358
BLOCK01/SES014/SA014S28	SES014	5.39574	34.8218	29.4261
BLOCK01/SES016/SA016S12	SES016	2.19904	26.3757	24.1767
BLOCK01/SES016/SA016S13	SES016	1.59648	27.9073	26.3108
BLOCK01/SES016/SA016S22	SES016	0.464035	26.6569	26.1929
BLOCK01/SES016/SA016S25	SES016	2.14864	31.2517	29.103
BLOCK01/SES016/SA016S27	SES016	1.54706	31.3278	29.7807
BLOCK01/SES019/SA019S13	SES019	2.91678	28.3935	25.4768
BLOCK01/SES019/SA019S14	SES019	2.21694	28.2851	26.0681
BLOCK01/SES019/SA019S22	SES019	3.23372	28.5976	25.3639
BLOCK01/SES019/SA019S25	SES019	3.03262	29.3432	26.3106
BLOCK01/SES019/SA019S29	SES019	3.67577	29.1102	25.4344
BLOCK02/SES029/SA029S11	SES029	1.89674	28.9931	27.0963
BLOCK02/SES029/SA029S12	SES029	0.549847	29.5337	28.9838
BLOCK02/SES029/SA029S20	SES029	1.35062	28.5344	27.1837
BLOCK02/SES029/SA029S25	SES029	0.931137	29.6879	28.7567
BLOCK02/SES029/SA029S28	SES029	0.34786	28.6052	28.2573
BLOCK04/SES042/SA042S12	SES042	3.05743	31.2587	28.2013
BLOCK04/SES042/SA042S15	SES042	2.60078	31.1286	28.5278
BLOCK04/SES042/SA042S22	SES042	4.36146	35.3511	30.9896
BLOCK04/SES042/SA042S25	SES042	2.381	30.2803	27.8993
BLOCK04/SES042/SA042S27	SES042	2.24812	33.3758	31.1276
BLOCK04/SES048/SA048S11	SES048	2.05508	30.7762	28.7212
BLOCK04/SES048/SA048S12	SES048	1.46522	30.7565	29.2913
BLOCK04/SES048/SA048S20	SES048	1.08975	30.8158	29.7261
BLOCK04/SES048/SA048S23	SES048	2.09225	29.1561	27.0638
BLOCK04/SES048/SA048S27	SES048	1.76939	32.4114	30.642
BLOCK06/SES060/SA060S11	SES060	1.88267	31.1962	29.3135
BLOCK06/SES060/SA060S12	SES060	-0.9683	25.2369	26.2052
BLOCK06/SES060/SA060S22	SES060	-0.410856	25.5702	25.9811
BLOCK06/SES060/SA060S24	SES060	1.89874	30.7803	28.8816
BLOCK06/SES060/SA060S28	SES060	1.75851	33.0266	31.2681
BLOCK06/SES062/SA062S10	SES062	1.59141	30.2601	28.6687
BLOCK06/SES062/SA062S11	SES062	1.74132	29.0297	27.2884
BLOCK06/SES062/SA062S21	SES062	2.43917	34.3714	31.9322
BLOCK06/SES062/SA062S26	SES062	1.807	31.131	29.324
BLOCK06/SES062/SA062S29	SES062	2.29987	32.6483	30.3485
BLOCK06/SES068/SA068S14	SES068	0.938152	29.3485	28.4103
BLOCK06/SES068/SA068S15	SES068	2.07373	31.0607	28.987
BLOCK06/SES068/SA068S23	SES068	1.09919	27.6235	26.5244
BLOCK06/SES068/SA068S27	SES068	2.88355	31.9408	29.0573
BLOCK06/SES068/SA068S29	SES068	0.974514	29.0992	28.1247
BLOCK08/SES082/SA082S12	SES082	0.257858	27.672	27.4141
BLOCK08/SES082/SA082S14	SES082	0.536703	26.2957	25.759
BLOCK08/SES082/SA082S21	SES082	0.445934	27.304	26.858
BLOCK08/SES082/SA082S24	SES082	0.439823	29.4086	28.9687
BLOCK08/SES082/SA082S28	SES082	0.482216	27.6508	27.1686
BLOCK08/SES083/SA083S14	SES083	0.380707	28.4096	28.0289
BLOCK08/SES083/SA083S15	SES083	0.518015	28.975	28.4569
BLOCK08/SES083/SA083S24	SES083	0.724997	28.4855	27.7605
BLOCK08/SES083/SA083S26	SES083	0.609476	28.9242	28.3147
BLOCK08/SES083/SA083S29	SES083	0.701117	29.4813	28.7802
BLOCK08/SES085/SA085S10	SES085	0.7218	28.8389	28.1171
BLOCK08/SES085/SA085S13	SES085	0.776407	27.5469	26.7705
BLOCK08/SES085/SA085S22	SES085	-0.374563	27.537	27.9116
BLOCK08/SES085/SA085S26	SES085	0.313873	28.0868	27.773
BLOCK08/SES085/SA085S28	SES085	2.08792	30.3338	28.2459
BLOCK08/SES087/SA087S15	SES087	1.69169	29.6879	27.9962
BLOCK08/SES087/SA087S16	SES087	1.85664	29.2534	27.3968
BLOCK08/SES087/SA087S24	SES087	2.4787	30.1987	27.72
BLOCK08/SES087/SA087S26	SES087	1.37934	30.5591	29.1798
BLOCK08/SES087/SA087S29	SES087	2.14122	29.3063	27.1651
BLOCK09/SES099/SA099S15	SES099	2.66326	29.2723	26.609
BLOCK09/SES099/SA099S16	SES099	2.40288	29.2714	26.8685
BLOCK09/SES099/SA099S24	SES099	1.84623	28.9369	27.0907
BLOCK09/SES099/SA099S26	SES099	2.4086	29.9683	27.5597
BLOCK09/SES099/SA099S29	SES099	3.13673	30.3954	27.2586
BLOCK10/SES101/SA101S11	SES101	0.46232	28.7255	28.2631
BLOCK10/SES101/SA101S13	SES101	2.19754	31.3432	29.1457
BLOCK10/SES101/SA101S22	SES101	1.69447	28.0854	26.3909
BLOCK10/SES101/SA101S24	SES101	1.56992	29.3264	27.7565
BLOCK10/SES101/SA101S28	SES101	0.602409	27.0609	26.4585
BLOCK10/SES104/SA104S11	SES104	2.72016	32.6945	29.9744
BLOCK10/SES104/SA104S12	SES104	1.75118	29.6161	27.8649
BLOCK10/SES104/SA104S21	SES104	2.0377	30.1975	28.1598
BLOCK10/SES104/SA104S24	SES104	0.813555	29.4465	28.6329
BLOCK10/SES104/SA104S28	SES104	2.00362	30.8207	28.8171
BLOCK10/SES105/SA105S12	SES105	1.0481	27.2425	26.1944
BLOCK10/SES105/SA105S13	SES105	1.38291	28.4327	27.0498
BLOCK10/SES105/SA105S22	SES105	0.460302	26.1917	25.7314
BLOCK10/SES105/SA105S26	SES105	1.40905	27.7051	26.2961
BLOCK10/SES105/SA105S29	SES105	1.59796	29.0665	27.4685
BLOCK10/SES106/SA106S09	SES106	1.18312	26.7683	25.5852
BLOCK10/SES106/SA106S11	SES106	2.45498	30.467	28.012
BLOCK10/SES106/SA106S22	SES106	4.08994	30.3999	26.31
BLOCK10/SES106/SA106S27	SES106	1.99652	28.7634	26.7668
BLOCK10/SES106/SA106S29	SES106	1.02233	28.2022	27.1798
BLOCK11/SES117/SA117S12	SES117	0.666241	27.022	26.3558
BLOCK11/SES117/SA117S13	SES117	0.0302391	27.2368	27.2065
BLOCK11/SES117/SA117S23	SES117	2.71827	25.3986	22.6804
BLOCK11/SES117/SA117S25	SES117	1.26165	25.4221	24.1604
BLOCK11/SES117/SA117S28	SES117	1.70733	25.4014	23.6941
BLOCK12/SES120/SA120S08	SES120	0.870962	24.8717	24.0007
BLOCK12/SES120/SA120S11	SES120	0.443487	23.0021	22.5586
BLOCK12/SES120/SA120S22	SES120	-0.13887	28.1085	28.2474
BLOCK12/SES120/SA120S24	SES120	1.07649	26.8028	25.7263
BLOCK12/SES120/SA120S28	SES120	-0.0277081	23.6	23.6277
BLOCK12/SES125/SA125S13	SES125	2.79296	29.932	27.1391
BLOCK12/SES125/SA125S14	SES125	1.37381	28.3903	27.0165
BLOCK12/SES125/SA125S25	SES125	2.8051	29.7837	26.9786
BLOCK12/SES125/SA125S27	SES125	2.34996	31.3132	28.9632
BLOCK12/SES125/SA125S29	SES125	2.37052	29.4204	27.0498
BLOCK12/SES127/SA127S11	SES127	1.11917	28.2703	27.1511
BLOCK12/SES127/SA127S12	SES127	0.739477	28.6553	27.9159
BLOCK12/SES127/SA127S23	SES127	0.746796	28.4408	27.694
BLOCK12/SES127/SA127S25	SES127	0.187344	27.4004	27.213
BLOCK12/SES127/SA127S27	SES127	1.25724	28.3671	27.1099
BLOCK12/SES129/SA129S11	SES129	2.36827	31.1112	28.743
BLOCK12/SES129/SA129S12	SES129	1.99771	30.7857	28.788
BLOCK12/SES129/SA129S22	SES129	1.51287	29.3882	27.8753
BLOCK12/SES129/SA129S27	SES129	2.70936	30.6555	27.9462
BLOCK12/SES129/SA129S29	SES129	1.5188	30.788	29.2692
BLOCK14/SES142/SA142S11	SES142	2.9938	26.9208	23.927
BLOCK14/SES142/SA142S12	SES142	1.28689	24.7817	23.4948
BLOCK14/SES142/SA142S24	SES142	2.23348	26.3653	24.1318
BLOCK14/SES142/SA142S27	SES142	2.08244	27.766	25.6835
BLOCK14/SES142/SA142S29	SES142	3.71156	28.0477	24.3361
BLOCK14/SES143/SA143S12	SES143	1.39777	27.4622	26.0644
BLOCK14/SES143/SA143S13	SES143	0.900749	26.7976	25.8969
BLOCK14/SES143/SA143S23	SES143	1.32131	27.2394	25.9181
BLOCK14/SES143/SA143S25	SES143	1.66494	27.4894	25.8245
BLOCK14/SES143/SA143S28	SES143	1.11284	26.7454	25.6326
BLOCK14/SES144/SA144S09	SES144	1.12925	28.7155	27.5862
BLOCK14/SES144/SA144S11	SES144	1.24533	27.426	26.1807
BLOCK14/SES144/SA144S21	SES144	-0.147087	27.1508	27.2979
BLOCK14/SES144/SA144S25	SES144	0.519058	26.8996	26.3806
BLOCK14/SES144/SA144S29	SES144	0.308926	28.4537	28.1447
BLOCK14/SES146/SA146S14	SES146	0.958878	27.0226	26.0637
BLOCK14/SES146/SA146S15	SES146	0.724758	27.0782	26.3535
BLOCK14/SES146/SA146S24	SES146	1.09161	27.4747	26.3831
BLOCK14/SES146/SA146S26	SES146	1.35433	27.472	26.1177
BLOCK14/SES146/SA146S29	SES146	1.18876	25.8802	24.6915
BLOCK14/SES147/SA147S11	SES147	1.47222	27.3366	25.8643
BLOCK14/SES147/SA147S13	SES147	2.53948	29.0773	26.5378
BLOCK14/SES147/SA147S23	SES147	0.630116	26.3238	25.6937
BLOCK14/SES147/SA147S26	SES147	1.35676	27.3765	26.0198
BLOCK14/SES147/SA147S28	SES147	1.50553	27.2783	25.7728
BLOCK14/SES148/SA148S10	SES148	1.60002	28.568	26.968
BLOCK14/SES148/SA148S12	SES148	0.981512	26.8661	25.8846
BLOCK14/SES148/SA148S22	SES148	1.9942	30.0705	28.0762
BLOCK14/SES148/SA148S26	SES148	0.651279	29.2036	28.5523
BLOCK14/SES148/SA148S29	SES148	0.602716	28.0929	27.4902
BLOCK14/SES149/SA149S13	SES149	0.30755	29.396	29.0885
BLOCK14/SES149/SA149S14	SES149	0.715643	29.8633	29.1477
BLOCK14/SES149/SA149S24	SES149	2.05933	30.9113	28.852
BLOCK14/SES149/SA149S26	SES149	2.84095	31.8037	28.9627
BLOCK14/SES149/SA149S28	SES149	3.27123	33.8836	30.6124
BLOCK15/SES158/SA158S13	SES158	1.6538	27.6238	25.97
BLOCK15/SES158/SA158S14	SES158	3.60131	28.0022	24.4009
BLOCK15/SES158/SA158S23	SES158	1.55522	27.9382	26.383
BLOCK15/SES158/SA158S26	SES158	2.65236	27.1678	24.5154
BLOCK15/SES158/SA158S28	SES158	1.51602	27.4502	25.9341
BLOCK16/SES162/SA162S10	SES162	1.29337	25.9009	24.6075
BLOCK16/SES162/SA162S11	SES162	1.39605	28.7308	27.3348
BLOCK16/SES162/SA162S21	SES162	2.68941	29.0937	26.4043
BLOCK16/SES162/SA162S24	SES162	1.68208	27.7677	26.0857
BLOCK16/SES162/SA162S27	SES162	2.051	27.3475	25.2965
BLOCK16/SES167/SA167S14	SES167	1.02868	29.5443	28.5157
BLOCK16/SES167/SA167S15	SES167	1.46908	28.2211	26.752
BLOCK16/SES167/SA167S21	SES167	1.43345	28.7662	27.3328
BLOCK16/SES167/SA167S25	SES167	2.26434	29.1498	26.8855
BLOCK16/SES167/SA167S29	SES167	2.35827	31.2223	28.864
BLOCK17/SES172/SA172S12	SES172	2.6524	29.0108	26.3584
BLOCK17/SES172/SA172S13	SES172	2.05107	28.0119	25.9609
BLOCK17/SES172/SA172S23	SES172	1.56841	30.0136	28.4452
BLOCK17/SES172/SA172S27	SES172	1.47891	28.75	27.2711
BLOCK17/SES172/SA172S29	SES172	3.17878	29.767	26.5882
BLOCK17/SES175/SA175S11	SES175	0.664978	28.0619	27.397
BLOCK17/SES175/SA175S13	SES175	1.84555	29.3277	27.4822
BLOCK17/SES175/SA175S23	SES175	1.5168	28.9653	27.4485
BLOCK17/SES175/SA175S25	SES175	0.386183	25.2586	24.8724
BLOCK17/SES175/SA175S28	SES175	0.505207	28.0769	27.5717
BLOCK17/SES177/SA177S15	SES177	-0.0661392	27.6395	27.7057
BLOCK17/SES177/SA177S17	SES177	0.641685	28.5689	27.9272
BLOCK17/SES177/SA177S23	SES177	-0.182714	26.8159	26.9987
BLOCK17/SES177/SA177S26	SES177	1.57315	31.3515	29.7784
BLOCK17/SES177/SA177S28	SES177	0.559786	29.1565	28.5967
BLOCK18/SES180/SA180S13	SES180	0.743126	27.2342	26.4911
BLOCK18/SES180/SA180S15	SES180	1.20568	27.5234	26.3178
BLOCK18/SES180/SA180S24	SES180	1.11836	29.4396	28.3213
BLOCK18/SES180/SA180S26	SES180	0.179695	28.5869	28.4072
BLOCK18/SES180/SA180S29	SES180	1.04844	28.0205	26.9721
BLOCK18/SES183/SA183S13	SES183	1.45455	26.9026	25.4481
BLOCK18/SES183/SA183S14	SES183	0.418118	26.8977	26.4796
BLOCK18/SES183/SA183S24	SES183	1.68329	25.9164	24.2331
BLOCK18/SES183/SA183S27	SES183	1.47715	27.6442	26.1671
BLOCK18/SES183/SA183S29	SES183	1.47301	28.8608	27.3878
BLOCK18/SES187/SA187S13	SES187	-0.0103512	25.4883	25.4987
BLOCK18/SES187/SA187S14	SES187	0.0699787	25.9327	25.8627
BLOCK18/SES187/SA187S24	SES187	1.32743	25.6891	24.3617
BLOCK18/SES187/SA187S27	SES187	1.27607	27.1347	25.8586
BLOCK18/SES187/SA187S29	SES187	1.55844	26.96	25.4016
BLOCK18/SES189/SA189S10	SES189	2.69569	26.1541	23.4584
BLOCK18/SES189/SA189S13	SES189	3.10879	24.9581	21.8493
BLOCK18/SES189/SA189S24	SES189	4.31936	26.6127	22.2934
BLOCK18/SES189/SA189S26	SES189	1.56446	26.702	25.1375
BLOCK18/SES189/SA189S29	SES189	3.13653	27.1399	24.0033
BLOCK20/SES202/SA202S12	SES202	1.12412	24.4486	23.3245
BLOCK20/SES202/SA202S14	SES202	2.957	27.0595	24.1025
BLOCK20/SES202/SA202S24	SES202	1.3499	26.8728	25.5229
BLOCK20/SES202/SA202S27	SES202	2.39152	29.4139	27.0223
BLOCK20/SES202/SA202S29	SES202	2.1623	28.5823	26.42
BLOCK20/SES206/SA206S15	SES206	-0.341812	28.5886	28.9305
BLOCK20/SES206/SA206S17	SES206	2.39823	31.2821	28.8839
BLOCK20/SES206/SA206S24	SES206	2.67712	31.6267	28.9496
BLOCK20/SES206/SA206S27	SES206	2.4353	30.9834	28.5481
BLOCK20/SES206/SA206S29	SES206	2.0672	32.8281	30.7609
BLOCK22/SES226/SA226S12	SES226	1.36418	28.1619	26.7977
BLOCK22/SES226/SA226S13	SES226	-0.559042	26.6504	27.2095
BLOCK22/SES226/SA226S20	SES226	1.89922	28.9968	27.0976
BLOCK22/SES226/SA226S23	SES226	1.54094	29.1232	27.5823
BLOCK22/SES226/SA226S28	SES226	2.32101	29.9049	27.5839
BLOCK25/SES259/SA259S13	SES259	4.64151	31.7274	27.0859
BLOCK25/SES259/SA259S14	SES259	2.87568	30.5686	27.6929
BLOCK25/SES259/SA259S22	SES259	2.2061	30.2191	28.013
BLOCK25/SES259/SA259S24	SES259	2.70413	32.0335	29.3294
BLOCK25/SES259/SA259S28	SES259	2.98222	30.3754	27.3932
BLOCK27/SES270/SA270S14	SES270	2.85216	27.5794	24.7272
BLOCK27/SES270/SA270S16	SES270	1.39966	27.6239	26.2242
BLOCK27/SES270/SA270S22	SES270	2.96623	27.92	24.9538
BLOCK27/SES270/SA270S26	SES270	2.22417	26.492	24.2678
BLOCK27/SES270/SA270S28	SES270	1.65014	27.8263	26.1762
BLOCK27/SES275/SA275S17	SES275	1.92627	28.1068	26.1805
BLOCK27/SES275/SA275S18	SES275	0.734129	27.9427	27.2086
BLOCK27/SES275/SA275S24	SES275	1.20164	27.1871	25.9855
BLOCK27/SES275/SA275S26	SES275	1.58405	28.8459	27.2618
BLOCK27/SES275/SA275S28	SES275	0.891312	29.2229	28.3316
BLOCK29/SES292/SA292S10	SES292	0.284052	28.0482	27.7641
BLOCK29/SES292/SA292S12	SES292	0.467421	26.8231	26.3557
BLOCK29/SES292/SA292S22	SES292	0.797014	29.2899	28.4928
BLOCK29/SES292/SA292S24	SES292	0.313374	28.7518	28.4384
BLOCK29/SES292/SA292S27	SES292	0.576931	28.8455	28.2686
BLOCK00/SES001/SA001S14	SES062	-2.69004	23.5088	26.1988
BLOCK00/SES001/SA001S14	SES082	-4.50324	21.6956	26.1988
BLOCK00/SES001/SA001S14	SES106	-2.97671	23.2221	26.1988
BLOCK00/SES001/SA001S14	SES206	-3.23554	22.9633	26.1988
BLOCK00/SES001/SA001S15	SES062	-3.10997	24.943	28.053
BLOCK00/SES001/SA001S15	SES104	-4.10316	23.9499	28.053
BLOCK00/SES001/SA001S15	SES106	-2.61509	25.4379	28.053
BLOCK00/SES001/SA001S15	SES206	-3.05137	25.0016	28.053
BLOCK00/SES001/SA001S24	SES062	-4.71064	21.6097	26.3203
BLOCK00/SES001/SA001S24	SES082	-4.68814	21.6322	26.3203
BLOCK00/SES001/SA001S24	SES087	-3.73691	22.5834	26.3203
BLOCK00/SES001/SA001S24	SES206	-3.27996	23.0404	26.3203
BLOCK00/SES001/SA001S27	SES062	-2.95151	25.2111	28.1626
BLOCK00/SES001/SA001S27	SES082	-3.33972	24.8229	28.1626
BLOCK00/SES001/SA001S27	SES087	-3.10712	25.0555	28.1626
BLOCK00/SES001/SA001S27	SES206	-3.6328	24.5298	28.1626
BLOCK00/SES001/SA001S29	SES062	-4.84435	20.8935	25.7379
BLOCK00/SES001/SA001S29	SES082	-3.01252	22.7254	25.7379
BLOCK00/SES001/SA001S29	SES158	-2.37051	23.3674	25.7379
BLOCK00/SES001/SA001S29	SES206	-4.3247	21.4132	25.7379
BLOCK00/SES003/SA003S11	SES002	-1.96397	24.9543	26.9183
BLOCK00/SES003/SA003S11	SES019	-3.28837	23.6299	26.9183
BLOCK00/SES003/SA003S11	SES082	-1.80864	25.1097	26.9183
BLOCK00/SES003/SA003S11	SES125	-2.60868	24.3096	26.9183
BLOCK00/SES003/SA003S15	SES016	-2.0738	26.9379	29.0116
BLOCK00/SES003/SA003S15	SES019	-3.1689	25.8427	29.0116
BLOCK00/SES003/SA003S15	SES062	-2.29838	26.7133	29.0116
BLOCK00/SES003/SA003S15	SES206	-2.71839	26.2933	29.0116
BLOCK00/SES003/SA003S22	SES002	-3.35924	23.9599	27.3192
BLOCK00/SES003/SA003S22	SES062	-2.05532	25.2638	27.3192
BLOCK00/SES003/SA003S22	SES082	-2.92848	24.3907	27.3192
BLOCK00/SES003/SA003S22	SES087	-3.68885	23.6303	27.3192
BLOCK00/SES003/SA003S25	SES062	-3.9375	21.8295	25.767
BLOCK00/SES003/SA003S25	SES082	-2.82198	22.9451	25.767
BLOCK00/SES003/SA003S25	SES087	-2.45984	23.3072	25.767
BLOCK00/SES003/SA003S25	SES206	-3.77083	21.9962	25.767
BLOCK00/SES003/SA003S29	SES002	-2.80082	23.9	26.7008
BLOCK00/SES003/SA003S29	SES062	-3.54168	23.1591	26.7008
BLOCK00/SES003/SA003S29	SES082	-2.52343	24.1774	26.7008
BLOCK00/SES003/SA003S29	SES087	-2.88642	23.8144	26.7008
BLOCK00/SES004/SA004S12	SES083	-3.29618	22.4607	25.7569
BLOCK00/SES004/SA004S12	SES148	-3.67513	22.0817	25.7569
BLOCK00/SES004/SA004S12	SES172	-1.45103	24.3058	25.7569
BLOCK00/SES004/SA004S12	SES292	-2.31159	23.4453	25.7569
BLOCK00/SES004/SA004S17	SES083	-2.56326	23.6842	26.2475
BLOCK00/SES004/SA004S17	SES162	-1.98596	24.2615	26.2475
BLOCK00/SES004/SA004S17	SES172	-1.73271	24.5148	26.2475
BLOCK00/SES004/SA004S17	SES292	-2.14834	24.0991	26.2475
BLOCK00/SES004/SA004S24	SES083	-2.79647	23.0174	25.8139
BLOCK00/SES004/SA004S24	SES148	-3.1835	22.6304	25.8139
BLOCK00/SES004/SA004S24	SES172	-1.20169	24.6122	25.8139
BLOCK00/SES004/SA004S24	SES292	-2.39754	23.4164	25.8139
BLOCK00/SES004/SA004S26	SES083	-2.43286	23.0721	25.505
BLOCK00/SES004/SA004S26	SES127	-2.61095	22.894	25.505
BLOCK00/SES004/SA004S26	SES148	-4.43596	21.069	25.505
BLOCK00/SES004/SA004S26	SES292	-3.06551	22.4395	25.505
BLOCK00/SES004/SA004S28	SES083	-1.84287	25.2774	27.1203
BLOCK00/SES004/SA004S28	SES127	-1.92858	25.1917	27.1203
BLOCK00/SES004/SA004S28	SES187	-1.74212	25.3782	27.1203
BLOCK00/SES004/SA004S28	SES292	-2.8406	24.2797	27.1203
BLOCK00/SES006/SA006S10	SES014	-5.80236	16.558	22.3603
BLOCK00/SES006/SA006S10	SES158	-3.21253	19.1478	22.3603
BLOCK00/SES006/SA006S10	SES226	-5.46035	16.9	22.3603
BLOCK00/SES006/SA006S10	SES270	-2.26169	20.0986	22.3603
BLOCK00/SES006/SA006S11	SES158	-2.93538	20.541	23.4763
BLOCK00/SES006/SA006S11	SES226	-4.66237	18.814	23.4763
BLOCK00/SES006/SA006S11	SES270	-2.76291	20.7134	23.4763
BLOCK00/SES006/SA006S11	SES275	-4.33324	19.1431	23.4763
BLOCK00/SES006/SA006S23	SES062	-4.25098	22.3956	26.6466
BLOCK00/SES006/SA006S23	SES105	-4.29477	22.3518	26.6466
BLOCK00/SES006/SA006S23	SES158	-3.05239	23.5942	26.6466
BLOCK00/SES006/SA006S23	SES275	-3.01484	23.6317	26.6466
BLOCK00/SES006/SA006S26	SES104	-6.3327	19.2145	25.5472
BLOCK00/SES006/SA006S26	SES158	-2.50198	23.0452	25.5472
BLOCK00/SES006/SA006S26	SES270	-1.34542	24.2018	25.5472
BLOCK00/SES006/SA006S26	SES275	-3.50566	22.0416	25.5472
BLOCK00/SES006/SA006S28	SES007	-4.61565	18.605	23.2207
BLOCK00/SES006/SA006S28	SES105	-4.29493	18.9257	23.2207
BLOCK00/SES006/SA006S28	SES158	-3.29883	19.9218	23.2207
BLOCK00/SES006/SA006S28	SES275	-4.26318	18.9575	23.2207
BLOCK00/SES009/SA009S12	SES083	-3.22891	25.2652	28.4941
BLOCK00/SES009/SA009S12	SES148	-3.29516	25.1989	28.4941
BLOCK00/SES009/SA009S12	SES177	-2.02611	26.468	28.4941
BLOCK00/SES009/SA009S12	SES292	-1.90302	26.591	28.4941
BLOCK00/SES009/SA009S15	SES007	0.163284	28.9676	28.8043
BLOCK00/SES009/SA009S15	SES099	-3.99414	24.8101	28.8043
BLOCK00/SES009/SA009S15	SES148	-3.31062	25.4937	28.8043
BLOCK00/SES009/SA009S15	SES172	-1.66315	27.1411	28.8043
BLOCK00/SES009/SA009S24	SES146	-1.8995	26.8959	28.7954
BLOCK00/SES009/SA009S24	SES148	-3.5759	25.2195	28.7954
BLOCK00/SES009/SA009S24	SES177	-1.04973	27.7457	28.7954
BLOCK00/SES009/SA009S24	SES292	-1.81725	26.9781	28.7954
BLOCK00/SES009/SA009S26	SES083	-3.14733	24.9496	28.0969
BLOCK00/SES009/SA009S26	SES101	-3.04195	25.055	28.0969
BLOCK00/SES009/SA009S26	SES120	-2.7764	25.3205	28.0969
BLOCK00/SES009/SA009S26	SES177	-1.79778	26.2991	28.0969
BLOCK00/SES009/SA009S29	SES083	-2.87183	26.2351	29.1069
BLOCK00/SES009/SA009S29	SES101	-2.51847	26.5884	29.1069
BLOCK00/SES009/SA009S29	SES177	-1.72589	27.381	29.1069
BLOCK00/SES009/SA009S29	SES292	-1.88628	27.2206	29.1069
BLOCK01/SES011/SA011S10	SES019	-2.20494	25.8721	28.077
BLOCK01/SES011/SA011S10	SES042	-1.31452	26.7625	28.077
BLOCK01/SES011/SA011S10	SES082	-3.07498	25.002	28.077
BLOCK01/SES011/SA011S10	SES206	-2.85265	25.2244	28.077
BLOCK01/SES011/SA011S11	SES019	-3.72472	22.5848	26.3096
BLOCK01/SES011/SA011S11	SES042	-2.85612	23.4534	26.3096
BLOCK01/SES011/SA011S11	SES082	-2.17311	24.1365	26.3096
BLOCK01/SES011/SA011S11	SES206	-2.79857	23.511	26.3096
BLOCK01/SES011/SA011S22	SES019	-2.82967	23.5476	26.3772
BLOCK01/SES011/SA011S22	SES042	-2.76306	23.6142	26.3772
BLOCK01/SES011/SA011S22	SES082	-3.93272	22.4445	26.3772
BLOCK01/SES011/SA011S22	SES206	-3.36986	23.0074	26.3772
BLOCK01/SES011/SA011S24	SES019	-3.18308	23.9676	27.1506
BLOCK01/SES011/SA011S24	SES042	-1.81746	25.3332	27.1506
BLOCK01/SES011/SA011S24	SES104	-2.79576	24.3549	27.1506
BLOCK01/SES011/SA011S24	SES206	-2.94508	24.2056	27.1506
BLOCK01/SES011/SA011S27	SES082	-1.17194	25.0482	26.2202
BLOCK01/SES011/SA011S27	SES087	-3.4717	22.7485	26.2202
BLOCK01/SES011/SA011S27	SES125	-2.74489	23.4753	26.2202
BLOCK01/SES011/SA011S27	SES206	-2.87206	23.3481	26.2202
BLOCK01/SES012/SA012S11	SES007	-1.51997	28.5957	30.1156
BLOCK01/SES012/SA012S11	SES082	-3.08885	27.0268	30.1156
BLOCK01/SES012/SA012S11	SES083	-2.80828	27.3074	30.1156
BLOCK01/SES012/SA012S11	SES206	-2.66319	27.4524	30.1156
BLOCK01/SES012/SA012S14	SES082	-1.45334	28.6483	30.1016
BLOCK01/SES012/SA012S14	SES087	-2.90055	27.2011	30.1016
BLOCK01/SES012/SA012S14	SES206	-1.94743	28.1542	30.1016
BLOCK01/SES012/SA012S14	SES292	-2.2719	27.8297	30.1016
BLOCK01/SES012/SA012S24	SES082	-1.00606	27.0464	28.0525
BLOCK01/SES012/SA012S24	SES087	-3.47461	24.5779	28.0525
BLOCK01/SES012/SA012S24	SES120	-3.10266	24.9498	28.0525
BLOCK01/SES012/SA012S24	SES206	-1.33308	26.7194	28.0525
BLOCK01/SES012/SA012S26	SES019	-5.21637	24.9365	30.1529
BLOCK01/SES012/SA012S26	SES082	-3.56291	26.59	30.1529
BLOCK01/SES012/SA012S26	SES206	-1.73535	28.4176	30.1529
BLOCK01/SES012/SA012S26	SES292	-1.74064	28.4123	30.1529
BLOCK01/SES012/SA012S29	SES062	-2.2085	27.6998	29.9083
BLOCK01/SES012/SA012S29	SES082	-1.25852	28.6498	29.9083
BLOCK01/SES012/SA012S29	SES083	-2.85819	27.0501	29.9083
BLOCK01/SES012/SA012S29	SES206	-1.49526	28.413	29.9083
BLOCK01/SES013/SA013S16	SES062	-4.1292	22.7874	26.9166
BLOCK01/SES013/SA013S16	SES106	-2.55906	24.3575	26.9166
BLOCK01/SES013/SA013S16	SES206	-3.72403	23.1926	26.9166
BLOCK01/SES013/SA013S16	SES226	-2.06061	24.856	26.9166
BLOCK01/SES013/SA013S17	SES062	-3.45522	25.7343	29.1896
BLOCK01/SES013/SA013S17	SES106	-3.02037	26.1692	29.1896
BLOCK01/SES013/SA013S17	SES206	-1.87	27.3196	29.1896
BLOCK01/SES013/SA013S17	SES226	-1.66826	27.5213	29.1896
BLOCK01/SES013/SA013S23	SES104	-2.86388	25.0305	27.8943
BLOCK01/SES013/SA013S23	SES106	-1.65488	26.2395	27.8943
BLOCK01/SES013/SA013S23	SES206	-2.52552	25.3688	27.8943
BLOCK01/SES013/SA013S23	SES270	-1.69943	26.1949	27.8943
BLOCK01/SES013/SA013S25	SES042	-1.53685	27.6064	29.1432
BLOCK01/SES013/SA013S25	SES104	-2.02523	27.118	29.1432
BLOCK01/SES013/SA013S25	SES106	-1.46311	27.6801	29.1432
BLOCK01/SES013/SA013S25	SES206	-1.74328	27.4	29.1432
BLOCK01/SES013/SA013S29	SES062	-4.84929	23.1062	27.9555
BLOCK01/SES013/SA013S29	SES104	-3.63534	24.3202	27.9555
BLOCK01/SES013/SA013S29	SES106	-2.16997	25.7856	27.9555
BLOCK01/SES013/SA013S29	SES206	-3.33049	24.625	27.9555
BLOCK02/SES021/SA021S13	SES016	-3.77321	25.307	29.0802
BLOCK02/SES021/SA021S13	SES029	-2.66276	26.4175	29.0802
BLOCK02/SES021/SA021S13	SES087	-3.12935	25.9509	29.0802
BLOCK02/SES021/SA021S13	SES206	-1.88476	27.1955	29.0802
BLOCK02/SES021/SA021S15	SES087	-2.12084	28.8805	31.0014
BLOCK02/SES021/SA021S15	SES125	-1.87134	29.13	31.0014
BLOCK02/SES021/SA021S15	SES206	-2.0047	28.9967	31.0014
BLOCK02/SES021/SA021S15	SES226	-3.06572	27.9356	31.0014
BLOCK02/SES021/SA021S23	SES062	-4.10293	22.4978	26.6007
BLOCK02/SES021/SA021S23	SES087	-2.34461	24.2561	26.6007
BLOCK02/SES021/SA021S23	SES206	-2.54903	24.0517	26.6007
BLOCK02/SES021/SA021S23	SES226	-2.46323	24.1375	26.6007
BLOCK02/SES021/SA021S27	SES002	-1.5281	28.2661	29.7942
BLOCK02/SES021/SA021S27	SES016	-5.13681	24.6574	29.7942
BLOCK02/SES021/SA021S27	SES019	-2.96545	26.8287	29.7942
BLOCK02/SES021/SA021S27	SES062	-3.02976	26.7644	29.7942
BLOCK02/SES021/SA021S29	SES087	-1.69696	27.0007	28.6976
BLOCK02/SES021/SA021S29	SES125	-1.4928	27.2048	28.6976
BLOCK02/SES021/SA021S29	SES206	-1.57242	27.1252	28.6976
BLOCK02/SES021/SA021S29	SES226	-2.68512	26.0125	28.6976
BLOCK04/SES043/SA043S09	SES083	-2.95453	22.5011	25.4556
BLOCK04/SES043/SA043S09	SES101	-3.23433	22.2213	25.4556
BLOCK04/SES043/SA043S09	SES144	-1.65257	23.803	25.4556
BLOCK04/SES043/SA043S09	SES172	-3.87862	21.577	25.4556
BLOCK04/SES043/SA043S11	SES083	-1.73103	26.4477	28.1788
BLOCK04/SES043/SA043S11	SES101	-1.7512	26.4276	28.1788
BLOCK04/SES043/SA043S11	SES144	-1.1176	27.0612	28.1788
BLOCK04/SES043/SA043S11	SES172	-1.91833	26.2604	28.1788
BLOCK04/SES043/SA043S23	SES083	-1.74503	25.2332	26.9782
BLOCK04/SES043/SA043S23	SES144	-0.540445	26.4378	26.9782
BLOCK04/SES043/SA043S23	SES177	-2.69746	24.2808	26.9782
BLOCK04/SES043/SA043S23	SES275	-1.55631	25.4219	26.9782
BLOCK04/SES043/SA043S26	SES083	-2.07058	24.3284	26.399
BLOCK04/SES043/SA043S26	SES101	-2.23676	24.1623	26.399
BLOCK04/SES043/SA043S26	SES144	-1.08452	25.3145	26.399
BLOCK04/SES043/SA043S26	SES177	-2.8233	23.5757	26.399
BLOCK04/SES043/SA043S28	SES016	-3.01274	25.5142	28.5269
BLOCK04/SES043/SA043S28	SES083	-1.63435	26.8926	28.5269
BLOCK04/SES043/SA043S28	SES101	-1.55008	26.9769	28.5269
BLOCK04/SES043/SA043S28	SES144	-1.52477	27.0022	28.5269
BLOCK04/SES044/SA044S10	SES127	-4.61414	17.1904	21.8046
BLOCK04/SES044/SA044S10	SES144	-2.68053	19.1241	21.8046
BLOCK04/SES044/SA044S10	SES147	-4.97476	16.8298	21.8046
BLOCK04/SES044/SA044S10	SES148	-4.75817	17.0464	21.8046
BLOCK04/SES044/SA044S11	SES101	-2.62189	21.8995	24.5214
BLOCK04/SES044/SA044S11	SES144	-1.52521	22.9962	24.5214
BLOCK04/SES044/SA044S11	SES147	-3.3374	21.184	24.5214
BLOCK04/SES044/SA044S11	SES177	-3.81482	20.7066	24.5214
BLOCK04/SES044/SA044S24	SES007	-3.08803	22.6721	25.7601
BLOCK04/SES044/SA044S24	SES101	-2.63213	23.128	25.7601
BLOCK04/SES044/SA044S24	SES147	-4.03485	21.7253	25.7601
BLOCK04/SES044/SA044S24	SES177	-3.73564	22.0245	25.7601
BLOCK04/SES044/SA044S26	SES007	-2.51828	23.3482	25.8665
BLOCK04/SES044/SA044S26	SES016	-2.39134	23.4751	25.8665
BLOCK04/SES044/SA044S26	SES101	-2.05966	23.8068	25.8665
BLOCK04/SES044/SA044S26	SES147	-2.44503	23.4215	25.8665
BLOCK04/SES044/SA044S29	SES007	-2.64149	24.9249	27.5664
BLOCK04/SES044/SA044S29	SES101	-1.18054	26.3858	27.5664
BLOCK04/SES044/SA044S29	SES147	-3.30978	24.2566	27.5664
BLOCK04/SES044/SA044S29	SES177	-3.10294	24.4634	27.5664
BLOCK04/SES046/SA046S13	SES101	-2.9829	21.408	24.3909
BLOCK04/SES046/SA046S13	SES144	-1.72257	22.6683	24.3909
BLOCK04/SES046/SA046S13	SES147	-2.787	21.6038	24.3909
BLOCK04/SES046/SA046S13	SES177	-2.33291	22.0579	24.3909
BLOCK04/SES046/SA046S15	SES048	-0.938847	27.512	28.4509
BLOCK04/SES046/SA046S15	SES083	-1.33416	27.1167	28.4509
BLOCK04/SES046/SA046S15	SES120	-3.52034	24.9305	28.4509
BLOCK04/SES046/SA046S15	SES148	-2.73247	25.7184	28.4509
BLOCK04/SES046/SA046S22	SES101	-2.30504	23.5411	25.8462
BLOCK04/SES046/SA046S22	SES144	-1.14882	24.6974	25.8462
BLOCK04/SES046/SA046S22	SES147	-2.56388	23.2823	25.8462
BLOCK04/SES046/SA046S22	SES172	-1.71076	24.1354	25.8462
BLOCK04/SES046/SA046S25	SES083	-1.99238	24.359	26.3514
BLOCK04/SES046/SA046S25	SES127	-2.00726	24.3441	26.3514
BLOCK04/SES046/SA046S25	SES144	-2.27377	24.0776	26.3514
BLOCK04/SES046/SA046S25	SES148	-2.32921	24.0222	26.3514
BLOCK04/SES046/SA046S28	SES007	-3.39524	22.9959	26.3911
BLOCK04/SES046/SA046S28	SES105	-3.67538	22.7157	26.3911
BLOCK04/SES046/SA046S28	SES147	-1.44202	24.9491	26.3911
BLOCK04/SES046/SA046S28	SES148	-1.84961	24.5415	26.3911
BLOCK04/SES049/SA049S16	SES104	-3.9923	22.0268	26.0191
BLOCK04/SES049/SA049S16	SES106	-2.24993	23.7691	26.0191
BLOCK04/SES049/SA049S16	SES120	-2.96064	23.0584	26.0191
BLOCK04/SES049/SA049S16	SES206	-2.61377	23.4053	26.0191
BLOCK04/SES049/SA049S18	SES099	-2.15129	23.7462	25.8975
BLOCK04/SES049/SA049S18	SES104	-4.16277	21.7348	25.8975
BLOCK04/SES049/SA049S18	SES125	-4.60664	21.2909	25.8975
BLOCK04/SES049/SA049S18	SES206	-3.53465	22.3629	25.8975
BLOCK04/SES049/SA049S25	SES087	-2.556	24.1322	26.6882
BLOCK04/SES049/SA049S25	SES104	-1.52668	25.1615	26.6882
BLOCK04/SES049/SA049S25	SES125	-3.17569	23.5125	26.6882
BLOCK04/SES049/SA049S25	SES206	-1.84622	24.842	26.6882
BLOCK04/SES049/SA049S27	SES099	-1.47341	25.3502	26.8236
BLOCK04/SES049/SA049S27	SES104	-1.28072	25.5429	26.8236
BLOCK04/SES049/SA049S27	SES125	-2.90214	23.9215	26.8236
BLOCK04/SES049/SA049S27	SES206	-2.14633	24.6773	26.8236
BLOCK04/SES049/SA049S29	SES099	-1.60579	26.629	28.2347
BLOCK04/SES049/SA049S29	SES104	-1.22776	27.007	28.2347
BLOCK04/SES049/SA049S29	SES125	-2.17311	26.0616	28.2347
BLOCK04/SES049/SA049S29	SES206	-1.33002	26.9047	28.2347
BLOCK06/SES063/SA063S09	SES068	-2.60509	25.9217	28.5268
BLOCK06/SES063/SA063S09	SES083	-1.23718	27.2897	28.5268
BLOCK06/SES063/SA063S09	SES177	-2.48417	26.0427	28.5268
BLOCK06/SES063/SA063S09	SES187	-2.61166	25.9152	28.5268
BLOCK06/SES063/SA063S10	SES068	-2.16787	25.703	27.8709
BLOCK06/SES063/SA063S10	SES083	-1.91495	25.9559	27.8709
BLOCK06/SES063/SA063S10	SES172	-2.70156	25.1693	27.8709
BLOCK06/SES063/SA063S10	SES187	-2.5795	25.2914	27.8709
BLOCK06/SES063/SA063S20	SES068	-2.96034	23.9598	26.9202
BLOCK06/SES063/SA063S20	SES083	-2.36265	24.5575	26.9202
BLOCK06/SES063/SA063S20	SES172	-1.51282	25.4073	26.9202
BLOCK06/SES063/SA063S20	SES187	-2.30762	24.6125	26.9202
BLOCK06/SES063/SA063S24	SES029	-3.02604	24.8441	27.8702
BLOCK06/SES063/SA063S24	SES083	-0.988214	26.8819	27.8702
BLOCK06/SES063/SA063S24	SES177	-1.37809	26.4921	27.8702
BLOCK06/SES063/SA063S24	SES189	-2.11941	25.7507	27.8702
BLOCK06/SES063/SA063S27	SES083	-0.811405	26.1847	26.9961
BLOCK06/SES063/SA063S27	SES172	-2.03635	24.9598	26.9961
BLOCK06/SES063/SA063S27	SES187	-2.18665	24.8095	26.9961
BLOCK06/SES063/SA063S27	SES292	-3.67008	23.326	26.9961
BLOCK06/SES067/SA067S12	SES083	-2.55078	25.5899	28.1407
BLOCK06/SES067/SA067S12	SES172	-2.63568	25.505	28.1407
BLOCK06/SES067/SA067S12	SES202	-1.59068	26.55	28.1407
BLOCK06/SES067/SA067S12	SES292	-2.97742	25.1633	28.1407
BLOCK06/SES067/SA067S14	SES085	-2.62558	26.5824	29.208
BLOCK06/SES067/SA067S14	SES177	-2.22477	26.9832	29.208
BLOCK06/SES067/SA067S14	SES183	-0.942369	28.2656	29.208
BLOCK06/SES067/SA067S14	SES202	-1.0402	28.1678	29.208
BLOCK06/SES067/SA067S21	SES144	-0.888464	26.252	27.1405
BLOCK06/SES067/SA067S21	SES177	-1.22136	25.9191	27.1405
BLOCK06/SES067/SA067S21	SES183	-0.941799	26.1987	27.1405
BLOCK06/SES067/SA067S21	SES189	-0.627874	26.5126	27.1405
BLOCK06/SES067/SA067S25	SES085	-1.88293	26.4008	28.2837
BLOCK06/SES067/SA067S25	SES177	-2.22379	26.0599	28.2837
BLOCK06/SES067/SA067S25	SES183	-1.27937	27.0043	28.2837
BLOCK06/SES067/SA067S25	SES202	-2.40886	25.8749	28.2837
BLOCK06/SES067/SA067S29	SES085	-3.06436	25.2975	28.3618
BLOCK06/SES067/SA067S29	SES177	-3.55754	24.8043	28.3618
BLOCK06/SES067/SA067S29	SES183	-0.890556	27.4713	28.3618
BLOCK06/SES067/SA067S29	SES202	-1.14817	27.2137	28.3618
BLOCK06/SES069/SA069S12	SES029	-3.24267	25.4934	28.7361
BLOCK06/SES069/SA069S12	SES082	-0.499014	28.2371	28.7361
BLOCK06/SES069/SA069S12	SES087	-2.23928	26.4968	28.7361
BLOCK06/SES069/SA069S12	SES206	-1.38091	27.3552	28.7361
BLOCK06/SES069/SA069S13	SES029	-4.05147	24.1498	28.2013
BLOCK06/SES069/SA069S13	SES087	-1.94363	26.2577	28.2013
BLOCK06/SES069/SA069S13	SES206	-1.28421	26.9171	28.2013
BLOCK06/SES069/SA069S13	SES226	-1.06181	27.1395	28.2013
BLOCK06/SES069/SA069S23	SES029	-1.36626	29.2713	30.6376
BLOCK06/SES069/SA069S23	SES087	-0.792698	29.8449	30.6376
BLOCK06/SES069/SA069S23	SES206	-1.70057	28.937	30.6376
BLOCK06/SES069/SA069S23	SES226	0.168604	30.8062	30.6376
BLOCK06/SES069/SA069S25	SES087	-1.61216	27.7186	29.3307
BLOCK06/SES069/SA069S25	SES206	-3.7999	25.5308	29.3307
BLOCK06/SES069/SA069S25	SES226	-0.867542	28.4632	29.3307
BLOCK06/SES069/SA069S25	SES270	-1.82291	27.5078	29.3307
BLOCK06/SES069/SA069S27	SES087	-2.73215	26.8979	29.6301
BLOCK06/SES069/SA069S27	SES206	-1.4395	28.1906	29.6301
BLOCK06/SES069/SA069S27	SES226	-0.377651	29.2524	29.6301
BLOCK06/SES069/SA069S27	SES270	-1.20021	28.4299	29.6301
BLOCK08/SES081/SA081S11	SES060	-4.05606	21.6344	25.6904
BLOCK08/SES081/SA081S11	SES062	-2.6078	23.0826	25.6904
BLOCK08/SES081/SA081S11	SES117	-3.39726	22.2932	25.6904
BLOCK08/SES081/SA081S11	SES162	-3.23772	22.4527	25.6904
BLOCK08/SES081/SA081S13	SES016	-1.94329	26.6358	28.5791
BLOCK08/SES081/SA081S13	SES060	-1.04683	27.5323	28.5791
BLOCK08/SES081/SA081S13	SES068	-0.83407	27.745	28.5791
BLOCK08/SES081/SA081S13	SES129	-2.6757	25.9034	28.5791
BLOCK08/SES081/SA081S24	SES060	-2.05643	24.5009	26.5573
BLOCK08/SES081/SA081S24	SES068	-1.12065	25.4367	26.5573
BLOCK08/SES081/SA081S24	SES117	-2.79162	23.7657	26.5573
BLOCK08/SES081/SA081S24	SES275	-2.05615	24.5012	26.5573
BLOCK08/SES081/SA081S27	SES007	-1.48616	24.0521	25.5383
BLOCK08/SES081/SA081S27	SES060	-3.40924	22.129	25.5383
BLOCK08/SES081/SA081S27	SES117	-1.57633	23.9619	25.5383
BLOCK08/SES081/SA081S27	SES275	-1.89674	23.6415	25.5383
BLOCK08/SES081/SA081S29	SES007	-1.76327	25.3862	27.1494
BLOCK08/SES081/SA081S29	SES060	-2.51432	24.6351	27.1494
BLOCK08/SES081/SA081S29	SES117	-2.3978	24.7516	27.1494
BLOCK08/SES081/SA081S29	SES275	-2.91366	24.2358	27.1494
BLOCK08/SES086/SA086S11	SES029	-5.63765	20.4051	26.0427
BLOCK08/SES086/SA086S11	SES082	-3.3534	22.6893	26.0427
BLOCK08/SES086/SA086S11	SES087	-2.74536	23.2973	26.0427
BLOCK08/SES086/SA086S11	SES206	-4.13868	21.904	26.0427
BLOCK08/SES086/SA086S12	SES029	-3.46437	23.9713	27.4356
BLOCK08/SES086/SA086S12	SES082	-3.19225	24.2434	27.4356
BLOCK08/SES086/SA086S12	SES087	-0.656267	26.7794	27.4356
BLOCK08/SES086/SA086S12	SES206	-2.45621	24.9794	27.4356
BLOCK08/SES086/SA086S20	SES029	-4.21827	24.5549	28.7732
BLOCK08/SES086/SA086S20	SES082	-3.43248	25.3407	28.7732
BLOCK08/SES086/SA086S20	SES087	-0.743683	28.0295	28.7732
BLOCK08/SES086/SA086S20	SES206	-1.38812	27.385	28.7732
BLOCK08/SES086/SA086S24	SES087	-0.773981	26.7129	27.4868
BLOCK08/SES086/SA086S24	SES104	-2.86353	24.6233	27.4868
BLOCK08/SES086/SA086S24	SES120	-3.6041	23.8827	27.4868
BLOCK08/SES086/SA086S24	SES206	-1.16818	26.3187	27.4868
BLOCK08/SES086/SA086S28	SES029	-3.45776	25.0044	28.4622
BLOCK08/SES086/SA086S28	SES082	-2.70511	25.7571	28.4622
BLOCK08/SES086/SA086S28	SES087	-1.39196	27.0703	28.4622
BLOCK08/SES086/SA086S28	SES206	-1.67549	26.7867	28.4622
BLOCK08/SES089/SA089S13	SES087	-2.99128	23.1677	26.159
BLOCK08/SES089/SA089S13	SES206	-3.91246	22.2465	26.159
BLOCK08/SES089/SA089S13	SES226	-2.24073	23.9183	26.159
BLOCK08/SES089/SA089S13	SES270	-3.96896	22.19	26.159
BLOCK08/SES089/SA089S14	SES062	-3.20817	24.6341	27.8422
BLOCK08/SES089/SA089S14	SES087	-1.4671	26.3751	27.8422
BLOCK08/SES089/SA089S14	SES206	-3.80067	24.0416	27.8422
BLOCK08/SES089/SA089S14	SES226	-2.34429	25.4979	27.8422
BLOCK08/SES089/SA089S23	SES087	-2.99047	21.5399	24.5304
BLOCK08/SES089/SA089S23	SES206	-3.23517	21.2952	24.5304
BLOCK08/SES089/SA089S23	SES226	-2.62059	21.9098	24.5304
BLOCK08/SES089/SA089S23	SES270	-3.13907	21.3913	24.5304
BLOCK08/SES089/SA089S25	SES062	-3.37346	23.7934	27.1669
BLOCK08/SES089/SA089S25	SES087	-2.02669	25.1402	27.1669
BLOCK08/SES089/SA089S25	SES206	-4.04437	23.1225	27.1669
BLOCK08/SES089/SA089S25	SES226	-2.06705	25.0998	27.1669
BLOCK08/SES089/SA089S28	SES062	-2.11767	24.7474	26.8651
BLOCK08/SES089/SA089S28	SES087	-0.8815	25.9836	26.8651
BLOCK08/SES089/SA089S28	SES206	-1.94117	24.9239	26.8651
BLOCK08/SES089/SA089S28	SES226	-1.03623	25.8288	26.8651
BLOCK09/SES097/SA097S11	SES099	-0.158384	25.4892	25.6476
BLOCK09/SES097/SA097S11	SES125	-2.6664	22.9812	25.6476
BLOCK09/SES097/SA097S11	SES206	-1.99085	23.6568	25.6476
BLOCK09/SES097/SA097S11	SES226	-0.436523	25.2111	25.6476
BLOCK09/SES097/SA097S14	SES062	-1.44028	24.867	26.3073
BLOCK09/SES097/SA097S14	SES099	-0.210732	26.0966	26.3073
BLOCK09/SES097/SA097S14	SES104	-2.994	23.3133	26.3073
BLOCK09/SES097/SA097S14	SES206	-2.91833	23.389	26.3073
BLOCK09/SES097/SA097S22	SES099	0.429502	27.0363	26.6068
BLOCK09/SES097/SA097S22	SES206	-2.81587	23.7909	26.6068
BLOCK09/SES097/SA097S22	SES226	-2.69514	23.9117	26.6068
BLOCK09/SES097/SA097S22	SES270	-0.947788	25.659	26.6068
BLOCK09/SES097/SA097S26	SES099	-0.49324	26.7285	27.2218
BLOCK09/SES097/SA097S26	SES120	-2.85393	24.3678	27.2218
BLOCK09/SES097/SA097S26	SES206	-2.94408	24.2777	27.2218
BLOCK09/SES097/SA097S26	SES226	-3.04536	24.1764	27.2218
BLOCK09/SES097/SA097S28	SES099	-0.761696	25.9954	26.7571
BLOCK09/SES097/SA097S28	SES120	-2.45758	24.2995	26.7571
BLOCK09/SES097/SA097S28	SES206	-2.9642	23.7929	26.7571
BLOCK09/SES097/SA097S28	SES226	-3.76476	22.9923	26.7571
BLOCK09/SES098/SA098S11	SES127	-3.04929	21.722	24.7713
BLOCK09/SES098/SA098S11	SES144	-2.77587	21.9955	24.7713
BLOCK09/SES098/SA098S11	SES147	-1.35097	23.4204	24.7713
BLOCK09/SES098/SA098S11	SES148	-4.53622	20.2351	24.7713
BLOCK09/SES098/SA098S12	SES127	-6.23096	16.1927	22.4237
BLOCK09/SES098/SA098S12	SES144	-3.35531	19.0684	22.4237
BLOCK09/SES098/SA098S12	SES147	-2.3489	20.0748	22.4237
BLOCK09/SES098/SA098S12	SES189	-1.86675	20.5569	22.4237
BLOCK09/SES098/SA098S20	SES127	-5.32204	18.6671	23.9892
BLOCK09/SES098/SA098S20	SES147	-2.39042	21.5987	23.9892
BLOCK09/SES098/SA098S20	SES148	-5.28859	18.7006	23.9892
BLOCK09/SES098/SA098S20	SES292	-4.15464	19.8345	23.9892
BLOCK09/SES098/SA098S23	SES127	-3.44665	21.9889	25.4355
BLOCK09/SES098/SA098S23	SES147	-1.85303	23.5825	25.4355
BLOCK09/SES098/SA098S23	SES187	-1.86237	23.5731	25.4355
BLOCK09/SES098/SA098S23	SES292	-3.10037	22.3351	25.4355
BLOCK09/SES098/SA098S27	SES127	-4.74702	18.7754	23.5224
BLOCK09/SES098/SA098S27	SES147	-3.2281	20.2943	23.5224
BLOCK09/SES098/SA098S27	SES148	-4.79118	18.7313	23.5224
BLOCK09/SES098/SA098S27	SES292	-3.35241	20.17	23.5224
BLOCK10/SES102/SA102S13	SES101	-2.10596	22.8211	24.927
BLOCK10/SES102/SA102S13	SES105	-2.49973	22.4273	24.927
BLOCK10/SES102/SA102S13	SES120	-2.29585	22.6312	24.927
BLOCK10/SES102/SA102S13	SES158	-4.75912	20.1679	24.927
BLOCK10/SES102/SA102S14	SES007	-0.473747	27.7708	28.2445
BLOCK10/SES102/SA102S14	SES101	-0.371103	27.8734	28.2445
BLOCK10/SES102/SA102S14	SES105	-0.690638	27.5539	28.2445
BLOCK10/SES102/SA102S14	SES147	-3.62374	24.6208	28.2445
BLOCK10/SES102/SA102S22	SES007	-2.0762	25.4686	27.5448
BLOCK10/SES102/SA102S22	SES101	-1.04244	26.5024	27.5448
BLOCK10/SES102/SA102S22	SES105	-1.10088	26.444	27.5448
BLOCK10/SES102/SA102S22	SES158	-3.75247	23.7924	27.5448
BLOCK10/SES102/SA102S25	SES007	-1.45674	26.8231	28.2798
BLOCK10/SES102/SA102S25	SES101	-0.377928	27.9019	28.2798
BLOCK10/SES102/SA102S25	SES105	-1.31738	26.9624	28.2798
BLOCK10/SES102/SA102S25	SES147	-3.51645	24.7634	28.2798
BLOCK10/SES102/SA102S27	SES007	-2.18044	24.7723	26.9527
BLOCK10/SES102/SA102S27	SES101	-1.00679	25.946	26.9527
BLOCK10/SES102/SA102S27	SES105	-1.82834	25.1244	26.9527
BLOCK10/SES102/SA102S27	SES147	-3.35765	23.5951	26.9527
BLOCK10/SES103/SA103S14	SES105	-4.04292	21.662	25.7049
BLOCK10/SES103/SA103S14	SES106	-2.75058	22.9543	25.7049
BLOCK10/SES103/SA103S14	SES120	-3.99564	21.7093	25.7049
BLOCK10/SES103/SA103S14	SES206	-4.88525	20.8197	25.7049
BLOCK10/SES103/SA103S15	SES099	-3.17712	20.5792	23.7563
BLOCK10/SES103/SA103S15	SES101	-5.64743	18.1089	23.7563
BLOCK10/SES103/SA103S15	SES104	-3.56884	20.1875	23.7563
BLOCK10/SES103/SA103S15	SES125	-3.31401	20.4423	23.7563
BLOCK10/SES103/SA103S24	SES104	-2.94396	24.9852	27.9292
BLOCK10/SES103/SA103S24	SES125	-3.0979	24.8313	27.9292
BLOCK10/SES103/SA103S24	SES148	-4.2816	23.6476	27.9292
BLOCK10/SES103/SA103S24	SES158	-2.50944	25.4197	27.9292
BLOCK10/SES103/SA103S26	SES104	-3.36633	20.6264	23.9927
BLOCK10/SES103/SA103S26	SES106	-1.96221	22.0305	23.9927
BLOCK10/SES103/SA103S26	SES125	-3.37564	20.6171	23.9927
BLOCK10/SES103/SA103S26	SES148	-5.13601	18.8567	23.9927
BLOCK10/SES103/SA103S28	SES104	-3.9768	18.897	22.8738
BLOCK10/SES103/SA103S28	SES106	-2.16438	20.7094	22.8738
BLOCK10/SES103/SA103S28	SES125	-4.42412	18.4497	22.8738
BLOCK10/SES103/SA103S28	SES206	-6.27585	16.5979	22.8738
BLOCK12/SES121/SA121S12	SES042	-5.15808	18.3525	23.5105
BLOCK12/SES121/SA121S12	SES087	-4.32134	19.1892	23.5105
BLOCK12/SES121/SA121S12	SES105	-2.80194	20.7086	23.5105
BLOCK12/SES121/SA121S12	SES206	-4.12405	19.3865	23.5105
BLOCK12/SES121/SA121S14	SES007	-3.37219	19.7396	23.1118
BLOCK12/SES121/SA121S14	SES105	-3.64901	19.4628	23.1118
BLOCK12/SES121/SA121S14	SES106	-3.22305	19.8887	23.1118
BLOCK12/SES121/SA121S14	SES206	-4.81306	18.2987	23.1118
BLOCK12/SES121/SA121S23	SES105	-3.6099	19.7094	23.3193
BLOCK12/SES121/SA121S23	SES106	-2.03017	21.2891	23.3193
BLOCK12/SES121/SA121S23	SES120	-2.90856	20.4107	23.3193
BLOCK12/SES121/SA121S23	SES206	-3.27752	20.0418	23.3193
BLOCK12/SES121/SA121S25	SES007	-2.65676	18.4269	21.0836
BLOCK12/SES121/SA121S25	SES105	-3.82224	17.2614	21.0836
BLOCK12/SES121/SA121S25	SES106	-4.0399	17.0437	21.0836
BLOCK12/SES121/SA121S25	SES206	-5.89532	15.1883	21.0836
BLOCK12/SES121/SA121S27	SES087	-2.64942	20.2386	22.888
BLOCK12/SES121/SA121S27	SES105	-5.14223	17.7458	22.888
BLOCK12/SES121/SA121S27	SES120	-1.4519	21.4361	22.888
BLOCK12/SES121/SA121S27	SES206	-4.47443	18.4136	22.888
BLOCK12/SES124/SA124S16	SES042	-0.998789	24.825	25.8238
BLOCK12/SES124/SA124S16	SES082	-2.08363	23.7401	25.8238
BLOCK12/SES124/SA124S16	SES183	-3.48091	22.3429	25.8238
BLOCK12/SES124/SA124S16	SES206	-3.56194	22.2618	25.8238
BLOCK12/SES124/SA124S17	SES105	-3.72929	20.0351	23.7644
BLOCK12/SES124/SA124S17	SES149	-6.38383	17.3806	23.7644
BLOCK12/SES124/SA124S17	SES158	-4.04671	19.7177	23.7644
BLOCK12/SES124/SA124S17	SES275	-2.44311	21.3213	23.7644
BLOCK12/SES124/SA124S23	SES105	-3.50428	24.1835	27.6878
BLOCK12/SES124/SA124S23	SES125	-0.591097	27.0967	27.6878
BLOCK12/SES124/SA124S23	SES129	-3.2593	24.4285	27.6878
BLOCK12/SES124/SA124S23	SES158	-1.04103	26.6468	27.6878
BLOCK12/SES124/SA124S26	SES105	-4.27834	22.5778	26.8562
BLOCK12/SES124/SA124S26	SES125	-2.16796	24.6882	26.8562
BLOCK12/SES124/SA124S26	SES129	-4.11007	22.7461	26.8562
BLOCK12/SES124/SA124S26	SES158	-2.74461	24.1116	26.8562
BLOCK12/SES124/SA124S28	SES104	-2.01944	25.0721	27.0916
BLOCK12/SES124/SA124S28	SES106	-1.55256	25.539	27.0916
BLOCK12/SES124/SA124S28	SES125	-0.854387	26.2372	27.0916
BLOCK12/SES124/SA124S28	SES275	-3.58416	23.5074	27.0916
BLOCK12/SES126/SA126S13	SES007	-2.50191	22.1656	24.6675
BLOCK12/SES126/SA126S13	SES162	-2.53938	22.1281	24.6675
BLOCK12/SES126/SA126S13	SES177	-2.01658	22.6509	24.6675
BLOCK12/SES126/SA126S13	SES180	-2.55565	22.1119	24.6675
BLOCK12/SES126/SA126S14	SES144	-1.87061	25.3103	27.1809
BLOCK12/SES126/SA126S14	SES148	-2.29103	24.8898	27.1809
BLOCK12/SES126/SA126S14	SES177	-1.43431	25.7466	27.1809
BLOCK12/SES126/SA126S14	SES180	-2.56558	24.6153	27.1809
BLOCK12/SES126/SA126S20	SES007	-3.03907	22.5318	25.5709
BLOCK12/SES126/SA126S20	SES162	-3.23472	22.3362	25.5709
BLOCK12/SES126/SA126S20	SES172	-5.88676	19.6841	25.5709
BLOCK12/SES126/SA126S20	SES180	-3.31065	22.2603	25.5709
BLOCK12/SES126/SA126S24	SES120	-1.82727	25.8831	27.7103
BLOCK12/SES126/SA126S24	SES162	-2.71264	24.9977	27.7103
BLOCK12/SES126/SA126S24	SES177	-1.76348	25.9468	27.7103
BLOCK12/SES126/SA126S24	SES180	-1.93287	25.7775	27.7103
BLOCK12/SES126/SA126S26	SES120	-1.27551	24.5275	25.803
BLOCK12/SES126/SA126S26	SES177	-1.66166	24.1414	25.803
BLOCK12/SES126/SA126S26	SES180	-2.36116	23.4419	25.803
BLOCK12/SES126/SA126S26	SES202	-2.42694	23.3761	25.803
BLOCK12/SES128/SA128S10	SES087	-3.63264	24.1362	27.7689
BLOCK12/SES128/SA128S10	SES206	-2.72082	25.0481	27.7689
BLOCK12/SES128/SA128S10	SES226	-1.64917	26.1197	27.7689
BLOCK12/SES128/SA128S10	SES270	-1.60119	26.1677	27.7689
BLOCK12/SES128/SA128S12	SES120	-2.00819	24.9757	26.9839
BLOCK12/SES128/SA128S12	SES158	-3.09351	23.8904	26.9839
BLOCK12/SES128/SA128S12	SES206	-2.5011	24.4828	26.9839
BLOCK12/SES128/SA128S12	SES226	-2.83621	24.1477	26.9839
BLOCK12/SES128/SA128S21	SES106	-5.09248	20.4661	25.5585
BLOCK12/SES128/SA128S21	SES120	-3.26487	22.2937	25.5585
BLOCK12/SES128/SA128S21	SES206	-3.37741	22.1811	25.5585
BLOCK12/SES128/SA128S21	SES226	-2.89987	22.6587	25.5585
BLOCK12/SES128/SA128S24	SES087	-3.31716	22.6287	25.9459
BLOCK12/SES128/SA128S24	SES120	-1.59491	24.351	25.9459
BLOCK12/SES128/SA128S24	SES206	-2.72021	23.2257	25.9459
BLOCK12/SES128/SA128S24	SES226	-2.92542	23.0205	25.9459
BLOCK12/SES128/SA128S27	SES099	-1.53457	26.6597	28.1943
BLOCK12/SES128/SA128S27	SES120	-1.96688	26.2274	28.1943
BLOCK12/SES128/SA128S27	SES206	-2.93767	25.2566	28.1943
BLOCK12/SES128/SA128S27	SES226	-2.46901	25.7253	28.1943
BLOCK13/SES130/SA130S13	SES143	-1.74367	24.2948	26.0385
BLOCK13/SES130/SA130S13	SES144	-1.38102	24.6574	26.0385
BLOCK13/SES130/SA130S13	SES146	-2.36059	23.6779	26.0385
BLOCK13/SES130/SA130S13	SES275	-2.71924	23.3192	26.0385
BLOCK13/SES130/SA130S15	SES143	-1.99585	25.9154	27.9113
BLOCK13/SES130/SA130S15	SES144	-1.07797	26.8333	27.9113
BLOCK13/SES130/SA130S15	SES146	-1.9801	25.9312	27.9113
BLOCK13/SES130/SA130S15	SES275	-1.55516	26.3561	27.9113
BLOCK13/SES130/SA130S23	SES127	-3.59561	21.998	25.5936
BLOCK13/SES130/SA130S23	SES144	-2.42379	23.1699	25.5936
BLOCK13/SES130/SA130S23	SES146	-2.20261	23.391	25.5936
BLOCK13/SES130/SA130S23	SES162	-2.0891	23.5045	25.5936
BLOCK13/SES130/SA130S25	SES127	-1.57078	26.7544	28.3252
BLOCK13/SES130/SA130S25	SES144	-0.683329	27.6419	28.3252
BLOCK13/SES130/SA130S25	SES146	-1.19712	27.1281	28.3252
BLOCK13/SES130/SA130S25	SES275	-1.27505	27.0502	28.3252
BLOCK13/SES130/SA130S28	SES127	-2.28212	24.4619	26.7441
BLOCK13/SES130/SA130S28	SES144	-1.84753	24.8965	26.7441
BLOCK13/SES130/SA130S28	SES146	-1.24541	25.4987	26.7441
BLOCK13/SES130/SA130S28	SES275	-0.915436	25.8286	26.7441
BLOCK13/SES131/SA131S13	SES002	-4.16541	19.8518	24.0172
BLOCK13/SES131/SA131S13	SES007	-3.18518	20.8321	24.0172
BLOCK13/SES131/SA131S13	SES099	-4.1197	19.8975	24.0172
BLOCK13/SES131/SA131S13	SES105	-3.73599	20.2813	24.0172
BLOCK13/SES131/SA131S14	SES104	-1.61621	25.0573	26.6735
BLOCK13/SES131/SA131S14	SES106	-2.50229	24.1712	26.6735
BLOCK13/SES131/SA131S14	SES125	-2.48006	24.1934	26.6735
BLOCK13/SES131/SA131S14	SES148	-2.51087	24.1626	26.6735
BLOCK13/SES131/SA131S20	SES104	-4.51759	19.3193	23.8369
BLOCK13/SES131/SA131S20	SES106	-3.19174	20.6452	23.8369
BLOCK13/SES131/SA131S20	SES125	-4.92509	18.9118	23.8369
BLOCK13/SES131/SA131S20	SES148	-3.56494	20.272	23.8369
BLOCK13/SES131/SA131S22	SES099	-3.31611	22.0687	25.3848
BLOCK13/SES131/SA131S22	SES104	-3.18722	22.1976	25.3848
BLOCK13/SES131/SA131S22	SES125	-3.70817	21.6766	25.3848
BLOCK13/SES131/SA131S22	SES206	-4.75569	20.6291	25.3848
BLOCK13/SES131/SA131S29	SES087	-4.17461	20.3112	24.4858
BLOCK13/SES131/SA131S29	SES104	-5.10966	19.3761	24.4858
BLOCK13/SES131/SA131S29	SES125	-4.88496	19.6008	24.4858
BLOCK13/SES131/SA131S29	SES206	-4.96376	19.522	24.4858
BLOCK13/SES132/SA132S11	SES083	-3.13667	24.9461	28.0828
BLOCK13/SES132/SA132S11	SES120	-0.939611	27.1431	28.0828
BLOCK13/SES132/SA132S11	SES127	-2.57692	25.5058	28.0828
BLOCK13/SES132/SA132S11	SES275	-2.19494	25.8878	28.0828
BLOCK13/SES132/SA132S12	SES083	-2.87034	25.4321	28.3024
BLOCK13/SES132/SA132S12	SES143	-2.17052	26.1319	28.3024
BLOCK13/SES132/SA132S12	SES144	-2.39438	25.908	28.3024
BLOCK13/SES132/SA132S12	SES148	-1.56659	26.7358	28.3024
BLOCK13/SES132/SA132S22	SES062	-1.23943	27.3977	28.6372
BLOCK13/SES132/SA132S22	SES083	-2.07149	26.5657	28.6372
BLOCK13/SES132/SA132S22	SES127	-2.0695	26.5677	28.6372
BLOCK13/SES132/SA132S22	SES275	-1.31761	27.3195	28.6372
BLOCK13/SES132/SA132S24	SES007	-1.66095	27.3349	28.9958
BLOCK13/SES132/SA132S24	SES083	-2.77106	26.2248	28.9958
BLOCK13/SES132/SA132S24	SES127	-2.20725	26.7886	28.9958
BLOCK13/SES132/SA132S24	SES275	-1.64292	27.3529	28.9958
BLOCK13/SES132/SA132S27	SES083	-3.3217	24.4941	27.8158
BLOCK13/SES132/SA132S27	SES120	-1.4887	26.3271	27.8158
BLOCK13/SES132/SA132S27	SES127	-3.24281	24.573	27.8158
BLOCK13/SES132/SA132S27	SES275	-2.51445	25.3014	27.8158
BLOCK14/SES141/SA141S09	SES143	-1.17259	25.7045	26.8771
BLOCK14/SES141/SA141S09	SES144	-1.11148	25.7656	26.8771
BLOCK14/SES141/SA141S09	SES162	-1.85205	25.025	26.8771
BLOCK14/SES141/SA141S09	SES180	-1.57687	25.3002	26.8771
BLOCK14/SES141/SA141S15	SES127	-2.48935	23.9747	26.464
BLOCK14/SES141/SA141S15	SES144	-2.19351	24.2705	26.464
BLOCK14/SES141/SA141S15	SES162	-2.92288	23.5412	26.464
BLOCK14/SES141/SA141S15	SES180	-2.02214	24.4419	26.464
BLOCK14/SES141/SA141S24	SES127	-1.97341	25.3657	27.3391
BLOCK14/SES141/SA141S24	SES144	-2.27056	25.0685	27.3391
BLOCK14/SES141/SA141S24	SES162	-1.66372	25.6754	27.3391
BLOCK14/SES141/SA141S24	SES183	-2.57361	24.7655	27.3391
BLOCK14/SES141/SA141S26	SES142	-2.49222	23.8255	26.3177
BLOCK14/SES141/SA141S26	SES144	-2.19763	24.1201	26.3177
BLOCK14/SES141/SA141S26	SES172	-2.32088	23.9969	26.3177
BLOCK14/SES141/SA141S26	SES180	-2.27435	24.0434	26.3177
BLOCK14/SES141/SA141S29	SES127	-1.71045	24.928	26.6385
BLOCK14/SES141/SA141S29	SES142	-0.663214	25.9753	26.6385
BLOCK14/SES141/SA141S29	SES144	-2.34895	24.2895	26.6385
BLOCK14/SES141/SA141S29	SES180	-1.27999	25.3585	26.6385
BLOCK15/SES157/SA157S08	SES083	-4.14321	23.6449	27.7881
BLOCK15/SES157/SA157S08	SES127	-2.39882	25.3893	27.7881
BLOCK15/SES157/SA157S08	SES148	-2.81988	24.9682	27.7881
BLOCK15/SES157/SA157S08	SES292	-2.87716	24.911	27.7881
BLOCK15/SES157/SA157S11	SES083	-2.89046	25.4346	28.325
BLOCK15/SES157/SA157S11	SES127	-2.05566	26.2694	28.325
BLOCK15/SES157/SA157S11	SES148	-2.84947	25.4756	28.325
BLOCK15/SES157/SA157S11	SES292	-2.76019	25.5648	28.325
BLOCK15/SES157/SA157S21	SES127	-1.88788	26.6262	28.5141
BLOCK15/SES157/SA157S21	SES148	-0.862474	27.6516	28.5141
BLOCK15/SES157/SA157S21	SES158	-6.88853	21.6255	28.5141
BLOCK15/SES157/SA157S21	SES292	-2.48327	26.0308	28.5141
BLOCK15/SES157/SA157S24	SES127	-2.08605	26.3212	28.4072
BLOCK15/SES157/SA157S24	SES148	-2.26167	26.1456	28.4072
BLOCK15/SES157/SA157S24	SES183	-2.72023	25.687	28.4072
BLOCK15/SES157/SA157S24	SES292	-2.37607	26.0312	28.4072
BLOCK15/SES157/SA157S26	SES007	-1.09798	27.1485	28.2465
BLOCK15/SES157/SA157S26	SES127	-1.39561	26.8509	28.2465
BLOCK15/SES157/SA157S26	SES147	-3.04624	25.2002	28.2465
BLOCK15/SES157/SA157S26	SES148	-1.81911	26.4274	28.2465
BLOCK16/SES161/SA161S10	SES007	-3.20391	22.0469	25.2508
BLOCK16/SES161/SA161S10	SES105	-2.29192	22.9589	25.2508
BLOCK16/SES161/SA161S10	SES158	-3.27783	21.9729	25.2508
BLOCK16/SES161/SA161S10	SES275	-2.19622	23.0546	25.2508
BLOCK16/SES161/SA161S12	SES007	-3.91643	22.2816	26.1981
BLOCK16/SES161/SA161S12	SES105	-4.20039	21.9977	26.1981
BLOCK16/SES161/SA161S12	SES158	-3.58397	22.6141	26.1981
BLOCK16/SES161/SA161S12	SES275	-2.3346	23.8635	26.1981
BLOCK16/SES161/SA161S20	SES007	-2.78638	21.7918	24.5782
BLOCK16/SES161/SA161S20	SES105	-3.51646	21.0617	24.5782
BLOCK16/SES161/SA161S20	SES158	-3.30679	21.2714	24.5782
BLOCK16/SES161/SA161S20	SES275	-2.89086	21.6873	24.5782
BLOCK16/SES161/SA161S23	SES007	-4.1277	21.7821	25.9098
BLOCK16/SES161/SA161S23	SES105	-2.3278	23.582	25.9098
BLOCK16/SES161/SA161S23	SES148	-2.76048	23.1493	25.9098
BLOCK16/SES161/SA161S23	SES158	-3.26909	22.6407	25.9098
BLOCK16/SES161/SA161S28	SES007	-3.8168	22.5186	26.3354
BLOCK16/SES161/SA161S28	SES105	-3.33675	22.9986	26.3354
BLOCK16/SES161/SA161S28	SES158	-2.58157	23.7538	26.3354
BLOCK16/SES161/SA161S28	SES206	-3.2194	23.116	26.3354
BLOCK16/SES164/SA164S11	SES104	-3.04435	24.6811	27.7254
BLOCK16/SES164/SA164S11	SES125	-2.32335	25.4021	27.7254
BLOCK16/SES164/SA164S11	SES158	-1.10135	26.6241	27.7254
BLOCK16/SES164/SA164S11	SES206	-3.46833	24.2571	27.7254
BLOCK16/SES164/SA164S13	SES099	-2.03853	23.7647	25.8032
BLOCK16/SES164/SA164S13	SES104	-2.87728	22.9259	25.8032
BLOCK16/SES164/SA164S13	SES125	-3.54302	22.2602	25.8032
BLOCK16/SES164/SA164S13	SES206	-3.30549	22.4977	25.8032
BLOCK16/SES164/SA164S24	SES002	-1.41677	25.0708	26.4875
BLOCK16/SES164/SA164S24	SES099	-2.35841	24.1291	26.4875
BLOCK16/SES164/SA164S24	SES125	-3.5122	22.9753	26.4875
BLOCK16/SES164/SA164S24	SES226	-1.53906	24.9485	26.4875
BLOCK16/SES164/SA164S27	SES087	-3.07609	23.1389	26.215
BLOCK16/SES164/SA164S27	SES125	-3.15039	23.0646	26.215
BLOCK16/SES164/SA164S27	SES206	-3.65889	22.5561	26.215
BLOCK16/SES164/SA164S27	SES226	-2.92671	23.2883	26.215
BLOCK16/SES164/SA164S29	SES002	-0.891607	25.3412	26.2328
BLOCK16/SES164/SA164S29	SES019	-2.49442	23.7383	26.2328
BLOCK16/SES164/SA164S29	SES125	-2.58091	23.6519	26.2328
BLOCK16/SES164/SA164S29	SES226	-2.96251	23.2703	26.2328
BLOCK16/SES169/SA169S13	SES117	-1.89461	24.4957	26.3903
BLOCK16/SES169/SA169S13	SES144	-1.74715	24.6432	26.3903
BLOCK16/SES169/SA169S13	SES146	-1.69064	24.6997	26.3903
BLOCK16/SES169/SA169S13	SES162	-2.0486	24.3417	26.3903
BLOCK16/SES169/SA169S14	SES144	-2.56232	24.9136	27.4759
BLOCK16/SES169/SA169S14	SES148	-2.81685	24.6591	27.4759
BLOCK16/SES169/SA169S14	SES177	-1.95884	25.5171	27.4759
BLOCK16/SES169/SA169S14	SES180	-3.00908	24.4668	27.4759
BLOCK16/SES169/SA169S24	SES117	-1.83448	23.3983	25.2328
BLOCK16/SES169/SA169S24	SES144	-1.76698	23.4658	25.2328
BLOCK16/SES169/SA169S24	SES146	-2.00168	23.2311	25.2328
BLOCK16/SES169/SA169S24	SES162	-1.7184	23.5144	25.2328
BLOCK16/SES169/SA169S27	SES127	-1.71958	24.6553	26.3749
BLOCK16/SES169/SA169S27	SES129	-2.57797	23.7969	26.3749
BLOCK16/SES169/SA169S27	SES144	-2.25338	24.1215	26.3749
BLOCK16/SES169/SA169S27	SES146	-0.799036	25.5759	26.3749
BLOCK16/SES169/SA169S29	SES144	-1.80681	25.752	27.5588
BLOCK16/SES169/SA169S29	SES162	-1.3019	26.2569	27.5588
BLOCK16/SES169/SA169S29	SES177	-3.11432	24.4445	27.5588
BLOCK16/SES169/SA169S29	SES180	-2.04379	25.515	27.5588
BLOCK17/SES171/SA171S12	SES083	-1.99923	24.2494	26.2486
BLOCK17/SES171/SA171S12	SES148	-3.22775	23.0209	26.2486
BLOCK17/SES171/SA171S12	SES172	-2.74535	23.5033	26.2486
BLOCK17/SES171/SA171S12	SES292	-3.5496	22.699	26.2486
BLOCK17/SES171/SA171S15	SES148	-3.00852	22.9055	25.914
BLOCK17/SES171/SA171S15	SES177	-2.47428	23.4398	25.914
BLOCK17/SES171/SA171S15	SES180	-4.91746	20.9966	25.914
BLOCK17/SES171/SA171S15	SES292	-3.71748	22.1966	25.914
BLOCK17/SES171/SA171S22	SES007	-1.80726	25.5139	27.3212
BLOCK17/SES171/SA171S22	SES148	-2.05556	25.2656	27.3212
BLOCK17/SES171/SA171S22	SES177	-1.3131	26.0081	27.3212
BLOCK17/SES171/SA171S22	SES180	-3.10178	24.2194	27.3212
BLOCK17/SES171/SA171S25	SES101	-3.45667	20.5689	24.0256
BLOCK17/SES171/SA171S25	SES120	-3.97595	20.0496	24.0256
BLOCK17/SES171/SA171S25	SES177	-1.96451	22.0611	24.0256
BLOCK17/SES171/SA171S25	SES180	-4.02632	19.9993	24.0256
BLOCK17/SES171/SA171S27	SES177	-1.91167	23.7928	25.7045
BLOCK17/SES171/SA171S27	SES180	-3.84495	21.8595	25.7045
BLOCK17/SES171/SA171S27	SES189	-1.90467	23.7998	25.7045
BLOCK17/SES171/SA171S27	SES292	-3.41846	22.286	25.7045
BLOCK17/SES173/SA173S13	SES162	-4.38791	21.3689	25.7568
BLOCK17/SES173/SA173S13	SES177	-3.11916	22.6377	25.7568
BLOCK17/SES173/SA173S13	SES180	-4.6968	21.06	25.7568
BLOCK17/SES173/SA173S13	SES292	-2.89852	22.8583	25.7568
BLOCK17/SES173/SA173S14	SES007	-3.34263	21.4588	24.8014
BLOCK17/SES173/SA173S14	SES162	-4.69703	20.1044	24.8014
BLOCK17/SES173/SA173S14	SES177	-2.61172	22.1897	24.8014
BLOCK17/SES173/SA173S14	SES180	-4.64702	20.1544	24.8014
BLOCK17/SES173/SA173S24	SES144	-2.8935	20.6842	23.5777
BLOCK17/SES173/SA173S24	SES162	-4.32611	19.2516	23.5777
BLOCK17/SES173/SA173S24	SES177	-2.52189	21.0558	23.5777
BLOCK17/SES173/SA173S24	SES180	-4.02224	19.5555	23.5777
BLOCK17/SES173/SA173S27	SES162	-5.38529	19.9578	25.3431
BLOCK17/SES173/SA173S27	SES177	-3.16813	22.175	25.3431
BLOCK17/SES173/SA173S27	SES180	-4.17538	21.1677	25.3431
BLOCK17/SES173/SA173S27	SES292	-2.8786	22.4645	25.3431
BLOCK17/SES173/SA173S29	SES162	-4.2632	20.0055	24.2687
BLOCK17/SES173/SA173S29	SES175	-2.74745	21.5213	24.2687
BLOCK17/SES173/SA173S29	SES177	-2.88951	21.3792	24.2687
BLOCK17/SES173/SA173S29	SES292	-4.42324	19.8455	24.2687
BLOCK18/SES182/SA182S10	SES144	-2.36877	23.6973	26.066
BLOCK18/SES182/SA182S10	SES177	-2.1099	23.9561	26.066
BLOCK18/SES182/SA182S10	SES180	-3.33721	22.7288	26.066
BLOCK18/SES182/SA182S10	SES275	-1.39986	24.6662	26.066
BLOCK18/SES182/SA182S12	SES144	-1.31478	24.9161	26.2309
BLOCK18/SES182/SA182S12	SES177	-2.38275	23.8482	26.2309
BLOCK18/SES182/SA182S12	SES180	-2.27305	23.9579	26.2309
BLOCK18/SES182/SA182S12	SES275	-0.93104	25.2999	26.2309
BLOCK18/SES182/SA182S21	SES117	-1.73468	23.0022	24.7369
BLOCK18/SES182/SA182S21	SES144	-2.88816	21.8488	24.7369
BLOCK18/SES182/SA182S21	SES162	-2.24881	22.4881	24.7369
BLOCK18/SES182/SA182S21	SES180	-3.56743	21.1695	24.7369
BLOCK18/SES182/SA182S23	SES117	-1.16645	24.9456	26.1121
BLOCK18/SES182/SA182S23	SES144	-2.7091	23.403	26.1121
BLOCK18/SES182/SA182S23	SES180	-3.52295	22.5891	26.1121
BLOCK18/SES182/SA182S23	SES275	-1.20181	24.9102	26.1121
BLOCK18/SES182/SA182S25	SES007	-1.30888	24.5934	25.9022
BLOCK18/SES182/SA182S25	SES162	-1.55315	24.3491	25.9022
BLOCK18/SES182/SA182S25	SES177	-1.87123	24.031	25.9022
BLOCK18/SES182/SA182S25	SES180	-3.19897	22.7033	25.9022
BLOCK18/SES184/SA184S12	SES177	-1.7652	24.3535	26.1187
BLOCK18/SES184/SA184S12	SES180	-2.4439	23.6748	26.1187
BLOCK18/SES184/SA184S12	SES189	-2.51246	23.6063	26.1187
BLOCK18/SES184/SA184S12	SES292	-2.24173	23.877	26.1187
BLOCK18/SES184/SA184S13	SES101	-2.55263	23.7685	26.3211
BLOCK18/SES184/SA184S13	SES177	-2.08294	24.2382	26.3211
BLOCK18/SES184/SA184S13	SES180	-2.59308	23.7281	26.3211
BLOCK18/SES184/SA184S13	SES292	-2.48068	23.8405	26.3211
BLOCK18/SES184/SA184S22	SES177	-2.158	25.7848	27.9428
BLOCK18/SES184/SA184S22	SES180	-2.60743	25.3354	27.9428
BLOCK18/SES184/SA184S22	SES189	-3.19486	24.7479	27.9428
BLOCK18/SES184/SA184S22	SES292	-2.61783	25.325	27.9428
BLOCK18/SES184/SA184S25	SES101	-1.41132	27.6442	29.0555
BLOCK18/SES184/SA184S25	SES177	-2.27819	26.7773	29.0555
BLOCK18/SES184/SA184S25	SES180	-2.18633	26.8692	29.0555
BLOCK18/SES184/SA184S25	SES292	-2.14623	26.9093	29.0555
BLOCK18/SES184/SA184S27	SES083	-2.01385	24.4302	26.4441
BLOCK18/SES184/SA184S27	SES177	-1.72923	24.7148	26.4441
BLOCK18/SES184/SA184S27	SES202	-2.81391	23.6302	26.4441
BLOCK18/SES184/SA184S27	SES292	-2.69156	23.7525	26.4441
BLOCK20/SES204/SA204S12	SES062	-2.44623	25.9142	28.3605
BLOCK20/SES204/SA204S12	SES083	-3.41942	24.941	28.3605
BLOCK20/SES204/SA204S12	SES206	-2.66763	25.6928	28.3605
BLOCK20/SES204/SA204S12	SES226	-3.17236	25.1881	28.3605
BLOCK20/SES204/SA204S14	SES068	-2.3222	28.0092	30.3314
BLOCK20/SES204/SA204S14	SES087	-1.3726	28.9588	30.3314
BLOCK20/SES204/SA204S14	SES206	-2.24435	28.0871	30.3314
BLOCK20/SES204/SA204S14	SES226	-3.38011	26.9513	30.3314
BLOCK20/SES204/SA204S22	SES068	-3.38892	25.6454	29.0343
BLOCK20/SES204/SA204S22	SES082	-5.60223	23.4321	29.0343
BLOCK20/SES204/SA204S22	SES083	-4.69539	24.3389	29.0343
BLOCK20/SES204/SA204S22	SES206	-3.47787	25.5564	29.0343
BLOCK20/SES204/SA204S25	SES062	-3.36579	25.4538	28.8196
BLOCK20/SES204/SA204S25	SES083	-3.80219	25.0174	28.8196
BLOCK20/SES204/SA204S25	SES206	-2.83672	25.9829	28.8196
BLOCK20/SES204/SA204S25	SES226	-3.29453	25.5251	28.8196
BLOCK20/SES204/SA204S27	SES068	-2.76998	25.3176	28.0876
BLOCK20/SES204/SA204S27	SES082	-4.89117	23.1964	28.0876
BLOCK20/SES204/SA204S27	SES087	-2.21724	25.8704	28.0876
BLOCK20/SES204/SA204S27	SES206	-2.97964	25.108	28.0876
BLOCK20/SES207/SA207S10	SES127	-2.39764	23.5896	25.9872
BLOCK20/SES207/SA207S10	SES183	-2.40919	23.578	25.9872
BLOCK20/SES207/SA207S10	SES189	-3.01612	22.9711	25.9872
BLOCK20/SES207/SA207S10	SES292	-3.11661	22.8706	25.9872
BLOCK20/SES207/SA207S11	SES127	-3.10526	22.8488	25.9541
BLOCK20/SES207/SA207S11	SES183	-2.50543	23.4486	25.9541
BLOCK20/SES207/SA207S11	SES187	-2.43794	23.5161	25.9541
BLOCK20/SES207/SA207S11	SES292	-1.81485	24.1392	25.9541
BLOCK20/SES207/SA207S25	SES068	-2.41185	23.9194	26.3312
BLOCK20/SES207/SA207S25	SES083	-2.8014	23.5298	26.3312
BLOCK20/SES207/SA207S25	SES127	-1.68422	24.647	26.3312
BLOCK20/SES207/SA207S25	SES187	-1.66443	24.6668	26.3312
BLOCK20/SES207/SA207S27	SES127	-3.22062	21.1178	24.3385
BLOCK20/SES207/SA207S27	SES183	-1.86521	22.4733	24.3385
BLOCK20/SES207/SA207S27	SES187	-2.70828	21.6302	24.3385
BLOCK20/SES207/SA207S27	SES292	-3.40318	20.9353	24.3385
BLOCK20/SES207/SA207S29	SES083	-3.20194	23.0794	26.2814
BLOCK20/SES207/SA207S29	SES085	-0.721888	25.5595	26.2814
BLOCK20/SES207/SA207S29	SES172	-2.38359	23.8978	26.2814
BLOCK20/SES207/SA207S29	SES189	-2.92875	23.3526	26.2814
BLOCK22/SES221/SA221S12	SES068	-2.38604	23.4979	25.884
BLOCK22/SES221/SA221S12	SES143	-1.90962	23.9744	25.884
BLOCK22/SES221/SA221S12	SES175	-2.31038	23.5736	25.884
BLOCK22/SES221/SA221S12	SES202	-2.23797	23.646	25.884
BLOCK22/SES221/SA221S15	SES085	-2.35421	21.8776	24.2318
BLOCK22/SES221/SA221S15	SES143	-2.80175	21.4301	24.2318
BLOCK22/SES221/SA221S15	SES175	-2.24252	21.9893	24.2318
BLOCK22/SES221/SA221S15	SES187	-2.89265	21.3392	24.2318
BLOCK22/SES221/SA221S23	SES068	-2.10181	23.4089	25.5107
BLOCK22/SES221/SA221S23	SES143	-2.18548	23.3252	25.5107
BLOCK22/SES221/SA221S23	SES175	-0.880558	24.6301	25.5107
BLOCK22/SES221/SA221S23	SES189	-0.842001	24.6687	25.5107
BLOCK22/SES221/SA221S27	SES085	-2.11295	23.101	25.214
BLOCK22/SES221/SA221S27	SES143	-1.86189	23.3521	25.214
BLOCK22/SES221/SA221S27	SES175	-1.73462	23.4793	25.214
BLOCK22/SES221/SA221S27	SES189	0.194441	25.4084	25.214
BLOCK22/SES221/SA221S29	SES085	-2.67091	20.3558	23.0267
BLOCK22/SES221/SA221S29	SES143	-2.51675	20.51	23.0267
BLOCK22/SES221/SA221S29	SES175	-1.57896	21.4478	23.0267
BLOCK22/SES221/SA221S29	SES187	-1.90929	21.1174	23.0267
BLOCK22/SES223/SA223S11	SES143	-2.84443	20.8696	23.714
BLOCK22/SES223/SA223S11	SES144	-4.97797	18.736	23.714
BLOCK22/SES223/SA223S11	SES175	-2.59387	21.1201	23.714
BLOCK22/SES223/SA223S11	SES187	-3.85838	19.8556	23.714
BLOCK22/SES223/SA223S13	SES068	-2.49396	20.8716	23.3656
BLOCK22/SES223/SA223S13	SES143	-2.8942	20.4714	23.3656
BLOCK22/SES223/SA223S13	SES146	-3.90151	19.4641	23.3656
BLOCK22/SES223/SA223S13	SES202	-2.86061	20.505	23.3656
BLOCK22/SES223/SA223S22	SES143	-2.12345	22.3005	24.4239
BLOCK22/SES223/SA223S22	SES144	-4.6298	19.7941	24.4239
BLOCK22/SES223/SA223S22	SES175	-2.76715	21.6568	24.4239
BLOCK22/SES223/SA223S22	SES187	-2.54229	21.8816	24.4239
BLOCK22/SES223/SA223S25	SES068	-2.01722	22.2615	24.2787
BLOCK22/SES223/SA223S25	SES143	-2.7833	21.4954	24.2787
BLOCK22/SES223/SA223S25	SES175	-1.95338	22.3253	24.2787
BLOCK22/SES223/SA223S25	SES187	-2.8774	21.4013	24.2787
BLOCK22/SES223/SA223S27	SES143	-2.05222	21.0005	23.0527
BLOCK22/SES223/SA223S27	SES146	-3.62195	19.4308	23.0527
BLOCK22/SES223/SA223S27	SES187	-3.32044	19.7323	23.0527
BLOCK22/SES223/SA223S27	SES292	-3.99957	19.0532	23.0527
BLOCK27/SES273/SA273S12	SES099	-0.737535	29.7908	30.5283
BLOCK27/SES273/SA273S12	SES104	-1.6774	28.8509	30.5283
BLOCK27/SES273/SA273S12	SES125	-2.37906	28.1493	30.5283
BLOCK27/SES273/SA273S12	SES206	-1.19752	29.3308	30.5283
BLOCK27/SES273/SA273S13	SES099	-1.42546	29.5441	30.9696
BLOCK27/SES273/SA273S13	SES104	-2.23903	28.7306	30.9696
BLOCK27/SES273/SA273S13	SES206	-1.17418	29.7954	30.9696
BLOCK27/SES273/SA273S13	SES292	-2.2114	28.7582	30.9696
BLOCK27/SES273/SA273S21	SES099	-0.818581	29.5616	30.3801
BLOCK27/SES273/SA273S21	SES148	-3.06969	27.3104	30.3801
BLOCK27/SES273/SA273S21	SES149	-2.56312	27.817	30.3801
BLOCK27/SES273/SA273S21	SES177	-2.32736	28.0528	30.3801
BLOCK27/SES273/SA273S25	SES104	-1.25246	28.2888	29.5413
BLOCK27/SES273/SA273S25	SES125	-2.11984	27.4214	29.5413
BLOCK27/SES273/SA273S25	SES158	-0.998255	28.543	29.5413
BLOCK27/SES273/SA273S25	SES206	0.04006	29.5813	29.5413
BLOCK27/SES273/SA273S27	SES099	-0.405827	29.1414	29.5472
BLOCK27/SES273/SA273S27	SES104	-1.48581	28.0614	29.5472
BLOCK27/SES273/SA273S27	SES149	-1.48566	28.0616	29.5472
BLOCK27/SES273/SA273S27	SES275	-2.08924	27.458	29.5472
BLOCK27/SES274/SA274S10	SES105	-2.84585	25.7995	28.6454
BLOCK27/SES274/SA274S10	SES125	-4.21127	24.4341	28.6454
BLOCK27/SES274/SA274S10	SES129	-2.31362	26.3318	28.6454
BLOCK27/SES274/SA274S10	SES158	-4.1607	24.4847	28.6454
BLOCK27/SES274/SA274S11	SES105	-2.20769	27.432	29.6396
BLOCK27/SES274/SA274S11	SES149	-3.33581	26.3038	29.6396
BLOCK27/SES274/SA274S11	SES158	-3.63267	26.007	29.6396
BLOCK27/SES274/SA274S11	SES275	-1.04327	28.5964	29.6396
BLOCK27/SES274/SA274S21	SES105	-3.29235	25.1712	28.4635
BLOCK27/SES274/SA274S21	SES129	-1.48128	26.9822	28.4635
BLOCK27/SES274/SA274S21	SES149	-2.23401	26.2295	28.4635
BLOCK27/SES274/SA274S21	SES158	-5.62018	22.8433	28.4635
BLOCK27/SES274/SA274S24	SES105	-2.70348	27.4901	30.1936
BLOCK27/SES274/SA274S24	SES129	-1.56733	28.6262	30.1936
BLOCK27/SES274/SA274S24	SES149	-3.66988	26.5237	30.1936
BLOCK27/SES274/SA274S24	SES158	-5.51239	24.6812	30.1936
BLOCK27/SES274/SA274S29	SES105	-3.19201	25.0102	28.2022
BLOCK27/SES274/SA274S29	SES106	-3.77175	24.4305	28.2022
BLOCK27/SES274/SA274S29	SES120	-2.38321	25.819	28.2022
BLOCK27/SES274/SA274S29	SES275	-1.70008	26.5021	28.2022
BLOCK27/SES276/SA276S16	SES148	-2.22041	24.2793	26.4997
BLOCK27/SES276/SA276S16	SES172	-3.23654	23.2631	26.4997
BLOCK27/SES276/SA276S16	SES180	-3.24044	23.2592	26.4997
BLOCK27/SES276/SA276S16	SES292	-2.51603	23.9837	26.4997
BLOCK27/SES276/SA276S17	SES101	-2.28608	25.0061	27.2922
BLOCK27/SES276/SA276S17	SES177	-2.56683	24.7254	27.2922
BLOCK27/SES276/SA276S17	SES180	-2.63048	24.6617	27.2922
BLOCK27/SES276/SA276S17	SES292	-2.96898	24.3232	27.2922
BLOCK27/SES276/SA276S24	SES101	-1.26414	26.985	28.2491
BLOCK27/SES276/SA276S24	SES177	-1.71051	26.5386	28.2491
BLOCK27/SES276/SA276S24	SES180	-2.2938	25.9553	28.2491
BLOCK27/SES276/SA276S24	SES292	-3.38152	24.8676	28.2491
BLOCK27/SES276/SA276S26	SES101	-2.46936	25.8519	28.3213
BLOCK27/SES276/SA276S26	SES177	-1.5563	26.765	28.3213
BLOCK27/SES276/SA276S26	SES180	-0.576199	27.7451	28.3213
BLOCK27/SES276/SA276S26	SES292	-1.24907	27.0722	28.3213
BLOCK27/SES276/SA276S28	SES101	-1.63693	26.3362	27.9732
BLOCK27/SES276/SA276S28	SES177	-3.19997	24.7732	27.9732
BLOCK27/SES276/SA276S28	SES180	-1.51737	26.4558	27.9732
BLOCK27/SES276/SA276S28	SES292	-2.02714	25.946	27.9732
BLOCK27/SES277/SA277S12	SES101	-2.74795	22.0774	24.8254
BLOCK27/SES277/SA277S12	SES177	-3.90191	20.9235	24.8254
BLOCK27/SES277/SA277S12	SES180	-4.49665	20.3287	24.8254
BLOCK27/SES277/SA277S12	SES292	-4.6259	20.1995	24.8254
BLOCK27/SES277/SA277S14	SES177	-2.97086	20.9785	23.9494
BLOCK27/SES277/SA277S14	SES180	-3.8454	20.104	23.9494
BLOCK27/SES277/SA277S14	SES189	-1.50304	22.4463	23.9494
BLOCK27/SES277/SA277S14	SES292	-4.0736	19.8758	23.9494
BLOCK27/SES277/SA277S21	SES177	-1.93736	24.2979	26.2353
BLOCK27/SES277/SA277S21	SES180	-3.834	22.4013	26.2353
BLOCK27/SES277/SA277S21	SES189	-1.60218	24.6331	26.2353
BLOCK27/SES277/SA277S21	SES292	-3.99655	22.2387	26.2353
BLOCK27/SES277/SA277S24	SES144	-2.75882	20.8154	23.5742
BLOCK27/SES277/SA277S24	SES177	-3.06415	20.51	23.5742
BLOCK27/SES277/SA277S24	SES180	-4.01477	19.5594	23.5742
BLOCK27/SES277/SA277S24	SES189	-1.34452	22.2297	23.5742
BLOCK27/SES277/SA277S29	SES177	-2.10715	25.6289	27.736
BLOCK27/SES277/SA277S29	SES180	-2.94489	24.7911	27.736
BLOCK27/SES277/SA277S29	SES202	-2.51158	25.2244	27.736
BLOCK27/SES277/SA277S29	SES292	-3.52059	24.2154	27.736
BLOCK27/SES279/SA279S09	SES120	-2.24166	25.9991	28.2408
BLOCK27/SES279/SA279S09	SES146	-2.63604	25.6047	28.2408
BLOCK27/SES279/SA279S09	SES206	-2.56027	25.6805	28.2408
BLOCK27/SES279/SA279S09	SES226	-3.67515	24.5656	28.2408
BLOCK27/SES279/SA279S10	SES099	-0.599653	27.8407	28.4404
BLOCK27/SES279/SA279S10	SES206	-1.43911	27.0013	28.4404
BLOCK27/SES279/SA279S10	SES226	-3.2303	25.2101	28.4404
BLOCK27/SES279/SA279S10	SES292	-0.951679	27.4887	28.4404
BLOCK27/SES279/SA279S20	SES099	-2.39633	26.2676	28.6639
BLOCK27/SES279/SA279S20	SES206	-1.08069	27.5832	28.6639
BLOCK27/SES279/SA279S20	SES226	-3.43635	25.2276	28.6639
BLOCK27/SES279/SA279S20	SES292	-0.857235	27.8067	28.6639
BLOCK27/SES279/SA279S26	SES099	-1.69509	26.3566	28.0517
BLOCK27/SES279/SA279S26	SES206	-0.932678	27.119	28.0517
BLOCK27/SES279/SA279S26	SES226	-3.52363	24.5281	28.0517
BLOCK27/SES279/SA279S26	SES292	-0.830971	27.2207	28.0517
BLOCK27/SES279/SA279S28	SES099	-0.948296	29.1996	30.1479
BLOCK27/SES279/SA279S28	SES120	-1.63188	28.516	30.1479
BLOCK27/SES279/SA279S28	SES177	-2.42579	27.7221	30.1479
BLOCK27/SES279/SA279S28	SES206	-1.42588	28.722	30.1479
BLOCK29/SES290/SA290S12	SES162	-3.08643	23.6544	26.7408
BLOCK29/SES290/SA290S12	SES177	-3.06489	23.6759	26.7408
BLOCK29/SES290/SA290S12	SES180	-2.88932	23.8515	26.7408
BLOCK29/SES290/SA290S12	SES292	-3.81098	22.9299	26.7408
BLOCK29/SES290/SA290S13	SES007	-3.13656	23.3767	26.5132
BLOCK29/SES290/SA290S13	SES162	-3.85965	22.6536	26.5132
BLOCK29/SES290/SA290S13	SES177	-1.7779	24.7353	26.5132
BLOCK29/SES290/SA290S13	SES180	-2.89043	23.6228	26.5132
BLOCK29/SES290/SA290S22	SES177	-1.65239	24.6497	26.302
BLOCK29/SES290/SA290S22	SES180	-2.60316	23.6989	26.302
BLOCK29/SES290/SA290S22	SES202	-2.60732	23.6947	26.302
BLOCK29/SES290/SA290S22	SES292	-3.3885	22.9135	26.302
BLOCK29/SES290/SA290S25	SES162	-2.90761	23.7982	26.7058
BLOCK29/SES290/SA290S25	SES177	-2.38917	24.3167	26.7058
BLOCK29/SES290/SA290S25	SES180	-2.5497	24.1561	26.7058
BLOCK29/SES290/SA290S25	SES292	-2.92652	23.7793	26.7058
BLOCK29/SES290/SA290S29	SES177	-1.2935	25.9878	27.2813
BLOCK29/SES290/SA290S29	SES180	-1.83006	25.4512	27.2813
BLOCK29/SES290/SA290S29	SES275	-1.95618	25.3251	27.2813
BLOCK29/SES290/SA290S29	SES292	-2.49419	24.7871	27.2813
BLOCK29/SES291/SA291S11	SES105	-4.0318	21.8352	25.867
BLOCK29/SES291/SA291S11	SES125	-2.08533	23.7816	25.867
BLOCK29/SES291/SA291S11	SES158	-1.84059	24.0264	25.867
BLOCK29/SES291/SA291S11	SES275	-3.82483	22.0421	25.867
BLOCK29/SES291/SA291S12	SES158	0.67873	27.344	26.6652
BLOCK29/SES291/SA291S12	SES226	-2.41931	24.2459	26.6652
BLOCK29/SES291/SA291S12	SES270	0.766733	27.432	26.6652
BLOCK29/SES291/SA291S12	SES275	-4.85695	21.8083	26.6652
BLOCK29/SES291/SA291S22	SES082	-1.97518	25.759	27.7342
BLOCK29/SES291/SA291S22	SES158	-1.81066	25.9235	27.7342
BLOCK29/SES291/SA291S22	SES259	-2.68816	25.046	27.7342
BLOCK29/SES291/SA291S22	SES275	-4.2884	23.4458	27.7342
BLOCK29/SES291/SA291S24	SES104	-0.550854	28.5988	29.1497
BLOCK29/SES291/SA291S24	SES125	-1.11451	28.0352	29.1497
BLOCK29/SES291/SA291S24	SES158	-0.572273	28.5774	29.1497
BLOCK29/SES291/SA291S24	SES275	-4.06295	25.0867	29.1497
BLOCK29/SES291/SA291S27	SES158	-0.269148	27.5419	27.811
BLOCK29/SES291/SA291S27	SES172	-4.81639	22.9946	27.811
BLOCK29/SES291/SA291S27	SES275	-4.58927	23.2217	27.811
BLOCK29/SES291/SA291S27	SES292	-3.02682	24.7842	27.811
