BLOCK00/SES002/SA002S12	SES002	1.29062	-3.81248	-5.10309
BLOCK00/SES002/SA002S13	SES002	1.51116	-4.88779	-6.39895
BLOCK00/SES002/SA002S23	SES002	1.22103	-4.6557	-5.87673
BLOCK00/SES002/SA002S26	SES002	1.35316	-7.63272	-8.98588
BLOCK00/SES002/SA002S28	SES002	0.352254	-7.07333	-7.42558
BLOCK00/SES007/SA007S14	SES007	1.43956	-3.85411	-5.29367
BLOCK00/SES007/SA007S15	SES007	1.31232	-4.47491	-5.78723
BLOCK00/SES007/SA007S24	SES007	1.13253	-3.83591	-4.96844
BLOCK00/SES007/SA007S27	SES007	0.620218	-6.75984	-7.38005
BLOCK00/SES007/SA007S29	SES007	0.431677	-3.97827	-4.40995
BLOCK00/SES008/SA008S11	SES008	2.25876	-1.20696	-3.46572
BLOCK00/SES008/SA008S12	SES008	1.10439	-2.23303	-3.33742
BLOCK00/SES008/SA008S19	SES008	2.33923	-1.57613	-3.91536
BLOCK00/SES008/SA008S22	SES008	0.968742	-3.73564	-4.70439
BLOCK00/SES008/SA008S29	SES008	1.93904	-1.15946	-3.0985
BLOCK01/SES014/SA014S10	SES014	0.926621	-3.92391	-4.85054
BLOCK01/SES014/SA014S12	SES014	2.62136	-2.25759	-4.87895
BLOCK01/SES014/SA014S24	SES014	2.06613	-3.23914	-5.30527
BLOCK01/SES014/SA014S26	SES014	1.64321	-4.67622	-6.31943
BLOCK01/SES014/SA014S28	SES014	3.86458	-0.00610643	-3.87069
BLOCK01/SES016/SA016S12	SES016	0.89222	-6.6267	-7.51892
BLOCK01/SES016/SA016S13	SES016	2.02692	-4.96632	-6.99325
BLOCK01/SES016/SA016S22	SES016	1.64883	-5.04554	-6.69437
BLOCK01/SES016/SA016S25	SES016	2.1205	-3.02366	-5.14416
BLOCK01/SES016/SA016S27	SES016	2.05446	-6.56159	-8.61605
BLOCK01/SES019/SA019S13	SES019	3.27622	-4.60199	-7.87821
BLOCK01/SES019/SA019S14	SES019	2.5924	-4.32421	-6.91661
BLOCK01/SES019/SA019S22	SES019	3.27826	-2.60438	-5.88264
BLOCK01/SES019/SA019S25	SES019	2.37967	-5.34788	-7.72755
BLOCK01/SES019/SA019S29	SES019	3.76541	-5.16668	-8.93209
BLOCK02/SES029/SA029S11	SES029	1.58696	-3.143	-4.72996
BLOCK02/SES029/SA029S12	SES029	0.885304	-4.6387	-5.524
BLOCK02/SES029/SA029S20	SES029	1.29421	-2.5537	-3.84791
BLOCK02/SES029/SA029S25	SES029	0.685508	-4.63236	-5.31787
BLOCK02/SES029/SA029S28	SES029	1.22491	-3.9834	-5.20831
BLOCK04/SES042/SA042S12	SES042	2.66651	-3.84669	-6.5132
BLOCK04/SES042/SA042S15	SES042	1.8009	-5.1338	-6.9347
BLOCK04/SES042/SA042S22	SES042	3.68202	-8.82907	-12.5111
BLOCK04/SES042/SA042S25	SES042	1.88368	-7.30878	-9.19246
BLOCK04/SES042/SA042S27	SES042	3.86957	-6.68511	-10.5547
BLOCK04/SES048/SA048S11	SES048	1.66455	-2.50961	-4.17416
BLOCK04/SES048/SA048S12	SES048	1.09522	-4.97108	-6.0663
BLOCK04/SES048/SA048S20	SES048	1.55944	-4.12435	-5.6838
BLOCK04/SES048/SA048S23	SES048	2.15878	-2.11751	-4.27629
BLOCK04/SES048/SA048S27	SES048	0.7619	-4.59514	-5.35704
BLOCK06/SES060/SA060S11	SES060	2.10521	-4.96261	-7.06782
BLOCK06/SES060/SA060S12	SES060	0.993796	-7.84187	-8.83566
BLOCK06/SES060/SA060S22	SES060	-0.913155	-7.54567	-6.63251
BLOCK06/SES060/SA060S24	SES060	1.81618	-1.98296	-3.79914
BLOCK06/SES060/SA060S28	SES060	1.72256	-1.46707	-3.18963
BLOCK06/SES062/SA062S10	SES062	0.708785	-4.72489	-5.43367
BLOCK06/SES062/SA062S11	SES062	1.2601	-5.98049	-7.2406
BLOCK06/SES062/SA062S21	SES062	1.60552	-0.617789	-2.2233
BLOCK06/SES062/SA062S26	SES062	1.11006	-3.86666	-4.97672
BLOCK06/SES062/SA062S29	SES062	2.22654	-1.7121	-3.93864
BLOCK06/SES068/SA068S14	SES068	0.951948	-3.49657	-4.44852
BLOCK06/SES068/SA068S15	SES068	1.74595	-3.924	-5.66995
BLOCK06/SES068/SA068S23	SES068	0.800197	-5.28664	-6.08684
BLOCK06/SES068/SA068S27	SES068	2.19665	-3.29837	-5.49501
BLOCK06/SES068/SA068S29	SES068	1.15615	-4.82646	-5.98262
BLOCK08/SES082/SA082S12	SES082	-0.406003	-5.30931	-4.9033
BLOCK08/SES082/SA082S14	SES082	0.633364	-4.09761	-4.73097
BLOCK08/SES082/SA082S21	SES082	0.631942	-3.36513	-3.99707
BLOCK08/SES082/SA082S24	SES082	0.701735	-5.15709	-5.85882
BLOCK08/SES082/SA082S28	SES082	0.903451	-5.38718	-6.29063
BLOCK08/SES083/SA083S14	SES083	1.03155	-3.29373	-4.32528
BLOCK08/SES083/SA083S15	SES083	0.857944	-5.35095	-6.20889
BLOCK08/SES083/SA083S24	SES083	0.769991	-4.28039	-5.05038
BLOCK08/SES083/SA083S26	SES083	0.239146	-6.97802	-7.21717
BLOCK08/SES083/SA083S29	SES083	0.628803	-5.29585	-5.92466
BLOCK08/SES085/SA085S10	SES085	1.54242	-2.85059	-4.39301
BLOCK08/SES085/SA085S13	SES085	0.271274	-6.4919	-6.76317
BLOCK08/SES085/SA085S22	SES085	1.95908	-2.56139	-4.52048
BLOCK08/SES085/SA085S26	SES085	0.324656	-7.3257	-7.65035
BLOCK08/SES085/SA085S28	SES085	1.25714	-3.06405	-4.32119
BLOCK08/SES087/SA087S15	SES087	1.22486	-4.82076	-6.04562
BLOCK08/SES087/SA087S16	SES087	2.2993	-3.28277	-5.58207
BLOCK08/SES087/SA087S24	SES087	0.821858	-8.32758	-9.14944
BLOCK08/SES087/SA087S26	SES087	1.1881	-4.2736	-5.4617
BLOCK08/SES087/SA087S29	SES087	1.97839	-2.24344	-4.22183
BLOCK09/SES099/SA099S15	SES099	2.14717	-4.61095	-6.75812
BLOCK09/SES099/SA099S16	SES099	2.01406	-1.61593	-3.62999
BLOCK09/SES099/SA099S24	SES099	1.97214	-3.4307	-5.40283
BLOCK09/SES099/SA099S26	SES099	1.85055	-4.37522	-6.22577
BLOCK09/SES099/SA099S29	SES099	2.30339	-4.57696	-6.88035
BLOCK10/SES101/SA101S11	SES101	0.784696	-4.2702	-5.0549
BLOCK10/SES101/SA101S13	SES101	1.2458	-0.316592	-1.5624
BLOCK10/SES101/SA101S22	SES101	1.38583	-4.10927	-5.49509
BLOCK10/SES101/SA101S24	SES101	0.664856	-4.02054	-4.6854
BLOCK10/SES101/SA101S28	SES101	1.34699	-3.89571	-5.2427
BLOCK10/SES104/SA104S11	SES104	2.03685	-2.4231	-4.45996
BLOCK10/SES104/SA104S12	SES104	1.44398	-3.65824	-5.10221
BLOCK10/SES104/SA104S21	SES104	1.42641	-3.93039	-5.3568
BLOCK10/SES104/SA104S24	SES104	-0.0183101	-7.66075	-7.64244
BLOCK10/SES104/SA104S28	SES104	0.770941	-6.58766	-7.3586
BLOCK10/SES105/SA105S12	SES105	1.61853	-5.48906	-7.10759
BLOCK10/SES105/SA105S13	SES105	0.685938	-5.84364	-6.52957
BLOCK10/SES105/SA105S22	SES105	0.784694	-5.79019	-6.57489
BLOCK10/SES105/SA105S26	SES105	0.527744	-6.85368	-7.38142
BLOCK10/SES105/SA105S29	SES105	1.82683	-2.79195	-4.61878
BLOCK10/SES106/SA106S09	SES106	0.864806	-7.68808	-8.55288
BLOCK10/SES106/SA106S11	SES106	2.26868	-3.1794	-5.44808
BLOCK10/SES106/SA106S22	SES106	2.71556	-6.90522	-9.62078
BLOCK10/SES106/SA106S27	SES106	1.70234	-3.63486	-5.33719
BLOCK10/SES106/SA106S29	SES106	2.12318	-4.00318	-6.12636
BLOCK11/SES117/SA117S12	SES117	0.808973	-5.70024	-6.50921
BLOCK11/SES117/SA117S13	SES117	0.329294	-4.33817	-4.66746
BLOCK11/SES117/SA117S23	SES117	2.08397	-7.29667	-9.38064
BLOCK11/SES117/SA117S25	SES117	1.78677	-4.321	-6.10777
BLOCK11/SES117/SA117S28	SES117	1.47727	-7.28317	-8.76044
BLOCK12/SES120/SA120S08	SES120	1.35167	-7.47898	-8.83065
BLOCK12/SES120/SA120S11	SES120	1.33505	-11.7938	-13.1288
BLOCK12/SES120/SA120S22	SES120	1.37629	-4.38942	-5.76571
BLOCK12/SES120/SA120S24	SES120	0.527834	-9.48499	-10.0128
BLOCK12/SES120/SA120S28	SES120	0.758576	-7.59895	-8.35753
BLOCK12/SES125/SA125S13	SES125	1.75128	-7.10773	-8.85901
BLOCK12/SES125/SA125S14	SES125	1.16654	-8.17161	-9.33815
BLOCK12/SES125/SA125S25	SES125	2.39664	-4.9454	-7.34204
BLOCK12/SES125/SA125S27	SES125	2.02495	-5.70579	-7.73074
BLOCK12/SES125/SA125S29	SES125	1.29348	-4.50213	-5.79561
BLOCK12/SES127/SA127S11	SES127	1.52934	-3.30669	-4.83603
BLOCK12/SES127/SA127S12	SES127	1.48035	-0.376005	-1.85636
BLOCK12/SES127/SA127S23	SES127	1.11748	-2.44018	-3.55766
BLOCK12/SES127/SA127S25	SES127	0.0837829	-2.66882	-2.75261
BLOCK12/SES127/SA127S27	SES127	1.73942	-2.30185	-4.04127
BLOCK12/SES129/SA129S11	SES129	1.32038	-1.94943	-3.2698
BLOCK12/SES129/SA129S12	SES129	1.69067	-1.50772	-3.19839
BLOCK12/SES129/SA129S22	SES129	1.35525	-2.30688	-3.66213
BLOCK12/SES129/SA129S27	SES129	1.56902	-2.37914	-3.94816
BLOCK12/SES129/SA129S29	SES129	0.568307	-7.43586	-8.00417
BLOCK14/SES142/SA142S11	SES142	2.06659	-3.06171	-5.1283
BLOCK14/SES142/SA142S12	SES142	1.71873	-7.19835	-8.91707
BLOCK14/SES142/SA142S24	SES142	1.39353	-6.06049	-7.45401
BLOCK14/SES142/SA142S27	SES142	1.38154	-5.4598	-6.84134
BLOCK14/SES142/SA142S29	SES142	1.46855	-5.42171	-6.89025
BLOCK14/SES143/SA143S12	SES143	1.53221	-3.79888	-5.33109
BLOCK14/SES143/SA143S13	SES143	1.76129	-3.49477	-5.25606
BLOCK14/SES143/SA143S23	SES143	0.815111	-4.21384	-5.02895
BLOCK14/SES143/SA143S25	SES143	1.12075	-6.70036	-7.8211
BLOCK14/SES143/SA143S28	SES143	1.9473	-5.37593	-7.32324
BLOCK14/SES144/SA144S09	SES144	1.02734	-3.58148	-4.60882
BLOCK14/SES144/SA144S11	SES144	1.09048	-3.4084	-4.49888
BLOCK14/SES144/SA144S21	SES144	0.217389	-3.56109	-3.77848
BLOCK14/SES144/SA144S25	SES144	1.07198	-4.03798	-5.10996
BLOCK14/SES144/SA144S29	SES144	0.164301	-6.05532	-6.21962
BLOCK14/SES146/SA146S14	SES146	0.857864	-4.92656	-5.78442
BLOCK14/SES146/SA146S15	SES146	0.811553	-5.32178	-6.13333
BLOCK14/SES146/SA146S24	SES146	1.66167	-5.53899	-7.20066
BLOCK14/SES146/SA146S26	SES146	1.71157	-4.70912	-6.42069
BLOCK14/SES146/SA146S29	SES146	1.1639	-6.20524	-7.36914
BLOCK14/SES147/SA147S11	SES147	1.24232	-5.26762	-6.50993
BLOCK14/SES147/SA147S13	SES147	1.66939	-2.10248	-3.77187
BLOCK14/SES147/SA147S23	SES147	0.942954	-3.0799	-4.02286
BLOCK14/SES147/SA147S26	SES147	1.87191	-2.42712	-4.29903
BLOCK14/SES147/SA147S28	SES147	1.9592	-1.03526	-2.99445
BLOCK14/SES148/SA148S10	SES148	1.0863	-2.22373	-3.31003
BLOCK14/SES148/SA148S12	SES148	0.816341	-4.09726	-4.9136
BLOCK14/SES148/SA148S22	SES148	1.66986	-1.55521	-3.22507
BLOCK14/SES148/SA148S26	SES148	0.984784	-1.32104	-2.30582
BLOCK14/SES148/SA148S29	SES148	0.487904	-4.96702	-5.45492
BLOCK14/SES149/SA149S13	SES149	0.791735	-4.18292	-4.97466
BLOCK14/SES149/SA149S14	SES149	1.06855	-2.3281	-3.39665
BLOCK14/SES149/SA149S24	SES149	1.73126	-2.73832	-4.46958
BLOCK14/SES149/SA149S26	SES149	1.62691	-3.72145	-5.34837
BLOCK14/SES149/SA149S28	SES149	2.46901	1.20792	-1.26109
BLOCK15/SES158/SA158S13	SES158	2.03627	-7.35974	-9.39601
BLOCK15/SES158/SA158S14	SES158	2.32187	-7.67782	-9.99969
BLOCK15/SES158/SA158S23	SES158	2.50484	-5.08648	-7.59131
BLOCK15/SES158/SA158S26	SES158	2.32714	-7.44062	-9.76776
BLOCK15/SES158/SA158S28	SES158	1.58985	-6.61669	-8.20654
BLOCK16/SES162/SA162S10	SES162	1.02758	-6.23898	-7.26656
BLOCK16/SES162/SA162S11	SES162	1.2137	-2.76542	-3.97912
BLOCK16/SES162/SA162S21	SES162	1.33938	-3.16322	-4.5026
BLOCK16/SES162/SA162S24	SES162	1.33256	-3.21836	-4.55092
BLOCK16/SES162/SA162S27	SES162	1.39864	-6.62962	-8.02826
BLOCK16/SES167/SA167S14	SES167	2.06232	-1.15859	-3.2209
BLOCK16/SES167/SA167S15	SES167	2.02478	-0.659416	-2.68419
BLOCK16/SES167/SA167S21	SES167	2.55633	0.567652	-1.98868
BLOCK16/SES167/SA167S25	SES167	2.84685	-2.08544	-4.93229
BLOCK16/SES167/SA167S29	SES167	3.01575	0.807053	-2.2087
BLOCK17/SES172/SA172S12	SES172	0.909673	-5.32083	-6.2305
BLOCK17/SES172/SA172S13	SES172	1.33881	-5.30572	-6.64453
BLOCK17/SES172/SA172S23	SES172	1.73023	-2.2654	-3.99563
BLOCK17/SES172/SA172S27	SES172	0.72887	-6.18697	-6.91584
BLOCK17/SES172/SA172S29	SES172	1.85984	-2.87189	-4.73174
BLOCK17/SES175/SA175S11	SES175	0.717638	-6.52804	-7.24568
BLOCK17/SES175/SA175S13	SES175	1.90515	-0.417916	-2.32307
BLOCK17/SES175/SA175S23	SES175	1.93308	-1.8269	-3.75998
BLOCK17/SES175/SA175S25	SES175	1.2083	-4.85452	-6.06281
BLOCK17/SES175/SA175S28	SES175	1.804	-3.67973	-5.48372
BLOCK17/SES177/SA177S15	SES177	0.561798	-5.52788	-6.08968
BLOCK17/SES177/SA177S17	SES177	0.80842	-4.87368	-5.6821
BLOCK17/SES177/SA177S23	SES177	0.590391	-4.77464	-5.36504
BLOCK17/SES177/SA177S26	SES177	1.58361	-1.18417	-2.76778
BLOCK17/SES177/SA177S28	SES177	0.831805	-6.42906	-7.26086
BLOCK18/SES180/SA180S13	SES180	1.22396	-7.27246	-8.49642
BLOCK18/SES180/SA180S15	SES180	1.12308	-2.65348	-3.77655
BLOCK18/SES180/SA180S24	SES180	1.04346	-2.61538	-3.65884
BLOCK18/SES180/SA180S26	SES180	0.84967	-4.10821	-4.95788
BLOCK18/SES180/SA180S29	SES180	0.571749	-6.69079	-7.26254
BLOCK18/SES183/SA183S13	SES183	1.45195	-4.45518	-5.90714
BLOCK18/SES183/SA183S14	SES183	0.657918	-4.7508	-5.40872
BLOCK18/SES183/SA183S24	SES183	1.8966	-5.45476	-7.35136
BLOCK18/SES183/SA183S27	SES183	1.59629	-4.75484	-6.35113
BLOCK18/SES183/SA183S29	SES183	1.95789	-2.95569	-4.91358
BLOCK18/SES187/SA187S13	SES187	0.754416	-6.4737	-7.22811
BLOCK18/SES187/SA187S14	SES187	0.134231	-7.01483	-7.14906
BLOCK18/SES187/SA187S24	SES187	1.33974	-4.64468	-5.98442
BLOCK18/SES187/SA187S27	SES187	1.59227	-3.16741	-4.75968
BLOCK18/SES187/SA187S29	SES187	0.325036	-8.31665	-8.64169
BLOCK18/SES189/SA189S10	SES189	1.56648	-5.91677	-7.48325
BLOCK18/SES189/SA189S13	SES189	1.89707	-9.39582	-11.2929
BLOCK18/SES189/SA189S24	SES189	1.69678	-5.24588	-6.94266
BLOCK18/SES189/SA189S26	SES189	1.83048	-5.17036	-7.00085
BLOCK18/SES189/SA189S29	SES189	1.75689	-5.06016	-6.81705
BLOCK20/SES202/SA202S12	SES202	2.02641	-8.11304	-10.1395
BLOCK20/SES202/SA202S14	SES202	1.83139	-6.00418	-7.83558
BLOCK20/SES202/SA202S24	SES202	0.901996	-7.26706	-8.16905
BLOCK20/SES202/SA202S27	SES202	1.80428	-3.93906	-5.74335
BLOCK20/SES202/SA202S29	SES202	2.04098	-4.8895	-6.93048
BLOCK20/SES206/SA206S15	SES206	0.266429	-3.04796	-3.31439
BLOCK20/SES206/SA206S17	SES206	1.82108	-4.83763	-6.65871
BLOCK20/SES206/SA206S24	SES206	1.65239	-2.89538	-4.54777
BLOCK20/SES206/SA206S27	SES206	2.33465	-5.82493	-8.15958
BLOCK20/SES206/SA206S29	SES206	1.86012	-6.02248	-7.8826
BLOCK22/SES226/SA226S12	SES226	1.79987	-3.53305	-5.33293
BLOCK22/SES226/SA226S13	SES226	-0.144288	-4.85242	-4.70813
BLOCK22/SES226/SA226S20	SES226	1.10646	-3.69336	-4.79982
BLOCK22/SES226/SA226S23	SES226	0.881829	-3.2236	-4.10543
BLOCK22/SES226/SA226S28	SES226	1.63061	-2.66093	-4.29154
BLOCK25/SES259/SA259S13	SES259	2.90619	-4.02725	-6.93343
BLOCK25/SES259/SA259S14	SES259	2.27526	-4.0002	-6.27546
BLOCK25/SES259/SA259S22	SES259	1.47521	-4.20309	-5.6783
BLOCK25/SES259/SA259S24	SES259	2.01862	-5.0903	-7.10893
BLOCK25/SES259/SA259S28	SES259	1.40936	-4.41953	-5.82889
BLOCK27/SES270/SA270S14	SES270	2.09717	-3.39831	-5.49548
BLOCK27/SES270/SA270S16	SES270	1.46329	-2.63893	-4.10222
BLOCK27/SES270/SA270S22	SES270	2.20902	-3.08664	-5.29566
BLOCK27/SES270/SA270S26	SES270	2.0563	-4.49366	-6.54995
BLOCK27/SES270/SA270S28	SES270	2.85959	-1.18386	-4.04345
BLOCK27/SES275/SA275S17	SES275	1.17078	-3.75869	-4.92946
BLOCK27/SES275/SA275S18	SES275	1.04849	-4.59818	-5.64667
BLOCK27/SES275/SA275S24	SES275	0.960544	-4.85198	-5.81252
BLOCK27/SES275/SA275S26	SES275	1.3857	-3.49982	-4.88552
BLOCK27/SES275/SA275S28	SES275	0.795517	-4.28624	-5.08176
BLOCK29/SES292/SA292S10	SES292	0.400689	-4.14304	-4.54373
BLOCK29/SES292/SA292S12	SES292	1.60538	-5.12267	-6.72804
BLOCK29/SES292/SA292S22	SES292	0.718648	-4.85611	-5.57475
BLOCK29/SES292/SA292S24	SES292	1.29702	-2.26339	-3.56041
BLOCK29/SES292/SA292S27	SES292	0.572264	-3.6643	-4.23656
BLOCK00/SES001/SA001S14	SES062	-3.44331	-10.941	-7.49771
BLOCK00/SES001/SA001S14	SES082	-0.525659	-8.02337	-7.49771
BLOCK00/SES001/SA001S14	SES106	-0.514035	-8.01175	-7.49771
BLOCK00/SES001/SA001S14	SES206	-1.20792	-8.70563	-7.49771
BLOCK00/SES001/SA001S15	SES062	-2.72196	-8.59547	-5.87351
BLOCK00/SES001/SA001S15	SES104	-0.927185	-6.80069	-5.87351
BLOCK00/SES001/SA001S15	SES106	0.010829	-5.86268	-5.87351
BLOCK00/SES001/SA001S15	SES206	-1.22092	-7.09443	-5.87351
BLOCK00/SES001/SA001S24	SES062	-3.29703	-11.268	-7.97097
BLOCK00/SES001/SA001S24	SES082	-0.954752	-8.92572	-7.97097
BLOCK00/SES001/SA001S24	SES087	-3.86314	-11.8341	-7.97097
BLOCK00/SES001/SA001S24	SES206	-0.976497	-8.94747	-7.97097
BLOCK00/SES001/SA001S27	SES062	-1.37143	-4.3485	-2.97707
BLOCK00/SES001/SA001S27	SES082	-0.361297	-3.33837	-2.97707
BLOCK00/SES001/SA001S27	SES087	-0.692313	-3.66938	-2.97707
BLOCK00/SES001/SA001S27	SES206	-1.33861	-4.31568	-2.97707
BLOCK00/SES001/SA001S29	SES062	-2.50197	-9.5491	-7.04712
BLOCK00/SES001/SA001S29	SES082	-0.646905	-7.69403	-7.04712
BLOCK00/SES001/SA001S29	SES158	-0.188204	-7.23533	-7.04712
BLOCK00/SES001/SA001S29	SES206	-1.897	-8.94412	-7.04712
BLOCK00/SES003/SA003S11	SES002	0.10176	-3.17558	-3.27734
BLOCK00/SES003/SA003S11	SES019	-1.48671	-4.76405	-3.27734
BLOCK00/SES003/SA003S11	SES082	-0.807018	-4.08436	-3.27734
BLOCK00/SES003/SA003S11	SES125	-1.01837	-4.29571	-3.27734
BLOCK00/SES003/SA003S15	SES016	-0.348174	-6.17396	-5.82578
BLOCK00/SES003/SA003S15	SES019	-2.27573	-8.10151	-5.82578
BLOCK00/SES003/SA003S15	SES062	1.46496	-4.36082	-5.82578
BLOCK00/SES003/SA003S15	SES206	0.236711	-5.58907	-5.82578
BLOCK00/SES003/SA003S22	SES002	-0.0968833	-4.86474	-4.76786
BLOCK00/SES003/SA003S22	SES062	-0.0955973	-4.86346	-4.76786
BLOCK00/SES003/SA003S22	SES082	-0.277904	-5.04576	-4.76786
BLOCK00/SES003/SA003S22	SES087	-0.955078	-5.72294	-4.76786
BLOCK00/SES003/SA003S25	SES062	-1.92471	-8.00745	-6.08274
BLOCK00/SES003/SA003S25	SES082	-2.01707	-8.09981	-6.08274
BLOCK00/SES003/SA003S25	SES087	-0.0372014	-6.11994	-6.08274
BLOCK00/SES003/SA003S25	SES206	-1.93496	-8.0177	-6.08274
BLOCK00/SES003/SA003S29	SES002	-0.934902	-5.27926	-4.34436
BLOCK00/SES003/SA003S29	SES062	-1.63763	-5.98199	-4.34436
BLOCK00/SES003/SA003S29	SES082	-1.12023	-5.46459	-4.34436
BLOCK00/SES003/SA003S29	SES087	-0.821856	-5.16622	-4.34436
BLOCK00/SES004/SA004S12	SES083	-0.631336	-3.89364	-3.2623
BLOCK00/SES004/SA004S12	SES148	-1.1778	-4.4401	-3.2623
BLOCK00/SES004/SA004S12	SES172	0.569809	-2.69249	-3.2623
BLOCK00/SES004/SA004S12	SES292	-1.02573	-4.28803	-3.2623
BLOCK00/SES004/SA004S17	SES083	-0.799934	-4.85194	-4.052
BLOCK00/SES004/SA004S17	SES162	0.539648	-3.51235	-4.052
BLOCK00/SES004/SA004S17	SES172	0.447658	-3.60434	-4.052
BLOCK00/SES004/SA004S17	SES292	-0.742437	-4.79444	-4.052
BLOCK00/SES004/SA004S24	SES083	-0.587979	-5.43748	-4.8495
BLOCK00/SES004/SA004S24	SES148	-2.19599	-7.04549	-4.8495
BLOCK00/SES004/SA004S24	SES172	0.475736	-4.37376	-4.8495
BLOCK00/SES004/SA004S24	SES292	-0.494002	-5.3435	-4.8495
BLOCK00/SES004/SA004S26	SES083	-0.266274	-6.16603	-5.89976
BLOCK00/SES004/SA004S26	SES127	-1.40056	-7.30032	-5.89976
BLOCK00/SES004/SA004S26	SES148	-2.48018	-8.37993	-5.89976
BLOCK00/SES004/SA004S26	SES292	-0.867036	-6.76679	-5.89976
BLOCK00/SES004/SA004S28	SES083	-0.511588	-1.91982	-1.40823
BLOCK00/SES004/SA004S28	SES127	0.382871	-1.02536	-1.40823
BLOCK00/SES004/SA004S28	SES187	0.5649	-0.843328	-1.40823
BLOCK00/SES004/SA004S28	SES292	-0.579432	-1.98766	-1.40823
BLOCK00/SES006/SA006S10	SES014	-5.42265	-15.1067	-9.68406
BLOCK00/SES006/SA006S10	SES158	-4.08084	-13.7649	-9.68406
BLOCK00/SES006/SA006S10	SES226	-6.87891	-16.563	-9.68406
BLOCK00/SES006/SA006S10	SES270	-4.34142	-14.0255	-9.68406
BLOCK00/SES006/SA006S11	SES158	-3.60435	-11.5099	-7.9055
BLOCK00/SES006/SA006S11	SES226	-4.38352	-12.289	-7.9055
BLOCK00/SES006/SA006S11	SES270	-2.84018	-10.7457	-7.9055
BLOCK00/SES006/SA006S11	SES275	-1.78274	-9.68824	-7.9055
BLOCK00/SES006/SA006S23	SES062	-4.59764	-12.2184	-7.6208
BLOCK00/SES006/SA006S23	SES105	-4.05731	-11.6781	-7.6208
BLOCK00/SES006/SA006S23	SES158	-2.99073	-10.6115	-7.6208
BLOCK00/SES006/SA006S23	SES275	-2.11325	-9.73405	-7.6208
BLOCK00/SES006/SA006S26	SES104	-5.49528	-13.9441	-8.44881
BLOCK00/SES006/SA006S26	SES158	-3.3661	-11.8149	-8.44881
BLOCK00/SES006/SA006S26	SES270	-2.45281	-10.9016	-8.44881
BLOCK00/SES006/SA006S26	SES275	-1.09215	-9.54096	-8.44881
BLOCK00/SES006/SA006S28	SES007	-1.79578	-10.1623	-8.36652
BLOCK00/SES006/SA006S28	SES105	-2.54436	-10.9109	-8.36652
BLOCK00/SES006/SA006S28	SES158	-2.00788	-10.3744	-8.36652
BLOCK00/SES006/SA006S28	SES275	-2.08095	-10.4475	-8.36652
BLOCK00/SES009/SA009S12	SES083	-1.3488	-8.62959	-7.28079
BLOCK00/SES009/SA009S12	SES148	-3.7641	-11.0449	-7.28079
BLOCK00/SES009/SA009S12	SES177	0.277405	-7.00339	-7.28079
BLOCK00/SES009/SA009S12	SES292	-0.401239	-7.68203	-7.28079
BLOCK00/SES009/SA009S15	SES007	-0.129653	-6.8681	-6.73845
BLOCK00/SES009/SA009S15	SES099	-2.05035	-8.78881	-6.73845
BLOCK00/SES009/SA009S15	SES148	-4.64569	-11.3841	-6.73845
BLOCK00/SES009/SA009S15	SES172	0.109696	-6.62876	-6.73845
BLOCK00/SES009/SA009S24	SES146	-0.27227	-7.74904	-7.47677
BLOCK00/SES009/SA009S24	SES148	-3.82165	-11.2984	-7.47677
BLOCK00/SES009/SA009S24	SES177	0.205402	-7.27137	-7.47677
BLOCK00/SES009/SA009S24	SES292	-0.311435	-7.78821	-7.47677
BLOCK00/SES009/SA009S26	SES083	-1.37003	-7.07817	-5.70814
BLOCK00/SES009/SA009S26	SES101	-1.77345	-7.48159	-5.70814
BLOCK00/SES009/SA009S26	SES120	-0.586531	-6.29467	-5.70814
BLOCK00/SES009/SA009S26	SES177	-0.342386	-6.05053	-5.70814
BLOCK00/SES009/SA009S29	SES083	-0.687573	-6.58732	-5.89975
BLOCK00/SES009/SA009S29	SES101	-1.67878	-7.57852	-5.89975
BLOCK00/SES009/SA009S29	SES177	-0.0708485	-5.97059	-5.89975
BLOCK00/SES009/SA009S29	SES292	-0.489721	-6.38947	-5.89975
BLOCK01/SES011/SA011S10	SES019	-3.44736	-13.9271	-10.4797
BLOCK01/SES011/SA011S10	SES042	0.348443	-10.1313	-10.4797
BLOCK01/SES011/SA011S10	SES082	-0.463387	-10.9431	-10.4797
BLOCK01/SES011/SA011S10	SES206	0.827689	-9.65201	-10.4797
BLOCK01/SES011/SA011S11	SES019	-1.94017	-9.96398	-8.02381
BLOCK01/SES011/SA011S11	SES042	-0.695766	-8.71958	-8.02381
BLOCK01/SES011/SA011S11	SES082	-0.493743	-8.51756	-8.02381
BLOCK01/SES011/SA011S11	SES206	-1.6997	-9.72351	-8.02381
BLOCK01/SES011/SA011S22	SES019	-1.61936	-10.8454	-9.22603
BLOCK01/SES011/SA011S22	SES042	1.57177	-7.65426	-9.22603
BLOCK01/SES011/SA011S22	SES082	-0.30389	-9.52992	-9.22603
BLOCK01/SES011/SA011S22	SES206	-0.466803	-9.69283	-9.22603
BLOCK01/SES011/SA011S24	SES019	-1.77686	-10.1568	-8.37996
BLOCK01/SES011/SA011S24	SES042	1.00794	-7.37201	-8.37996
BLOCK01/SES011/SA011S24	SES104	0.0229282	-8.35703	-8.37996
BLOCK01/SES011/SA011S24	SES206	0.769991	-7.60997	-8.37996
BLOCK01/SES011/SA011S27	SES082	0.0361991	-7.25161	-7.28781
BLOCK01/SES011/SA011S27	SES087	-2.62651	-9.91432	-7.28781
BLOCK01/SES011/SA011S27	SES125	-0.956155	-8.24397	-7.28781
BLOCK01/SES011/SA011S27	SES206	-0.476195	-7.76401	-7.28781
BLOCK01/SES012/SA012S11	SES007	-0.692179	-4.97082	-4.27864
BLOCK01/SES012/SA012S11	SES082	-0.524816	-4.80346	-4.27864
BLOCK01/SES012/SA012S11	SES083	-0.85764	-5.13628	-4.27864
BLOCK01/SES012/SA012S11	SES206	-0.167643	-4.44628	-4.27864
BLOCK01/SES012/SA012S14	SES082	-0.823875	-7.93021	-7.10634
BLOCK01/SES012/SA012S14	SES087	-2.06215	-9.16849	-7.10634
BLOCK01/SES012/SA012S14	SES206	0.176824	-6.92951	-7.10634
BLOCK01/SES012/SA012S14	SES292	-0.246605	-7.35294	-7.10634
BLOCK01/SES012/SA012S24	SES082	-0.23683	-9.00097	-8.76414
BLOCK01/SES012/SA012S24	SES087	-1.67345	-10.4376	-8.76414
BLOCK01/SES012/SA012S24	SES120	-1.20678	-9.97091	-8.76414
BLOCK01/SES012/SA012S24	SES206	-0.782205	-9.54634	-8.76414
BLOCK01/SES012/SA012S26	SES019	-6.57289	-15.2712	-8.69827
BLOCK01/SES012/SA012S26	SES082	-2.1566	-10.8549	-8.69827
BLOCK01/SES012/SA012S26	SES206	-0.00119305	-8.69946	-8.69827
BLOCK01/SES012/SA012S26	SES292	-1.30873	-10.007	-8.69827
BLOCK01/SES012/SA012S29	SES062	-0.707241	-3.49864	-2.7914
BLOCK01/SES012/SA012S29	SES082	0.0350969	-2.75631	-2.7914
BLOCK01/SES012/SA012S29	SES083	-1.00538	-3.79679	-2.7914
BLOCK01/SES012/SA012S29	SES206	0.866983	-1.92442	-2.7914
BLOCK01/SES013/SA013S16	SES062	-3.92753	-11.9268	-7.9993
BLOCK01/SES013/SA013S16	SES106	-2.35658	-10.3559	-7.9993
BLOCK01/SES013/SA013S16	SES206	-1.88861	-9.88791	-7.9993
BLOCK01/SES013/SA013S16	SES226	-2.33674	-10.336	-7.9993
BLOCK01/SES013/SA013S17	SES062	-2.10477	-7.38276	-5.27799
BLOCK01/SES013/SA013S17	SES106	-2.31022	-7.58821	-5.27799
BLOCK01/SES013/SA013S17	SES206	-0.82676	-6.10475	-5.27799
BLOCK01/SES013/SA013S17	SES226	-0.373266	-5.65125	-5.27799
BLOCK01/SES013/SA013S23	SES104	-0.256556	-6.4023	-6.14575
BLOCK01/SES013/SA013S23	SES106	-0.684491	-6.83024	-6.14575
BLOCK01/SES013/SA013S23	SES206	-0.834163	-6.97991	-6.14575
BLOCK01/SES013/SA013S23	SES270	-1.4292	-7.57495	-6.14575
BLOCK01/SES013/SA013S25	SES042	-3.03883	-9.15623	-6.11739
BLOCK01/SES013/SA013S25	SES104	0.750962	-5.36643	-6.11739
BLOCK01/SES013/SA013S25	SES106	-0.166543	-6.28394	-6.11739
BLOCK01/SES013/SA013S25	SES206	-0.772378	-6.88977	-6.11739
BLOCK01/SES013/SA013S29	SES062	-3.60427	-10.268	-6.66376
BLOCK01/SES013/SA013S29	SES104	-0.269008	-6.93277	-6.66376
BLOCK01/SES013/SA013S29	SES106	-1.12518	-7.78894	-6.66376
BLOCK01/SES013/SA013S29	SES206	-1.49718	-8.16094	-6.66376
BLOCK02/SES021/SA021S13	SES016	-1.20094	-6.89369	-5.69276
BLOCK02/SES021/SA021S13	SES029	-1.00427	-6.69702	-5.69276
BLOCK02/SES021/SA021S13	SES087	-1.83192	-7.52468	-5.69276
BLOCK02/SES021/SA021S13	SES206	-0.0100265	-5.70278	-5.69276
BLOCK02/SES021/SA021S15	SES087	-0.585434	-5.61055	-5.02511
BLOCK02/SES021/SA021S15	SES125	-0.187686	-5.2128	-5.02511
BLOCK02/SES021/SA021S15	SES206	-1.13034	-6.15545	-5.02511
BLOCK02/SES021/SA021S15	SES226	-1.07166	-6.09677	-5.02511
BLOCK02/SES021/SA021S23	SES062	-3.71569	-10.0023	-6.28666
BLOCK02/SES021/SA021S23	SES087	-0.359067	-6.64573	-6.28666
BLOCK02/SES021/SA021S23	SES206	-0.797288	-7.08395	-6.28666
BLOCK02/SES021/SA021S23	SES226	-1.26438	-7.55104	-6.28666
BLOCK02/SES021/SA021S27	SES002	-1.78994	-5.149	-3.35906
BLOCK02/SES021/SA021S27	SES016	-3.9322	-7.29126	-3.35906
BLOCK02/SES021/SA021S27	SES019	-1.92662	-5.28567	-3.35906
BLOCK02/SES021/SA021S27	SES062	-1.16453	-4.52358	-3.35906
BLOCK02/SES021/SA021S29	SES087	-0.461413	-6.06229	-5.60088
BLOCK02/SES021/SA021S29	SES125	-0.400906	-6.00178	-5.60088
BLOCK02/SES021/SA021S29	SES206	0.358728	-5.24215	-5.60088
BLOCK02/SES021/SA021S29	SES226	-0.434478	-6.03536	-5.60088
BLOCK04/SES043/SA043S09	SES083	-0.0977745	-7.27415	-7.17638
BLOCK04/SES043/SA043S09	SES101	-0.306482	-7.48286	-7.17638
BLOCK04/SES043/SA043S09	SES144	0.0661345	-7.11024	-7.17638
BLOCK04/SES043/SA043S09	SES172	-0.798341	-7.97472	-7.17638
BLOCK04/SES043/SA043S11	SES083	0.322114	-3.3015	-3.62362
BLOCK04/SES043/SA043S11	SES101	-0.18985	-3.81347	-3.62362
BLOCK04/SES043/SA043S11	SES144	0.280559	-3.34306	-3.62362
BLOCK04/SES043/SA043S11	SES172	-0.93354	-4.55716	-3.62362
BLOCK04/SES043/SA043S23	SES083	-0.104574	-4.73765	-4.63307
BLOCK04/SES043/SA043S23	SES144	0.823794	-3.80928	-4.63307
BLOCK04/SES043/SA043S23	SES177	-0.670038	-5.30311	-4.63307
BLOCK04/SES043/SA043S23	SES275	-0.140309	-4.77338	-4.63307
BLOCK04/SES043/SA043S26	SES083	-0.100516	-9.63005	-9.52954
BLOCK04/SES043/SA043S26	SES101	-0.0667067	-9.59624	-9.52954
BLOCK04/SES043/SA043S26	SES144	-0.408337	-9.93787	-9.52954
BLOCK04/SES043/SA043S26	SES177	-1.61868	-11.1482	-9.52954
BLOCK04/SES043/SA043S28	SES016	-1.48612	-6.71169	-5.22557
BLOCK04/SES043/SA043S28	SES083	-0.767492	-5.99306	-5.22557
BLOCK04/SES043/SA043S28	SES101	-0.705289	-5.93086	-5.22557
BLOCK04/SES043/SA043S28	SES144	-1.09684	-6.32241	-5.22557
BLOCK04/SES044/SA044S10	SES127	-4.87412	-15.1114	-10.2373
BLOCK04/SES044/SA044S10	SES144	-0.853904	-11.0912	-10.2373
BLOCK04/SES044/SA044S10	SES147	-4.85857	-15.0959	-10.2373
BLOCK04/SES044/SA044S10	SES148	-3.96053	-14.1978	-10.2373
BLOCK04/SES044/SA044S11	SES101	-0.870152	-8.36964	-7.49949
BLOCK04/SES044/SA044S11	SES144	-0.21654	-7.71603	-7.49949
BLOCK04/SES044/SA044S11	SES147	-2.30249	-9.80198	-7.49949
BLOCK04/SES044/SA044S11	SES177	-1.68224	-9.18173	-7.49949
BLOCK04/SES044/SA044S24	SES007	-2.40602	-9.22978	-6.82376
BLOCK04/SES044/SA044S24	SES101	-0.498377	-7.32214	-6.82376
BLOCK04/SES044/SA044S24	SES147	-2.34968	-9.17344	-6.82376
BLOCK04/SES044/SA044S24	SES177	-1.88089	-8.70465	-6.82376
BLOCK04/SES044/SA044S26	SES007	-0.586609	-4.85664	-4.27003
BLOCK04/SES044/SA044S26	SES016	-0.722879	-4.99291	-4.27003
BLOCK04/SES044/SA044S26	SES101	-1.54083	-5.81086	-4.27003
BLOCK04/SES044/SA044S26	SES147	-0.686192	-4.95623	-4.27003
BLOCK04/SES044/SA044S29	SES007	-1.33965	-6.74168	-5.40203
BLOCK04/SES044/SA044S29	SES101	-1.66757	-7.0696	-5.40203
BLOCK04/SES044/SA044S29	SES147	-0.866263	-6.26829	-5.40203
BLOCK04/SES044/SA044S29	SES177	-1.36316	-6.76519	-5.40203
BLOCK04/SES046/SA046S13	SES101	-0.356287	-7.63297	-7.27669
BLOCK04/SES046/SA046S13	SES144	-0.746781	-8.02347	-7.27669
BLOCK04/SES046/SA046S13	SES147	-1.13609	-8.41277	-7.27669
BLOCK04/SES046/SA046S13	SES177	-0.919072	-8.19576	-7.27669
BLOCK04/SES046/SA046S15	SES048	0.126307	-3.30051	-3.42681
BLOCK04/SES046/SA046S15	SES083	-0.593875	-4.02069	-3.42681
BLOCK04/SES046/SA046S15	SES120	-1.77189	-5.19871	-3.42681
BLOCK04/SES046/SA046S15	SES148	-1.00079	-4.42761	-3.42681
BLOCK04/SES046/SA046S22	SES101	-0.918715	-7.13359	-6.21488
BLOCK04/SES046/SA046S22	SES144	0.201025	-6.01385	-6.21488
BLOCK04/SES046/SA046S22	SES147	-0.88905	-7.10393	-6.21488
BLOCK04/SES046/SA046S22	SES172	0.0619307	-6.15295	-6.21488
BLOCK04/SES046/SA046S25	SES083	-0.430743	-4.23687	-3.80613
BLOCK04/SES046/SA046S25	SES127	-0.649019	-4.45515	-3.80613
BLOCK04/SES046/SA046S25	SES144	-0.188792	-3.99492	-3.80613
BLOCK04/SES046/SA046S25	SES148	-0.419595	-4.22572	-3.80613
BLOCK04/SES046/SA046S28	SES007	-1.17632	-6.38757	-5.21125
BLOCK04/SES046/SA046S28	SES105	-1.80132	-7.01257	-5.21125
BLOCK04/SES046/SA046S28	SES147	-0.835529	-6.04678	-5.21125
BLOCK04/SES046/SA046S28	SES148	-1.4697	-6.68096	-5.21125
BLOCK04/SES049/SA049S16	SES104	-0.822394	-7.85326	-7.03087
BLOCK04/SES049/SA049S16	SES106	-2.48791	-9.51877	-7.03087
BLOCK04/SES049/SA049S16	SES120	-1.88871	-8.91958	-7.03087
BLOCK04/SES049/SA049S16	SES206	-1.53415	-8.56501	-7.03087
BLOCK04/SES049/SA049S18	SES099	-0.353943	-6.72317	-6.36923
BLOCK04/SES049/SA049S18	SES104	-0.889602	-7.25883	-6.36923
BLOCK04/SES049/SA049S18	SES125	-2.26191	-8.63114	-6.36923
BLOCK04/SES049/SA049S18	SES206	-2.1651	-8.53433	-6.36923
BLOCK04/SES049/SA049S25	SES087	-1.21755	-8.01872	-6.80117
BLOCK04/SES049/SA049S25	SES104	0.1071	-6.69408	-6.80117
BLOCK04/SES049/SA049S25	SES125	-1.33015	-8.13132	-6.80117
BLOCK04/SES049/SA049S25	SES206	-0.926137	-7.72731	-6.80117
BLOCK04/SES049/SA049S27	SES099	-0.809594	-2.71411	-1.90451
BLOCK04/SES049/SA049S27	SES104	0.148547	-1.75596	-1.90451
BLOCK04/SES049/SA049S27	SES125	-1.23523	-3.13974	-1.90451
BLOCK04/SES049/SA049S27	SES206	-1.19118	-3.09569	-1.90451
BLOCK04/SES049/SA049S29	SES099	0.742619	-2.55679	-3.29941
BLOCK04/SES049/SA049S29	SES104	1.15033	-2.14908	-3.29941
BLOCK04/SES049/SA049S29	SES125	0.461015	-2.8384	-3.29941
BLOCK04/SES049/SA049S29	SES206	-0.346876	-3.64629	-3.29941
BLOCK06/SES063/SA063S09	SES068	-1.43704	-8.98071	-7.54368
BLOCK06/SES063/SA063S09	SES083	-0.268385	-7.81206	-7.54368
BLOCK06/SES063/SA063S09	SES177	-0.882905	-8.42658	-7.54368
BLOCK06/SES063/SA063S09	SES187	-1.44403	-8.9877	-7.54368
BLOCK06/SES063/SA063S10	SES068	-2.15588	-9.09952	-6.94364
BLOCK06/SES063/SA063S10	SES083	-0.756062	-7.6997	-6.94364
BLOCK06/SES063/SA063S10	SES172	-1.0976	-8.04124	-6.94364
BLOCK06/SES063/SA063S10	SES187	-0.691779	-7.63542	-6.94364
BLOCK06/SES063/SA063S20	SES068	-1.64672	-9.81985	-8.17312
BLOCK06/SES063/SA063S20	SES083	-0.0522108	-8.22533	-8.17312
BLOCK06/SES063/SA063S20	SES172	-0.51705	-8.69017	-8.17312
BLOCK06/SES063/SA063S20	SES187	-0.184458	-8.35758	-8.17312
BLOCK06/SES063/SA063S24	SES029	-3.06323	-10.6986	-7.63534
BLOCK06/SES063/SA063S24	SES083	0.374751	-7.26059	-7.63534
BLOCK06/SES063/SA063S24	SES177	-0.754759	-8.3901	-7.63534
BLOCK06/SES063/SA063S24	SES189	-0.565459	-8.2008	-7.63534
BLOCK06/SES063/SA063S27	SES083	-0.0373831	-8.30127	-8.26389
BLOCK06/SES063/SA063S27	SES172	-1.21807	-9.48196	-8.26389
BLOCK06/SES063/SA063S27	SES187	-0.959104	-9.22299	-8.26389
BLOCK06/SES063/SA063S27	SES292	-0.753186	-9.01708	-8.26389
BLOCK06/SES067/SA067S12	SES083	-1.14022	-5.67947	-4.53925
BLOCK06/SES067/SA067S12	SES172	-1.54355	-6.0828	-4.53925
BLOCK06/SES067/SA067S12	SES202	-1.05749	-5.59674	-4.53925
BLOCK06/SES067/SA067S12	SES292	-1.03218	-5.57144	-4.53925
BLOCK06/SES067/SA067S14	SES085	-0.565715	-3.03474	-2.46902
BLOCK06/SES067/SA067S14	SES177	-1.11177	-3.58079	-2.46902
BLOCK06/SES067/SA067S14	SES183	0.954606	-1.51442	-2.46902
BLOCK06/SES067/SA067S14	SES202	-0.846713	-3.31573	-2.46902
BLOCK06/SES067/SA067S21	SES144	-0.576964	-6.00675	-5.42978
BLOCK06/SES067/SA067S21	SES177	-1.39721	-6.82699	-5.42978
BLOCK06/SES067/SA067S21	SES183	0.0606761	-5.36911	-5.42978
BLOCK06/SES067/SA067S21	SES189	-0.520658	-5.95044	-5.42978
BLOCK06/SES067/SA067S25	SES085	-2.15791	-8.26187	-6.10396
BLOCK06/SES067/SA067S25	SES177	-1.19666	-7.30062	-6.10396
BLOCK06/SES067/SA067S25	SES183	-0.843334	-6.94729	-6.10396
BLOCK06/SES067/SA067S25	SES202	-1.82207	-7.92603	-6.10396
BLOCK06/SES067/SA067S29	SES085	-3.42821	-10.3484	-6.92016
BLOCK06/SES067/SA067S29	SES177	-2.80942	-9.72958	-6.92016
BLOCK06/SES067/SA067S29	SES183	0.332355	-6.58781	-6.92016
BLOCK06/SES067/SA067S29	SES202	-2.32647	-9.24664	-6.92016
BLOCK06/SES069/SA069S12	SES029	-1.85079	-5.59632	-3.74553
BLOCK06/SES069/SA069S12	SES082	-0.119066	-3.8646	-3.74553
BLOCK06/SES069/SA069S12	SES087	-0.900174	-4.64571	-3.74553
BLOCK06/SES069/SA069S12	SES206	-0.331544	-4.07708	-3.74553
BLOCK06/SES069/SA069S13	SES029	-1.66593	-4.76865	-3.10272
BLOCK06/SES069/SA069S13	SES087	-0.379645	-3.48237	-3.10272
BLOCK06/SES069/SA069S13	SES206	-0.75323	-3.85595	-3.10272
BLOCK06/SES069/SA069S13	SES226	0.505295	-2.59743	-3.10272
BLOCK06/SES069/SA069S23	SES029	0.086737	-1.62084	-1.70758
BLOCK06/SES069/SA069S23	SES087	1.34322	-0.364355	-1.70758
BLOCK06/SES069/SA069S23	SES206	0.437311	-1.27027	-1.70758
BLOCK06/SES069/SA069S23	SES226	1.10982	-0.597757	-1.70758
BLOCK06/SES069/SA069S25	SES087	-0.345842	-4.2734	-3.92756
BLOCK06/SES069/SA069S25	SES206	-1.6688	-5.59636	-3.92756
BLOCK06/SES069/SA069S25	SES226	-0.0509622	-3.97852	-3.92756
BLOCK06/SES069/SA069S25	SES270	-1.24944	-5.17701	-3.92756
BLOCK06/SES069/SA069S27	SES087	-0.575393	-5.47283	-4.89743
BLOCK06/SES069/SA069S27	SES206	0.0461025	-4.85133	-4.89743
BLOCK06/SES069/SA069S27	SES226	0.141467	-4.75597	-4.89743
BLOCK06/SES069/SA069S27	SES270	-0.900091	-5.79752	-4.89743
BLOCK08/SES081/SA081S11	SES060	-1.25524	-8.85091	-7.59567
BLOCK08/SES081/SA081S11	SES062	-1.13978	-8.73544	-7.59567
BLOCK08/SES081/SA081S11	SES117	-1.32913	-8.9248	-7.59567
BLOCK08/SES081/SA081S11	SES162	-2.03898	-9.63464	-7.59567
BLOCK08/SES081/SA081S13	SES016	-1.61599	-7.17737	-5.56138
BLOCK08/SES081/SA081S13	SES060	-0.119271	-5.68065	-5.56138
BLOCK08/SES081/SA081S13	SES068	-0.240118	-5.80149	-5.56138
BLOCK08/SES081/SA081S13	SES129	-2.55841	-8.11979	-5.56138
BLOCK08/SES081/SA081S24	SES060	0.449614	-5.8013	-6.25091
BLOCK08/SES081/SA081S24	SES068	0.354253	-5.89666	-6.25091
BLOCK08/SES081/SA081S24	SES117	-0.487497	-6.73841	-6.25091
BLOCK08/SES081/SA081S24	SES275	-0.472174	-6.72308	-6.25091
BLOCK08/SES081/SA081S27	SES007	-1.64057	-11.8865	-10.246
BLOCK08/SES081/SA081S27	SES060	-2.42981	-12.6758	-10.246
BLOCK08/SES081/SA081S27	SES117	-2.05611	-12.3021	-10.246
BLOCK08/SES081/SA081S27	SES275	-3.09586	-13.3418	-10.246
BLOCK08/SES081/SA081S29	SES007	0.304531	-9.57105	-9.87559
BLOCK08/SES081/SA081S29	SES060	-0.790303	-10.6659	-9.87559
BLOCK08/SES081/SA081S29	SES117	-0.780567	-10.6562	-9.87559
BLOCK08/SES081/SA081S29	SES275	-1.9094	-11.785	-9.87559
BLOCK08/SES086/SA086S11	SES029	-4.36375	-13.5241	-9.16032
BLOCK08/SES086/SA086S11	SES082	-1.16046	-10.3208	-9.16032
BLOCK08/SES086/SA086S11	SES087	-0.0441599	-9.20448	-9.16032
BLOCK08/SES086/SA086S11	SES206	-1.88076	-11.0411	-9.16032
BLOCK08/SES086/SA086S12	SES029	-2.60587	-9.8673	-7.26142
BLOCK08/SES086/SA086S12	SES082	-1.30439	-8.56581	-7.26142
BLOCK08/SES086/SA086S12	SES087	0.612168	-6.64926	-7.26142
BLOCK08/SES086/SA086S12	SES206	-1.43174	-8.69316	-7.26142
BLOCK08/SES086/SA086S20	SES029	-2.28098	-9.15955	-6.87858
BLOCK08/SES086/SA086S20	SES082	-1.49619	-8.37477	-6.87858
BLOCK08/SES086/SA086S20	SES087	0.0482721	-6.83031	-6.87858
BLOCK08/SES086/SA086S20	SES206	-1.05315	-7.93173	-6.87858
BLOCK08/SES086/SA086S24	SES087	0.395116	-7.86491	-8.26003
BLOCK08/SES086/SA086S24	SES104	0.20128	-8.05875	-8.26003
BLOCK08/SES086/SA086S24	SES120	0.496372	-7.76365	-8.26003
BLOCK08/SES086/SA086S24	SES206	0.41714	-7.84289	-8.26003
BLOCK08/SES086/SA086S28	SES029	-2.3378	-7.19792	-4.86012
BLOCK08/SES086/SA086S28	SES082	-0.72466	-5.58478	-4.86012
BLOCK08/SES086/SA086S28	SES087	0.0847163	-4.7754	-4.86012
BLOCK08/SES086/SA086S28	SES206	-0.227978	-5.0881	-4.86012
BLOCK08/SES089/SA089S13	SES087	-1.14409	-8.17496	-7.03088
BLOCK08/SES089/SA089S13	SES206	-1.71432	-8.7452	-7.03088
BLOCK08/SES089/SA089S13	SES226	-1.03563	-8.0665	-7.03088
BLOCK08/SES089/SA089S13	SES270	-1.06621	-8.09708	-7.03088
BLOCK08/SES089/SA089S14	SES062	-1.93593	-8.32467	-6.38875
BLOCK08/SES089/SA089S14	SES087	0.539557	-5.84919	-6.38875
BLOCK08/SES089/SA089S14	SES206	-0.620469	-7.00921	-6.38875
BLOCK08/SES089/SA089S14	SES226	-1.0768	-7.46554	-6.38875
BLOCK08/SES089/SA089S23	SES087	-1.31602	-10.6483	-9.33229
BLOCK08/SES089/SA089S23	SES206	-1.41421	-10.7465	-9.33229
BLOCK08/SES089/SA089S23	SES226	-2.10304	-11.4353	-9.33229
BLOCK08/SES089/SA089S23	SES270	-3.4016	-12.7339	-9.33229
BLOCK08/SES089/SA089S25	SES062	-1.87791	-8.69148	-6.81356
BLOCK08/SES089/SA089S25	SES087	-0.052629	-6.86619	-6.81356
BLOCK08/SES089/SA089S25	SES206	-1.0766	-7.89016	-6.81356
BLOCK08/SES089/SA089S25	SES226	-0.618665	-7.43223	-6.81356
BLOCK08/SES089/SA089S28	SES062	-1.81158	-7.64751	-5.83593
BLOCK08/SES089/SA089S28	SES087	0.205297	-5.63063	-5.83593
BLOCK08/SES089/SA089S28	SES206	-1.18803	-7.02396	-5.83593
BLOCK08/SES089/SA089S28	SES226	-0.291429	-6.12736	-5.83593
BLOCK09/SES097/SA097S11	SES099	0.302635	-4.86037	-5.163
BLOCK09/SES097/SA097S11	SES125	-0.801511	-5.96451	-5.163
BLOCK09/SES097/SA097S11	SES206	-0.797968	-5.96097	-5.163
BLOCK09/SES097/SA097S11	SES226	0.537793	-4.62521	-5.163
BLOCK09/SES097/SA097S14	SES062	-2.17209	-6.52781	-4.35572
BLOCK09/SES097/SA097S14	SES099	-1.10853	-5.46424	-4.35572
BLOCK09/SES097/SA097S14	SES104	-1.02936	-5.38508	-4.35572
BLOCK09/SES097/SA097S14	SES206	-2.03043	-6.38615	-4.35572
BLOCK09/SES097/SA097S22	SES099	0.645159	-4.45061	-5.09577
BLOCK09/SES097/SA097S22	SES206	-0.741235	-5.83701	-5.09577
BLOCK09/SES097/SA097S22	SES226	-1.33606	-6.43184	-5.09577
BLOCK09/SES097/SA097S22	SES270	-1.28351	-6.37928	-5.09577
BLOCK09/SES097/SA097S26	SES099	-0.0574403	-6.21648	-6.15904
BLOCK09/SES097/SA097S26	SES120	-1.47556	-7.6346	-6.15904
BLOCK09/SES097/SA097S26	SES206	-2.06885	-8.22789	-6.15904
BLOCK09/SES097/SA097S26	SES226	-0.825693	-6.98473	-6.15904
BLOCK09/SES097/SA097S28	SES099	1.196	-4.00954	-5.20555
BLOCK09/SES097/SA097S28	SES120	-0.82158	-6.02713	-5.20555
BLOCK09/SES097/SA097S28	SES206	-0.89989	-6.10544	-5.20555
BLOCK09/SES097/SA097S28	SES226	-0.601996	-5.80754	-5.20555
BLOCK09/SES098/SA098S11	SES127	-1.41613	-7.29494	-5.87881
BLOCK09/SES098/SA098S11	SES144	-0.86652	-6.74533	-5.87881
BLOCK09/SES098/SA098S11	SES147	-0.312218	-6.19103	-5.87881
BLOCK09/SES098/SA098S11	SES148	-2.61559	-8.4944	-5.87881
BLOCK09/SES098/SA098S12	SES127	-2.30081	-10.5662	-8.26542
BLOCK09/SES098/SA098S12	SES144	-1.51611	-9.78153	-8.26542
BLOCK09/SES098/SA098S12	SES147	-1.08001	-9.34543	-8.26542
BLOCK09/SES098/SA098S12	SES189	-1.08516	-9.35058	-8.26542
BLOCK09/SES098/SA098S20	SES127	-3.7968	-13.9096	-10.1128
BLOCK09/SES098/SA098S20	SES147	-2.27288	-12.3857	-10.1128
BLOCK09/SES098/SA098S20	SES148	-6.52876	-16.6416	-10.1128
BLOCK09/SES098/SA098S20	SES292	0.483323	-9.62948	-10.1128
BLOCK09/SES098/SA098S23	SES127	-0.694323	-8.18824	-7.49392
BLOCK09/SES098/SA098S23	SES147	-0.555836	-8.04975	-7.49392
BLOCK09/SES098/SA098S23	SES187	-0.0982051	-7.59212	-7.49392
BLOCK09/SES098/SA098S23	SES292	-0.33185	-7.82577	-7.49392
BLOCK09/SES098/SA098S27	SES127	-3.16921	-10.8813	-7.71207
BLOCK09/SES098/SA098S27	SES147	-1.8647	-9.57677	-7.71207
BLOCK09/SES098/SA098S27	SES148	-2.64368	-10.3558	-7.71207
BLOCK09/SES098/SA098S27	SES292	-0.688029	-8.4001	-7.71207
BLOCK10/SES102/SA102S13	SES101	-1.17901	-9.62545	-8.44644
BLOCK10/SES102/SA102S13	SES105	-2.33512	-10.7816	-8.44644
BLOCK10/SES102/SA102S13	SES120	-2.26713	-10.7136	-8.44644
BLOCK10/SES102/SA102S13	SES158	-0.708772	-9.15521	-8.44644
BLOCK10/SES102/SA102S14	SES007	1.14045	-3.80439	-4.94483
BLOCK10/SES102/SA102S14	SES101	-0.140925	-5.08576	-4.94483
BLOCK10/SES102/SA102S14	SES105	-0.494831	-5.43966	-4.94483
BLOCK10/SES102/SA102S14	SES147	-1.61202	-6.55685	-4.94483
BLOCK10/SES102/SA102S22	SES007	-0.327909	-6.07768	-5.74977
BLOCK10/SES102/SA102S22	SES101	-1.03687	-6.78664	-5.74977
BLOCK10/SES102/SA102S22	SES105	-0.491212	-6.24098	-5.74977
BLOCK10/SES102/SA102S22	SES158	-0.762064	-6.51183	-5.74977
BLOCK10/SES102/SA102S25	SES007	-0.0891733	-5.52404	-5.43487
BLOCK10/SES102/SA102S25	SES101	0.0098772	-5.42499	-5.43487
BLOCK10/SES102/SA102S25	SES105	-0.264562	-5.69943	-5.43487
BLOCK10/SES102/SA102S25	SES147	-1.8102	-7.24506	-5.43487
BLOCK10/SES102/SA102S27	SES007	0.373381	-4.53564	-4.90902
BLOCK10/SES102/SA102S27	SES101	0.814755	-4.09427	-4.90902
BLOCK10/SES102/SA102S27	SES105	-0.639912	-5.54893	-4.90902
BLOCK10/SES102/SA102S27	SES147	-1.56886	-6.47789	-4.90902
BLOCK10/SES103/SA103S14	SES105	-1.77178	-11.8827	-10.1109
BLOCK10/SES103/SA103S14	SES106	-1.97423	-12.0851	-10.1109
BLOCK10/SES103/SA103S14	SES120	-2.06917	-12.1801	-10.1109
BLOCK10/SES103/SA103S14	SES206	-2.07513	-12.186	-10.1109
BLOCK10/SES103/SA103S15	SES099	-4.34952	-14.4589	-10.1094
BLOCK10/SES103/SA103S15	SES101	-3.20963	-13.319	-10.1094
BLOCK10/SES103/SA103S15	SES104	-1.67053	-11.7799	-10.1094
BLOCK10/SES103/SA103S15	SES125	-4.58778	-14.6971	-10.1094
BLOCK10/SES103/SA103S24	SES104	-1.4076	-7.25512	-5.84753
BLOCK10/SES103/SA103S24	SES125	-3.98586	-9.83339	-5.84753
BLOCK10/SES103/SA103S24	SES148	-3.02491	-8.87244	-5.84753
BLOCK10/SES103/SA103S24	SES158	-2.07266	-7.92019	-5.84753
BLOCK10/SES103/SA103S26	SES104	-1.05511	-10.0102	-8.95508
BLOCK10/SES103/SA103S26	SES106	-0.536414	-9.49149	-8.95508
BLOCK10/SES103/SA103S26	SES125	-1.82877	-10.7838	-8.95508
BLOCK10/SES103/SA103S26	SES148	-6.31464	-15.2697	-8.95508
BLOCK10/SES103/SA103S28	SES104	-2.50869	-12.4371	-9.92843
BLOCK10/SES103/SA103S28	SES106	-2.70833	-12.6368	-9.92843
BLOCK10/SES103/SA103S28	SES125	-3.99617	-13.9246	-9.92843
BLOCK10/SES103/SA103S28	SES206	-3.27088	-13.1993	-9.92843
BLOCK12/SES121/SA121S12	SES042	-1.73283	-8.91818	-7.18535
BLOCK12/SES121/SA121S12	SES087	-1.05327	-8.23862	-7.18535
BLOCK12/SES121/SA121S12	SES105	0.184365	-7.00098	-7.18535
BLOCK12/SES121/SA121S12	SES206	-0.625352	-7.8107	-7.18535
BLOCK12/SES121/SA121S14	SES007	-1.21852	-12.8284	-11.6099
BLOCK12/SES121/SA121S14	SES105	-1.77141	-13.3813	-11.6099
BLOCK12/SES121/SA121S14	SES106	-1.16893	-12.7788	-11.6099
BLOCK12/SES121/SA121S14	SES206	-0.698916	-12.3088	-11.6099
BLOCK12/SES121/SA121S23	SES105	-1.57985	-11.1515	-9.57165
BLOCK12/SES121/SA121S23	SES106	-1.52221	-11.0939	-9.57165
BLOCK12/SES121/SA121S23	SES120	-1.51464	-11.0863	-9.57165
BLOCK12/SES121/SA121S23	SES206	0.366202	-9.20545	-9.57165
BLOCK12/SES121/SA121S25	SES007	-0.47754	-12.4207	-11.9432
BLOCK12/SES121/SA121S25	SES105	-1.54628	-13.4895	-11.9432
BLOCK12/SES121/SA121S25	SES106	-0.0710106	-12.0142	-11.9432
BLOCK12/SES121/SA121S25	SES206	0.110937	-11.8323	-11.9432
BLOCK12/SES121/SA121S27	SES087	-0.0113001	-11.591	-11.5797
BLOCK12/SES121/SA121S27	SES105	-2.44909	-14.0288	-11.5797
BLOCK12/SES121/SA121S27	SES120	0.0182781	-11.5615	-11.5797
BLOCK12/SES121/SA121S27	SES206	-0.114594	-11.6943	-11.5797
BLOCK12/SES124/SA124S16	SES042	0.250621	-4.89292	-5.14354
BLOCK12/SES124/SA124S16	SES082	-0.981649	-6.12519	-5.14354
BLOCK12/SES124/SA124S16	SES183	-0.0918312	-5.23537	-5.14354
BLOCK12/SES124/SA124S16	SES206	-1.36242	-6.50596	-5.14354
BLOCK12/SES124/SA124S17	SES105	-0.569536	-8.8077	-8.23816
BLOCK12/SES124/SA124S17	SES149	-0.553271	-8.79143	-8.23816
BLOCK12/SES124/SA124S17	SES158	-1.65474	-9.8929	-8.23816
BLOCK12/SES124/SA124S17	SES275	-0.667564	-8.90573	-8.23816
BLOCK12/SES124/SA124S23	SES105	-2.15223	-6.25194	-4.09971
BLOCK12/SES124/SA124S23	SES125	1.70777	-2.39194	-4.09971
BLOCK12/SES124/SA124S23	SES129	-0.951271	-5.05098	-4.09971
BLOCK12/SES124/SA124S23	SES158	-0.353863	-4.45357	-4.09971
BLOCK12/SES124/SA124S26	SES105	-2.03444	-8.6567	-6.62225
BLOCK12/SES124/SA124S26	SES125	0.190874	-6.43138	-6.62225
BLOCK12/SES124/SA124S26	SES129	-1.25539	-7.87764	-6.62225
BLOCK12/SES124/SA124S26	SES158	-0.919158	-7.54141	-6.62225
BLOCK12/SES124/SA124S28	SES104	0.0587864	-5.21182	-5.27061
BLOCK12/SES124/SA124S28	SES106	0.297427	-4.97318	-5.27061
BLOCK12/SES124/SA124S28	SES125	1.63977	-3.63084	-5.27061
BLOCK12/SES124/SA124S28	SES275	-1.31301	-6.58361	-5.27061
BLOCK12/SES126/SA126S13	SES007	-0.241968	-8.14085	-7.89888
BLOCK12/SES126/SA126S13	SES162	-1.21719	-9.11607	-7.89888
BLOCK12/SES126/SA126S13	SES177	-0.419953	-8.31884	-7.89888
BLOCK12/SES126/SA126S13	SES180	-0.810033	-8.70892	-7.89888
BLOCK12/SES126/SA126S14	SES144	-1.02467	-6.45136	-5.42669
BLOCK12/SES126/SA126S14	SES148	-1.74433	-7.17102	-5.42669
BLOCK12/SES126/SA126S14	SES177	-0.323565	-5.75026	-5.42669
BLOCK12/SES126/SA126S14	SES180	-0.993425	-6.42012	-5.42669
BLOCK12/SES126/SA126S20	SES007	-0.429018	-3.92356	-3.49454
BLOCK12/SES126/SA126S20	SES162	-0.274918	-3.76946	-3.49454
BLOCK12/SES126/SA126S20	SES172	-0.253159	-3.7477	-3.49454
BLOCK12/SES126/SA126S20	SES180	0.046979	-3.44756	-3.49454
BLOCK12/SES126/SA126S24	SES120	0.246403	-5.05979	-5.3062
BLOCK12/SES126/SA126S24	SES162	-0.501647	-5.80784	-5.3062
BLOCK12/SES126/SA126S24	SES177	0.390135	-4.91606	-5.3062
BLOCK12/SES126/SA126S24	SES180	0.0271244	-5.27907	-5.3062
BLOCK12/SES126/SA126S26	SES120	0.451737	-4.53971	-4.99144
BLOCK12/SES126/SA126S26	SES177	-0.742822	-5.73426	-4.99144
BLOCK12/SES126/SA126S26	SES180	0.321318	-4.67013	-4.99144
BLOCK12/SES126/SA126S26	SES202	-0.314315	-5.30576	-4.99144
BLOCK12/SES128/SA128S10	SES087	-0.904125	-6.39489	-5.49077
BLOCK12/SES128/SA128S10	SES206	-0.0324192	-5.52318	-5.49077
BLOCK12/SES128/SA128S10	SES226	-0.336172	-5.82694	-5.49077
BLOCK12/SES128/SA128S10	SES270	-1.01472	-6.50548	-5.49077
BLOCK12/SES128/SA128S12	SES120	0.238667	-7.29264	-7.53131
BLOCK12/SES128/SA128S12	SES158	-1.13099	-8.6623	-7.53131
BLOCK12/SES128/SA128S12	SES206	-0.0971704	-7.62848	-7.53131
BLOCK12/SES128/SA128S12	SES226	-1.77535	-9.30666	-7.53131
BLOCK12/SES128/SA128S21	SES106	-2.97034	-8.8248	-5.85445
BLOCK12/SES128/SA128S21	SES120	-1.08916	-6.94362	-5.85445
BLOCK12/SES128/SA128S21	SES206	-1.06238	-6.91683	-5.85445
BLOCK12/SES128/SA128S21	SES226	-0.912936	-6.76739	-5.85445
BLOCK12/SES128/SA128S24	SES087	-0.422698	-8.05083	-7.62813
BLOCK12/SES128/SA128S24	SES120	-0.230515	-7.85865	-7.62813
BLOCK12/SES128/SA128S24	SES206	-0.514074	-8.14221	-7.62813
BLOCK12/SES128/SA128S24	SES226	-1.33047	-8.9586	-7.62813
BLOCK12/SES128/SA128S27	SES099	-0.467072	-6.47495	-6.00788
BLOCK12/SES128/SA128S27	SES120	-0.177712	-6.18559	-6.00788
BLOCK12/SES128/SA128S27	SES206	-0.282985	-6.29086	-6.00788
BLOCK12/SES128/SA128S27	SES226	-1.01784	-7.02571	-6.00788
BLOCK13/SES130/SA130S13	SES143	0.520063	-6.13569	-6.65576
BLOCK13/SES130/SA130S13	SES144	0.656814	-5.99894	-6.65576
BLOCK13/SES130/SA130S13	SES146	-1.13773	-7.79349	-6.65576
BLOCK13/SES130/SA130S13	SES275	-1.5698	-8.22556	-6.65576
BLOCK13/SES130/SA130S15	SES143	0.450579	-4.32433	-4.77491
BLOCK13/SES130/SA130S15	SES144	0.818321	-3.95659	-4.77491
BLOCK13/SES130/SA130S15	SES146	0.308813	-4.4661	-4.77491
BLOCK13/SES130/SA130S15	SES275	-0.300449	-5.07536	-4.77491
BLOCK13/SES130/SA130S23	SES127	0.173547	-4.3953	-4.56884
BLOCK13/SES130/SA130S23	SES144	1.65478	-2.91407	-4.56884
BLOCK13/SES130/SA130S23	SES146	0.101085	-4.46776	-4.56884
BLOCK13/SES130/SA130S23	SES162	0.698929	-3.86992	-4.56884
BLOCK13/SES130/SA130S25	SES127	-0.171619	-2.451	-2.27938
BLOCK13/SES130/SA130S25	SES144	0.48589	-1.79349	-2.27938
BLOCK13/SES130/SA130S25	SES146	0.384607	-1.89477	-2.27938
BLOCK13/SES130/SA130S25	SES275	-0.21952	-2.4989	-2.27938
BLOCK13/SES130/SA130S28	SES127	-0.294341	-5.18116	-4.88682
BLOCK13/SES130/SA130S28	SES144	-0.986858	-5.87368	-4.88682
BLOCK13/SES130/SA130S28	SES146	-0.534918	-5.42174	-4.88682
BLOCK13/SES130/SA130S28	SES275	-0.347075	-5.2339	-4.88682
BLOCK13/SES131/SA131S13	SES002	-2.12375	-8.25524	-6.13149
BLOCK13/SES131/SA131S13	SES007	-1.55071	-7.68221	-6.13149
BLOCK13/SES131/SA131S13	SES099	-0.86586	-6.99735	-6.13149
BLOCK13/SES131/SA131S13	SES105	-0.721254	-6.85275	-6.13149
BLOCK13/SES131/SA131S14	SES104	-0.758347	-2.67546	-1.91711
BLOCK13/SES131/SA131S14	SES106	-2.69315	-4.61027	-1.91711
BLOCK13/SES131/SA131S14	SES125	-1.50708	-3.42419	-1.91711
BLOCK13/SES131/SA131S14	SES148	0.122933	-1.79418	-1.91711
BLOCK13/SES131/SA131S20	SES104	-2.98568	-10.7099	-7.72421
BLOCK13/SES131/SA131S20	SES106	-2.2145	-9.93871	-7.72421
BLOCK13/SES131/SA131S20	SES125	-2.17586	-9.90007	-7.72421
BLOCK13/SES131/SA131S20	SES148	-2.40159	-10.1258	-7.72421
BLOCK13/SES131/SA131S22	SES099	-1.39854	-6.43911	-5.04057
BLOCK13/SES131/SA131S22	SES104	-0.435864	-5.47643	-5.04057
BLOCK13/SES131/SA131S22	SES125	-0.630615	-5.67118	-5.04057
BLOCK13/SES131/SA131S22	SES206	-1.17497	-6.21554	-5.04057
BLOCK13/SES131/SA131S29	SES087	-1.68561	-8.69868	-7.01308
BLOCK13/SES131/SA131S29	SES104	-3.15012	-10.1632	-7.01308
BLOCK13/SES131/SA131S29	SES125	-4.33362	-11.3467	-7.01308
BLOCK13/SES131/SA131S29	SES206	-3.2844	-10.2975	-7.01308
BLOCK13/SES132/SA132S11	SES083	-0.578974	-8.86985	-8.29087
BLOCK13/SES132/SA132S11	SES120	0.837259	-7.45361	-8.29087
BLOCK13/SES132/SA132S11	SES127	-2.26316	-10.554	-8.29087
BLOCK13/SES132/SA132S11	SES275	-0.844763	-9.13564	-8.29087
BLOCK13/SES132/SA132S12	SES083	-1.1223	-6.18629	-5.06399
BLOCK13/SES132/SA132S12	SES143	-0.999655	-6.06364	-5.06399
BLOCK13/SES132/SA132S12	SES144	-0.607052	-5.67104	-5.06399
BLOCK13/SES132/SA132S12	SES148	-1.0213	-6.08529	-5.06399
BLOCK13/SES132/SA132S22	SES062	-0.497454	-7.40579	-6.90834
BLOCK13/SES132/SA132S22	SES083	-0.383336	-7.29167	-6.90834
BLOCK13/SES132/SA132S22	SES127	-1.04074	-7.94908	-6.90834
BLOCK13/SES132/SA132S22	SES275	0.0134544	-6.89488	-6.90834
BLOCK13/SES132/SA132S24	SES007	0.00631475	-5.24706	-5.25338
BLOCK13/SES132/SA132S24	SES083	-1.02456	-6.27794	-5.25338
BLOCK13/SES132/SA132S24	SES127	-2.73597	-7.98935	-5.25338
BLOCK13/SES132/SA132S24	SES275	-0.709112	-5.96249	-5.25338
BLOCK13/SES132/SA132S27	SES083	-2.7164	-10.832	-8.11563
BLOCK13/SES132/SA132S27	SES120	0.877792	-7.23784	-8.11563
BLOCK13/SES132/SA132S27	SES127	-5.57647	-13.6921	-8.11563
BLOCK13/SES132/SA132S27	SES275	-2.1837	-10.2993	-8.11563
BLOCK14/SES141/SA141S09	SES143	-0.3339	-4.82384	-4.48994
BLOCK14/SES141/SA141S09	SES144	0.322408	-4.16753	-4.48994
BLOCK14/SES141/SA141S09	SES162	-0.473905	-4.96385	-4.48994
BLOCK14/SES141/SA141S09	SES180	-0.0476747	-4.53762	-4.48994
BLOCK14/SES141/SA141S15	SES127	-0.493092	-6.33757	-5.84448
BLOCK14/SES141/SA141S15	SES144	-0.671278	-6.51576	-5.84448
BLOCK14/SES141/SA141S15	SES162	-1.06918	-6.91366	-5.84448
BLOCK14/SES141/SA141S15	SES180	-0.399188	-6.24367	-5.84448
BLOCK14/SES141/SA141S24	SES127	-0.534633	-7.35051	-6.81588
BLOCK14/SES141/SA141S24	SES144	-1.36371	-8.17958	-6.81588
BLOCK14/SES141/SA141S24	SES162	0.402744	-6.41313	-6.81588
BLOCK14/SES141/SA141S24	SES183	-0.257796	-7.07367	-6.81588
BLOCK14/SES141/SA141S26	SES142	0.298598	-6.07338	-6.37197
BLOCK14/SES141/SA141S26	SES144	-1.01038	-7.38235	-6.37197
BLOCK14/SES141/SA141S26	SES172	-0.615958	-6.98793	-6.37197
BLOCK14/SES141/SA141S26	SES180	-0.357899	-6.72987	-6.37197
BLOCK14/SES141/SA141S29	SES127	0.615546	-4.32989	-4.94543
BLOCK14/SES141/SA141S29	SES142	0.822634	-4.1228	-4.94543
BLOCK14/SES141/SA141S29	SES144	0.440246	-4.50519	-4.94543
BLOCK14/SES141/SA141S29	SES180	0.537617	-4.40781	-4.94543
BLOCK15/SES157/SA157S08	SES083	-0.839684	-5.20403	-4.36435
BLOCK15/SES157/SA157S08	SES127	-0.891428	-5.25578	-4.36435
BLOCK15/SES157/SA157S08	SES148	-0.975281	-5.33963	-4.36435
BLOCK15/SES157/SA157S08	SES292	-0.821431	-5.18578	-4.36435
BLOCK15/SES157/SA157S11	SES083	-1.19878	-5.78439	-4.58561
BLOCK15/SES157/SA157S11	SES127	-1.81487	-6.40048	-4.58561
BLOCK15/SES157/SA157S11	SES148	-2.55841	-7.14402	-4.58561
BLOCK15/SES157/SA157S11	SES292	-0.816405	-5.40202	-4.58561
BLOCK15/SES157/SA157S21	SES127	0.609232	-2.25847	-2.8677
BLOCK15/SES157/SA157S21	SES148	0.350599	-2.5171	-2.8677
BLOCK15/SES157/SA157S21	SES158	-3.89892	-6.76661	-2.8677
BLOCK15/SES157/SA157S21	SES292	-0.162932	-3.03063	-2.8677
BLOCK15/SES157/SA157S24	SES127	-1.03868	-6.97532	-5.93664
BLOCK15/SES157/SA157S24	SES148	-1.39701	-7.33365	-5.93664
BLOCK15/SES157/SA157S24	SES183	-0.81332	-6.74996	-5.93664
BLOCK15/SES157/SA157S24	SES292	-1.35597	-7.29262	-5.93664
BLOCK15/SES157/SA157S26	SES007	-0.534158	-4.77368	-4.23953
BLOCK15/SES157/SA157S26	SES127	0.17359	-4.06594	-4.23953
BLOCK15/SES157/SA157S26	SES147	-0.522286	-4.76181	-4.23953
BLOCK15/SES157/SA157S26	SES148	-0.756592	-4.99612	-4.23953
BLOCK16/SES161/SA161S10	SES007	-0.537804	-7.10003	-6.56223
BLOCK16/SES161/SA161S10	SES105	-0.476662	-7.03889	-6.56223
BLOCK16/SES161/SA161S10	SES158	-0.831693	-7.39392	-6.56223
BLOCK16/SES161/SA161S10	SES275	-0.791388	-7.35361	-6.56223
BLOCK16/SES161/SA161S12	SES007	-2.48209	-12.0863	-9.60423
BLOCK16/SES161/SA161S12	SES105	-2.52211	-12.1263	-9.60423
BLOCK16/SES161/SA161S12	SES158	-1.82546	-11.4297	-9.60423
BLOCK16/SES161/SA161S12	SES275	-2.93308	-12.5373	-9.60423
BLOCK16/SES161/SA161S20	SES007	-0.92599	-11.0708	-10.1449
BLOCK16/SES161/SA161S20	SES105	-1.28204	-11.4269	-10.1449
BLOCK16/SES161/SA161S20	SES158	-0.421906	-10.5668	-10.1449
BLOCK16/SES161/SA161S20	SES275	-2.90472	-13.0496	-10.1449
BLOCK16/SES161/SA161S23	SES007	-2.79051	-13.6222	-10.8317
BLOCK16/SES161/SA161S23	SES105	-1.18197	-12.0137	-10.8317
BLOCK16/SES161/SA161S23	SES148	-2.93282	-13.7645	-10.8317
BLOCK16/SES161/SA161S23	SES158	-3.20328	-14.035	-10.8317
BLOCK16/SES161/SA161S28	SES007	-1.15667	-10.6738	-9.51711
BLOCK16/SES161/SA161S28	SES105	-2.82071	-12.3378	-9.51711
BLOCK16/SES161/SA161S28	SES158	-0.0314331	-9.54854	-9.51711
BLOCK16/SES161/SA161S28	SES206	-0.677672	-10.1948	-9.51711
BLOCK16/SES164/SA164S11	SES104	-0.538146	-4.4376	-3.89945
BLOCK16/SES164/SA164S11	SES125	-0.858684	-4.75814	-3.89945
BLOCK16/SES164/SA164S11	SES158	-3.31278	-7.21223	-3.89945
BLOCK16/SES164/SA164S11	SES206	-1.48178	-5.38123	-3.89945
BLOCK16/SES164/SA164S13	SES099	-2.61688	-7.56686	-4.94998
BLOCK16/SES164/SA164S13	SES104	-1.93452	-6.8845	-4.94998
BLOCK16/SES164/SA164S13	SES125	-2.78529	-7.73527	-4.94998
BLOCK16/SES164/SA164S13	SES206	-3.24142	-8.1914	-4.94998
BLOCK16/SES164/SA164S24	SES002	0.348499	-4.19602	-4.54452
BLOCK16/SES164/SA164S24	SES099	-0.597893	-5.14241	-4.54452
BLOCK16/SES164/SA164S24	SES125	-1.25141	-5.79593	-4.54452
BLOCK16/SES164/SA164S24	SES226	0.423567	-4.12095	-4.54452
BLOCK16/SES164/SA164S27	SES087	-1.24013	-6.44458	-5.20445
BLOCK16/SES164/SA164S27	SES125	-2.25922	-7.46367	-5.20445
BLOCK16/SES164/SA164S27	SES206	-2.91201	-8.11647	-5.20445
BLOCK16/SES164/SA164S27	SES226	-1.86467	-7.06913	-5.20445
BLOCK16/SES164/SA164S29	SES002	-0.603028	-4.51788	-3.91485
BLOCK16/SES164/SA164S29	SES019	-2.92246	-6.83731	-3.91485
BLOCK16/SES164/SA164S29	SES125	-1.539	-5.45385	-3.91485
BLOCK16/SES164/SA164S29	SES226	-1.4239	-5.33874	-3.91485
BLOCK16/SES169/SA169S13	SES117	-0.939441	-7.64752	-6.70808
BLOCK16/SES169/SA169S13	SES144	-0.934206	-7.64229	-6.70808
BLOCK16/SES169/SA169S13	SES146	-0.59879	-7.30687	-6.70808
BLOCK16/SES169/SA169S13	SES162	-0.778152	-7.48623	-6.70808
BLOCK16/SES169/SA169S14	SES144	-0.395297	-3.9418	-3.5465
BLOCK16/SES169/SA169S14	SES148	-0.261354	-3.80785	-3.5465
BLOCK16/SES169/SA169S14	SES177	0.0689495	-3.47755	-3.5465
BLOCK16/SES169/SA169S14	SES180	-0.227306	-3.77381	-3.5465
BLOCK16/SES169/SA169S24	SES117	0.13524	-5.93901	-6.07425
BLOCK16/SES169/SA169S24	SES144	0.0170946	-6.05716	-6.07425
BLOCK16/SES169/SA169S24	SES146	-0.217726	-6.29198	-6.07425
BLOCK16/SES169/SA169S24	SES162	0.293946	-5.78031	-6.07425
BLOCK16/SES169/SA169S27	SES127	-0.717441	-6.74639	-6.02895
BLOCK16/SES169/SA169S27	SES129	-0.121894	-6.15084	-6.02895
BLOCK16/SES169/SA169S27	SES144	-0.797246	-6.82619	-6.02895
BLOCK16/SES169/SA169S27	SES146	-0.435541	-6.46449	-6.02895
BLOCK16/SES169/SA169S29	SES144	0.0581002	-3.27414	-3.33224
BLOCK16/SES169/SA169S29	SES162	0.0798204	-3.25242	-3.33224
BLOCK16/SES169/SA169S29	SES177	-0.301954	-3.6342	-3.33224
BLOCK16/SES169/SA169S29	SES180	0.104242	-3.228	-3.33224
BLOCK17/SES171/SA171S12	SES083	-2.17246	-7.55415	-5.38168
BLOCK17/SES171/SA171S12	SES148	-1.67843	-7.06012	-5.38168
BLOCK17/SES171/SA171S12	SES172	-1.7812	-7.16289	-5.38168
BLOCK17/SES171/SA171S12	SES292	-2.0348	-7.41649	-5.38168
BLOCK17/SES171/SA171S15	SES148	-2.80328	-8.74459	-5.94131
BLOCK17/SES171/SA171S15	SES177	-1.30144	-7.24274	-5.94131
BLOCK17/SES171/SA171S15	SES180	-3.77034	-9.71165	-5.94131
BLOCK17/SES171/SA171S15	SES292	-1.93837	-7.87968	-5.94131
BLOCK17/SES171/SA171S22	SES007	-0.228949	-2.86372	-2.63477
BLOCK17/SES171/SA171S22	SES148	0.282537	-2.35223	-2.63477
BLOCK17/SES171/SA171S22	SES177	0.389691	-2.24508	-2.63477
BLOCK17/SES171/SA171S22	SES180	-1.26395	-3.89873	-2.63477
BLOCK17/SES171/SA171S25	SES101	-1.47112	-8.35835	-6.88723
BLOCK17/SES171/SA171S25	SES120	-2.98083	-9.86806	-6.88723
BLOCK17/SES171/SA171S25	SES177	-0.669433	-7.55666	-6.88723
BLOCK17/SES171/SA171S25	SES180	-0.93735	-7.82458	-6.88723
BLOCK17/SES171/SA171S27	SES177	-1.38384	-7.77173	-6.3879
BLOCK17/SES171/SA171S27	SES180	-2.26485	-8.65275	-6.3879
BLOCK17/SES171/SA171S27	SES189	-0.729836	-7.11773	-6.3879
BLOCK17/SES171/SA171S27	SES292	-1.20558	-7.59348	-6.3879
BLOCK17/SES173/SA173S13	SES162	-3.06869	-9.18441	-6.11572
BLOCK17/SES173/SA173S13	SES177	-0.547104	-6.66282	-6.11572
BLOCK17/SES173/SA173S13	SES180	-0.919705	-7.03542	-6.11572
BLOCK17/SES173/SA173S13	SES292	0.219593	-5.89613	-6.11572
BLOCK17/SES173/SA173S14	SES007	-1.43098	-6.89029	-5.45931
BLOCK17/SES173/SA173S14	SES162	-1.93649	-7.3958	-5.45931
BLOCK17/SES173/SA173S14	SES177	-0.465001	-5.92431	-5.45931
BLOCK17/SES173/SA173S14	SES180	-0.90838	-6.36769	-5.45931
BLOCK17/SES173/SA173S24	SES144	-1.82009	-8.01838	-6.1983
BLOCK17/SES173/SA173S24	SES162	-1.73746	-7.93576	-6.1983
BLOCK17/SES173/SA173S24	SES177	0.501014	-5.69728	-6.1983
BLOCK17/SES173/SA173S24	SES180	-1.56827	-7.76657	-6.1983
BLOCK17/SES173/SA173S27	SES162	-2.87384	-9.82934	-6.95549
BLOCK17/SES173/SA173S27	SES177	-1.01997	-7.97546	-6.95549
BLOCK17/SES173/SA173S27	SES180	-1.38075	-8.33625	-6.95549
BLOCK17/SES173/SA173S27	SES292	0.204453	-6.75104	-6.95549
BLOCK17/SES173/SA173S29	SES162	-1.59486	-5.5962	-4.00134
BLOCK17/SES173/SA173S29	SES175	-0.851516	-4.85285	-4.00134
BLOCK17/SES173/SA173S29	SES177	-0.22613	-4.22747	-4.00134
BLOCK17/SES173/SA173S29	SES292	-0.566984	-4.56832	-4.00134
BLOCK18/SES182/SA182S10	SES144	-1.23096	-7.36966	-6.1387
BLOCK18/SES182/SA182S10	SES177	-0.773618	-6.91232	-6.1387
BLOCK18/SES182/SA182S10	SES180	-1.77135	-7.91005	-6.1387
BLOCK18/SES182/SA182S10	SES275	-1.13275	-7.27145	-6.1387
BLOCK18/SES182/SA182S12	SES144	-1.79478	-7.75675	-5.96197
BLOCK18/SES182/SA182S12	SES177	-0.978299	-6.94027	-5.96197
BLOCK18/SES182/SA182S12	SES180	-2.60507	-8.56704	-5.96197
BLOCK18/SES182/SA182S12	SES275	-0.993813	-6.95578	-5.96197
BLOCK18/SES182/SA182S21	SES117	-0.330938	-8.63574	-8.30481
BLOCK18/SES182/SA182S21	SES144	-1.0095	-9.31431	-8.30481
BLOCK18/SES182/SA182S21	SES162	-0.618985	-8.92379	-8.30481
BLOCK18/SES182/SA182S21	SES180	-2.06222	-10.367	-8.30481
BLOCK18/SES182/SA182S23	SES117	-1.7084	-11.7052	-9.9968
BLOCK18/SES182/SA182S23	SES144	-4.2369	-14.2337	-9.9968
BLOCK18/SES182/SA182S23	SES180	-4.59439	-14.5912	-9.9968
BLOCK18/SES182/SA182S23	SES275	-2.51511	-12.5119	-9.9968
BLOCK18/SES182/SA182S25	SES007	0.734621	-6.11852	-6.85314
BLOCK18/SES182/SA182S25	SES162	-0.55371	-7.40685	-6.85314
BLOCK18/SES182/SA182S25	SES177	-0.224579	-7.07772	-6.85314
BLOCK18/SES182/SA182S25	SES180	-2.2024	-9.05555	-6.85314
BLOCK18/SES184/SA184S12	SES177	0.208854	-4.46649	-4.67535
BLOCK18/SES184/SA184S12	SES180	0.272257	-4.40309	-4.67535
BLOCK18/SES184/SA184S12	SES189	-1.42129	-6.09664	-4.67535
BLOCK18/SES184/SA184S12	SES292	-0.0498285	-4.72518	-4.67535
BLOCK18/SES184/SA184S13	SES101	-0.653562	-5.75789	-5.10433
BLOCK18/SES184/SA184S13	SES177	-0.653661	-5.75799	-5.10433
BLOCK18/SES184/SA184S13	SES180	-0.0594811	-5.16381	-5.10433
BLOCK18/SES184/SA184S13	SES292	-0.463557	-5.56788	-5.10433
BLOCK18/SES184/SA184S22	SES177	-0.347351	-4.98127	-4.63392
BLOCK18/SES184/SA184S22	SES180	0.259745	-4.37417	-4.63392
BLOCK18/SES184/SA184S22	SES189	-0.796226	-5.43014	-4.63392
BLOCK18/SES184/SA184S22	SES292	-0.479371	-5.11329	-4.63392
BLOCK18/SES184/SA184S25	SES101	-0.330812	-4.11384	-3.78303
BLOCK18/SES184/SA184S25	SES177	-0.792415	-4.57544	-3.78303
BLOCK18/SES184/SA184S25	SES180	-0.1704	-3.95343	-3.78303
BLOCK18/SES184/SA184S25	SES292	-0.09374	-3.87677	-3.78303
BLOCK18/SES184/SA184S27	SES083	-0.549601	-4.88284	-4.33324
BLOCK18/SES184/SA184S27	SES177	-0.360915	-4.69416	-4.33324
BLOCK18/SES184/SA184S27	SES202	-0.80819	-5.14143	-4.33324
BLOCK18/SES184/SA184S27	SES292	-0.778214	-5.11146	-4.33324
BLOCK20/SES204/SA204S12	SES062	-0.520144	-5.81562	-5.29547
BLOCK20/SES204/SA204S12	SES083	-1.42807	-6.72355	-5.29547
BLOCK20/SES204/SA204S12	SES206	0.33392	-4.96155	-5.29547
BLOCK20/SES204/SA204S12	SES226	-0.713524	-6.009	-5.29547
BLOCK20/SES204/SA204S14	SES068	0.100305	-3.46875	-3.56905
BLOCK20/SES204/SA204S14	SES087	0.633419	-2.93563	-3.56905
BLOCK20/SES204/SA204S14	SES206	-0.492876	-4.06193	-3.56905
BLOCK20/SES204/SA204S14	SES226	-0.720639	-4.28969	-3.56905
BLOCK20/SES204/SA204S22	SES068	-0.791116	-5.93909	-5.14798
BLOCK20/SES204/SA204S22	SES082	-1.11022	-6.25819	-5.14798
BLOCK20/SES204/SA204S22	SES083	-2.04703	-7.19501	-5.14798
BLOCK20/SES204/SA204S22	SES206	-0.0673351	-5.21531	-5.14798
BLOCK20/SES204/SA204S25	SES062	-0.610688	-6.0932	-5.48251
BLOCK20/SES204/SA204S25	SES083	-1.63863	-7.12114	-5.48251
BLOCK20/SES204/SA204S25	SES206	-0.511108	-5.99362	-5.48251
BLOCK20/SES204/SA204S25	SES226	-0.588948	-6.07146	-5.48251
BLOCK20/SES204/SA204S27	SES068	-0.768463	-6.98775	-6.21929
BLOCK20/SES204/SA204S27	SES082	-1.59706	-7.81635	-6.21929
BLOCK20/SES204/SA204S27	SES087	0.783113	-5.43618	-6.21929
BLOCK20/SES204/SA204S27	SES206	-0.855487	-7.07478	-6.21929
BLOCK20/SES207/SA207S10	SES127	-1.6113	-6.31647	-4.70517
BLOCK20/SES207/SA207S10	SES183	-0.477375	-5.18254	-4.70517
BLOCK20/SES207/SA207S10	SES189	-0.060081	-4.76525	-4.70517
BLOCK20/SES207/SA207S10	SES292	-0.566466	-5.27164	-4.70517
BLOCK20/SES207/SA207S11	SES127	-1.05992	-5.81187	-4.75195
BLOCK20/SES207/SA207S11	SES183	-0.614796	-5.36675	-4.75195
BLOCK20/SES207/SA207S11	SES187	-0.446244	-5.1982	-4.75195
BLOCK20/SES207/SA207S11	SES292	-0.66046	-5.41241	-4.75195
BLOCK20/SES207/SA207S25	SES068	-0.836692	-6.9602	-6.12351
BLOCK20/SES207/SA207S25	SES083	-1.42851	-7.55202	-6.12351
BLOCK20/SES207/SA207S25	SES127	-0.506185	-6.6297	-6.12351
BLOCK20/SES207/SA207S25	SES187	-0.857778	-6.98129	-6.12351
BLOCK20/SES207/SA207S27	SES127	-0.667986	-8.31958	-7.65159
BLOCK20/SES207/SA207S27	SES183	-0.541115	-8.19271	-7.65159
BLOCK20/SES207/SA207S27	SES187	-0.20007	-7.85166	-7.65159
BLOCK20/SES207/SA207S27	SES292	-0.74823	-8.39982	-7.65159
BLOCK20/SES207/SA207S29	SES083	-1.62036	-5.53754	-3.91718
BLOCK20/SES207/SA207S29	SES085	-0.414557	-4.33174	-3.91718
BLOCK20/SES207/SA207S29	SES172	0.263038	-3.65415	-3.91718
BLOCK20/SES207/SA207S29	SES189	-2.86558	-6.78276	-3.91718
BLOCK22/SES221/SA221S12	SES068	0.44939	-4.49105	-4.94044
BLOCK22/SES221/SA221S12	SES143	-0.203001	-5.14344	-4.94044
BLOCK22/SES221/SA221S12	SES175	0.0976591	-4.84278	-4.94044
BLOCK22/SES221/SA221S12	SES202	0.0933051	-4.84714	-4.94044
BLOCK22/SES221/SA221S15	SES085	0.00987053	-5.3586	-5.36847
BLOCK22/SES221/SA221S15	SES143	-0.437312	-5.80578	-5.36847
BLOCK22/SES221/SA221S15	SES175	-0.43646	-5.80493	-5.36847
BLOCK22/SES221/SA221S15	SES187	-1.25577	-6.62424	-5.36847
BLOCK22/SES221/SA221S23	SES068	0.535918	-5.14199	-5.67791
BLOCK22/SES221/SA221S23	SES143	-0.725796	-6.4037	-5.67791
BLOCK22/SES221/SA221S23	SES175	-0.260413	-5.93832	-5.67791
BLOCK22/SES221/SA221S23	SES189	-1.02684	-6.70474	-5.67791
BLOCK22/SES221/SA221S27	SES085	0.556371	-5.46251	-6.01888
BLOCK22/SES221/SA221S27	SES143	0.0797486	-5.93913	-6.01888
BLOCK22/SES221/SA221S27	SES175	0.13285	-5.88603	-6.01888
BLOCK22/SES221/SA221S27	SES189	-0.83015	-6.84903	-6.01888
BLOCK22/SES221/SA221S29	SES085	0.092576	-8.6506	-8.74317
BLOCK22/SES221/SA221S29	SES143	0.795841	-7.94733	-8.74317
BLOCK22/SES221/SA221S29	SES175	0.512538	-8.23063	-8.74317
BLOCK22/SES221/SA221S29	SES187	-1.02651	-9.76968	-8.74317
BLOCK22/SES223/SA223S11	SES143	-0.0735822	-7.37216	-7.29857
BLOCK22/SES223/SA223S11	SES144	-2.19972	-9.49829	-7.29857
BLOCK22/SES223/SA223S11	SES175	-0.45982	-7.75839	-7.29857
BLOCK22/SES223/SA223S11	SES187	-0.971842	-8.27042	-7.29857
BLOCK22/SES223/SA223S13	SES068	-0.369834	-9.00132	-8.63148
BLOCK22/SES223/SA223S13	SES143	-1.54982	-10.1813	-8.63148
BLOCK22/SES223/SA223S13	SES146	-0.548636	-9.18012	-8.63148
BLOCK22/SES223/SA223S13	SES202	-0.808734	-9.44022	-8.63148
BLOCK22/SES223/SA223S22	SES143	-0.10385	-5.60344	-5.49959
BLOCK22/SES223/SA223S22	SES144	-2.37058	-7.87017	-5.49959
BLOCK22/SES223/SA223S22	SES175	-0.58323	-6.08282	-5.49959
BLOCK22/SES223/SA223S22	SES187	-0.39688	-5.89647	-5.49959
BLOCK22/SES223/SA223S25	SES068	0.035635	-6.5819	-6.61754
BLOCK22/SES223/SA223S25	SES143	0.0176282	-6.59991	-6.61754
BLOCK22/SES223/SA223S25	SES175	0.0536232	-6.56391	-6.61754
BLOCK22/SES223/SA223S25	SES187	-0.575497	-7.19303	-6.61754
BLOCK22/SES223/SA223S27	SES143	0.79619	-7.96098	-8.75717
BLOCK22/SES223/SA223S27	SES146	-0.528017	-9.28518	-8.75717
BLOCK22/SES223/SA223S27	SES187	0.139773	-8.61739	-8.75717
BLOCK22/SES223/SA223S27	SES292	0.761476	-7.99569	-8.75717
BLOCK27/SES273/SA273S12	SES099	0.495801	-6.16158	-6.65738
BLOCK27/SES273/SA273S12	SES104	0.363075	-6.29431	-6.65738
BLOCK27/SES273/SA273S12	SES125	0.0362425	-6.62114	-6.65738
BLOCK27/SES273/SA273S12	SES206	0.917943	-5.73944	-6.65738
BLOCK27/SES273/SA273S13	SES099	0.125381	-3.00818	-3.13356
BLOCK27/SES273/SA273S13	SES104	-0.37784	-3.5114	-3.13356
BLOCK27/SES273/SA273S13	SES206	-0.288038	-3.4216	-3.13356
BLOCK27/SES273/SA273S13	SES292	0.296787	-2.83677	-3.13356
BLOCK27/SES273/SA273S21	SES099	-0.130102	-4.37264	-4.24254
BLOCK27/SES273/SA273S21	SES148	-2.61311	-6.85565	-4.24254
BLOCK27/SES273/SA273S21	SES149	-1.57403	-5.81657	-4.24254
BLOCK27/SES273/SA273S21	SES177	-0.943655	-5.18619	-4.24254
BLOCK27/SES273/SA273S25	SES104	0.201573	-7.1277	-7.32927
BLOCK27/SES273/SA273S25	SES125	-0.3829	-7.71217	-7.32927
BLOCK27/SES273/SA273S25	SES158	0.805238	-6.52404	-7.32927
BLOCK27/SES273/SA273S25	SES206	0.545259	-6.78401	-7.32927
BLOCK27/SES273/SA273S27	SES099	0.062561	-2.30057	-2.36313
BLOCK27/SES273/SA273S27	SES104	-0.587777	-2.95091	-2.36313
BLOCK27/SES273/SA273S27	SES149	-0.535628	-2.89876	-2.36313
BLOCK27/SES273/SA273S27	SES275	-0.631903	-2.99503	-2.36313
BLOCK27/SES274/SA274S10	SES105	-2.07308	-4.60103	-2.52794
BLOCK27/SES274/SA274S10	SES125	-2.65214	-5.18008	-2.52794
BLOCK27/SES274/SA274S10	SES129	-0.508466	-3.03641	-2.52794
BLOCK27/SES274/SA274S10	SES158	-4.76782	-7.29576	-2.52794
BLOCK27/SES274/SA274S11	SES105	-1.46967	-6.39115	-4.92148
BLOCK27/SES274/SA274S11	SES149	-1.12945	-6.05093	-4.92148
BLOCK27/SES274/SA274S11	SES158	-1.72396	-6.64544	-4.92148
BLOCK27/SES274/SA274S11	SES275	-0.525779	-5.44726	-4.92148
BLOCK27/SES274/SA274S21	SES105	-1.5239	-6.60972	-5.08582
BLOCK27/SES274/SA274S21	SES129	-0.0429707	-5.12879	-5.08582
BLOCK27/SES274/SA274S21	SES149	-1.43177	-6.51759	-5.08582
BLOCK27/SES274/SA274S21	SES158	-2.28026	-7.36608	-5.08582
BLOCK27/SES274/SA274S24	SES105	-1.83994	-6.93335	-5.09341
BLOCK27/SES274/SA274S24	SES129	-0.209547	-5.30296	-5.09341
BLOCK27/SES274/SA274S24	SES149	-1.78923	-6.88264	-5.09341
BLOCK27/SES274/SA274S24	SES158	-3.40551	-8.49893	-5.09341
BLOCK27/SES274/SA274S29	SES105	-1.88098	-6.24256	-4.36158
BLOCK27/SES274/SA274S29	SES106	-2.26939	-6.63098	-4.36158
BLOCK27/SES274/SA274S29	SES120	-0.987651	-5.34924	-4.36158
BLOCK27/SES274/SA274S29	SES275	-0.785383	-5.14697	-4.36158
BLOCK27/SES276/SA276S16	SES148	-2.09341	-7.85966	-5.76625
BLOCK27/SES276/SA276S16	SES172	0.704518	-5.06173	-5.76625
BLOCK27/SES276/SA276S16	SES180	0.403877	-5.36237	-5.76625
BLOCK27/SES276/SA276S16	SES292	0.558813	-5.20743	-5.76625
BLOCK27/SES276/SA276S17	SES101	-0.5849	-5.64881	-5.06391
BLOCK27/SES276/SA276S17	SES177	-0.412375	-5.47629	-5.06391
BLOCK27/SES276/SA276S17	SES180	-0.42972	-5.49363	-5.06391
BLOCK27/SES276/SA276S17	SES292	-0.00854683	-5.07246	-5.06391
BLOCK27/SES276/SA276S24	SES101	-0.424835	-4.70094	-4.27611
BLOCK27/SES276/SA276S24	SES177	0.0519648	-4.22414	-4.27611
BLOCK27/SES276/SA276S24	SES180	-0.0165238	-4.29263	-4.27611
BLOCK27/SES276/SA276S24	SES292	-0.386405	-4.66251	-4.27611
BLOCK27/SES276/SA276S26	SES101	-1.08188	-3.04463	-1.96275
BLOCK27/SES276/SA276S26	SES177	-0.126652	-2.0894	-1.96275
BLOCK27/SES276/SA276S26	SES180	-0.170082	-2.13283	-1.96275
BLOCK27/SES276/SA276S26	SES292	0.406571	-1.55618	-1.96275
BLOCK27/SES276/SA276S28	SES101	-0.506111	-2.90786	-2.40175
BLOCK27/SES276/SA276S28	SES177	-0.400617	-2.80237	-2.40175
BLOCK27/SES276/SA276S28	SES180	0.408884	-1.99287	-2.40175
BLOCK27/SES276/SA276S28	SES292	-0.112197	-2.51395	-2.40175
BLOCK27/SES277/SA277S12	SES101	-0.701346	-8.18446	-7.48312
BLOCK27/SES277/SA277S12	SES177	-1.71873	-9.20185	-7.48312
BLOCK27/SES277/SA277S12	SES180	-1.67763	-9.16074	-7.48312
BLOCK27/SES277/SA277S12	SES292	-0.918944	-8.40206	-7.48312
BLOCK27/SES277/SA277S14	SES177	-1.31073	-8.20471	-6.89398
BLOCK27/SES277/SA277S14	SES180	-1.7148	-8.60878	-6.89398
BLOCK27/SES277/SA277S14	SES189	-0.105108	-6.99908	-6.89398
BLOCK27/SES277/SA277S14	SES292	-1.48846	-8.38243	-6.89398
BLOCK27/SES277/SA277S21	SES177	-0.66076	-6.95999	-6.29923
BLOCK27/SES277/SA277S21	SES180	-1.13732	-7.43654	-6.29923
BLOCK27/SES277/SA277S21	SES189	-0.279162	-6.57839	-6.29923
BLOCK27/SES277/SA277S21	SES292	-1.18818	-7.48741	-6.29923
BLOCK27/SES277/SA277S24	SES144	-1.04046	-8.73311	-7.69266
BLOCK27/SES277/SA277S24	SES177	-1.92356	-9.61621	-7.69266
BLOCK27/SES277/SA277S24	SES180	-1.93432	-9.62698	-7.69266
BLOCK27/SES277/SA277S24	SES189	-0.312446	-8.0051	-7.69266
BLOCK27/SES277/SA277S29	SES177	-0.342719	-3.53357	-3.19085
BLOCK27/SES277/SA277S29	SES180	-0.432056	-3.62291	-3.19085
BLOCK27/SES277/SA277S29	SES202	-0.0951395	-3.28599	-3.19085
BLOCK27/SES277/SA277S29	SES292	-0.693926	-3.88478	-3.19085
BLOCK27/SES279/SA279S09	SES120	-0.539232	-4.73237	-4.19314
BLOCK27/SES279/SA279S09	SES146	-0.968093	-5.16123	-4.19314
BLOCK27/SES279/SA279S09	SES206	0.318371	-3.87477	-4.19314
BLOCK27/SES279/SA279S09	SES226	-1.86397	-6.05711	-4.19314
BLOCK27/SES279/SA279S10	SES099	0.219462	-4.90208	-5.12154
BLOCK27/SES279/SA279S10	SES206	-0.597964	-5.7195	-5.12154
BLOCK27/SES279/SA279S10	SES226	-1.9681	-7.08964	-5.12154
BLOCK27/SES279/SA279S10	SES292	0.697066	-4.42447	-5.12154
BLOCK27/SES279/SA279S20	SES099	-2.40822	-8.71216	-6.30394
BLOCK27/SES279/SA279S20	SES206	-0.404943	-6.70888	-6.30394
BLOCK27/SES279/SA279S20	SES226	-3.38644	-9.69038	-6.30394
BLOCK27/SES279/SA279S20	SES292	0.397797	-5.90614	-6.30394
BLOCK27/SES279/SA279S26	SES099	-0.320666	-8.01259	-7.69193
BLOCK27/SES279/SA279S26	SES206	0.997116	-6.69481	-7.69193
BLOCK27/SES279/SA279S26	SES226	-1.84194	-9.53387	-7.69193
BLOCK27/SES279/SA279S26	SES292	1.06404	-6.62789	-7.69193
BLOCK27/SES279/SA279S28	SES099	0.342689	-1.83938	-2.18207
BLOCK27/SES279/SA279S28	SES120	-0.601995	-2.78406	-2.18207
BLOCK27/SES279/SA279S28	SES177	-0.981339	-3.16341	-2.18207
BLOCK27/SES279/SA279S28	SES206	-0.1533	-2.33537	-2.18207
BLOCK29/SES290/SA290S12	SES162	0.024467	-5.21003	-5.23449
BLOCK29/SES290/SA290S12	SES177	-0.303456	-5.53795	-5.23449
BLOCK29/SES290/SA290S12	SES180	-0.195186	-5.42968	-5.23449
BLOCK29/SES290/SA290S12	SES292	-0.634964	-5.86946	-5.23449
BLOCK29/SES290/SA290S13	SES007	-0.250898	-5.21051	-4.95962
BLOCK29/SES290/SA290S13	SES162	-0.883749	-5.84336	-4.95962
BLOCK29/SES290/SA290S13	SES177	-0.46263	-5.42225	-4.95962
BLOCK29/SES290/SA290S13	SES180	-0.253013	-5.21263	-4.95962
BLOCK29/SES290/SA290S22	SES177	-0.129757	-5.11243	-4.98267
BLOCK29/SES290/SA290S22	SES180	-0.478694	-5.46137	-4.98267
BLOCK29/SES290/SA290S22	SES202	0.0796022	-4.90307	-4.98267
BLOCK29/SES290/SA290S22	SES292	-0.86674	-5.84941	-4.98267
BLOCK29/SES290/SA290S25	SES162	-0.616189	-6.13705	-5.52086
BLOCK29/SES290/SA290S25	SES177	-0.690662	-6.21152	-5.52086
BLOCK29/SES290/SA290S25	SES180	-1.04663	-6.56749	-5.52086
BLOCK29/SES290/SA290S25	SES292	-0.41644	-5.9373	-5.52086
BLOCK29/SES290/SA290S29	SES177	0.392914	-2.455	-2.84791
BLOCK29/SES290/SA290S29	SES180	0.496413	-2.3515	-2.84791
BLOCK29/SES290/SA290S29	SES275	0.647314	-2.2006	-2.84791
BLOCK29/SES290/SA290S29	SES292	-0.0233059	-2.87122	-2.84791
BLOCK29/SES291/SA291S11	SES105	-0.738296	-7.69244	-6.95415
BLOCK29/SES291/SA291S11	SES125	-0.685408	-7.63955	-6.95415
BLOCK29/SES291/SA291S11	SES158	-1.0422	-7.99635	-6.95415
BLOCK29/SES291/SA291S11	SES275	-1.14143	-8.09558	-6.95415
BLOCK29/SES291/SA291S12	SES158	1.33944	-7.10718	-8.44661
BLOCK29/SES291/SA291S12	SES226	-2.25577	-10.7024	-8.44661
BLOCK29/SES291/SA291S12	SES270	-1.24162	-9.68823	-8.44661
BLOCK29/SES291/SA291S12	SES275	-2.86738	-11.314	-8.44661
BLOCK29/SES291/SA291S22	SES082	-0.837934	-6.30527	-5.46734
BLOCK29/SES291/SA291S22	SES158	-0.266643	-5.73398	-5.46734
BLOCK29/SES291/SA291S22	SES259	-0.477409	-5.94475	-5.46734
BLOCK29/SES291/SA291S22	SES275	-1.92193	-7.38927	-5.46734
BLOCK29/SES291/SA291S24	SES104	0.290368	-6.16878	-6.45914
BLOCK29/SES291/SA291S24	SES125	0.325189	-6.13396	-6.45914
BLOCK29/SES291/SA291S24	SES158	0.254949	-6.20419	-6.45914
BLOCK29/SES291/SA291S24	SES275	-2.00485	-8.46399	-6.45914
BLOCK29/SES291/SA291S27	SES158	0.456348	-4.01492	-4.47127
BLOCK29/SES291/SA291S27	SES172	-2.4118	-6.88307	-4.47127
BLOCK29/SES291/SA291S27	SES275	-1.24494	-5.71621	-4.47127
BLOCK29/SES291/SA291S27	SES292	-0.357843	-4.82911	-4.47127
