BLOCK00/SES002/SA002S12	SES002	1.41442	-50.511	-51.9255
BLOCK00/SES002/SA002S13	SES002	2.14253	-50.0533	-52.1958
BLOCK00/SES002/SA002S23	SES002	1.72523	-50.0535	-51.7788
BLOCK00/SES002/SA002S26	SES002	2.23465	-49.6458	-51.8805
BLOCK00/SES002/SA002S28	SES002	1.42416	-51.0094	-52.4336
BLOCK00/SES007/SA007S14	SES007	1.76833	-49.7845	-51.5528
BLOCK00/SES007/SA007S15	SES007	1.10316	-51.5022	-52.6053
BLOCK00/SES007/SA007S24	SES007	1.21658	-51.3639	-52.5805
BLOCK00/SES007/SA007S27	SES007	0.779636	-52.1181	-52.8977
BLOCK00/SES007/SA007S29	SES007	0.797195	-51.0906	-51.8878
BLOCK00/SES008/SA008S11	SES008	1.65767	-51.0065	-52.6642
BLOCK00/SES008/SA008S12	SES008	0.507275	-52.0703	-52.5776
BLOCK00/SES008/SA008S19	SES008	2.26041	-50.311	-52.5714
BLOCK00/SES008/SA008S22	SES008	1.49899	-51.5376	-53.0366
BLOCK00/SES008/SA008S29	SES008	1.5788	-50.7826	-52.3614
BLOCK01/SES014/SA014S10	SES014	2.23023	-50.8744	-53.1046
BLOCK01/SES014/SA014S12	SES014	3.01118	-48.3397	-51.3509
BLOCK01/SES014/SA014S24	SES014	1.75022	-49.977	-51.7272
BLOCK01/SES014/SA014S26	SES014	2.60875	-47.801	-50.4097
BLOCK01/SES014/SA014S28	SES014	3.07953	-48.254	-51.3335
BLOCK01/SES016/SA016S12	SES016	1.66964	-52.663	-54.3326
BLOCK01/SES016/SA016S13	SES016	1.37288	-51.6976	-53.0705
BLOCK01/SES016/SA016S22	SES016	0.697258	-52.3604	-53.0577
BLOCK01/SES016/SA016S25	SES016	2.08577	-49.0236	-51.1093
BLOCK01/SES016/SA016S27	SES016	1.89135	-49.6223	-51.5137
BLOCK01/SES019/SA019S13	SES019	3.11364	-50.7541	-53.8678
BLOCK01/SES019/SA019S14	SES019	2.02279	-51.2255	-53.2482
BLOCK01/SES019/SA019S22	SES019	2.99715	-50.3568	-53.354
BLOCK01/SES019/SA019S25	SES019	2.60182	-51.0266	-53.6284
BLOCK01/SES019/SA019S29	SES019	3.34669	-50.5008	-53.8474
BLOCK02/SES029/SA029S11	SES029	1.76525	-50.6622	-52.4275
BLOCK02/SES029/SA029S12	SES029	0.846661	-51.3622	-52.2088
BLOCK02/SES029/SA029S20	SES029	0.797497	-52.4289	-53.2264
BLOCK02/SES029/SA029S25	SES029	0.959145	-50.866	-51.8252
BLOCK02/SES029/SA029S28	SES029	0.652634	-51.8199	-52.4725
BLOCK04/SES042/SA042S12	SES042	2.58879	-49.1359	-51.7247
BLOCK04/SES042/SA042S15	SES042	2.52743	-49.6876	-52.215
BLOCK04/SES042/SA042S22	SES042	3.57027	-47.656	-51.2263
BLOCK04/SES042/SA042S25	SES042	2.1931	-50.5654	-52.7585
BLOCK04/SES042/SA042S27	SES042	2.10101	-49.2002	-51.3012
BLOCK04/SES048/SA048S11	SES048	1.37544	-50.7505	-52.1259
BLOCK04/SES048/SA048S12	SES048	0.725361	-51.249	-51.9743
BLOCK04/SES048/SA048S20	SES048	1.09534	-50.5953	-51.6906
BLOCK04/SES048/SA048S23	SES048	1.54771	-51.2011	-52.7488
BLOCK04/SES048/SA048S27	SES048	1.22916	-50.2352	-51.4644
BLOCK06/SES060/SA060S11	SES060	1.58714	-51.0792	-52.6663
BLOCK06/SES060/SA060S12	SES060	-0.880138	-53.5838	-52.7037
BLOCK06/SES060/SA060S22	SES060	0.122841	-53.3219	-53.4448
BLOCK06/SES060/SA060S24	SES060	1.12469	-51.1624	-52.2871
BLOCK06/SES060/SA060S28	SES060	1.6272	-48.5799	-50.2071
BLOCK06/SES062/SA062S10	SES062	1.43794	-50.519	-51.9569
BLOCK06/SES062/SA062S11	SES062	1.52702	-50.7136	-52.2406
BLOCK06/SES062/SA062S21	SES062	2.96013	-47.677	-50.6372
BLOCK06/SES062/SA062S26	SES062	0.812069	-50.0862	-50.8983
BLOCK06/SES062/SA062S29	SES062	2.01883	-49.1556	-51.1745
BLOCK06/SES068/SA068S14	SES068	0.982292	-51.4001	-52.3824
BLOCK06/SES068/SA068S15	SES068	2.11211	-49.5556	-51.6677
BLOCK06/SES068/SA068S23	SES068	1.00381	-52.0702	-53.0741
BLOCK06/SES068/SA068S27	SES068	2.25524	-49.6827	-51.938
BLOCK06/SES068/SA068S29	SES068	1.12076	-50.8058	-51.9265
BLOCK08/SES082/SA082S12	SES082	0.890049	-52.2835	-53.1736
BLOCK08/SES082/SA082S14	SES082	0.702789	-52.5021	-53.2049
BLOCK08/SES082/SA082S21	SES082	0.624157	-52.0462	-52.6704
BLOCK08/SES082/SA082S24	SES082	1.00402	-51.0435	-52.0475
BLOCK08/SES082/SA082S28	SES082	0.0664444	-52.5946	-52.6611
BLOCK08/SES083/SA083S14	SES083	-0.0350151	-52.0582	-52.0232
BLOCK08/SES083/SA083S15	SES083	0.476017	-51.4123	-51.8883
BLOCK08/SES083/SA083S24	SES083	0.256119	-51.8841	-52.1402
BLOCK08/SES083/SA083S26	SES083	0.954624	-51.2086	-52.1633
BLOCK08/SES083/SA083S29	SES083	0.191063	-51.5796	-51.7707
BLOCK08/SES085/SA085S10	SES085	0.546581	-51.2248	-51.7714
BLOCK08/SES085/SA085S13	SES085	0.733433	-51.9968	-52.7302
BLOCK08/SES085/SA085S22	SES085	-1.8751	-54.2465	-52.3714
BLOCK08/SES085/SA085S26	SES085	-0.306572	-52.5343	-52.2278
BLOCK08/SES085/SA085S28	SES085	0.999283	-51.2959	-52.2952
BLOCK08/SES087/SA087S15	SES087	1.61905	-51.0432	-52.6622
BLOCK08/SES087/SA087S16	SES087	1.94191	-50.6395	-52.5814
BLOCK08/SES087/SA087S24	SES087	1.56448	-50.8774	-52.4419
BLOCK08/SES087/SA087S26	SES087	1.66912	-49.4345	-51.1036
BLOCK08/SES087/SA087S29	SES087	1.75604	-51.0254	-52.7815
BLOCK09/SES099/SA099S15	SES099	1.69833	-51.5031	-53.2014
BLOCK09/SES099/SA099S16	SES099	1.22992	-51.0971	-52.3271
BLOCK09/SES099/SA099S24	SES099	1.7394	-50.3762	-52.1156
BLOCK09/SES099/SA099S26	SES099	1.80982	-50.3217	-52.1315
BLOCK09/SES099/SA099S29	SES099	1.63784	-50.4559	-52.0938
BLOCK10/SES101/SA101S11	SES101	0.489429	-51.2828	-51.7723
BLOCK10/SES101/SA101S13	SES101	1.29055	-50.4216	-51.7122
BLOCK10/SES101/SA101S22	SES101	1.06434	-51.9268	-52.9912
BLOCK10/SES101/SA101S24	SES101	1.20637	-51.1983	-52.4047
BLOCK10/SES101/SA101S28	SES101	0.383415	-52.3727	-52.7562
BLOCK10/SES104/SA104S11	SES104	1.04356	-50.0353	-51.0789
BLOCK10/SES104/SA104S12	SES104	1.49322	-50.0077	-51.5009
BLOCK10/SES104/SA104S21	SES104	1.02409	-51.0765	-52.1006
BLOCK10/SES104/SA104S24	SES104	0.445457	-51.7252	-52.1706
BLOCK10/SES104/SA104S28	SES104	0.905552	-51.0084	-51.914
BLOCK10/SES105/SA105S12	SES105	1.01223	-52.37	-53.3822
BLOCK10/SES105/SA105S13	SES105	1.28247	-51.7519	-53.0343
BLOCK10/SES105/SA105S22	SES105	0.628647	-52.8157	-53.4443
BLOCK10/SES105/SA105S26	SES105	1.37128	-51.6491	-53.0204
BLOCK10/SES105/SA105S29	SES105	0.923428	-51.945	-52.8684
BLOCK10/SES106/SA106S09	SES106	0.705273	-52.6405	-53.3458
BLOCK10/SES106/SA106S11	SES106	1.61965	-50.2776	-51.8972
BLOCK10/SES106/SA106S22	SES106	2.62513	-50.7266	-53.3517
BLOCK10/SES106/SA106S27	SES106	1.3098	-51.4917	-52.8015
BLOCK10/SES106/SA106S29	SES106	0.759872	-51.2436	-52.0035
BLOCK11/SES117/SA117S12	SES117	0.559601	-52.5281	-53.0877
BLOCK11/SES117/SA117S13	SES117	0.803204	-51.6797	-52.4829
BLOCK11/SES117/SA117S23	SES117	2.02606	-52.79	-54.8161
BLOCK11/SES117/SA117S25	SES117	1.12919	-52.546	-53.6752
BLOCK11/SES117/SA117S28	SES117	1.51455	-52.6046	-54.1191
BLOCK12/SES120/SA120S08	SES120	1.62292	-52.9627	-54.5856
BLOCK12/SES120/SA120S11	SES120	0.933655	-54.2961	-55.2298
BLOCK12/SES120/SA120S22	SES120	0.317329	-52.0964	-52.4137
BLOCK12/SES120/SA120S24	SES120	0.12421	-52.9094	-53.0336
BLOCK12/SES120/SA120S28	SES120	0.707939	-53.6495	-54.3575
BLOCK12/SES125/SA125S13	SES125	2.38447	-49.6396	-52.0241
BLOCK12/SES125/SA125S14	SES125	1.46519	-50.7952	-52.2604
BLOCK12/SES125/SA125S25	SES125	2.34902	-49.9063	-52.2554
BLOCK12/SES125/SA125S27	SES125	2.36809	-49.3117	-51.6797
BLOCK12/SES125/SA125S29	SES125	2.48079	-49.757	-52.2378
BLOCK12/SES127/SA127S11	SES127	1.11111	-51.9104	-53.0215
BLOCK12/SES127/SA127S12	SES127	-0.404659	-52.132	-51.7273
BLOCK12/SES127/SA127S23	SES127	0.683994	-51.8597	-52.5437
BLOCK12/SES127/SA127S25	SES127	0.451447	-52.1927	-52.6442
BLOCK12/SES127/SA127S27	SES127	1.2204	-51.0506	-52.271
BLOCK12/SES129/SA129S11	SES129	1.81149	-50.4523	-52.2638
BLOCK12/SES129/SA129S12	SES129	1.80138	-50.0304	-51.8318
BLOCK12/SES129/SA129S22	SES129	1.29379	-50.9569	-52.2507
BLOCK12/SES129/SA129S27	SES129	2.07952	-50.0334	-52.1129
BLOCK12/SES129/SA129S29	SES129	1.88372	-50.0112	-51.8949
BLOCK14/SES142/SA142S11	SES142	2.46432	-51.2199	-53.6842
BLOCK14/SES142/SA142S12	SES142	1.4063	-52.519	-53.9253
BLOCK14/SES142/SA142S24	SES142	2.8851	-50.8243	-53.7094
BLOCK14/SES142/SA142S27	SES142	2.51313	-50.9247	-53.4378
BLOCK14/SES142/SA142S29	SES142	3.21935	-49.7455	-52.9649
BLOCK14/SES143/SA143S12	SES143	1.47804	-51.8881	-53.3661
BLOCK14/SES143/SA143S13	SES143	1.20118	-52.0513	-53.2525
BLOCK14/SES143/SA143S23	SES143	1.0421	-52.2155	-53.2576
BLOCK14/SES143/SA143S25	SES143	1.01572	-51.8074	-52.8231
BLOCK14/SES143/SA143S28	SES143	1.32808	-51.1064	-52.4345
BLOCK14/SES144/SA144S09	SES144	1.01262	-51.7632	-52.7759
BLOCK14/SES144/SA144S11	SES144	1.06989	-52.1831	-53.2529
BLOCK14/SES144/SA144S21	SES144	0.587894	-52.2642	-52.8521
BLOCK14/SES144/SA144S25	SES144	1.17594	-52.2904	-53.4664
BLOCK14/SES144/SA144S29	SES144	0.0660286	-52.4202	-52.4862
BLOCK14/SES146/SA146S14	SES146	1.02235	-52.4161	-53.4385
BLOCK14/SES146/SA146S15	SES146	0.886971	-52.3372	-53.2241
BLOCK14/SES146/SA146S24	SES146	0.383247	-52.5437	-52.9269
BLOCK14/SES146/SA146S26	SES146	1.23948	-52.4336	-53.6731
BLOCK14/SES146/SA146S29	SES146	0.559135	-53.1133	-53.6724
BLOCK14/SES147/SA147S11	SES147	2.45694	-51.5014	-53.9583
BLOCK14/SES147/SA147S13	SES147	2.58003	-50.5277	-53.1077
BLOCK14/SES147/SA147S23	SES147	2.15347	-51.886	-54.0395
BLOCK14/SES147/SA147S26	SES147	1.84019	-51.969	-53.8092
BLOCK14/SES147/SA147S28	SES147	2.44664	-51.0095	-53.4562
BLOCK14/SES148/SA148S10	SES148	1.63765	-50.9079	-52.5455
BLOCK14/SES148/SA148S12	SES148	1.05305	-52.0816	-53.1346
BLOCK14/SES148/SA148S22	SES148	1.57762	-50.226	-51.8036
BLOCK14/SES148/SA148S26	SES148	0.965443	-50.9946	-51.96
BLOCK14/SES148/SA148S29	SES148	0.7995	-51.9807	-52.7802
BLOCK14/SES149/SA149S13	SES149	0.163368	-52.1663	-52.3296
BLOCK14/SES149/SA149S14	SES149	0.663177	-51.0195	-51.6827
BLOCK14/SES149/SA149S24	SES149	1.298	-51.1528	-52.4508
BLOCK14/SES149/SA149S26	SES149	2.31145	-50.3221	-52.6335
BLOCK14/SES149/SA149S28	SES149	2.66137	-49.7607	-52.422
BLOCK15/SES158/SA158S13	SES158	1.43928	-51.769	-53.2083
BLOCK15/SES158/SA158S14	SES158	2.85178	-50.7203	-53.5721
BLOCK15/SES158/SA158S23	SES158	1.30862	-51.361	-52.6696
BLOCK15/SES158/SA158S26	SES158	2.06185	-51.0871	-53.149
BLOCK15/SES158/SA158S28	SES158	1.25855	-51.5476	-52.8061
BLOCK16/SES162/SA162S10	SES162	0.48122	-52.8953	-53.3765
BLOCK16/SES162/SA162S11	SES162	1.25071	-51.4743	-52.725
BLOCK16/SES162/SA162S21	SES162	1.85126	-51.3089	-53.1601
BLOCK16/SES162/SA162S24	SES162	1.06372	-51.9891	-53.0528
BLOCK16/SES162/SA162S27	SES162	1.51026	-51.9479	-53.4582
BLOCK16/SES167/SA167S14	SES167	1.16308	-50.5008	-51.6639
BLOCK16/SES167/SA167S15	SES167	1.92728	-50.977	-52.9043
BLOCK16/SES167/SA167S21	SES167	1.5798	-50.3522	-51.932
BLOCK16/SES167/SA167S25	SES167	1.8336	-51.1216	-52.9552
BLOCK16/SES167/SA167S29	SES167	2.62021	-49.3386	-51.9589
BLOCK17/SES172/SA172S12	SES172	1.66909	-51.3133	-52.9824
BLOCK17/SES172/SA172S13	SES172	2.27803	-51.4375	-53.7155
BLOCK17/SES172/SA172S23	SES172	1.39666	-50.1927	-51.5893
BLOCK17/SES172/SA172S27	SES172	1.06331	-51.9903	-53.0536
BLOCK17/SES172/SA172S29	SES172	1.81668	-51.0917	-52.9084
BLOCK17/SES175/SA175S11	SES175	1.80154	-51.2181	-53.0196
BLOCK17/SES175/SA175S13	SES175	1.28012	-51.4767	-52.7568
BLOCK17/SES175/SA175S23	SES175	2.11867	-51.2444	-53.363
BLOCK17/SES175/SA175S25	SES175	1.33408	-53.1119	-54.446
BLOCK17/SES175/SA175S28	SES175	1.889	-50.8285	-52.7175
BLOCK17/SES177/SA177S15	SES177	0.458965	-52.0731	-52.5321
BLOCK17/SES177/SA177S17	SES177	0.528255	-51.8567	-52.3849
BLOCK17/SES177/SA177S23	SES177	0.140015	-52.6285	-52.7685
BLOCK17/SES177/SA177S26	SES177	1.10354	-49.8511	-50.9546
BLOCK17/SES177/SA177S28	SES177	1.04885	-50.7084	-51.7573
BLOCK18/SES180/SA180S13	SES180	1.07156	-51.8009	-52.8724
BLOCK18/SES180/SA180S15	SES180	1.13742	-52.0805	-53.2179
BLOCK18/SES180/SA180S24	SES180	1.04163	-50.447	-51.4887
BLOCK18/SES180/SA180S26	SES180	1.37919	-50.9994	-52.3786
BLOCK18/SES180/SA180S29	SES180	1.18921	-51.9637	-53.1529
BLOCK18/SES183/SA183S13	SES183	1.24746	-52.4285	-53.6759
BLOCK18/SES183/SA183S14	SES183	0.584492	-52.5441	-53.1285
BLOCK18/SES183/SA183S24	SES183	1.38923	-52.5026	-53.8918
BLOCK18/SES183/SA183S27	SES183	1.54667	-51.6028	-53.1495
BLOCK18/SES183/SA183S29	SES183	1.17768	-51.4505	-52.6282
BLOCK18/SES187/SA187S13	SES187	0.801155	-52.9001	-53.7013
BLOCK18/SES187/SA187S14	SES187	1.1207	-52.426	-53.5467
BLOCK18/SES187/SA187S24	SES187	1.70901	-51.3865	-53.0955
BLOCK18/SES187/SA187S27	SES187	1.8058	-51.3376	-53.1434
BLOCK18/SES187/SA187S29	SES187	1.00093	-52.0763	-53.0772
BLOCK18/SES189/SA189S10	SES189	2.22103	-53.3531	-55.5742
BLOCK18/SES189/SA189S13	SES189	2.64215	-53.5247	-56.1668
BLOCK18/SES189/SA189S24	SES189	2.84875	-52.5389	-55.3877
BLOCK18/SES189/SA189S26	SES189	1.93767	-52.479	-54.4166
BLOCK18/SES189/SA189S29	SES189	2.56738	-52.1556	-54.723
BLOCK20/SES202/SA202S12	SES202	1.4851	-53.2285	-54.7136
BLOCK20/SES202/SA202S14	SES202	3.1102	-50.3765	-53.4867
BLOCK20/SES202/SA202S24	SES202	1.7594	-51.9386	-53.698
BLOCK20/SES202/SA202S27	SES202	1.95126	-50.373	-52.3243
BLOCK20/SES202/SA202S29	SES202	2.36414	-50.2118	-52.576
BLOCK20/SES206/SA206S15	SES206	-0.0116158	-51.3089	-51.2973
BLOCK20/SES206/SA206S17	SES206	2.24668	-49.3894	-51.636
BLOCK20/SES206/SA206S24	SES206	1.76022	-49.6568	-51.417
BLOCK20/SES206/SA206S27	SES206	1.97178	-50.2623	-52.2341
BLOCK20/SES206/SA206S29	SES206	1.89859	-49.1542	-51.0528
BLOCK22/SES226/SA226S12	SES226	1.30368	-51.5374	-52.8411
BLOCK22/SES226/SA226S13	SES226	-0.292706	-52.6737	-52.381
BLOCK22/SES226/SA226S20	SES226	1.14394	-51.726	-52.87
BLOCK22/SES226/SA226S23	SES226	1.46312	-50.9601	-52.4232
BLOCK22/SES226/SA226S28	SES226	1.43601	-50.8052	-52.2412
BLOCK25/SES259/SA259S13	SES259	3.33322	-49.1909	-52.5241
BLOCK25/SES259/SA259S14	SES259	1.9934	-50.4871	-52.4805
BLOCK25/SES259/SA259S22	SES259	1.8496	-50.4355	-52.2851
BLOCK25/SES259/SA259S24	SES259	1.93206	-49.466	-51.3981
BLOCK25/SES259/SA259S28	SES259	1.63682	-49.8184	-51.4552
BLOCK27/SES270/SA270S14	SES270	2.25488	-51.3465	-53.6014
BLOCK27/SES270/SA270S16	SES270	0.782879	-51.8416	-52.6244
BLOCK27/SES270/SA270S22	SES270	2.87403	-50.3378	-53.2119
BLOCK27/SES270/SA270S26	SES270	1.40395	-52.3207	-53.7246
BLOCK27/SES270/SA270S28	SES270	1.05107	-51.1996	-52.2507
BLOCK27/SES275/SA275S17	SES275	1.5635	-51.8914	-53.4549
BLOCK27/SES275/SA275S18	SES275	0.842613	-51.9132	-52.7558
BLOCK27/SES275/SA275S24	SES275	0.764587	-53.0767	-53.8413
BLOCK27/SES275/SA275S26	SES275	1.4772	-51.1922	-52.6694
BLOCK27/SES275/SA275S28	SES275	0.722572	-51.5024	-52.225
BLOCK29/SES292/SA292S10	SES292	0.273968	-52.5092	-52.7832
BLOCK29/SES292/SA292S12	SES292	0.605175	-52.7656	-53.3708
BLOCK29/SES292/SA292S22	SES292	1.30003	-51.1636	-52.4637
BLOCK29/SES292/SA292S24	SES292	0.337975	-51.8489	-52.1869
BLOCK29/SES292/SA292S27	SES292	0.329372	-51.4055	-51.7348
BLOCK00/SES001/SA001S14	SES062	-1.91843	-55.0554	-53.1369
BLOCK00/SES001/SA001S14	SES082	-3.3026	-56.4395	-53.1369
BLOCK00/SES001/SA001S14	SES106	-3.91714	-57.0541	-53.1369
BLOCK00/SES001/SA001S14	SES206	-4.48878	-57.6257	-53.1369
BLOCK00/SES001/SA001S15	SES062	-2.93421	-54.8351	-51.9009
BLOCK00/SES001/SA001S15	SES104	-3.87704	-55.7779	-51.9009
BLOCK00/SES001/SA001S15	SES106	-3.70282	-55.6037	-51.9009
BLOCK00/SES001/SA001S15	SES206	-4.92889	-56.8298	-51.9009
BLOCK00/SES001/SA001S24	SES062	-3.99857	-57.1775	-53.179
BLOCK00/SES001/SA001S24	SES082	-3.26696	-56.4459	-53.179
BLOCK00/SES001/SA001S24	SES087	-3.96767	-57.1466	-53.179
BLOCK00/SES001/SA001S24	SES206	-3.04049	-56.2194	-53.179
BLOCK00/SES001/SA001S27	SES062	-2.28789	-53.9695	-51.6816
BLOCK00/SES001/SA001S27	SES082	-2.25614	-53.9377	-51.6816
BLOCK00/SES001/SA001S27	SES087	-3.35102	-55.0326	-51.6816
BLOCK00/SES001/SA001S27	SES206	-3.51735	-55.1989	-51.6816
BLOCK00/SES001/SA001S29	SES062	-3.07198	-56.255	-53.183
BLOCK00/SES001/SA001S29	SES082	-2.93119	-56.1142	-53.183
BLOCK00/SES001/SA001S29	SES158	-2.01459	-55.1976	-53.183
BLOCK00/SES001/SA001S29	SES206	-5.79968	-58.9826	-53.183
BLOCK00/SES003/SA003S11	SES002	-2.00341	-54.4851	-52.4817
BLOCK00/SES003/SA003S11	SES019	-1.55875	-54.0404	-52.4817
BLOCK00/SES003/SA003S11	SES082	-0.665642	-53.1473	-52.4817
BLOCK00/SES003/SA003S11	SES125	-1.40136	-53.883	-52.4817
BLOCK00/SES003/SA003S15	SES016	-3.16755	-55.2083	-52.0408
BLOCK00/SES003/SA003S15	SES019	-2.07428	-54.115	-52.0408
BLOCK00/SES003/SA003S15	SES062	-1.85532	-53.8961	-52.0408
BLOCK00/SES003/SA003S15	SES206	-1.85513	-53.8959	-52.0408
BLOCK00/SES003/SA003S22	SES002	-3.27459	-55.4169	-52.1423
BLOCK00/SES003/SA003S22	SES062	-2.18563	-54.3279	-52.1423
BLOCK00/SES003/SA003S22	SES082	-1.53366	-53.6759	-52.1423
BLOCK00/SES003/SA003S22	SES087	-2.49996	-54.6422	-52.1423
BLOCK00/SES003/SA003S25	SES062	-2.98628	-55.7724	-52.7861
BLOCK00/SES003/SA003S25	SES082	-1.12757	-53.9137	-52.7861
BLOCK00/SES003/SA003S25	SES087	-1.72661	-54.5128	-52.7861
BLOCK00/SES003/SA003S25	SES206	-2.84433	-55.6305	-52.7861
BLOCK00/SES003/SA003S29	SES002	-3.16564	-55.6605	-52.4948
BLOCK00/SES003/SA003S29	SES062	-2.69999	-55.1948	-52.4948
BLOCK00/SES003/SA003S29	SES082	-1.52313	-54.0179	-52.4948
BLOCK00/SES003/SA003S29	SES087	-3.05331	-55.5481	-52.4948
BLOCK00/SES004/SA004S12	SES083	-2.00225	-55.3969	-53.3946
BLOCK00/SES004/SA004S12	SES148	-1.99107	-55.3857	-53.3946
BLOCK00/SES004/SA004S12	SES172	-1.73673	-55.1313	-53.3946
BLOCK00/SES004/SA004S12	SES292	-2.0797	-55.4743	-53.3946
BLOCK00/SES004/SA004S17	SES083	-2.00138	-55.7513	-53.75
BLOCK00/SES004/SA004S17	SES162	-1.20472	-54.9547	-53.75
BLOCK00/SES004/SA004S17	SES172	-2.05288	-55.8028	-53.75
BLOCK00/SES004/SA004S17	SES292	-1.70465	-55.4546	-53.75
BLOCK00/SES004/SA004S24	SES083	-1.58942	-54.7897	-53.2003
BLOCK00/SES004/SA004S24	SES148	-1.88263	-55.0829	-53.2003
BLOCK00/SES004/SA004S24	SES172	-1.02451	-54.2248	-53.2003
BLOCK00/SES004/SA004S24	SES292	-0.922337	-54.1226	-53.2003
BLOCK00/SES004/SA004S26	SES083	-1.24672	-53.9955	-52.7488
BLOCK00/SES004/SA004S26	SES127	-1.57695	-54.3258	-52.7488
BLOCK00/SES004/SA004S26	SES148	-2.6921	-55.4409	-52.7488
BLOCK00/SES004/SA004S26	SES292	-1.97094	-54.7197	-52.7488
BLOCK00/SES004/SA004S28	SES083	-1.92056	-53.798	-51.8774
BLOCK00/SES004/SA004S28	SES127	-1.58792	-53.4654	-51.8774
BLOCK00/SES004/SA004S28	SES187	-1.47695	-53.3544	-51.8774
BLOCK00/SES004/SA004S28	SES292	-2.40554	-54.283	-51.8774
BLOCK00/SES006/SA006S10	SES014	-4.09037	-58.5188	-54.4285
BLOCK00/SES006/SA006S10	SES158	-1.50669	-55.9351	-54.4285
BLOCK00/SES006/SA006S10	SES226	-3.79521	-58.2237	-54.4285
BLOCK00/SES006/SA006S10	SES270	-0.655773	-55.0842	-54.4285
BLOCK00/SES006/SA006S11	SES158	-1.65076	-55.9565	-54.3057
BLOCK00/SES006/SA006S11	SES226	-2.92229	-57.228	-54.3057
BLOCK00/SES006/SA006S11	SES270	-0.97493	-55.2807	-54.3057
BLOCK00/SES006/SA006S11	SES275	-3.71355	-58.0193	-54.3057
BLOCK00/SES006/SA006S23	SES062	-2.69913	-55.7663	-53.0672
BLOCK00/SES006/SA006S23	SES105	-2.27528	-55.3425	-53.0672
BLOCK00/SES006/SA006S23	SES158	-1.6521	-54.7193	-53.0672
BLOCK00/SES006/SA006S23	SES275	-2.73491	-55.8021	-53.0672
BLOCK00/SES006/SA006S26	SES104	-2.69424	-55.4097	-52.7155
BLOCK00/SES006/SA006S26	SES158	-0.925274	-53.6408	-52.7155
BLOCK00/SES006/SA006S26	SES270	-0.640667	-53.3562	-52.7155
BLOCK00/SES006/SA006S26	SES275	-3.902	-56.6175	-52.7155
BLOCK00/SES006/SA006S28	SES007	-3.56174	-57.681	-54.1192
BLOCK00/SES006/SA006S28	SES105	-2.6326	-56.7518	-54.1192
BLOCK00/SES006/SA006S28	SES158	-1.83187	-55.9511	-54.1192
BLOCK00/SES006/SA006S28	SES275	-4.87929	-58.9985	-54.1192
BLOCK00/SES009/SA009S12	SES083	-2.34183	-54.628	-52.2861
BLOCK00/SES009/SA009S12	SES148	-1.50125	-53.7874	-52.2861
BLOCK00/SES009/SA009S12	SES177	-1.25729	-53.5434	-52.2861
BLOCK00/SES009/SA009S12	SES292	-1.40192	-53.6881	-52.2861
BLOCK00/SES009/SA009S15	SES007	0.44479	-51.3155	-51.7603
BLOCK00/SES009/SA009S15	SES099	-10.2248	-61.9851	-51.7603
BLOCK00/SES009/SA009S15	SES148	-1.30973	-53.07	-51.7603
BLOCK00/SES009/SA009S15	SES172	-1.50006	-53.2603	-51.7603
BLOCK00/SES009/SA009S24	SES146	-0.790146	-52.9569	-52.1668
BLOCK00/SES009/SA009S24	SES148	-1.04716	-53.214	-52.1668
BLOCK00/SES009/SA009S24	SES177	-0.465019	-52.6318	-52.1668
BLOCK00/SES009/SA009S24	SES292	-0.64724	-52.814	-52.1668
BLOCK00/SES009/SA009S26	SES083	-2.42157	-54.9402	-52.5186
BLOCK00/SES009/SA009S26	SES101	-1.82309	-54.3417	-52.5186
BLOCK00/SES009/SA009S26	SES120	-0.956783	-53.4754	-52.5186
BLOCK00/SES009/SA009S26	SES177	-1.54034	-54.0589	-52.5186
BLOCK00/SES009/SA009S29	SES083	-1.68575	-53.725	-52.0392
BLOCK00/SES009/SA009S29	SES101	-1.42635	-53.4656	-52.0392
BLOCK00/SES009/SA009S29	SES177	-1.43036	-53.4696	-52.0392
BLOCK00/SES009/SA009S29	SES292	-1.01416	-53.0534	-52.0392
BLOCK01/SES011/SA011S10	SES019	-1.12806	-53.355	-52.2269
BLOCK01/SES011/SA011S10	SES042	-1.42775	-53.6547	-52.2269
BLOCK01/SES011/SA011S10	SES082	-2.77681	-55.0037	-52.2269
BLOCK01/SES011/SA011S10	SES206	-1.1447	-53.3716	-52.2269
BLOCK01/SES011/SA011S11	SES019	-1.23772	-54.4239	-53.1862
BLOCK01/SES011/SA011S11	SES042	-2.05884	-55.245	-53.1862
BLOCK01/SES011/SA011S11	SES082	-2.25661	-55.4428	-53.1862
BLOCK01/SES011/SA011S11	SES206	-0.736553	-53.9227	-53.1862
BLOCK01/SES011/SA011S22	SES019	-0.496578	-53.7343	-53.2377
BLOCK01/SES011/SA011S22	SES042	-1.64945	-54.8872	-53.2377
BLOCK01/SES011/SA011S22	SES082	-1.92392	-55.1616	-53.2377
BLOCK01/SES011/SA011S22	SES206	-1.07739	-54.3151	-53.2377
BLOCK01/SES011/SA011S24	SES019	-1.40249	-53.5301	-52.1277
BLOCK01/SES011/SA011S24	SES042	-1.2859	-53.4136	-52.1277
BLOCK01/SES011/SA011S24	SES104	-1.92848	-54.0561	-52.1277
BLOCK01/SES011/SA011S24	SES206	-0.63567	-52.7633	-52.1277
BLOCK01/SES011/SA011S27	SES082	-0.0674477	-52.3434	-52.2759
BLOCK01/SES011/SA011S27	SES087	-1.48648	-53.7624	-52.2759
BLOCK01/SES011/SA011S27	SES125	-0.663403	-52.9393	-52.2759
BLOCK01/SES011/SA011S27	SES206	-0.64307	-52.919	-52.2759
BLOCK01/SES012/SA012S11	SES007	-2.55254	-53.5895	-51.0369
BLOCK01/SES012/SA012S11	SES082	-1.66119	-52.6981	-51.0369
BLOCK01/SES012/SA012S11	SES083	-3.11251	-54.1495	-51.0369
BLOCK01/SES012/SA012S11	SES206	-0.834824	-51.8718	-51.0369
BLOCK01/SES012/SA012S14	SES082	-1.31016	-53.3453	-52.0351
BLOCK01/SES012/SA012S14	SES087	-2.41782	-54.4529	-52.0351
BLOCK01/SES012/SA012S14	SES206	-0.721256	-52.7564	-52.0351
BLOCK01/SES012/SA012S14	SES292	-4.42598	-56.4611	-52.0351
BLOCK01/SES012/SA012S24	SES082	-0.177021	-53.1052	-52.9282
BLOCK01/SES012/SA012S24	SES087	-1.85634	-54.7845	-52.9282
BLOCK01/SES012/SA012S24	SES120	-5.05106	-57.9793	-52.9282
BLOCK01/SES012/SA012S24	SES206	-0.693596	-53.6218	-52.9282
BLOCK01/SES012/SA012S26	SES019	-3.07327	-54.6419	-51.5686
BLOCK01/SES012/SA012S26	SES082	-2.18897	-53.7576	-51.5686
BLOCK01/SES012/SA012S26	SES206	-0.754375	-52.323	-51.5686
BLOCK01/SES012/SA012S26	SES292	-4.12111	-55.6897	-51.5686
BLOCK01/SES012/SA012S29	SES062	-1.97871	-53.5527	-51.574
BLOCK01/SES012/SA012S29	SES082	-1.10899	-52.683	-51.574
BLOCK01/SES012/SA012S29	SES083	-2.73856	-54.3126	-51.574
BLOCK01/SES012/SA012S29	SES206	-1.32921	-52.9032	-51.574
BLOCK01/SES013/SA013S16	SES062	-4.12281	-56.387	-52.2642
BLOCK01/SES013/SA013S16	SES106	-1.22704	-53.4912	-52.2642
BLOCK01/SES013/SA013S16	SES206	-1.32213	-53.5863	-52.2642
BLOCK01/SES013/SA013S16	SES226	-0.559956	-52.8242	-52.2642
BLOCK01/SES013/SA013S17	SES062	-4.13667	-55.4291	-51.2924
BLOCK01/SES013/SA013S17	SES106	-1.70635	-52.9987	-51.2924
BLOCK01/SES013/SA013S17	SES206	-0.521858	-51.8142	-51.2924
BLOCK01/SES013/SA013S17	SES226	-0.324017	-51.6164	-51.2924
BLOCK01/SES013/SA013S23	SES104	-1.98212	-54.4942	-52.5121
BLOCK01/SES013/SA013S23	SES106	-0.866642	-53.3787	-52.5121
BLOCK01/SES013/SA013S23	SES206	-1.14489	-53.657	-52.5121
BLOCK01/SES013/SA013S23	SES270	-0.395409	-52.9075	-52.5121
BLOCK01/SES013/SA013S25	SES042	-1.94773	-53.5483	-51.6006
BLOCK01/SES013/SA013S25	SES104	-1.64367	-53.2443	-51.6006
BLOCK01/SES013/SA013S25	SES106	-0.924728	-52.5253	-51.6006
BLOCK01/SES013/SA013S25	SES206	-1.20152	-52.8021	-51.6006
BLOCK01/SES013/SA013S29	SES062	-4.78481	-56.9324	-52.1475
BLOCK01/SES013/SA013S29	SES104	-1.90785	-54.0554	-52.1475
BLOCK01/SES013/SA013S29	SES106	-0.846588	-52.9941	-52.1475
BLOCK01/SES013/SA013S29	SES206	-1.45017	-53.5977	-52.1475
BLOCK02/SES021/SA021S13	SES016	-3.73603	-55.5449	-51.8089
BLOCK02/SES021/SA021S13	SES029	-3.54681	-55.3557	-51.8089
BLOCK02/SES021/SA021S13	SES087	-2.52428	-54.3331	-51.8089
BLOCK02/SES021/SA021S13	SES206	-0.684093	-52.493	-51.8089
BLOCK02/SES021/SA021S15	SES087	-1.41683	-51.9306	-50.5138
BLOCK02/SES021/SA021S15	SES125	-0.645073	-51.1588	-50.5138
BLOCK02/SES021/SA021S15	SES206	-0.244518	-50.7583	-50.5138
BLOCK02/SES021/SA021S15	SES226	-1.33016	-51.8439	-50.5138
BLOCK02/SES021/SA021S23	SES062	-3.70105	-56.2959	-52.5949
BLOCK02/SES021/SA021S23	SES087	-2.56117	-55.156	-52.5949
BLOCK02/SES021/SA021S23	SES206	-1.95656	-54.5514	-52.5949
BLOCK02/SES021/SA021S23	SES226	-1.29665	-53.8915	-52.5949
BLOCK02/SES021/SA021S27	SES002	-2.25974	-53.3882	-51.1284
BLOCK02/SES021/SA021S27	SES016	-4.23228	-55.3607	-51.1284
BLOCK02/SES021/SA021S27	SES019	-2.15145	-53.2799	-51.1284
BLOCK02/SES021/SA021S27	SES062	-1.85871	-52.9872	-51.1284
BLOCK02/SES021/SA021S29	SES087	-1.84521	-52.8658	-51.0206
BLOCK02/SES021/SA021S29	SES125	-1.46748	-52.4881	-51.0206
BLOCK02/SES021/SA021S29	SES206	-1.24781	-52.2684	-51.0206
BLOCK02/SES021/SA021S29	SES226	-1.62016	-52.6407	-51.0206
BLOCK04/SES043/SA043S09	SES083	-1.96355	-55.6016	-53.6381
BLOCK04/SES043/SA043S09	SES101	-3.45133	-57.0894	-53.6381
BLOCK04/SES043/SA043S09	SES144	-0.610676	-54.2487	-53.6381
BLOCK04/SES043/SA043S09	SES172	-4.17107	-57.8091	-53.6381
BLOCK04/SES043/SA043S11	SES083	-1.16193	-53.4452	-52.2832
BLOCK04/SES043/SA043S11	SES101	-1.61486	-53.8981	-52.2832
BLOCK04/SES043/SA043S11	SES144	-0.73468	-53.0179	-52.2832
BLOCK04/SES043/SA043S11	SES172	-1.6444	-53.9276	-52.2832
BLOCK04/SES043/SA043S23	SES083	-0.41473	-53.2377	-52.823
BLOCK04/SES043/SA043S23	SES144	0.149025	-52.674	-52.823
BLOCK04/SES043/SA043S23	SES177	-2.22711	-55.0501	-52.823
BLOCK04/SES043/SA043S23	SES275	-0.416439	-53.2394	-52.823
BLOCK04/SES043/SA043S26	SES083	-0.838661	-53.7607	-52.922
BLOCK04/SES043/SA043S26	SES101	-1.3294	-54.2514	-52.922
BLOCK04/SES043/SA043S26	SES144	-0.357021	-53.279	-52.922
BLOCK04/SES043/SA043S26	SES177	-2.01111	-54.9331	-52.922
BLOCK04/SES043/SA043S28	SES016	-1.71679	-53.8185	-52.1017
BLOCK04/SES043/SA043S28	SES083	-1.00292	-53.1046	-52.1017
BLOCK04/SES043/SA043S28	SES101	-1.06106	-53.1627	-52.1017
BLOCK04/SES043/SA043S28	SES144	-0.869522	-52.9712	-52.1017
BLOCK04/SES044/SA044S10	SES127	-3.13105	-58.7655	-55.6344
BLOCK04/SES044/SA044S10	SES144	-1.09967	-56.7341	-55.6344
BLOCK04/SES044/SA044S10	SES147	-5.05015	-60.6846	-55.6344
BLOCK04/SES044/SA044S10	SES148	-3.28954	-58.9239	-55.6344
BLOCK04/SES044/SA044S11	SES101	-2.80276	-57.2709	-54.4682
BLOCK04/SES044/SA044S11	SES144	-0.378681	-54.8469	-54.4682
BLOCK04/SES044/SA044S11	SES147	-3.88925	-58.3574	-54.4682
BLOCK04/SES044/SA044S11	SES177	-2.68239	-57.1506	-54.4682
BLOCK04/SES044/SA044S24	SES007	-2.98246	-56.8105	-53.828
BLOCK04/SES044/SA044S24	SES101	-1.82465	-55.6527	-53.828
BLOCK04/SES044/SA044S24	SES147	-3.82076	-57.6488	-53.828
BLOCK04/SES044/SA044S24	SES177	-2.03708	-55.8651	-53.828
BLOCK04/SES044/SA044S26	SES007	-2.37123	-55.6109	-53.2396
BLOCK04/SES044/SA044S26	SES016	-1.29514	-54.5348	-53.2396
BLOCK04/SES044/SA044S26	SES101	-1.97181	-55.2114	-53.2396
BLOCK04/SES044/SA044S26	SES147	-2.33661	-55.5762	-53.2396
BLOCK04/SES044/SA044S29	SES007	-2.14294	-54.8414	-52.6985
BLOCK04/SES044/SA044S29	SES101	-1.13122	-53.8297	-52.6985
BLOCK04/SES044/SA044S29	SES147	-3.34205	-56.0405	-52.6985
BLOCK04/SES044/SA044S29	SES177	-2.57498	-55.2734	-52.6985
BLOCK04/SES046/SA046S13	SES101	-4.17541	-57.7658	-53.5904
BLOCK04/SES046/SA046S13	SES144	-0.981762	-54.5722	-53.5904
BLOCK04/SES046/SA046S13	SES147	-3.62593	-57.2163	-53.5904
BLOCK04/SES046/SA046S13	SES177	-1.3662	-54.9566	-53.5904
BLOCK04/SES046/SA046S15	SES048	-2.43522	-54.6693	-52.2341
BLOCK04/SES046/SA046S15	SES083	-1.01313	-53.2472	-52.2341
BLOCK04/SES046/SA046S15	SES120	-2.35711	-54.5912	-52.2341
BLOCK04/SES046/SA046S15	SES148	-1.53973	-53.7738	-52.2341
BLOCK04/SES046/SA046S22	SES101	-1.49789	-54.7666	-53.2687
BLOCK04/SES046/SA046S22	SES144	-1.18208	-54.4508	-53.2687
BLOCK04/SES046/SA046S22	SES147	-3.16111	-56.4298	-53.2687
BLOCK04/SES046/SA046S22	SES172	-2.02986	-55.2985	-53.2687
BLOCK04/SES046/SA046S25	SES083	-1.63086	-54.5917	-52.9608
BLOCK04/SES046/SA046S25	SES127	-1.80698	-54.7678	-52.9608
BLOCK04/SES046/SA046S25	SES144	-1.84491	-54.8057	-52.9608
BLOCK04/SES046/SA046S25	SES148	-1.21056	-54.1714	-52.9608
BLOCK04/SES046/SA046S28	SES007	-4.2457	-57.8833	-53.6376
BLOCK04/SES046/SA046S28	SES105	-2.33431	-55.9719	-53.6376
BLOCK04/SES046/SA046S28	SES147	-2.1269	-55.7645	-53.6376
BLOCK04/SES046/SA046S28	SES148	-1.41827	-55.0558	-53.6376
BLOCK04/SES049/SA049S16	SES104	-2.12101	-55.2637	-53.1427
BLOCK04/SES049/SA049S16	SES106	-1.66442	-54.8071	-53.1427
BLOCK04/SES049/SA049S16	SES120	-4.49085	-57.6335	-53.1427
BLOCK04/SES049/SA049S16	SES206	-1.43142	-54.5741	-53.1427
BLOCK04/SES049/SA049S18	SES099	-0.0438499	-54.227	-54.1831
BLOCK04/SES049/SA049S18	SES104	-2.14265	-56.3258	-54.1831
BLOCK04/SES049/SA049S18	SES125	-2.3473	-56.5304	-54.1831
BLOCK04/SES049/SA049S18	SES206	-1.48187	-55.665	-54.1831
BLOCK04/SES049/SA049S25	SES087	-1.74769	-54.7375	-52.9898
BLOCK04/SES049/SA049S25	SES104	-0.991993	-53.9818	-52.9898
BLOCK04/SES049/SA049S25	SES125	-1.7417	-54.7315	-52.9898
BLOCK04/SES049/SA049S25	SES206	-0.794044	-53.7838	-52.9898
BLOCK04/SES049/SA049S27	SES099	-0.390366	-53.0704	-52.68
BLOCK04/SES049/SA049S27	SES104	-0.769463	-53.4495	-52.68
BLOCK04/SES049/SA049S27	SES125	-1.69727	-54.3773	-52.68
BLOCK04/SES049/SA049S27	SES206	-1.66973	-54.3497	-52.68
BLOCK04/SES049/SA049S29	SES099	0.0239487	-51.8172	-51.8411
BLOCK04/SES049/SA049S29	SES104	-0.322651	-52.1638	-51.8411
BLOCK04/SES049/SA049S29	SES125	-1.09199	-52.9331	-51.8411
BLOCK04/SES049/SA049S29	SES206	-0.688934	-52.5301	-51.8411
BLOCK06/SES063/SA063S09	SES068	-1.70547	-54.3208	-52.6154
BLOCK06/SES063/SA063S09	SES083	-0.599827	-53.2152	-52.6154
BLOCK06/SES063/SA063S09	SES177	-1.49785	-54.1132	-52.6154
BLOCK06/SES063/SA063S09	SES187	-1.87829	-54.4937	-52.6154
BLOCK06/SES063/SA063S10	SES068	-2.27394	-55.5441	-53.2701
BLOCK06/SES063/SA063S10	SES083	-0.665794	-53.9359	-53.2701
BLOCK06/SES063/SA063S10	SES172	-1.06036	-54.3305	-53.2701
BLOCK06/SES063/SA063S10	SES187	-1.33961	-54.6098	-53.2701
BLOCK06/SES063/SA063S20	SES068	-3.00473	-56.0544	-53.0497
BLOCK06/SES063/SA063S20	SES083	-1.11481	-54.1645	-53.0497
BLOCK06/SES063/SA063S20	SES172	-2.00506	-55.0548	-53.0497
BLOCK06/SES063/SA063S20	SES187	-0.667664	-53.7174	-53.0497
BLOCK06/SES063/SA063S24	SES029	-2.55666	-54.6909	-52.1342
BLOCK06/SES063/SA063S24	SES083	-0.175228	-52.3094	-52.1342
BLOCK06/SES063/SA063S24	SES177	-1.26459	-53.3988	-52.1342
BLOCK06/SES063/SA063S24	SES189	-1.44513	-53.5793	-52.1342
BLOCK06/SES063/SA063S27	SES083	0.440376	-53.3923	-53.8327
BLOCK06/SES063/SA063S27	SES172	-1.25899	-55.0917	-53.8327
BLOCK06/SES063/SA063S27	SES187	-1.90536	-55.7381	-53.8327
BLOCK06/SES063/SA063S27	SES292	-1.89124	-55.7239	-53.8327
BLOCK06/SES067/SA067S12	SES083	-1.72828	-54.2924	-52.5641
BLOCK06/SES067/SA067S12	SES172	-4.01223	-56.5764	-52.5641
BLOCK06/SES067/SA067S12	SES202	-0.439545	-53.0037	-52.5641
BLOCK06/SES067/SA067S12	SES292	-1.82177	-54.3859	-52.5641
BLOCK06/SES067/SA067S14	SES085	-1.75193	-53.7106	-51.9587
BLOCK06/SES067/SA067S14	SES177	-1.64237	-53.601	-51.9587
BLOCK06/SES067/SA067S14	SES183	-2.13305	-54.0917	-51.9587
BLOCK06/SES067/SA067S14	SES202	-0.623116	-52.5818	-51.9587
BLOCK06/SES067/SA067S21	SES144	-1.25104	-54.9178	-53.6667
BLOCK06/SES067/SA067S21	SES177	-1.21847	-54.8852	-53.6667
BLOCK06/SES067/SA067S21	SES183	-3.84438	-57.5111	-53.6667
BLOCK06/SES067/SA067S21	SES189	-0.482265	-54.149	-53.6667
BLOCK06/SES067/SA067S25	SES085	-1.41606	-54.073	-52.657
BLOCK06/SES067/SA067S25	SES177	-1.43245	-54.0894	-52.657
BLOCK06/SES067/SA067S25	SES183	-2.98924	-55.6462	-52.657
BLOCK06/SES067/SA067S25	SES202	-0.652786	-53.3098	-52.657
BLOCK06/SES067/SA067S29	SES085	-1.10894	-53.7963	-52.6873
BLOCK06/SES067/SA067S29	SES177	-1.19741	-53.8847	-52.6873
BLOCK06/SES067/SA067S29	SES183	-2.48183	-55.1692	-52.6873
BLOCK06/SES067/SA067S29	SES202	-0.3885	-53.0758	-52.6873
BLOCK06/SES069/SA069S12	SES029	-3.02522	-55.0122	-51.987
BLOCK06/SES069/SA069S12	SES082	-1.22219	-53.2092	-51.987
BLOCK06/SES069/SA069S12	SES087	-2.96643	-54.9534	-51.987
BLOCK06/SES069/SA069S12	SES206	-2.05531	-54.0423	-51.987
BLOCK06/SES069/SA069S13	SES029	-3.08069	-55.1232	-52.0426
BLOCK06/SES069/SA069S13	SES087	-2.79455	-54.8371	-52.0426
BLOCK06/SES069/SA069S13	SES206	-2.55455	-54.5971	-52.0426
BLOCK06/SES069/SA069S13	SES226	-1.85532	-53.8979	-52.0426
BLOCK06/SES069/SA069S23	SES029	-1.56032	-52.1077	-50.5473
BLOCK06/SES069/SA069S23	SES087	-3.61381	-54.1611	-50.5473
BLOCK06/SES069/SA069S23	SES206	-2.60909	-53.1564	-50.5473
BLOCK06/SES069/SA069S23	SES226	-1.06322	-51.6106	-50.5473
BLOCK06/SES069/SA069S25	SES087	-1.9615	-52.9947	-51.0332
BLOCK06/SES069/SA069S25	SES206	-2.43549	-53.4687	-51.0332
BLOCK06/SES069/SA069S25	SES226	-1.65511	-52.6883	-51.0332
BLOCK06/SES069/SA069S25	SES270	-1.38579	-52.419	-51.0332
BLOCK06/SES069/SA069S27	SES087	-2.81152	-53.7945	-50.983
BLOCK06/SES069/SA069S27	SES206	-1.4814	-52.4644	-50.983
BLOCK06/SES069/SA069S27	SES226	-0.936035	-51.9191	-50.983
BLOCK06/SES069/SA069S27	SES270	-1.33621	-52.3192	-50.983
BLOCK08/SES081/SA081S11	SES060	-1.74522	-54.3925	-52.6473
BLOCK08/SES081/SA081S11	SES062	-3.22844	-55.8757	-52.6473
BLOCK08/SES081/SA081S11	SES117	-2.34188	-54.9892	-52.6473
BLOCK08/SES081/SA081S11	SES162	-2.22942	-54.8767	-52.6473
BLOCK08/SES081/SA081S13	SES016	-1.01593	-52.634	-51.6181
BLOCK08/SES081/SA081S13	SES060	-0.633514	-52.2516	-51.6181
BLOCK08/SES081/SA081S13	SES068	-0.11293	-51.731	-51.6181
BLOCK08/SES081/SA081S13	SES129	-2.11823	-53.7363	-51.6181
BLOCK08/SES081/SA081S24	SES060	-0.971489	-53.228	-52.2565
BLOCK08/SES081/SA081S24	SES068	-1.10021	-53.3567	-52.2565
BLOCK08/SES081/SA081S24	SES117	-1.97494	-54.2315	-52.2565
BLOCK08/SES081/SA081S24	SES275	-2.52227	-54.7788	-52.2565
BLOCK08/SES081/SA081S27	SES007	-1.8163	-54.3323	-52.516
BLOCK08/SES081/SA081S27	SES060	-2.07911	-54.5951	-52.516
BLOCK08/SES081/SA081S27	SES117	-0.820538	-53.3365	-52.516
BLOCK08/SES081/SA081S27	SES275	-2.17173	-54.6877	-52.516
BLOCK08/SES081/SA081S29	SES007	-1.50898	-53.5279	-52.0189
BLOCK08/SES081/SA081S29	SES060	-1.05885	-53.0777	-52.0189
BLOCK08/SES081/SA081S29	SES117	-1.57169	-53.5906	-52.0189
BLOCK08/SES081/SA081S29	SES275	-2.13439	-54.1533	-52.0189
BLOCK08/SES086/SA086S11	SES029	-6.62505	-60.3027	-53.6776
BLOCK08/SES086/SA086S11	SES082	-2.09396	-55.7716	-53.6776
BLOCK08/SES086/SA086S11	SES087	-1.26889	-54.9465	-53.6776
BLOCK08/SES086/SA086S11	SES206	-2.00162	-55.6792	-53.6776
BLOCK08/SES086/SA086S12	SES029	-6.1335	-59.16	-53.0265
BLOCK08/SES086/SA086S12	SES082	-2.13417	-55.1607	-53.0265
BLOCK08/SES086/SA086S12	SES087	-0.143909	-53.1704	-53.0265
BLOCK08/SES086/SA086S12	SES206	-0.95586	-53.9823	-53.0265
BLOCK08/SES086/SA086S20	SES029	-4.92966	-56.7338	-51.8042
BLOCK08/SES086/SA086S20	SES082	-2.23054	-54.0347	-51.8042
BLOCK08/SES086/SA086S20	SES087	0.340839	-51.4633	-51.8042
BLOCK08/SES086/SA086S20	SES206	-0.524101	-52.3283	-51.8042
BLOCK08/SES086/SA086S24	SES087	-0.078434	-52.8664	-52.7879
BLOCK08/SES086/SA086S24	SES104	-1.96687	-54.7548	-52.7879
BLOCK08/SES086/SA086S24	SES120	-4.93255	-57.7205	-52.7879
BLOCK08/SES086/SA086S24	SES206	-0.306442	-53.0944	-52.7879
BLOCK08/SES086/SA086S28	SES029	-4.28275	-55.9458	-51.663
BLOCK08/SES086/SA086S28	SES082	-1.91486	-53.5779	-51.663
BLOCK08/SES086/SA086S28	SES087	-0.392887	-52.0559	-51.663
BLOCK08/SES086/SA086S28	SES206	-0.804241	-52.4673	-51.663
BLOCK08/SES089/SA089S13	SES087	-2.64453	-55.0863	-52.4417
BLOCK08/SES089/SA089S13	SES206	-2.71916	-55.1609	-52.4417
BLOCK08/SES089/SA089S13	SES226	-2.01677	-54.4585	-52.4417
BLOCK08/SES089/SA089S13	SES270	-2.79137	-55.2331	-52.4417
BLOCK08/SES089/SA089S14	SES062	-2.16829	-54.5633	-52.395
BLOCK08/SES089/SA089S14	SES087	-0.781853	-53.1769	-52.395
BLOCK08/SES089/SA089S14	SES206	-1.41171	-53.8067	-52.395
BLOCK08/SES089/SA089S14	SES226	-1.05232	-53.4473	-52.395
BLOCK08/SES089/SA089S23	SES087	-2.40778	-55.7783	-53.3705
BLOCK08/SES089/SA089S23	SES206	-2.30916	-55.6797	-53.3705
BLOCK08/SES089/SA089S23	SES226	-1.28041	-54.6509	-53.3705
BLOCK08/SES089/SA089S23	SES270	-2.78681	-56.1573	-53.3705
BLOCK08/SES089/SA089S25	SES062	-2.99665	-55.1355	-52.1388
BLOCK08/SES089/SA089S25	SES087	-1.31124	-53.4501	-52.1388
BLOCK08/SES089/SA089S25	SES206	-1.69155	-53.8304	-52.1388
BLOCK08/SES089/SA089S25	SES226	-1.28663	-53.4255	-52.1388
BLOCK08/SES089/SA089S28	SES062	-1.9362	-54.37	-52.4338
BLOCK08/SES089/SA089S28	SES087	-1.2649	-53.6987	-52.4338
BLOCK08/SES089/SA089S28	SES206	-0.857697	-53.2915	-52.4338
BLOCK08/SES089/SA089S28	SES226	-0.379833	-52.8137	-52.4338
BLOCK09/SES097/SA097S11	SES099	0.184052	-52.946	-53.13
BLOCK09/SES097/SA097S11	SES125	-1.55576	-54.6858	-53.13
BLOCK09/SES097/SA097S11	SES206	-1.76407	-54.8941	-53.13
BLOCK09/SES097/SA097S11	SES226	-0.509815	-53.6398	-53.13
BLOCK09/SES097/SA097S14	SES062	-3.15242	-55.8521	-52.6997
BLOCK09/SES097/SA097S14	SES099	-0.997021	-53.6967	-52.6997
BLOCK09/SES097/SA097S14	SES104	-1.0916	-53.7913	-52.6997
BLOCK09/SES097/SA097S14	SES206	-1.54902	-54.2487	-52.6997
BLOCK09/SES097/SA097S22	SES099	0.0667686	-52.6052	-52.672
BLOCK09/SES097/SA097S22	SES206	-1.25457	-53.9266	-52.672
BLOCK09/SES097/SA097S22	SES226	-1.39851	-54.0705	-52.672
BLOCK09/SES097/SA097S22	SES270	-0.0556412	-52.7276	-52.672
BLOCK09/SES097/SA097S26	SES099	-0.36504	-52.262	-51.897
BLOCK09/SES097/SA097S26	SES120	-4.24105	-56.138	-51.897
BLOCK09/SES097/SA097S26	SES206	-1.48996	-53.3869	-51.897
BLOCK09/SES097/SA097S26	SES226	-1.6394	-53.5364	-51.897
BLOCK09/SES097/SA097S28	SES099	-0.951759	-53.5492	-52.5975
BLOCK09/SES097/SA097S28	SES120	-3.2359	-55.8334	-52.5975
BLOCK09/SES097/SA097S28	SES206	-2.17011	-54.7676	-52.5975
BLOCK09/SES097/SA097S28	SES226	-2.59985	-55.1973	-52.5975
BLOCK09/SES098/SA098S11	SES127	-3.08005	-57.3566	-54.2765
BLOCK09/SES098/SA098S11	SES144	-1.27032	-55.5468	-54.2765
BLOCK09/SES098/SA098S11	SES147	-0.883099	-55.1596	-54.2765
BLOCK09/SES098/SA098S11	SES148	-3.0036	-57.2801	-54.2765
BLOCK09/SES098/SA098S12	SES127	-4.88789	-60.2501	-55.3622
BLOCK09/SES098/SA098S12	SES144	-1.95954	-57.3218	-55.3622
BLOCK09/SES098/SA098S12	SES147	-1.99333	-57.3556	-55.3622
BLOCK09/SES098/SA098S12	SES189	-1.41105	-56.7733	-55.3622
BLOCK09/SES098/SA098S20	SES127	-4.53227	-59.0643	-54.532
BLOCK09/SES098/SA098S20	SES147	-1.61706	-56.1491	-54.532
BLOCK09/SES098/SA098S20	SES148	-3.8265	-58.3585	-54.532
BLOCK09/SES098/SA098S20	SES292	-3.39417	-57.9262	-54.532
BLOCK09/SES098/SA098S23	SES127	-2.59731	-56.2291	-53.6318
BLOCK09/SES098/SA098S23	SES147	-1.79349	-55.4253	-53.6318
BLOCK09/SES098/SA098S23	SES187	-1.22082	-54.8526	-53.6318
BLOCK09/SES098/SA098S23	SES292	-2.13863	-55.7704	-53.6318
BLOCK09/SES098/SA098S27	SES127	-3.35522	-57.4783	-54.1231
BLOCK09/SES098/SA098S27	SES147	-2.37539	-56.4985	-54.1231
BLOCK09/SES098/SA098S27	SES148	-3.82217	-57.9453	-54.1231
BLOCK09/SES098/SA098S27	SES292	-2.36224	-56.4853	-54.1231
BLOCK10/SES102/SA102S13	SES101	-1.25195	-55.4114	-54.1594
BLOCK10/SES102/SA102S13	SES105	-1.62751	-55.7869	-54.1594
BLOCK10/SES102/SA102S13	SES120	-1.46205	-55.6214	-54.1594
BLOCK10/SES102/SA102S13	SES158	-6.35631	-60.5157	-54.1594
BLOCK10/SES102/SA102S14	SES007	-0.166325	-52.4297	-52.2634
BLOCK10/SES102/SA102S14	SES101	-0.539223	-52.8026	-52.2634
BLOCK10/SES102/SA102S14	SES105	-0.554588	-52.818	-52.2634
BLOCK10/SES102/SA102S14	SES147	-3.3468	-55.6102	-52.2634
BLOCK10/SES102/SA102S22	SES007	-1.05304	-53.4381	-52.385
BLOCK10/SES102/SA102S22	SES101	-0.12188	-52.5069	-52.385
BLOCK10/SES102/SA102S22	SES105	-0.391701	-52.7767	-52.385
BLOCK10/SES102/SA102S22	SES158	-4.27098	-56.656	-52.385
BLOCK10/SES102/SA102S25	SES007	-0.662754	-53.0574	-52.3947
BLOCK10/SES102/SA102S25	SES101	-0.390953	-52.7856	-52.3947
BLOCK10/SES102/SA102S25	SES105	-0.990685	-53.3854	-52.3947
BLOCK10/SES102/SA102S25	SES147	-3.85851	-56.2532	-52.3947
BLOCK10/SES102/SA102S27	SES007	-1.43394	-54.2488	-52.8149
BLOCK10/SES102/SA102S27	SES101	-0.889359	-53.7042	-52.8149
BLOCK10/SES102/SA102S27	SES105	-1.09127	-53.9061	-52.8149
BLOCK10/SES102/SA102S27	SES147	-3.35627	-56.1711	-52.8149
BLOCK10/SES103/SA103S14	SES105	-3.58898	-57.1723	-53.5833
BLOCK10/SES103/SA103S14	SES106	-1.57627	-55.1595	-53.5833
BLOCK10/SES103/SA103S14	SES120	-4.87367	-58.4569	-53.5833
BLOCK10/SES103/SA103S14	SES206	-2.25019	-55.8335	-53.5833
BLOCK10/SES103/SA103S15	SES099	-1.12886	-55.4758	-54.347
BLOCK10/SES103/SA103S15	SES101	-5.13128	-59.4782	-54.347
BLOCK10/SES103/SA103S15	SES104	-1.45036	-55.7973	-54.347
BLOCK10/SES103/SA103S15	SES125	-1.70091	-56.0479	-54.347
BLOCK10/SES103/SA103S24	SES104	-2.25106	-55.152	-52.9009
BLOCK10/SES103/SA103S24	SES125	-2.11429	-55.0152	-52.9009
BLOCK10/SES103/SA103S24	SES148	-4.12598	-57.0269	-52.9009
BLOCK10/SES103/SA103S24	SES158	-0.880917	-53.7818	-52.9009
BLOCK10/SES103/SA103S26	SES104	-2.21024	-55.9478	-53.7375
BLOCK10/SES103/SA103S26	SES106	-1.49696	-55.2345	-53.7375
BLOCK10/SES103/SA103S26	SES125	-2.04472	-55.7822	-53.7375
BLOCK10/SES103/SA103S26	SES148	-4.54455	-58.2821	-53.7375
BLOCK10/SES103/SA103S28	SES104	-2.9417	-57.5606	-54.6189
BLOCK10/SES103/SA103S28	SES106	-2.11798	-56.7369	-54.6189
BLOCK10/SES103/SA103S28	SES125	-3.40078	-58.0197	-54.6189
BLOCK10/SES103/SA103S28	SES206	-4.35142	-58.9703	-54.6189
BLOCK12/SES121/SA121S12	SES042	-3.00188	-57.7675	-54.7656
BLOCK12/SES121/SA121S12	SES087	-2.43463	-57.2002	-54.7656
BLOCK12/SES121/SA121S12	SES105	-2.25494	-57.0205	-54.7656
BLOCK12/SES121/SA121S12	SES206	-1.18811	-55.9537	-54.7656
BLOCK12/SES121/SA121S14	SES007	-4.37005	-59.5531	-55.183
BLOCK12/SES121/SA121S14	SES105	-3.80028	-58.9833	-55.183
BLOCK12/SES121/SA121S14	SES106	-2.11575	-57.2988	-55.183
BLOCK12/SES121/SA121S14	SES206	-2.08561	-57.2686	-55.183
BLOCK12/SES121/SA121S23	SES105	-3.13762	-58.5384	-55.4008
BLOCK12/SES121/SA121S23	SES106	-1.33727	-56.7381	-55.4008
BLOCK12/SES121/SA121S23	SES120	-3.92636	-59.3272	-55.4008
BLOCK12/SES121/SA121S23	SES206	-1.46679	-56.8676	-55.4008
BLOCK12/SES121/SA121S25	SES007	-3.56817	-59.6201	-56.0519
BLOCK12/SES121/SA121S25	SES105	-3.9965	-60.0484	-56.0519
BLOCK12/SES121/SA121S25	SES106	-2.09846	-58.1504	-56.0519
BLOCK12/SES121/SA121S25	SES206	-2.29215	-58.3441	-56.0519
BLOCK12/SES121/SA121S27	SES087	-0.827435	-55.1548	-54.3274
BLOCK12/SES121/SA121S27	SES105	-5.08411	-59.4115	-54.3274
BLOCK12/SES121/SA121S27	SES120	-3.99867	-58.3261	-54.3274
BLOCK12/SES121/SA121S27	SES206	-1.7527	-56.0801	-54.3274
BLOCK12/SES124/SA124S16	SES042	-1.17849	-54.0989	-52.9204
BLOCK12/SES124/SA124S16	SES082	-1.25108	-54.1714	-52.9204
BLOCK12/SES124/SA124S16	SES183	-4.03658	-56.9569	-52.9204
BLOCK12/SES124/SA124S16	SES206	-1.69154	-54.6119	-52.9204
BLOCK12/SES124/SA124S17	SES105	-3.68252	-57.434	-53.7515
BLOCK12/SES124/SA124S17	SES149	-3.10023	-56.8517	-53.7515
BLOCK12/SES124/SA124S17	SES158	-2.43774	-56.1892	-53.7515
BLOCK12/SES124/SA124S17	SES275	-4.77164	-58.5231	-53.7515
BLOCK12/SES124/SA124S23	SES105	-3.27229	-54.3825	-51.1102
BLOCK12/SES124/SA124S23	SES125	-0.244514	-51.3547	-51.1102
BLOCK12/SES124/SA124S23	SES129	-3.9987	-55.1089	-51.1102
BLOCK12/SES124/SA124S23	SES158	-0.623775	-51.734	-51.1102
BLOCK12/SES124/SA124S26	SES105	-4.51982	-56.5882	-52.0684
BLOCK12/SES124/SA124S26	SES125	-0.539555	-52.6079	-52.0684
BLOCK12/SES124/SA124S26	SES129	-4.9612	-57.0296	-52.0684
BLOCK12/SES124/SA124S26	SES158	-1.01974	-53.0881	-52.0684
BLOCK12/SES124/SA124S28	SES104	-0.843273	-52.8461	-52.0028
BLOCK12/SES124/SA124S28	SES106	-0.508541	-52.5113	-52.0028
BLOCK12/SES124/SA124S28	SES125	-0.484161	-52.487	-52.0028
BLOCK12/SES124/SA124S28	SES275	-4.88569	-56.8885	-52.0028
BLOCK12/SES126/SA126S13	SES007	-2.80358	-57.6677	-54.8641
BLOCK12/SES126/SA126S13	SES162	-2.20105	-57.0651	-54.8641
BLOCK12/SES126/SA126S13	SES177	-1.50821	-56.3723	-54.8641
BLOCK12/SES126/SA126S13	SES180	-1.94881	-56.8129	-54.8641
BLOCK12/SES126/SA126S14	SES144	-1.70673	-54.6097	-52.903
BLOCK12/SES126/SA126S14	SES148	-1.85234	-54.7553	-52.903
BLOCK12/SES126/SA126S14	SES177	-0.572044	-53.475	-52.903
BLOCK12/SES126/SA126S14	SES180	-1.73849	-54.6414	-52.903
BLOCK12/SES126/SA126S20	SES007	-2.77514	-55.8979	-53.1227
BLOCK12/SES126/SA126S20	SES162	-2.04912	-55.1718	-53.1227
BLOCK12/SES126/SA126S20	SES172	-4.32196	-57.4447	-53.1227
BLOCK12/SES126/SA126S20	SES180	-2.80353	-55.9263	-53.1227
BLOCK12/SES126/SA126S24	SES120	-0.735668	-53.6161	-52.8805
BLOCK12/SES126/SA126S24	SES162	-1.80777	-54.6882	-52.8805
BLOCK12/SES126/SA126S24	SES177	-1.22424	-54.1047	-52.8805
BLOCK12/SES126/SA126S24	SES180	-0.869919	-53.7504	-52.8805
BLOCK12/SES126/SA126S26	SES120	-0.979286	-54.8391	-53.8598
BLOCK12/SES126/SA126S26	SES177	-0.914692	-54.7745	-53.8598
BLOCK12/SES126/SA126S26	SES180	-1.75644	-55.6163	-53.8598
BLOCK12/SES126/SA126S26	SES202	-2.99871	-56.8585	-53.8598
BLOCK12/SES128/SA128S10	SES087	-3.21258	-55.7126	-52.5001
BLOCK12/SES128/SA128S10	SES206	-1.9887	-54.4888	-52.5001
BLOCK12/SES128/SA128S10	SES226	-1.15972	-53.6598	-52.5001
BLOCK12/SES128/SA128S10	SES270	-1.12289	-53.623	-52.5001
BLOCK12/SES128/SA128S12	SES120	-3.21281	-55.7773	-52.5645
BLOCK12/SES128/SA128S12	SES158	-1.959	-54.5235	-52.5645
BLOCK12/SES128/SA128S12	SES206	-1.68593	-54.2504	-52.5645
BLOCK12/SES128/SA128S12	SES226	-1.98185	-54.5463	-52.5645
BLOCK12/SES128/SA128S21	SES106	-4.44195	-57.9345	-53.4925
BLOCK12/SES128/SA128S21	SES120	-2.64254	-56.1351	-53.4925
BLOCK12/SES128/SA128S21	SES206	-3.97348	-57.466	-53.4925
BLOCK12/SES128/SA128S21	SES226	-2.7967	-56.2892	-53.4925
BLOCK12/SES128/SA128S24	SES087	-3.49247	-56.6434	-53.1509
BLOCK12/SES128/SA128S24	SES120	-2.14678	-55.2977	-53.1509
BLOCK12/SES128/SA128S24	SES206	-3.74259	-56.8935	-53.1509
BLOCK12/SES128/SA128S24	SES226	-2.66294	-55.8139	-53.1509
BLOCK12/SES128/SA128S27	SES099	-1.646	-53.6373	-51.9913
BLOCK12/SES128/SA128S27	SES120	-2.32516	-54.3165	-51.9913
BLOCK12/SES128/SA128S27	SES206	-2.63966	-54.631	-51.9913
BLOCK12/SES128/SA128S27	SES226	-1.50277	-53.4941	-51.9913
BLOCK13/SES130/SA130S13	SES143	-2.45415	-57.1721	-54.718
BLOCK13/SES130/SA130S13	SES144	-0.163681	-54.8817	-54.718
BLOCK13/SES130/SA130S13	SES146	-1.05604	-55.774	-54.718
BLOCK13/SES130/SA130S13	SES275	-3.53669	-58.2547	-54.718
BLOCK13/SES130/SA130S15	SES143	-2.12469	-55.3587	-53.234
BLOCK13/SES130/SA130S15	SES144	-0.482777	-53.7168	-53.234
BLOCK13/SES130/SA130S15	SES146	-0.9146	-54.1486	-53.234
BLOCK13/SES130/SA130S15	SES275	-1.52489	-54.7589	-53.234
BLOCK13/SES130/SA130S23	SES127	-2.9663	-57.8909	-54.9246
BLOCK13/SES130/SA130S23	SES144	-1.18119	-56.1058	-54.9246
BLOCK13/SES130/SA130S23	SES146	-0.744057	-55.6687	-54.9246
BLOCK13/SES130/SA130S23	SES162	-1.36356	-56.2882	-54.9246
BLOCK13/SES130/SA130S25	SES127	-1.75878	-54.5178	-52.759
BLOCK13/SES130/SA130S25	SES144	-0.678009	-53.437	-52.759
BLOCK13/SES130/SA130S25	SES146	-1.12741	-53.8864	-52.759
BLOCK13/SES130/SA130S25	SES275	-1.01395	-53.773	-52.759
BLOCK13/SES130/SA130S28	SES127	-1.80298	-54.9054	-53.1024
BLOCK13/SES130/SA130S28	SES144	-0.939411	-54.0418	-53.1024
BLOCK13/SES130/SA130S28	SES146	-0.967514	-54.0699	-53.1024
BLOCK13/SES130/SA130S28	SES275	-0.38401	-53.4864	-53.1024
BLOCK13/SES131/SA131S13	SES002	-2.72015	-57.7151	-54.9949
BLOCK13/SES131/SA131S13	SES007	-5.01707	-60.012	-54.9949
BLOCK13/SES131/SA131S13	SES099	-2.60419	-57.5991	-54.9949
BLOCK13/SES131/SA131S13	SES105	-3.48513	-58.4801	-54.9949
BLOCK13/SES131/SA131S14	SES104	-1.33476	-54.3328	-52.998
BLOCK13/SES131/SA131S14	SES106	-0.96032	-53.9583	-52.998
BLOCK13/SES131/SA131S14	SES125	-1.77055	-54.7685	-52.998
BLOCK13/SES131/SA131S14	SES148	-2.95114	-55.9491	-52.998
BLOCK13/SES131/SA131S20	SES104	-2.47893	-56.6845	-54.2056
BLOCK13/SES131/SA131S20	SES106	-1.29649	-55.5021	-54.2056
BLOCK13/SES131/SA131S20	SES125	-2.25198	-56.4576	-54.2056
BLOCK13/SES131/SA131S20	SES148	-4.78464	-58.9902	-54.2056
BLOCK13/SES131/SA131S22	SES099	-1.46804	-54.905	-53.4369
BLOCK13/SES131/SA131S22	SES104	-2.2592	-55.6961	-53.4369
BLOCK13/SES131/SA131S22	SES125	-2.24846	-55.6854	-53.4369
BLOCK13/SES131/SA131S22	SES206	-2.55604	-55.993	-53.4369
BLOCK13/SES131/SA131S29	SES087	-1.76085	-55.9168	-54.156
BLOCK13/SES131/SA131S29	SES104	-2.43845	-56.5944	-54.156
BLOCK13/SES131/SA131S29	SES125	-2.32518	-56.4812	-54.156
BLOCK13/SES131/SA131S29	SES206	-2.09405	-56.25	-54.156
BLOCK13/SES132/SA132S11	SES083	-2.62887	-55.2347	-52.6059
BLOCK13/SES132/SA132S11	SES120	-0.184677	-52.7906	-52.6059
BLOCK13/SES132/SA132S11	SES127	-1.44302	-54.0489	-52.6059
BLOCK13/SES132/SA132S11	SES275	-1.21426	-53.8201	-52.6059
BLOCK13/SES132/SA132S12	SES083	-1.84774	-54.1291	-52.2814
BLOCK13/SES132/SA132S12	SES143	-1.19448	-53.4759	-52.2814
BLOCK13/SES132/SA132S12	SES144	-1.23156	-53.513	-52.2814
BLOCK13/SES132/SA132S12	SES148	-1.6226	-53.904	-52.2814
BLOCK13/SES132/SA132S22	SES062	-0.804134	-53.0156	-52.2115
BLOCK13/SES132/SA132S22	SES083	-1.45507	-53.6666	-52.2115
BLOCK13/SES132/SA132S22	SES127	-1.18356	-53.3951	-52.2115
BLOCK13/SES132/SA132S22	SES275	-1.03962	-53.2511	-52.2115
BLOCK13/SES132/SA132S24	SES007	-0.974346	-53.2575	-52.2831
BLOCK13/SES132/SA132S24	SES083	-2.03133	-54.3145	-52.2831
BLOCK13/SES132/SA132S24	SES127	-1.89356	-54.1767	-52.2831
BLOCK13/SES132/SA132S24	SES275	-1.59071	-53.8738	-52.2831
BLOCK13/SES132/SA132S27	SES083	-2.26403	-55.3406	-53.0766
BLOCK13/SES132/SA132S27	SES120	-0.30941	-53.386	-53.0766
BLOCK13/SES132/SA132S27	SES127	-1.90764	-54.9842	-53.0766
BLOCK13/SES132/SA132S27	SES275	-2.25077	-55.3274	-53.0766
BLOCK14/SES141/SA141S09	SES143	-0.816383	-54.2242	-53.4078
BLOCK14/SES141/SA141S09	SES144	-0.798386	-54.2062	-53.4078
BLOCK14/SES141/SA141S09	SES162	-0.848427	-54.2562	-53.4078
BLOCK14/SES141/SA141S09	SES180	-1.041	-54.4488	-53.4078
BLOCK14/SES141/SA141S15	SES127	-1.33994	-54.3964	-53.0564
BLOCK14/SES141/SA141S15	SES144	-1.07224	-54.1287	-53.0564
BLOCK14/SES141/SA141S15	SES162	-1.12819	-54.1846	-53.0564
BLOCK14/SES141/SA141S15	SES180	-0.82008	-53.8765	-53.0564
BLOCK14/SES141/SA141S24	SES127	-0.940678	-53.8448	-52.9041
BLOCK14/SES141/SA141S24	SES144	-1.6223	-54.5264	-52.9041
BLOCK14/SES141/SA141S24	SES162	-0.652142	-53.5563	-52.9041
BLOCK14/SES141/SA141S24	SES183	-2.77986	-55.684	-52.9041
BLOCK14/SES141/SA141S26	SES142	-2.02367	-55.727	-53.7034
BLOCK14/SES141/SA141S26	SES144	-1.44209	-55.1455	-53.7034
BLOCK14/SES141/SA141S26	SES172	-2.12579	-55.8292	-53.7034
BLOCK14/SES141/SA141S26	SES180	-0.904736	-54.6081	-53.7034
BLOCK14/SES141/SA141S29	SES127	-0.645542	-53.3239	-52.6784
BLOCK14/SES141/SA141S29	SES142	-0.144207	-52.8226	-52.6784
BLOCK14/SES141/SA141S29	SES144	-1.13395	-53.8123	-52.6784
BLOCK14/SES141/SA141S29	SES180	-0.602428	-53.2808	-52.6784
BLOCK15/SES157/SA157S08	SES083	-3.33794	-56.6994	-53.3614
BLOCK15/SES157/SA157S08	SES127	-2.40526	-55.7667	-53.3614
BLOCK15/SES157/SA157S08	SES148	-1.50734	-54.8688	-53.3614
BLOCK15/SES157/SA157S08	SES292	-2.57719	-55.9386	-53.3614
BLOCK15/SES157/SA157S11	SES083	-2.37865	-55.2978	-52.9191
BLOCK15/SES157/SA157S11	SES127	-2.04451	-54.9636	-52.9191
BLOCK15/SES157/SA157S11	SES148	-1.4241	-54.3432	-52.9191
BLOCK15/SES157/SA157S11	SES292	-2.18698	-55.1061	-52.9191
BLOCK15/SES157/SA157S21	SES127	-1.70567	-54.6535	-52.9479
BLOCK15/SES157/SA157S21	SES148	-0.930725	-53.8786	-52.9479
BLOCK15/SES157/SA157S21	SES158	-5.86324	-58.8111	-52.9479
BLOCK15/SES157/SA157S21	SES292	-1.73876	-54.6866	-52.9479
BLOCK15/SES157/SA157S24	SES127	-2.18099	-54.9401	-52.7591
BLOCK15/SES157/SA157S24	SES148	-1.49861	-54.2578	-52.7591
BLOCK15/SES157/SA157S24	SES183	-1.87893	-54.6381	-52.7591
BLOCK15/SES157/SA157S24	SES292	-2.30927	-55.0684	-52.7591
BLOCK15/SES157/SA157S26	SES007	-0.749882	-53.4649	-52.715
BLOCK15/SES157/SA157S26	SES127	-1.33405	-54.0491	-52.715
BLOCK15/SES157/SA157S26	SES147	-4.57581	-57.2908	-52.715
BLOCK15/SES157/SA157S26	SES148	-1.3156	-54.0306	-52.715
BLOCK16/SES161/SA161S10	SES007	-2.8968	-57.1579	-54.2611
BLOCK16/SES161/SA161S10	SES105	-2.078	-56.3391	-54.2611
BLOCK16/SES161/SA161S10	SES158	-2.85724	-57.1184	-54.2611
BLOCK16/SES161/SA161S10	SES275	-2.68366	-56.9448	-54.2611
BLOCK16/SES161/SA161S12	SES007	-2.30671	-56.187	-53.8803
BLOCK16/SES161/SA161S12	SES105	-2.80295	-56.6833	-53.8803
BLOCK16/SES161/SA161S12	SES158	-1.91789	-55.7982	-53.8803
BLOCK16/SES161/SA161S12	SES275	-2.02244	-55.9028	-53.8803
BLOCK16/SES161/SA161S20	SES007	-3.0691	-58.2805	-55.2114
BLOCK16/SES161/SA161S20	SES105	-3.20786	-58.4192	-55.2114
BLOCK16/SES161/SA161S20	SES158	-2.55964	-57.771	-55.2114
BLOCK16/SES161/SA161S20	SES275	-3.55481	-58.7662	-55.2114
BLOCK16/SES161/SA161S23	SES007	-2.67311	-56.1351	-53.462
BLOCK16/SES161/SA161S23	SES105	-1.75225	-55.2142	-53.462
BLOCK16/SES161/SA161S23	SES148	-2.65428	-56.1162	-53.462
BLOCK16/SES161/SA161S23	SES158	-1.48136	-54.9433	-53.462
BLOCK16/SES161/SA161S28	SES007	-3.90652	-57.5543	-53.6478
BLOCK16/SES161/SA161S28	SES105	-3.1441	-56.7919	-53.6478
BLOCK16/SES161/SA161S28	SES158	-1.41793	-55.0657	-53.6478
BLOCK16/SES161/SA161S28	SES206	-2.92066	-56.5685	-53.6478
BLOCK16/SES164/SA164S11	SES104	-2.10825	-53.7962	-51.6879
BLOCK16/SES164/SA164S11	SES125	-1.21651	-52.9044	-51.6879
BLOCK16/SES164/SA164S11	SES158	-0.804806	-52.4927	-51.6879
BLOCK16/SES164/SA164S11	SES206	-2.48961	-54.1775	-51.6879
BLOCK16/SES164/SA164S13	SES099	-1.1599	-54.4117	-53.2518
BLOCK16/SES164/SA164S13	SES104	-1.87466	-55.1265	-53.2518
BLOCK16/SES164/SA164S13	SES125	-2.08928	-55.3411	-53.2518
BLOCK16/SES164/SA164S13	SES206	-2.07711	-55.3289	-53.2518
BLOCK16/SES164/SA164S24	SES002	-1.07215	-53.4759	-52.4038
BLOCK16/SES164/SA164S24	SES099	-1.0957	-53.4995	-52.4038
BLOCK16/SES164/SA164S24	SES125	-1.84252	-54.2463	-52.4038
BLOCK16/SES164/SA164S24	SES226	-0.835155	-53.2389	-52.4038
BLOCK16/SES164/SA164S27	SES087	-3.12899	-56.0052	-52.8763
BLOCK16/SES164/SA164S27	SES125	-1.76534	-54.6416	-52.8763
BLOCK16/SES164/SA164S27	SES206	-2.20348	-55.0797	-52.8763
BLOCK16/SES164/SA164S27	SES226	-1.56454	-54.4408	-52.8763
BLOCK16/SES164/SA164S29	SES002	-0.507332	-53.1529	-52.6456
BLOCK16/SES164/SA164S29	SES019	-2.04336	-54.6889	-52.6456
BLOCK16/SES164/SA164S29	SES125	-1.50176	-54.1474	-52.6456
BLOCK16/SES164/SA164S29	SES226	-1.8614	-54.507	-52.6456
BLOCK16/SES169/SA169S13	SES117	-1.44351	-54.6736	-53.2301
BLOCK16/SES169/SA169S13	SES144	-1.28546	-54.5155	-53.2301
BLOCK16/SES169/SA169S13	SES146	-1.52282	-54.7529	-53.2301
BLOCK16/SES169/SA169S13	SES162	-1.70042	-54.9305	-53.2301
BLOCK16/SES169/SA169S14	SES144	-1.05091	-53.0539	-52.003
BLOCK16/SES169/SA169S14	SES148	-0.833286	-52.8363	-52.003
BLOCK16/SES169/SA169S14	SES177	-1.11143	-53.1145	-52.003
BLOCK16/SES169/SA169S14	SES180	-2.02998	-54.033	-52.003
BLOCK16/SES169/SA169S24	SES117	-1.098	-54.9364	-53.8384
BLOCK16/SES169/SA169S24	SES144	-0.831726	-54.6701	-53.8384
BLOCK16/SES169/SA169S24	SES146	-1.49582	-55.3342	-53.8384
BLOCK16/SES169/SA169S24	SES162	-1.52187	-55.3603	-53.8384
BLOCK16/SES169/SA169S27	SES127	-1.62081	-54.8298	-53.209
BLOCK16/SES169/SA169S27	SES129	-1.64135	-54.8504	-53.209
BLOCK16/SES169/SA169S27	SES144	-1.88879	-55.0978	-53.209
BLOCK16/SES169/SA169S27	SES146	-0.660248	-53.8693	-53.209
BLOCK16/SES169/SA169S29	SES144	-0.715786	-53.2394	-52.5236
BLOCK16/SES169/SA169S29	SES162	-1.2491	-53.7727	-52.5236
BLOCK16/SES169/SA169S29	SES177	-2.67729	-55.2009	-52.5236
BLOCK16/SES169/SA169S29	SES180	-1.91122	-54.4348	-52.5236
BLOCK17/SES171/SA171S12	SES083	-1.89128	-55.7674	-53.8761
BLOCK17/SES171/SA171S12	SES148	-1.56772	-55.4439	-53.8761
BLOCK17/SES171/SA171S12	SES172	-2.11332	-55.9895	-53.8761
BLOCK17/SES171/SA171S12	SES292	-2.37925	-56.2554	-53.8761
BLOCK17/SES171/SA171S15	SES148	-1.71817	-55.9398	-54.2217
BLOCK17/SES171/SA171S15	SES177	-2.09758	-56.3193	-54.2217
BLOCK17/SES171/SA171S15	SES180	-4.40879	-58.6305	-54.2217
BLOCK17/SES171/SA171S15	SES292	-3.21638	-57.4381	-54.2217
BLOCK17/SES171/SA171S22	SES007	-2.01791	-54.9917	-52.9738
BLOCK17/SES171/SA171S22	SES148	-1.39869	-54.3725	-52.9738
BLOCK17/SES171/SA171S22	SES177	-1.02736	-54.0012	-52.9738
BLOCK17/SES171/SA171S22	SES180	-1.97966	-54.9535	-52.9738
BLOCK17/SES171/SA171S25	SES101	-2.85238	-56.9306	-54.0783
BLOCK17/SES171/SA171S25	SES120	-2.474	-56.5523	-54.0783
BLOCK17/SES171/SA171S25	SES177	-1.46986	-55.5481	-54.0783
BLOCK17/SES171/SA171S25	SES180	-3.15453	-57.2328	-54.0783
BLOCK17/SES171/SA171S27	SES177	-0.533009	-54.1188	-53.5858
BLOCK17/SES171/SA171S27	SES180	-2.46159	-56.0473	-53.5858
BLOCK17/SES171/SA171S27	SES189	-1.14101	-54.7268	-53.5858
BLOCK17/SES171/SA171S27	SES292	-2.43404	-56.0198	-53.5858
BLOCK17/SES173/SA173S13	SES162	-1.87361	-56.5555	-54.6819
BLOCK17/SES173/SA173S13	SES177	-3.04533	-57.7273	-54.6819
BLOCK17/SES173/SA173S13	SES180	-2.78399	-57.4659	-54.6819
BLOCK17/SES173/SA173S13	SES292	-1.88594	-56.5679	-54.6819
BLOCK17/SES173/SA173S14	SES007	-3.83721	-58.9079	-55.0706
BLOCK17/SES173/SA173S14	SES162	-1.88603	-56.9567	-55.0706
BLOCK17/SES173/SA173S14	SES177	-1.99761	-57.0682	-55.0706
BLOCK17/SES173/SA173S14	SES180	-3.12698	-58.1976	-55.0706
BLOCK17/SES173/SA173S24	SES144	-1.61491	-57.1509	-55.536
BLOCK17/SES173/SA173S24	SES162	-1.85118	-57.3872	-55.536
BLOCK17/SES173/SA173S24	SES177	-2.00394	-57.5399	-55.536
BLOCK17/SES173/SA173S24	SES180	-2.95005	-58.486	-55.536
BLOCK17/SES173/SA173S27	SES162	-2.7814	-57.0796	-54.2982
BLOCK17/SES173/SA173S27	SES177	-2.56636	-56.8645	-54.2982
BLOCK17/SES173/SA173S27	SES180	-3.18907	-57.4872	-54.2982
BLOCK17/SES173/SA173S27	SES292	-2.50838	-56.8066	-54.2982
BLOCK17/SES173/SA173S29	SES162	-1.54665	-56.2682	-54.7216
BLOCK17/SES173/SA173S29	SES175	-1.42011	-56.1417	-54.7216
BLOCK17/SES173/SA173S29	SES177	-1.46085	-56.1824	-54.7216
BLOCK17/SES173/SA173S29	SES292	-2.03678	-56.7584	-54.7216
BLOCK18/SES182/SA182S10	SES144	-1.06126	-54.0906	-53.0293
BLOCK18/SES182/SA182S10	SES177	-1.93221	-54.9616	-53.0293
BLOCK18/SES182/SA182S10	SES180	-2.33426	-55.3636	-53.0293
BLOCK18/SES182/SA182S10	SES275	-1.30673	-54.3361	-53.0293
BLOCK18/SES182/SA182S12	SES144	-0.65443	-53.4395	-52.785
BLOCK18/SES182/SA182S12	SES177	-1.21753	-54.0026	-52.785
BLOCK18/SES182/SA182S12	SES180	-1.58261	-54.3677	-52.785
BLOCK18/SES182/SA182S12	SES275	-1.17635	-53.9614	-52.785
BLOCK18/SES182/SA182S21	SES117	-1.38651	-55.0817	-53.6951
BLOCK18/SES182/SA182S21	SES144	-1.45503	-55.1502	-53.6951
BLOCK18/SES182/SA182S21	SES162	-1.07367	-54.7688	-53.6951
BLOCK18/SES182/SA182S21	SES180	-1.93277	-55.6279	-53.6951
BLOCK18/SES182/SA182S23	SES117	-1.70783	-54.9186	-53.2108
BLOCK18/SES182/SA182S23	SES144	-1.72453	-54.9353	-53.2108
BLOCK18/SES182/SA182S23	SES180	-2.44329	-55.654	-53.2108
BLOCK18/SES182/SA182S23	SES275	-1.78184	-54.9926	-53.2108
BLOCK18/SES182/SA182S25	SES007	-1.08629	-54.2825	-53.1963
BLOCK18/SES182/SA182S25	SES162	-1.04912	-54.2454	-53.1963
BLOCK18/SES182/SA182S25	SES177	-1.03115	-54.2274	-53.1963
BLOCK18/SES182/SA182S25	SES180	-1.55856	-54.7548	-53.1963
BLOCK18/SES184/SA184S12	SES177	-1.85541	-55.4984	-53.643
BLOCK18/SES184/SA184S12	SES180	-1.04132	-54.6843	-53.643
BLOCK18/SES184/SA184S12	SES189	-1.85545	-55.4984	-53.643
BLOCK18/SES184/SA184S12	SES292	-1.59768	-55.2406	-53.643
BLOCK18/SES184/SA184S13	SES101	-2.41076	-55.8252	-53.4144
BLOCK18/SES184/SA184S13	SES177	-1.55854	-54.973	-53.4144
BLOCK18/SES184/SA184S13	SES180	-1.70767	-55.1221	-53.4144
BLOCK18/SES184/SA184S13	SES292	-1.82051	-55.2349	-53.4144
BLOCK18/SES184/SA184S22	SES177	-1.6947	-54.1324	-52.4377
BLOCK18/SES184/SA184S22	SES180	-1.77318	-54.2109	-52.4377
BLOCK18/SES184/SA184S22	SES189	-2.76517	-55.2029	-52.4377
BLOCK18/SES184/SA184S22	SES292	-1.87979	-54.3175	-52.4377
BLOCK18/SES184/SA184S25	SES101	-1.83413	-53.9892	-52.155
BLOCK18/SES184/SA184S25	SES177	-2.07044	-54.2255	-52.155
BLOCK18/SES184/SA184S25	SES180	-1.90352	-54.0585	-52.155
BLOCK18/SES184/SA184S25	SES292	-1.40721	-53.5622	-52.155
BLOCK18/SES184/SA184S27	SES083	-2.07901	-54.9916	-52.9126
BLOCK18/SES184/SA184S27	SES177	-1.42401	-54.3366	-52.9126
BLOCK18/SES184/SA184S27	SES202	-2.97469	-55.8873	-52.9126
BLOCK18/SES184/SA184S27	SES292	-1.53344	-54.446	-52.9126
BLOCK20/SES204/SA204S12	SES062	-2.23857	-54.1163	-51.8777
BLOCK20/SES204/SA204S12	SES083	-2.34977	-54.2274	-51.8777
BLOCK20/SES204/SA204S12	SES206	-1.14994	-53.0276	-51.8777
BLOCK20/SES204/SA204S12	SES226	-2.1869	-54.0646	-51.8777
BLOCK20/SES204/SA204S14	SES068	-2.95095	-53.9221	-50.9711
BLOCK20/SES204/SA204S14	SES087	-1.20837	-52.1795	-50.9711
BLOCK20/SES204/SA204S14	SES206	-2.07915	-53.0503	-50.9711
BLOCK20/SES204/SA204S14	SES226	-2.11335	-53.0845	-50.9711
BLOCK20/SES204/SA204S22	SES068	-3.84723	-55.5928	-51.7456
BLOCK20/SES204/SA204S22	SES082	-3.35598	-55.1015	-51.7456
BLOCK20/SES204/SA204S22	SES083	-3.34952	-55.0951	-51.7456
BLOCK20/SES204/SA204S22	SES206	-1.85051	-53.5961	-51.7456
BLOCK20/SES204/SA204S25	SES062	-3.14581	-55.0353	-51.8895
BLOCK20/SES204/SA204S25	SES083	-3.55927	-55.4488	-51.8895
BLOCK20/SES204/SA204S25	SES206	-1.15759	-53.0471	-51.8895
BLOCK20/SES204/SA204S25	SES226	-2.16927	-54.0588	-51.8895
BLOCK20/SES204/SA204S27	SES068	-4.51963	-56.7026	-52.183
BLOCK20/SES204/SA204S27	SES082	-2.89691	-55.0799	-52.183
BLOCK20/SES204/SA204S27	SES087	-1.13065	-53.3137	-52.183
BLOCK20/SES204/SA204S27	SES206	-1.50515	-53.6882	-52.183
BLOCK20/SES207/SA207S10	SES127	-1.68682	-54.9717	-53.2849
BLOCK20/SES207/SA207S10	SES183	-2.2828	-55.5677	-53.2849
BLOCK20/SES207/SA207S10	SES189	-1.53053	-54.8154	-53.2849
BLOCK20/SES207/SA207S10	SES292	-1.32432	-54.6092	-53.2849
BLOCK20/SES207/SA207S11	SES127	-3.07768	-56.2174	-53.1397
BLOCK20/SES207/SA207S11	SES183	-2.20346	-55.3431	-53.1397
BLOCK20/SES207/SA207S11	SES187	-1.37027	-54.5099	-53.1397
BLOCK20/SES207/SA207S11	SES292	-1.82695	-54.9666	-53.1397
BLOCK20/SES207/SA207S25	SES068	-1.58924	-55.0602	-53.471
BLOCK20/SES207/SA207S25	SES083	-2.40816	-55.8792	-53.471
BLOCK20/SES207/SA207S25	SES127	-1.2715	-54.7425	-53.471
BLOCK20/SES207/SA207S25	SES187	-0.542717	-54.0137	-53.471
BLOCK20/SES207/SA207S27	SES127	-1.97808	-56.1017	-54.1236
BLOCK20/SES207/SA207S27	SES183	-1.2952	-55.4188	-54.1236
BLOCK20/SES207/SA207S27	SES187	-1.51475	-55.6384	-54.1236
BLOCK20/SES207/SA207S27	SES292	-1.40096	-55.5246	-54.1236
BLOCK20/SES207/SA207S29	SES083	-1.85267	-54.9945	-53.1418
BLOCK20/SES207/SA207S29	SES085	-1.2491	-54.3909	-53.1418
BLOCK20/SES207/SA207S29	SES172	-2.39865	-55.5404	-53.1418
BLOCK20/SES207/SA207S29	SES189	-2.06434	-55.2061	-53.1418
BLOCK22/SES221/SA221S12	SES068	-1.79219	-54.751	-52.9588
BLOCK22/SES221/SA221S12	SES143	-2.00039	-54.9592	-52.9588
BLOCK22/SES221/SA221S12	SES175	-0.904842	-53.8637	-52.9588
BLOCK22/SES221/SA221S12	SES202	-0.682293	-53.6411	-52.9588
BLOCK22/SES221/SA221S15	SES085	-3.24882	-57.6242	-54.3754
BLOCK22/SES221/SA221S15	SES143	-2.9907	-57.3661	-54.3754
BLOCK22/SES221/SA221S15	SES175	-1.3954	-55.7708	-54.3754
BLOCK22/SES221/SA221S15	SES187	-0.603844	-54.9792	-54.3754
BLOCK22/SES221/SA221S23	SES068	-2.30597	-55.667	-53.3611
BLOCK22/SES221/SA221S23	SES143	-2.45101	-55.8121	-53.3611
BLOCK22/SES221/SA221S23	SES175	-0.647564	-54.0086	-53.3611
BLOCK22/SES221/SA221S23	SES189	0.0794373	-53.2816	-53.3611
BLOCK22/SES221/SA221S27	SES085	-3.58514	-57.109	-53.5238
BLOCK22/SES221/SA221S27	SES143	-1.88899	-55.4128	-53.5238
BLOCK22/SES221/SA221S27	SES175	-0.538811	-54.0626	-53.5238
BLOCK22/SES221/SA221S27	SES189	0.938583	-52.5852	-53.5238
BLOCK22/SES221/SA221S29	SES085	-4.89165	-60.037	-55.1453
BLOCK22/SES221/SA221S29	SES143	-2.44026	-57.5856	-55.1453
BLOCK22/SES221/SA221S29	SES175	-1.74301	-56.8883	-55.1453
BLOCK22/SES221/SA221S29	SES187	0.0999451	-55.0454	-55.1453
BLOCK22/SES223/SA223S11	SES143	-0.9375	-55.4568	-54.5193
BLOCK22/SES223/SA223S11	SES144	-2.78807	-57.3073	-54.5193
BLOCK22/SES223/SA223S11	SES175	-0.754261	-55.2735	-54.5193
BLOCK22/SES223/SA223S11	SES187	-1.15582	-55.6751	-54.5193
BLOCK22/SES223/SA223S13	SES068	-2.21042	-57.3651	-55.1546
BLOCK22/SES223/SA223S13	SES143	-2.55392	-57.7086	-55.1546
BLOCK22/SES223/SA223S13	SES146	-2.37516	-57.5298	-55.1546
BLOCK22/SES223/SA223S13	SES202	-1.57403	-56.7287	-55.1546
BLOCK22/SES223/SA223S22	SES143	-1.09164	-55.6075	-54.5159
BLOCK22/SES223/SA223S22	SES144	-2.60218	-57.1181	-54.5159
BLOCK22/SES223/SA223S22	SES175	-0.814632	-55.3305	-54.5159
BLOCK22/SES223/SA223S22	SES187	-0.746731	-55.2626	-54.5159
BLOCK22/SES223/SA223S25	SES068	-1.79695	-55.9632	-54.1662
BLOCK22/SES223/SA223S25	SES143	-1.80157	-55.9678	-54.1662
BLOCK22/SES223/SA223S25	SES175	-1.35815	-55.5244	-54.1662
BLOCK22/SES223/SA223S25	SES187	-1.51094	-55.6772	-54.1662
BLOCK22/SES223/SA223S27	SES143	-1.06838	-55.5583	-54.4899
BLOCK22/SES223/SA223S27	SES146	-1.02227	-55.5122	-54.4899
BLOCK22/SES223/SA223S27	SES187	-1.19478	-55.6847	-54.4899
BLOCK22/SES223/SA223S27	SES292	-2.1628	-56.6527	-54.4899
BLOCK27/SES273/SA273S12	SES099	-0.237053	-51.1576	-50.9205
BLOCK27/SES273/SA273S12	SES104	-0.765949	-51.6865	-50.9205
BLOCK27/SES273/SA273S12	SES125	-1.22203	-52.1426	-50.9205
BLOCK27/SES273/SA273S12	SES206	-0.38781	-51.3084	-50.9205
BLOCK27/SES273/SA273S13	SES099	-0.854538	-51.7512	-50.8967
BLOCK27/SES273/SA273S13	SES104	-1.0481	-51.9448	-50.8967
BLOCK27/SES273/SA273S13	SES206	-0.584869	-51.4816	-50.8967
BLOCK27/SES273/SA273S13	SES292	-3.63496	-54.5317	-50.8967
BLOCK27/SES273/SA273S21	SES099	0.119556	-51.1271	-51.2466
BLOCK27/SES273/SA273S21	SES148	-3.42854	-54.6752	-51.2466
BLOCK27/SES273/SA273S21	SES149	-0.99094	-52.2376	-51.2466
BLOCK27/SES273/SA273S21	SES177	-3.92421	-55.1708	-51.2466
BLOCK27/SES273/SA273S25	SES104	-1.12993	-52.4476	-51.3177
BLOCK27/SES273/SA273S25	SES125	-1.24523	-52.5629	-51.3177
BLOCK27/SES273/SA273S25	SES158	-0.92004	-52.2377	-51.3177
BLOCK27/SES273/SA273S25	SES206	-0.0252495	-51.3429	-51.3177
BLOCK27/SES273/SA273S27	SES099	-0.591225	-51.817	-51.2258
BLOCK27/SES273/SA273S27	SES104	-0.987003	-52.2128	-51.2258
BLOCK27/SES273/SA273S27	SES149	-0.930668	-52.1565	-51.2258
BLOCK27/SES273/SA273S27	SES275	-2.26441	-53.4902	-51.2258
BLOCK27/SES274/SA274S10	SES105	-1.77842	-53.3991	-51.6207
BLOCK27/SES274/SA274S10	SES125	-1.00121	-52.6219	-51.6207
BLOCK27/SES274/SA274S10	SES129	-1.06393	-52.6846	-51.6207
BLOCK27/SES274/SA274S10	SES158	-1.74487	-53.3655	-51.6207
BLOCK27/SES274/SA274S11	SES105	-2.62375	-54.1943	-51.5706
BLOCK27/SES274/SA274S11	SES149	-1.04074	-52.6113	-51.5706
BLOCK27/SES274/SA274S11	SES158	-1.66071	-53.2313	-51.5706
BLOCK27/SES274/SA274S11	SES275	-2.66642	-54.237	-51.5706
BLOCK27/SES274/SA274S21	SES105	-2.05981	-54.1002	-52.0404
BLOCK27/SES274/SA274S21	SES129	-1.26019	-53.3006	-52.0404
BLOCK27/SES274/SA274S21	SES149	-1.03038	-53.0707	-52.0404
BLOCK27/SES274/SA274S21	SES158	-2.5772	-54.6176	-52.0404
BLOCK27/SES274/SA274S24	SES105	-2.37865	-54.2521	-51.8734
BLOCK27/SES274/SA274S24	SES129	-2.49892	-54.3724	-51.8734
BLOCK27/SES274/SA274S24	SES149	-1.01384	-52.8873	-51.8734
BLOCK27/SES274/SA274S24	SES158	-2.81669	-54.6901	-51.8734
BLOCK27/SES274/SA274S29	SES105	-2.71272	-54.5273	-51.8146
BLOCK27/SES274/SA274S29	SES106	-2.28538	-54.0999	-51.8146
BLOCK27/SES274/SA274S29	SES120	-2.50697	-54.3215	-51.8146
BLOCK27/SES274/SA274S29	SES275	-2.52597	-54.3405	-51.8146
BLOCK27/SES276/SA276S16	SES148	-1.61955	-55.1354	-53.5158
BLOCK27/SES276/SA276S16	SES172	-1.84018	-55.356	-53.5158
BLOCK27/SES276/SA276S16	SES180	-3.17325	-56.6891	-53.5158
BLOCK27/SES276/SA276S16	SES292	-0.745152	-54.261	-53.5158
BLOCK27/SES276/SA276S17	SES101	-1.64152	-54.983	-53.3415
BLOCK27/SES276/SA276S17	SES177	-1.65115	-54.9926	-53.3415
BLOCK27/SES276/SA276S17	SES180	-2.07633	-55.4178	-53.3415
BLOCK27/SES276/SA276S17	SES292	-1.55091	-54.8924	-53.3415
BLOCK27/SES276/SA276S24	SES101	-1.02059	-53.0114	-51.9908
BLOCK27/SES276/SA276S24	SES177	-1.77576	-53.7666	-51.9908
BLOCK27/SES276/SA276S24	SES180	-2.01523	-54.0061	-51.9908
BLOCK27/SES276/SA276S24	SES292	-2.06631	-54.0571	-51.9908
BLOCK27/SES276/SA276S26	SES101	-2.27687	-54.9747	-52.6979
BLOCK27/SES276/SA276S26	SES177	-1.26067	-53.9585	-52.6979
BLOCK27/SES276/SA276S26	SES180	-0.910172	-53.608	-52.6979
BLOCK27/SES276/SA276S26	SES292	-0.724419	-53.4223	-52.6979
BLOCK27/SES276/SA276S28	SES101	-1.8181	-54.6276	-52.8095
BLOCK27/SES276/SA276S28	SES177	-1.2398	-54.0493	-52.8095
BLOCK27/SES276/SA276S28	SES180	-1.44567	-54.2552	-52.8095
BLOCK27/SES276/SA276S28	SES292	-1.93948	-54.749	-52.8095
BLOCK27/SES277/SA277S12	SES101	-1.68524	-55.469	-53.7838
BLOCK27/SES277/SA277S12	SES177	-2.59945	-56.3833	-53.7838
BLOCK27/SES277/SA277S12	SES180	-2.7957	-56.5795	-53.7838
BLOCK27/SES277/SA277S12	SES292	-3.13673	-56.9205	-53.7838
BLOCK27/SES277/SA277S14	SES177	-1.70954	-56.1162	-54.4067
BLOCK27/SES277/SA277S14	SES180	-2.06896	-56.4756	-54.4067
BLOCK27/SES277/SA277S14	SES189	-0.838566	-55.2452	-54.4067
BLOCK27/SES277/SA277S14	SES292	-2.58037	-56.987	-54.4067
BLOCK27/SES277/SA277S21	SES177	-1.26274	-53.8982	-52.6354
BLOCK27/SES277/SA277S21	SES180	-2.69579	-55.3312	-52.6354
BLOCK27/SES277/SA277S21	SES189	-1.68102	-54.3164	-52.6354
BLOCK27/SES277/SA277S21	SES292	-2.69253	-55.328	-52.6354
BLOCK27/SES277/SA277S24	SES144	-1.64161	-55.9769	-54.3353
BLOCK27/SES277/SA277S24	SES177	-1.93002	-56.2653	-54.3353
BLOCK27/SES277/SA277S24	SES180	-2.82711	-57.1624	-54.3353
BLOCK27/SES277/SA277S24	SES189	-1.71483	-56.0502	-54.3353
BLOCK27/SES277/SA277S29	SES177	-0.724556	-52.8452	-52.1207
BLOCK27/SES277/SA277S29	SES180	-1.50616	-53.6268	-52.1207
BLOCK27/SES277/SA277S29	SES202	-2.11134	-54.232	-52.1207
BLOCK27/SES277/SA277S29	SES292	-1.98674	-54.1074	-52.1207
BLOCK27/SES279/SA279S09	SES120	-1.59216	-53.9528	-52.3606
BLOCK27/SES279/SA279S09	SES146	-1.96756	-54.3282	-52.3606
BLOCK27/SES279/SA279S09	SES206	-2.91303	-55.2736	-52.3606
BLOCK27/SES279/SA279S09	SES226	-2.86232	-55.2229	-52.3606
BLOCK27/SES279/SA279S10	SES099	-1.80178	-53.8289	-52.0271
BLOCK27/SES279/SA279S10	SES206	-1.95316	-53.9803	-52.0271
BLOCK27/SES279/SA279S10	SES226	-2.80872	-54.8359	-52.0271
BLOCK27/SES279/SA279S10	SES292	-1.36148	-53.3886	-52.0271
BLOCK27/SES279/SA279S20	SES099	-3.57412	-56.0631	-52.489
BLOCK27/SES279/SA279S20	SES206	-2.35874	-54.8477	-52.489
BLOCK27/SES279/SA279S20	SES226	-3.6162	-56.1052	-52.489
BLOCK27/SES279/SA279S20	SES292	-1.17694	-53.6659	-52.489
BLOCK27/SES279/SA279S26	SES099	-2.3199	-54.8737	-52.5538
BLOCK27/SES279/SA279S26	SES206	-1.56692	-54.1207	-52.5538
BLOCK27/SES279/SA279S26	SES226	-2.42183	-54.9756	-52.5538
BLOCK27/SES279/SA279S26	SES292	-1.81641	-54.3702	-52.5538
BLOCK27/SES279/SA279S28	SES099	-3.02157	-54.1513	-51.1297
BLOCK27/SES279/SA279S28	SES120	-1.2927	-52.4224	-51.1297
BLOCK27/SES279/SA279S28	SES177	-3.27297	-54.4027	-51.1297
BLOCK27/SES279/SA279S28	SES206	-3.15392	-54.2836	-51.1297
BLOCK29/SES290/SA290S12	SES162	-2.22449	-54.8284	-52.6039
BLOCK29/SES290/SA290S12	SES177	-1.66905	-54.2729	-52.6039
BLOCK29/SES290/SA290S12	SES180	-2.77582	-55.3797	-52.6039
BLOCK29/SES290/SA290S12	SES292	-2.9914	-55.5953	-52.6039
BLOCK29/SES290/SA290S13	SES007	-3.54306	-57.104	-53.5609
BLOCK29/SES290/SA290S13	SES162	-2.86992	-56.4308	-53.5609
BLOCK29/SES290/SA290S13	SES177	-1.20286	-54.7638	-53.5609
BLOCK29/SES290/SA290S13	SES180	-1.66565	-55.2265	-53.5609
BLOCK29/SES290/SA290S22	SES177	-1.17295	-54.1059	-52.933
BLOCK29/SES290/SA290S22	SES180	-1.29865	-54.2316	-52.933
BLOCK29/SES290/SA290S22	SES202	-1.57306	-54.506	-52.933
BLOCK29/SES290/SA290S22	SES292	-2.56105	-55.494	-52.933
BLOCK29/SES290/SA290S25	SES162	-1.65807	-54.2735	-52.6154
BLOCK29/SES290/SA290S25	SES177	-1.08287	-53.6983	-52.6154
BLOCK29/SES290/SA290S25	SES180	-1.41257	-54.028	-52.6154
BLOCK29/SES290/SA290S25	SES292	-2.00882	-54.6242	-52.6154
BLOCK29/SES290/SA290S29	SES177	-0.439289	-52.8245	-52.3852
BLOCK29/SES290/SA290S29	SES180	-1.09734	-53.4826	-52.3852
BLOCK29/SES290/SA290S29	SES275	-2.44766	-54.8329	-52.3852
BLOCK29/SES290/SA290S29	SES292	-1.5337	-53.9189	-52.3852
BLOCK29/SES291/SA291S11	SES105	-4.46584	-57.3371	-52.8712
BLOCK29/SES291/SA291S11	SES125	-1.28259	-54.1538	-52.8712
BLOCK29/SES291/SA291S11	SES158	-1.64857	-54.5198	-52.8712
BLOCK29/SES291/SA291S11	SES275	-5.17773	-58.049	-52.8712
BLOCK29/SES291/SA291S12	SES158	-0.827412	-52.9592	-52.1318
BLOCK29/SES291/SA291S12	SES226	-1.44005	-53.5718	-52.1318
BLOCK29/SES291/SA291S12	SES270	-0.557217	-52.689	-52.1318
BLOCK29/SES291/SA291S12	SES275	-5.52576	-57.6575	-52.1318
BLOCK29/SES291/SA291S22	SES082	-1.11398	-53.2506	-52.1366
BLOCK29/SES291/SA291S22	SES158	-1.0973	-53.2339	-52.1366
BLOCK29/SES291/SA291S22	SES259	-1.8387	-53.9753	-52.1366
BLOCK29/SES291/SA291S22	SES275	-4.07521	-56.2119	-52.1366
BLOCK29/SES291/SA291S24	SES104	-0.79649	-51.9877	-51.1912
BLOCK29/SES291/SA291S24	SES125	-0.597706	-51.7889	-51.1912
BLOCK29/SES291/SA291S24	SES158	-0.811928	-52.0031	-51.1912
BLOCK29/SES291/SA291S24	SES275	-4.56797	-55.7591	-51.1912
BLOCK29/SES291/SA291S27	SES158	-0.462513	-51.8703	-51.4078
BLOCK29/SES291/SA291S27	SES172	-5.60173	-57.0096	-51.4078
BLOCK29/SES291/SA291S27	SES275	-5.00525	-56.4131	-51.4078
BLOCK29/SES291/SA291S27	SES292	-4.61478	-56.0226	-51.4078
