Threshold search:
THR	-6.88854228427	9	0(0)	1(1000)
THR	-6.7656994614273	8.991	0(0)	0.999(999)
THR	-6.6428566385846	8.991	0(0)	0.999(999)
THR	-6.5200138157419	8.991	0(0)	0.999(999)
THR	-6.3971709928992	8.991	0(0)	0.999(999)
THR	-6.2743281700565	8.964	0(0)	0.996(996)
THR	-6.1514853472138	8.955	0(0)	0.995(995)
THR	-6.0286425243711	8.955	0(0)	0.995(995)
THR	-5.9057997015284	8.955	0(0)	0.995(995)
THR	-5.7829568786857	8.928	0(0)	0.992(992)
THR	-5.660114055843	8.928	0(0)	0.992(992)
THR	-5.5372712330003	8.892	0(0)	0.988(988)
THR	-5.4144284101576	8.874	0(0)	0.986(986)
THR	-5.2915855873149	8.856	0(0)	0.984(984)
THR	-5.1687427644722	8.838	0(0)	0.982(982)
THR	-5.0458999416295	8.784	0(0)	0.976(976)
THR	-4.9230571187868	8.748	0(0)	0.972(972)
THR	-4.8002142959441	8.667	0(0)	0.963(963)
THR	-4.6773714731014	8.577	0(0)	0.953(953)
THR	-4.5545286502587	8.505	0(0)	0.945(945)
THR	-4.431685827416	8.451	0(0)	0.939(939)
THR	-4.3088430045733	8.388	0(0)	0.932(932)
THR	-4.1860001817306	8.289	0(0)	0.921(921)
THR	-4.0631573588879	8.145	0(0)	0.905(905)
THR	-3.9403145360452	7.965	0(0)	0.885(885)
THR	-3.8174717132025	7.839	0(0)	0.871(871)
THR	-3.6946288903598	7.668	0(0)	0.852(852)
THR	-3.5717860675171	7.488	0(0)	0.832(832)
THR	-3.4489432446744	7.236	0(0)	0.804(804)
THR	-3.3261004218317	6.948	0(0)	0.772(772)
THR	-3.203257598989	6.579	0(0)	0.731(731)
THR	-3.0804147761463	6.246	0(0)	0.694(694)
THR	-2.9575719533036	5.886	0(0)	0.654(654)
THR	-2.8347291304609	5.418	0(0)	0.602(602)
THR	-2.7118863076182	5.022	0(0)	0.558(558)
THR	-2.5890434847755	4.644	0(0)	0.516(516)
THR	-2.4662006619328	4.167	0(0)	0.463(463)
THR	-2.3433578390901	3.78	0(0)	0.42(420)
THR	-2.2205150162474	3.393	0(0)	0.377(377)
THR	-2.0976721934047	3.051	0(0)	0.339(339)
THR	-1.974829370562	2.646	0(0)	0.294(294)
THR	-1.8519865477193	2.295	0(0)	0.255(255)
THR	-1.7291437248766	1.962	0(0)	0.218(218)
THR	-1.6063009020339	1.674	0(0)	0.186(186)
THR	-1.4834580791912	1.359	0(0)	0.151(151)
THR	-1.3606152563485	1.125	0(0)	0.125(125)
THR	-1.2377724335058	0.891	0(0)	0.099(99)
THR	-1.1149296106631	0.729	0(0)	0.081(81)
THR	-0.992086787820396	0.549	0(0)	0.061(61)
THR	-0.869243964977696	0.409	0.004(1)	0.045(45)
THR	-0.746401142134996	0.292	0.004(1)	0.032(32)
THR	-0.623558319292296	0.22	0.004(1)	0.024(24)
THR	-0.500715496449596	0.17	0.008(2)	0.018(18)
THR	-0.377872673606896	0.12	0.012(3)	0.012(12)
THR	-0.255029850764196	0.101	0.02(5)	0.009(9)
THR	-0.132187027921496	0.095	0.032(8)	0.007(7)
THR	-0.00934420507879624	0.107	0.044(11)	0.007(7)
THR	0.113498617763904	0.11	0.056(14)	0.006(6)
THR	0.236341440606604	0.091	0.064(16)	0.003(3)
THR	0.359184263449304	0.119	0.092(23)	0.003(3)
THR	0.482027086292004	0.15	0.132(33)	0.002(2)
THR	0.604869909134704	0.194	0.176(44)	0.002(2)
THR	0.727712731977404	0.229	0.22(55)	0.001(1)
THR	0.850555554820104	0.252	0.252(63)	0(0)
THR	0.973398377662804	0.284	0.284(71)	0(0)
THR	1.0962412005055	0.32	0.32(80)	0(0)
THR	1.2190840233482	0.364	0.364(91)	0(0)
THR	1.3419268461909	0.404	0.404(101)	0(0)
THR	1.4647696690336	0.46	0.46(115)	0(0)
THR	1.5876124918763	0.544	0.544(136)	0(0)
THR	1.710455314719	0.592	0.592(148)	0(0)
THR	1.8332981375617	0.616	0.616(154)	0(0)
THR	1.9561409604044	0.652	0.652(163)	0(0)
THR	2.0789837832471	0.7	0.7(175)	0(0)
THR	2.2018266060898	0.74	0.74(185)	0(0)
THR	2.3246694289325	0.772	0.772(193)	0(0)
THR	2.4475122517752	0.82	0.82(205)	0(0)
THR	2.5703550746179	0.836	0.836(209)	0(0)
THR	2.69319789746061	0.86	0.86(215)	0(0)
THR	2.81604072030331	0.892	0.892(223)	0(0)
THR	2.93888354314601	0.912	0.912(228)	0(0)
THR	3.06172636598871	0.936	0.936(234)	0(0)
THR	3.18456918883141	0.952	0.952(238)	0(0)
THR	3.30741201167411	0.964	0.964(241)	0(0)
THR	3.43025483451681	0.964	0.964(241)	0(0)
THR	3.55309765735951	0.964	0.964(241)	0(0)
THR	3.67594048020221	0.972	0.972(243)	0(0)
THR	3.79878330304491	0.976	0.976(244)	0(0)
THR	3.92162612588761	0.976	0.976(244)	0(0)
THR	4.04446894873031	0.976	0.976(244)	0(0)
THR	4.16731177157301	0.98	0.98(245)	0(0)
THR	4.29015459441571	0.98	0.98(245)	0(0)
THR	4.41299741725841	0.988	0.988(247)	0(0)
THR	4.53584024010111	0.988	0.988(247)	0(0)
THR	4.65868306294381	0.992	0.992(248)	0(0)
THR	4.78152588578651	0.996	0.996(249)	0(0)
THR	4.90436870862921	0.996	0.996(249)	0(0)
THR	5.02721153147191	0.996	0.996(249)	0(0)
THR	5.15005435431461	0.996	0.996(249)	0(0)
THR	5.27289717715731	0.996	0.996(249)	0(0)
THR	5.39574000000001	1	1(250)	0(0)


==============================================
THR: 0.236341440606604
Missed:     16/250=0.0640
FalseAlarm: 3/1000=0.0030
----------------------------------------------
==> CostDetection: 9.1
==============================================
Threshold search:
THR	-6.88854228427	9	0(0)	1(1000)
THR	-6.7656994614273	8.991	0(0)	0.999(999)
THR	-6.6428566385846	8.991	0(0)	0.999(999)
THR	-6.5200138157419	8.991	0(0)	0.999(999)
THR	-6.3971709928992	8.991	0(0)	0.999(999)
THR	-6.2743281700565	8.964	0(0)	0.996(996)
THR	-6.1514853472138	8.955	0(0)	0.995(995)
THR	-6.0286425243711	8.955	0(0)	0.995(995)
THR	-5.9057997015284	8.955	0(0)	0.995(995)
THR	-5.7829568786857	8.928	0(0)	0.992(992)
THR	-5.660114055843	8.928	0(0)	0.992(992)
THR	-5.5372712330003	8.892	0(0)	0.988(988)
THR	-5.4144284101576	8.874	0(0)	0.986(986)
THR	-5.2915855873149	8.856	0(0)	0.984(984)
THR	-5.1687427644722	8.838	0(0)	0.982(982)
THR	-5.0458999416295	8.784	0(0)	0.976(976)
THR	-4.9230571187868	8.748	0(0)	0.972(972)
THR	-4.8002142959441	8.667	0(0)	0.963(963)
THR	-4.6773714731014	8.577	0(0)	0.953(953)
THR	-4.5545286502587	8.505	0(0)	0.945(945)
THR	-4.431685827416	8.451	0(0)	0.939(939)
THR	-4.3088430045733	8.388	0(0)	0.932(932)
THR	-4.1860001817306	8.289	0(0)	0.921(921)
THR	-4.0631573588879	8.145	0(0)	0.905(905)
THR	-3.9403145360452	7.965	0(0)	0.885(885)
THR	-3.8174717132025	7.839	0(0)	0.871(871)
THR	-3.6946288903598	7.668	0(0)	0.852(852)
THR	-3.5717860675171	7.488	0(0)	0.832(832)
THR	-3.4489432446744	7.236	0(0)	0.804(804)
THR	-3.3261004218317	6.948	0(0)	0.772(772)
THR	-3.203257598989	6.579	0(0)	0.731(731)
THR	-3.0804147761463	6.246	0(0)	0.694(694)
THR	-2.9575719533036	5.886	0(0)	0.654(654)
THR	-2.8347291304609	5.418	0(0)	0.602(602)
THR	-2.7118863076182	5.022	0(0)	0.558(558)
THR	-2.5890434847755	4.644	0(0)	0.516(516)
THR	-2.4662006619328	4.167	0(0)	0.463(463)
THR	-2.3433578390901	3.78	0(0)	0.42(420)
THR	-2.2205150162474	3.393	0(0)	0.377(377)
THR	-2.0976721934047	3.051	0(0)	0.339(339)
THR	-1.974829370562	2.646	0(0)	0.294(294)
THR	-1.8519865477193	2.295	0(0)	0.255(255)
THR	-1.7291437248766	1.962	0(0)	0.218(218)
THR	-1.6063009020339	1.674	0(0)	0.186(186)
THR	-1.4834580791912	1.359	0(0)	0.151(151)
THR	-1.3606152563485	1.125	0(0)	0.125(125)
THR	-1.2377724335058	0.891	0(0)	0.099(99)
THR	-1.1149296106631	0.729	0(0)	0.081(81)
THR	-0.992086787820396	0.549	0(0)	0.061(61)
THR	-0.869243964977696	0.409	0.004(1)	0.045(45)
THR	-0.746401142134996	0.292	0.004(1)	0.032(32)
THR	-0.623558319292296	0.22	0.004(1)	0.024(24)
THR	-0.500715496449596	0.17	0.008(2)	0.018(18)
THR	-0.377872673606896	0.12	0.012(3)	0.012(12)
THR	-0.255029850764196	0.101	0.02(5)	0.009(9)
THR	-0.132187027921496	0.095	0.032(8)	0.007(7)
THR	-0.00934420507879624	0.107	0.044(11)	0.007(7)
THR	0.113498617763904	0.11	0.056(14)	0.006(6)
THR	0.236341440606604	0.091	0.064(16)	0.003(3)
THR	0.359184263449304	0.119	0.092(23)	0.003(3)
THR	0.482027086292004	0.15	0.132(33)	0.002(2)
THR	0.604869909134704	0.194	0.176(44)	0.002(2)
THR	0.727712731977404	0.229	0.22(55)	0.001(1)
THR	0.850555554820104	0.252	0.252(63)	0(0)
THR	0.973398377662804	0.284	0.284(71)	0(0)
THR	1.0962412005055	0.32	0.32(80)	0(0)
THR	1.2190840233482	0.364	0.364(91)	0(0)
THR	1.3419268461909	0.404	0.404(101)	0(0)
THR	1.4647696690336	0.46	0.46(115)	0(0)
THR	1.5876124918763	0.544	0.544(136)	0(0)
THR	1.710455314719	0.592	0.592(148)	0(0)
THR	1.8332981375617	0.616	0.616(154)	0(0)
THR	1.9561409604044	0.652	0.652(163)	0(0)
THR	2.0789837832471	0.7	0.7(175)	0(0)
THR	2.2018266060898	0.74	0.74(185)	0(0)
THR	2.3246694289325	0.772	0.772(193)	0(0)
THR	2.4475122517752	0.82	0.82(205)	0(0)
THR	2.5703550746179	0.836	0.836(209)	0(0)
THR	2.69319789746061	0.86	0.86(215)	0(0)
THR	2.81604072030331	0.892	0.892(223)	0(0)
THR	2.93888354314601	0.912	0.912(228)	0(0)
THR	3.06172636598871	0.936	0.936(234)	0(0)
THR	3.18456918883141	0.952	0.952(238)	0(0)
THR	3.30741201167411	0.964	0.964(241)	0(0)
THR	3.43025483451681	0.964	0.964(241)	0(0)
THR	3.55309765735951	0.964	0.964(241)	0(0)
THR	3.67594048020221	0.972	0.972(243)	0(0)
THR	3.79878330304491	0.976	0.976(244)	0(0)
THR	3.92162612588761	0.976	0.976(244)	0(0)
THR	4.04446894873031	0.976	0.976(244)	0(0)
THR	4.16731177157301	0.98	0.98(245)	0(0)
THR	4.29015459441571	0.98	0.98(245)	0(0)
THR	4.41299741725841	0.988	0.988(247)	0(0)
THR	4.53584024010111	0.988	0.988(247)	0(0)
THR	4.65868306294381	0.992	0.992(248)	0(0)
THR	4.78152588578651	0.996	0.996(249)	0(0)
THR	4.90436870862921	0.996	0.996(249)	0(0)
THR	5.02721153147191	0.996	0.996(249)	0(0)
THR	5.15005435431461	0.996	0.996(249)	0(0)
THR	5.27289717715731	0.996	0.996(249)	0(0)
THR	5.39574000000001	1	1(250)	0(0)


==============================================
THR: 0.236341440606604
Missed:     16/250=0.0640
FalseAlarm: 3/1000=0.0030
----------------------------------------------
==> CostDetection: 9.1
==============================================
Threshold search:
THR	-6.88854228427	9	0(0)	1(1000)
THR	-6.7656994614273	8.991	0(0)	0.999(999)
THR	-6.6428566385846	8.991	0(0)	0.999(999)
THR	-6.5200138157419	8.991	0(0)	0.999(999)
THR	-6.3971709928992	8.991	0(0)	0.999(999)
THR	-6.2743281700565	8.964	0(0)	0.996(996)
THR	-6.1514853472138	8.955	0(0)	0.995(995)
THR	-6.0286425243711	8.955	0(0)	0.995(995)
THR	-5.9057997015284	8.955	0(0)	0.995(995)
THR	-5.7829568786857	8.928	0(0)	0.992(992)
THR	-5.660114055843	8.928	0(0)	0.992(992)
THR	-5.5372712330003	8.892	0(0)	0.988(988)
THR	-5.4144284101576	8.874	0(0)	0.986(986)
THR	-5.2915855873149	8.856	0(0)	0.984(984)
THR	-5.1687427644722	8.838	0(0)	0.982(982)
THR	-5.0458999416295	8.784	0(0)	0.976(976)
THR	-4.9230571187868	8.748	0(0)	0.972(972)
THR	-4.8002142959441	8.667	0(0)	0.963(963)
THR	-4.6773714731014	8.577	0(0)	0.953(953)
THR	-4.5545286502587	8.505	0(0)	0.945(945)
THR	-4.431685827416	8.451	0(0)	0.939(939)
THR	-4.3088430045733	8.388	0(0)	0.932(932)
THR	-4.1860001817306	8.289	0(0)	0.921(921)
THR	-4.0631573588879	8.145	0(0)	0.905(905)
THR	-3.9403145360452	7.965	0(0)	0.885(885)
THR	-3.8174717132025	7.839	0(0)	0.871(871)
THR	-3.6946288903598	7.668	0(0)	0.852(852)
THR	-3.5717860675171	7.488	0(0)	0.832(832)
THR	-3.4489432446744	7.236	0(0)	0.804(804)
THR	-3.3261004218317	6.948	0(0)	0.772(772)
THR	-3.203257598989	6.579	0(0)	0.731(731)
THR	-3.0804147761463	6.246	0(0)	0.694(694)
THR	-2.9575719533036	5.886	0(0)	0.654(654)
THR	-2.8347291304609	5.418	0(0)	0.602(602)
THR	-2.7118863076182	5.022	0(0)	0.558(558)
THR	-2.5890434847755	4.644	0(0)	0.516(516)
THR	-2.4662006619328	4.167	0(0)	0.463(463)
THR	-2.3433578390901	3.78	0(0)	0.42(420)
THR	-2.2205150162474	3.393	0(0)	0.377(377)
THR	-2.0976721934047	3.051	0(0)	0.339(339)
THR	-1.974829370562	2.646	0(0)	0.294(294)
THR	-1.8519865477193	2.295	0(0)	0.255(255)
THR	-1.7291437248766	1.962	0(0)	0.218(218)
THR	-1.6063009020339	1.674	0(0)	0.186(186)
THR	-1.4834580791912	1.359	0(0)	0.151(151)
THR	-1.3606152563485	1.125	0(0)	0.125(125)
THR	-1.2377724335058	0.891	0(0)	0.099(99)
THR	-1.1149296106631	0.729	0(0)	0.081(81)
THR	-0.992086787820396	0.549	0(0)	0.061(61)
THR	-0.869243964977696	0.409	0.004(1)	0.045(45)
THR	-0.746401142134996	0.292	0.004(1)	0.032(32)
THR	-0.623558319292296	0.22	0.004(1)	0.024(24)
THR	-0.500715496449596	0.17	0.008(2)	0.018(18)
THR	-0.377872673606896	0.12	0.012(3)	0.012(12)
THR	-0.255029850764196	0.101	0.02(5)	0.009(9)
THR	-0.132187027921496	0.095	0.032(8)	0.007(7)
THR	-0.00934420507879624	0.107	0.044(11)	0.007(7)
THR	0.113498617763904	0.11	0.056(14)	0.006(6)
THR	0.236341440606604	0.091	0.064(16)	0.003(3)
THR	0.359184263449304	0.119	0.092(23)	0.003(3)
THR	0.482027086292004	0.15	0.132(33)	0.002(2)
THR	0.604869909134704	0.194	0.176(44)	0.002(2)
THR	0.727712731977404	0.229	0.22(55)	0.001(1)
THR	0.850555554820104	0.252	0.252(63)	0(0)
THR	0.973398377662804	0.284	0.284(71)	0(0)
THR	1.0962412005055	0.32	0.32(80)	0(0)
THR	1.2190840233482	0.364	0.364(91)	0(0)
THR	1.3419268461909	0.404	0.404(101)	0(0)
THR	1.4647696690336	0.46	0.46(115)	0(0)
THR	1.5876124918763	0.544	0.544(136)	0(0)
THR	1.710455314719	0.592	0.592(148)	0(0)
THR	1.8332981375617	0.616	0.616(154)	0(0)
THR	1.9561409604044	0.652	0.652(163)	0(0)
THR	2.0789837832471	0.7	0.7(175)	0(0)
THR	2.2018266060898	0.74	0.74(185)	0(0)
THR	2.3246694289325	0.772	0.772(193)	0(0)
THR	2.4475122517752	0.82	0.82(205)	0(0)
THR	2.5703550746179	0.836	0.836(209)	0(0)
THR	2.69319789746061	0.86	0.86(215)	0(0)
THR	2.81604072030331	0.892	0.892(223)	0(0)
THR	2.93888354314601	0.912	0.912(228)	0(0)
THR	3.06172636598871	0.936	0.936(234)	0(0)
THR	3.18456918883141	0.952	0.952(238)	0(0)
THR	3.30741201167411	0.964	0.964(241)	0(0)
THR	3.43025483451681	0.964	0.964(241)	0(0)
THR	3.55309765735951	0.964	0.964(241)	0(0)
THR	3.67594048020221	0.972	0.972(243)	0(0)
THR	3.79878330304491	0.976	0.976(244)	0(0)
THR	3.92162612588761	0.976	0.976(244)	0(0)
THR	4.04446894873031	0.976	0.976(244)	0(0)
THR	4.16731177157301	0.98	0.98(245)	0(0)
THR	4.29015459441571	0.98	0.98(245)	0(0)
THR	4.41299741725841	0.988	0.988(247)	0(0)
THR	4.53584024010111	0.988	0.988(247)	0(0)
THR	4.65868306294381	0.992	0.992(248)	0(0)
THR	4.78152588578651	0.996	0.996(249)	0(0)
THR	4.90436870862921	0.996	0.996(249)	0(0)
THR	5.02721153147191	0.996	0.996(249)	0(0)
THR	5.15005435431461	0.996	0.996(249)	0(0)
THR	5.27289717715731	0.996	0.996(249)	0(0)
THR	5.39574000000001	1	1(250)	0(0)


==============================================
THR: 0.236341440606604
Missed:     16/250=0.0640
FalseAlarm: 3/1000=0.0030
----------------------------------------------
==> CostDetection: 9.1
==============================================
Threshold search:
THR	-6.88854228427	9	0(0)	1(1000)
THR	-6.7656994614273	8.991	0(0)	0.999(999)
THR	-6.6428566385846	8.991	0(0)	0.999(999)
THR	-6.5200138157419	8.991	0(0)	0.999(999)
THR	-6.3971709928992	8.991	0(0)	0.999(999)
THR	-6.2743281700565	8.964	0(0)	0.996(996)
THR	-6.1514853472138	8.955	0(0)	0.995(995)
THR	-6.0286425243711	8.955	0(0)	0.995(995)
THR	-5.9057997015284	8.955	0(0)	0.995(995)
THR	-5.7829568786857	8.928	0(0)	0.992(992)
THR	-5.660114055843	8.928	0(0)	0.992(992)
THR	-5.5372712330003	8.892	0(0)	0.988(988)
THR	-5.4144284101576	8.874	0(0)	0.986(986)
THR	-5.2915855873149	8.856	0(0)	0.984(984)
THR	-5.1687427644722	8.838	0(0)	0.982(982)
THR	-5.0458999416295	8.784	0(0)	0.976(976)
THR	-4.9230571187868	8.748	0(0)	0.972(972)
THR	-4.8002142959441	8.667	0(0)	0.963(963)
THR	-4.6773714731014	8.577	0(0)	0.953(953)
THR	-4.5545286502587	8.505	0(0)	0.945(945)
THR	-4.431685827416	8.451	0(0)	0.939(939)
THR	-4.3088430045733	8.388	0(0)	0.932(932)
THR	-4.1860001817306	8.289	0(0)	0.921(921)
THR	-4.0631573588879	8.145	0(0)	0.905(905)
THR	-3.9403145360452	7.965	0(0)	0.885(885)
THR	-3.8174717132025	7.839	0(0)	0.871(871)
THR	-3.6946288903598	7.668	0(0)	0.852(852)
THR	-3.5717860675171	7.488	0(0)	0.832(832)
THR	-3.4489432446744	7.236	0(0)	0.804(804)
THR	-3.3261004218317	6.948	0(0)	0.772(772)
THR	-3.203257598989	6.579	0(0)	0.731(731)
THR	-3.0804147761463	6.246	0(0)	0.694(694)
THR	-2.9575719533036	5.886	0(0)	0.654(654)
THR	-2.8347291304609	5.418	0(0)	0.602(602)
THR	-2.7118863076182	5.022	0(0)	0.558(558)
THR	-2.5890434847755	4.644	0(0)	0.516(516)
THR	-2.4662006619328	4.167	0(0)	0.463(463)
THR	-2.3433578390901	3.78	0(0)	0.42(420)
THR	-2.2205150162474	3.393	0(0)	0.377(377)
THR	-2.0976721934047	3.051	0(0)	0.339(339)
THR	-1.974829370562	2.646	0(0)	0.294(294)
THR	-1.8519865477193	2.295	0(0)	0.255(255)
THR	-1.7291437248766	1.962	0(0)	0.218(218)
THR	-1.6063009020339	1.674	0(0)	0.186(186)
THR	-1.4834580791912	1.359	0(0)	0.151(151)
THR	-1.3606152563485	1.125	0(0)	0.125(125)
THR	-1.2377724335058	0.891	0(0)	0.099(99)
THR	-1.1149296106631	0.729	0(0)	0.081(81)
THR	-0.992086787820396	0.549	0(0)	0.061(61)
THR	-0.869243964977696	0.409	0.004(1)	0.045(45)
THR	-0.746401142134996	0.292	0.004(1)	0.032(32)
THR	-0.623558319292296	0.22	0.004(1)	0.024(24)
THR	-0.500715496449596	0.17	0.008(2)	0.018(18)
THR	-0.377872673606896	0.12	0.012(3)	0.012(12)
THR	-0.255029850764196	0.101	0.02(5)	0.009(9)
THR	-0.132187027921496	0.095	0.032(8)	0.007(7)
THR	-0.00934420507879624	0.107	0.044(11)	0.007(7)
THR	0.113498617763904	0.11	0.056(14)	0.006(6)
THR	0.236341440606604	0.091	0.064(16)	0.003(3)
THR	0.359184263449304	0.119	0.092(23)	0.003(3)
THR	0.482027086292004	0.15	0.132(33)	0.002(2)
THR	0.604869909134704	0.194	0.176(44)	0.002(2)
THR	0.727712731977404	0.229	0.22(55)	0.001(1)
THR	0.850555554820104	0.252	0.252(63)	0(0)
THR	0.973398377662804	0.284	0.284(71)	0(0)
THR	1.0962412005055	0.32	0.32(80)	0(0)
THR	1.2190840233482	0.364	0.364(91)	0(0)
THR	1.3419268461909	0.404	0.404(101)	0(0)
THR	1.4647696690336	0.46	0.46(115)	0(0)
THR	1.5876124918763	0.544	0.544(136)	0(0)
THR	1.710455314719	0.592	0.592(148)	0(0)
THR	1.8332981375617	0.616	0.616(154)	0(0)
THR	1.9561409604044	0.652	0.652(163)	0(0)
THR	2.0789837832471	0.7	0.7(175)	0(0)
THR	2.2018266060898	0.74	0.74(185)	0(0)
THR	2.3246694289325	0.772	0.772(193)	0(0)
THR	2.4475122517752	0.82	0.82(205)	0(0)
THR	2.5703550746179	0.836	0.836(209)	0(0)
THR	2.69319789746061	0.86	0.86(215)	0(0)
THR	2.81604072030331	0.892	0.892(223)	0(0)
THR	2.93888354314601	0.912	0.912(228)	0(0)
THR	3.06172636598871	0.936	0.936(234)	0(0)
THR	3.18456918883141	0.952	0.952(238)	0(0)
THR	3.30741201167411	0.964	0.964(241)	0(0)
THR	3.43025483451681	0.964	0.964(241)	0(0)
THR	3.55309765735951	0.964	0.964(241)	0(0)
THR	3.67594048020221	0.972	0.972(243)	0(0)
THR	3.79878330304491	0.976	0.976(244)	0(0)
THR	3.92162612588761	0.976	0.976(244)	0(0)
THR	4.04446894873031	0.976	0.976(244)	0(0)
THR	4.16731177157301	0.98	0.98(245)	0(0)
THR	4.29015459441571	0.98	0.98(245)	0(0)
THR	4.41299741725841	0.988	0.988(247)	0(0)
THR	4.53584024010111	0.988	0.988(247)	0(0)
THR	4.65868306294381	0.992	0.992(248)	0(0)
THR	4.78152588578651	0.996	0.996(249)	0(0)
THR	4.90436870862921	0.996	0.996(249)	0(0)
THR	5.02721153147191	0.996	0.996(249)	0(0)
THR	5.15005435431461	0.996	0.996(249)	0(0)
THR	5.27289717715731	0.996	0.996(249)	0(0)
THR	5.39574000000001	1	1(250)	0(0)


==============================================
THR: 0.236341440606604
Missed:     16/250=0.0640
FalseAlarm: 3/1000=0.0030
----------------------------------------------
==> CostDetection: 9.1
==============================================
Threshold search:
THR	-6.88854228427	9	0(0)	1(1000)
THR	-6.7656994614273	8.991	0(0)	0.999(999)
THR	-6.6428566385846	8.991	0(0)	0.999(999)
THR	-6.5200138157419	8.991	0(0)	0.999(999)
THR	-6.3971709928992	8.991	0(0)	0.999(999)
THR	-6.2743281700565	8.964	0(0)	0.996(996)
THR	-6.1514853472138	8.955	0(0)	0.995(995)
THR	-6.0286425243711	8.955	0(0)	0.995(995)
THR	-5.9057997015284	8.955	0(0)	0.995(995)
THR	-5.7829568786857	8.928	0(0)	0.992(992)
THR	-5.660114055843	8.928	0(0)	0.992(992)
THR	-5.5372712330003	8.892	0(0)	0.988(988)
THR	-5.4144284101576	8.874	0(0)	0.986(986)
THR	-5.2915855873149	8.856	0(0)	0.984(984)
THR	-5.1687427644722	8.838	0(0)	0.982(982)
THR	-5.0458999416295	8.784	0(0)	0.976(976)
THR	-4.9230571187868	8.748	0(0)	0.972(972)
THR	-4.8002142959441	8.667	0(0)	0.963(963)
THR	-4.6773714731014	8.577	0(0)	0.953(953)
THR	-4.5545286502587	8.505	0(0)	0.945(945)
THR	-4.431685827416	8.451	0(0)	0.939(939)
THR	-4.3088430045733	8.388	0(0)	0.932(932)
THR	-4.1860001817306	8.289	0(0)	0.921(921)
THR	-4.0631573588879	8.145	0(0)	0.905(905)
THR	-3.9403145360452	7.965	0(0)	0.885(885)
THR	-3.8174717132025	7.839	0(0)	0.871(871)
THR	-3.6946288903598	7.668	0(0)	0.852(852)
THR	-3.5717860675171	7.488	0(0)	0.832(832)
THR	-3.4489432446744	7.236	0(0)	0.804(804)
THR	-3.3261004218317	6.948	0(0)	0.772(772)
THR	-3.203257598989	6.579	0(0)	0.731(731)
THR	-3.0804147761463	6.246	0(0)	0.694(694)
THR	-2.9575719533036	5.886	0(0)	0.654(654)
THR	-2.8347291304609	5.418	0(0)	0.602(602)
THR	-2.7118863076182	5.022	0(0)	0.558(558)
THR	-2.5890434847755	4.644	0(0)	0.516(516)
THR	-2.4662006619328	4.167	0(0)	0.463(463)
THR	-2.3433578390901	3.78	0(0)	0.42(420)
THR	-2.2205150162474	3.393	0(0)	0.377(377)
THR	-2.0976721934047	3.051	0(0)	0.339(339)
THR	-1.974829370562	2.646	0(0)	0.294(294)
THR	-1.8519865477193	2.295	0(0)	0.255(255)
THR	-1.7291437248766	1.962	0(0)	0.218(218)
THR	-1.6063009020339	1.674	0(0)	0.186(186)
THR	-1.4834580791912	1.359	0(0)	0.151(151)
THR	-1.3606152563485	1.125	0(0)	0.125(125)
THR	-1.2377724335058	0.891	0(0)	0.099(99)
THR	-1.1149296106631	0.729	0(0)	0.081(81)
THR	-0.992086787820396	0.549	0(0)	0.061(61)
THR	-0.869243964977696	0.409	0.004(1)	0.045(45)
THR	-0.746401142134996	0.292	0.004(1)	0.032(32)
THR	-0.623558319292296	0.22	0.004(1)	0.024(24)
THR	-0.500715496449596	0.17	0.008(2)	0.018(18)
THR	-0.377872673606896	0.12	0.012(3)	0.012(12)
THR	-0.255029850764196	0.101	0.02(5)	0.009(9)
THR	-0.132187027921496	0.095	0.032(8)	0.007(7)
THR	-0.00934420507879624	0.107	0.044(11)	0.007(7)
THR	0.113498617763904	0.11	0.056(14)	0.006(6)
THR	0.236341440606604	0.091	0.064(16)	0.003(3)
THR	0.359184263449304	0.119	0.092(23)	0.003(3)
THR	0.482027086292004	0.15	0.132(33)	0.002(2)
THR	0.604869909134704	0.194	0.176(44)	0.002(2)
THR	0.727712731977404	0.229	0.22(55)	0.001(1)
THR	0.850555554820104	0.252	0.252(63)	0(0)
THR	0.973398377662804	0.284	0.284(71)	0(0)
THR	1.0962412005055	0.32	0.32(80)	0(0)
THR	1.2190840233482	0.364	0.364(91)	0(0)
THR	1.3419268461909	0.404	0.404(101)	0(0)
THR	1.4647696690336	0.46	0.46(115)	0(0)
THR	1.5876124918763	0.544	0.544(136)	0(0)
THR	1.710455314719	0.592	0.592(148)	0(0)
THR	1.8332981375617	0.616	0.616(154)	0(0)
THR	1.9561409604044	0.652	0.652(163)	0(0)
THR	2.0789837832471	0.7	0.7(175)	0(0)
THR	2.2018266060898	0.74	0.74(185)	0(0)
THR	2.3246694289325	0.772	0.772(193)	0(0)
THR	2.4475122517752	0.82	0.82(205)	0(0)
THR	2.5703550746179	0.836	0.836(209)	0(0)
THR	2.69319789746061	0.86	0.86(215)	0(0)
THR	2.81604072030331	0.892	0.892(223)	0(0)
THR	2.93888354314601	0.912	0.912(228)	0(0)
THR	3.06172636598871	0.936	0.936(234)	0(0)
THR	3.18456918883141	0.952	0.952(238)	0(0)
THR	3.30741201167411	0.964	0.964(241)	0(0)
THR	3.43025483451681	0.964	0.964(241)	0(0)
THR	3.55309765735951	0.964	0.964(241)	0(0)
THR	3.67594048020221	0.972	0.972(243)	0(0)
THR	3.79878330304491	0.976	0.976(244)	0(0)
THR	3.92162612588761	0.976	0.976(244)	0(0)
THR	4.04446894873031	0.976	0.976(244)	0(0)
THR	4.16731177157301	0.98	0.98(245)	0(0)
THR	4.29015459441571	0.98	0.98(245)	0(0)
THR	4.41299741725841	0.988	0.988(247)	0(0)
THR	4.53584024010111	0.988	0.988(247)	0(0)
THR	4.65868306294381	0.992	0.992(248)	0(0)
THR	4.78152588578651	0.996	0.996(249)	0(0)
THR	4.90436870862921	0.996	0.996(249)	0(0)
THR	5.02721153147191	0.996	0.996(249)	0(0)
THR	5.15005435431461	0.996	0.996(249)	0(0)
THR	5.27289717715731	0.996	0.996(249)	0(0)
THR	5.39574000000001	1	1(250)	0(0)


==============================================
THR: 0.236341440606604
Missed:     16/250=0.0640
FalseAlarm: 3/1000=0.0030
----------------------------------------------
==> CostDetection: 9.1
==============================================
Threshold search:
THR	-6.88854228427	9	0(0)	1(1000)
THR	-6.7656994614273	8.991	0(0)	0.999(999)
THR	-6.6428566385846	8.991	0(0)	0.999(999)
THR	-6.5200138157419	8.991	0(0)	0.999(999)
THR	-6.3971709928992	8.991	0(0)	0.999(999)
THR	-6.2743281700565	8.964	0(0)	0.996(996)
THR	-6.1514853472138	8.955	0(0)	0.995(995)
THR	-6.0286425243711	8.955	0(0)	0.995(995)
THR	-5.9057997015284	8.955	0(0)	0.995(995)
THR	-5.7829568786857	8.928	0(0)	0.992(992)
THR	-5.660114055843	8.928	0(0)	0.992(992)
THR	-5.5372712330003	8.892	0(0)	0.988(988)
THR	-5.4144284101576	8.874	0(0)	0.986(986)
THR	-5.2915855873149	8.856	0(0)	0.984(984)
THR	-5.1687427644722	8.838	0(0)	0.982(982)
THR	-5.0458999416295	8.784	0(0)	0.976(976)
THR	-4.9230571187868	8.748	0(0)	0.972(972)
THR	-4.8002142959441	8.667	0(0)	0.963(963)
THR	-4.6773714731014	8.577	0(0)	0.953(953)
THR	-4.5545286502587	8.505	0(0)	0.945(945)
THR	-4.431685827416	8.451	0(0)	0.939(939)
THR	-4.3088430045733	8.388	0(0)	0.932(932)
THR	-4.1860001817306	8.289	0(0)	0.921(921)
THR	-4.0631573588879	8.145	0(0)	0.905(905)
THR	-3.9403145360452	7.965	0(0)	0.885(885)
THR	-3.8174717132025	7.839	0(0)	0.871(871)
THR	-3.6946288903598	7.668	0(0)	0.852(852)
THR	-3.5717860675171	7.488	0(0)	0.832(832)
THR	-3.4489432446744	7.236	0(0)	0.804(804)
THR	-3.3261004218317	6.948	0(0)	0.772(772)
THR	-3.203257598989	6.579	0(0)	0.731(731)
THR	-3.0804147761463	6.246	0(0)	0.694(694)
THR	-2.9575719533036	5.886	0(0)	0.654(654)
THR	-2.8347291304609	5.418	0(0)	0.602(602)
THR	-2.7118863076182	5.022	0(0)	0.558(558)
THR	-2.5890434847755	4.644	0(0)	0.516(516)
THR	-2.4662006619328	4.167	0(0)	0.463(463)
THR	-2.3433578390901	3.78	0(0)	0.42(420)
THR	-2.2205150162474	3.393	0(0)	0.377(377)
THR	-2.0976721934047	3.051	0(0)	0.339(339)
THR	-1.974829370562	2.646	0(0)	0.294(294)
THR	-1.8519865477193	2.295	0(0)	0.255(255)
THR	-1.7291437248766	1.962	0(0)	0.218(218)
THR	-1.6063009020339	1.674	0(0)	0.186(186)
THR	-1.4834580791912	1.359	0(0)	0.151(151)
THR	-1.3606152563485	1.125	0(0)	0.125(125)
THR	-1.2377724335058	0.891	0(0)	0.099(99)
THR	-1.1149296106631	0.729	0(0)	0.081(81)
THR	-0.992086787820396	0.549	0(0)	0.061(61)
THR	-0.869243964977696	0.409	0.004(1)	0.045(45)
THR	-0.746401142134996	0.292	0.004(1)	0.032(32)
THR	-0.623558319292296	0.22	0.004(1)	0.024(24)
THR	-0.500715496449596	0.17	0.008(2)	0.018(18)
THR	-0.377872673606896	0.12	0.012(3)	0.012(12)
THR	-0.255029850764196	0.101	0.02(5)	0.009(9)
THR	-0.132187027921496	0.095	0.032(8)	0.007(7)
THR	-0.00934420507879624	0.107	0.044(11)	0.007(7)
THR	0.113498617763904	0.11	0.056(14)	0.006(6)
THR	0.236341440606604	0.091	0.064(16)	0.003(3)
THR	0.359184263449304	0.119	0.092(23)	0.003(3)
THR	0.482027086292004	0.15	0.132(33)	0.002(2)
THR	0.604869909134704	0.194	0.176(44)	0.002(2)
THR	0.727712731977404	0.229	0.22(55)	0.001(1)
THR	0.850555554820104	0.252	0.252(63)	0(0)
THR	0.973398377662804	0.284	0.284(71)	0(0)
THR	1.0962412005055	0.32	0.32(80)	0(0)
THR	1.2190840233482	0.364	0.364(91)	0(0)
THR	1.3419268461909	0.404	0.404(101)	0(0)
THR	1.4647696690336	0.46	0.46(115)	0(0)
THR	1.5876124918763	0.544	0.544(136)	0(0)
THR	1.710455314719	0.592	0.592(148)	0(0)
THR	1.8332981375617	0.616	0.616(154)	0(0)
THR	1.9561409604044	0.652	0.652(163)	0(0)
THR	2.0789837832471	0.7	0.7(175)	0(0)
THR	2.2018266060898	0.74	0.74(185)	0(0)
THR	2.3246694289325	0.772	0.772(193)	0(0)
THR	2.4475122517752	0.82	0.82(205)	0(0)
THR	2.5703550746179	0.836	0.836(209)	0(0)
THR	2.69319789746061	0.86	0.86(215)	0(0)
THR	2.81604072030331	0.892	0.892(223)	0(0)
THR	2.93888354314601	0.912	0.912(228)	0(0)
THR	3.06172636598871	0.936	0.936(234)	0(0)
THR	3.18456918883141	0.952	0.952(238)	0(0)
THR	3.30741201167411	0.964	0.964(241)	0(0)
THR	3.43025483451681	0.964	0.964(241)	0(0)
THR	3.55309765735951	0.964	0.964(241)	0(0)
THR	3.67594048020221	0.972	0.972(243)	0(0)
THR	3.79878330304491	0.976	0.976(244)	0(0)
THR	3.92162612588761	0.976	0.976(244)	0(0)
THR	4.04446894873031	0.976	0.976(244)	0(0)
THR	4.16731177157301	0.98	0.98(245)	0(0)
THR	4.29015459441571	0.98	0.98(245)	0(0)
THR	4.41299741725841	0.988	0.988(247)	0(0)
THR	4.53584024010111	0.988	0.988(247)	0(0)
THR	4.65868306294381	0.992	0.992(248)	0(0)
THR	4.78152588578651	0.996	0.996(249)	0(0)
THR	4.90436870862921	0.996	0.996(249)	0(0)
THR	5.02721153147191	0.996	0.996(249)	0(0)
THR	5.15005435431461	0.996	0.996(249)	0(0)
THR	5.27289717715731	0.996	0.996(249)	0(0)
THR	5.39574000000001	1	1(250)	0(0)


==============================================
THR: 0.236341440606604
Missed:     16/250=0.0640
FalseAlarm: 3/1000=0.0030
----------------------------------------------
==> CostDetection: 9.1
==============================================
Threshold search:
THR	-6.25433155464	9	0(0)	1(1000)
THR	-6.1387850390936	8.991	0(0)	0.999(999)
THR	-6.0232385235472	8.991	0(0)	0.999(999)
THR	-5.9076920080008	8.991	0(0)	0.999(999)
THR	-5.7921454924544	8.982	0(0)	0.998(998)
THR	-5.676598976908	8.982	0(0)	0.998(998)
THR	-5.5610524613616	8.982	0(0)	0.998(998)
THR	-5.4455059458152	8.964	0(0)	0.996(996)
THR	-5.3299594302688	8.946	0(0)	0.994(994)
THR	-5.2144129147224	8.937	0(0)	0.993(993)
THR	-5.098866399176	8.928	0(0)	0.992(992)
THR	-4.9833198836296	8.901	0(0)	0.989(989)
THR	-4.8677733680832	8.883	0(0)	0.987(987)
THR	-4.7522268525368	8.856	0(0)	0.984(984)
THR	-4.63668033699039	8.811	0(0)	0.979(979)
THR	-4.52113382144399	8.775	0(0)	0.975(975)
THR	-4.40558730589759	8.721	0(0)	0.969(969)
THR	-4.29004079035119	8.676	0(0)	0.964(964)
THR	-4.17449427480479	8.604	0(0)	0.956(956)
THR	-4.05894775925839	8.568	0(0)	0.952(952)
THR	-3.94340124371199	8.478	0(0)	0.942(942)
THR	-3.82785472816559	8.361	0(0)	0.929(929)
THR	-3.71230821261919	8.154	0(0)	0.906(906)
THR	-3.59676169707279	8.028	0(0)	0.892(892)
THR	-3.48121518152639	7.848	0(0)	0.872(872)
THR	-3.36566866597999	7.659	0(0)	0.851(851)
THR	-3.25012215043359	7.407	0(0)	0.823(823)
THR	-3.13457563488719	7.173	0(0)	0.797(797)
THR	-3.01902911934079	6.858	0(0)	0.762(762)
THR	-2.90348260379439	6.498	0(0)	0.722(722)
THR	-2.78793608824799	6.165	0(0)	0.685(685)
THR	-2.67238957270159	5.85	0(0)	0.65(650)
THR	-2.55684305715519	5.391	0(0)	0.599(599)
THR	-2.44129654160879	4.977	0(0)	0.553(553)
THR	-2.32575002606239	4.581	0(0)	0.509(509)
THR	-2.21020351051599	3.978	0(0)	0.442(442)
THR	-2.09465699496959	3.519	0(0)	0.391(391)
THR	-1.97911047942319	3.141	0(0)	0.349(349)
THR	-1.86356396387679	2.682	0(0)	0.298(298)
THR	-1.74801744833039	2.376	0(0)	0.264(264)
THR	-1.63247093278399	2.025	0(0)	0.225(225)
THR	-1.51692441723759	1.791	0(0)	0.199(199)
THR	-1.40137790169119	1.476	0(0)	0.164(164)
THR	-1.28583138614479	1.206	0(0)	0.134(134)
THR	-1.17028487059839	0.999	0(0)	0.111(111)
THR	-1.05473835505199	0.792	0(0)	0.088(88)
THR	-0.939191839505594	0.621	0(0)	0.069(69)
THR	-0.823645323959195	0.486	0(0)	0.054(54)
THR	-0.708098808412795	0.346	0.004(1)	0.038(38)
THR	-0.592552292866395	0.202	0.004(1)	0.022(22)
THR	-0.477005777319995	0.157	0.004(1)	0.017(17)
THR	-0.361459261773595	0.125	0.008(2)	0.013(13)
THR	-0.245912746227195	0.124	0.016(4)	0.012(12)
THR	-0.130366230680795	0.108	0.036(9)	0.008(8)
THR	-0.0148197151343947	0.093	0.048(12)	0.005(5)
THR	0.100726800412005	0.105	0.06(15)	0.005(5)
THR	0.216273315958405	0.108	0.072(18)	0.004(4)
THR	0.331819831504805	0.12	0.084(21)	0.004(4)
THR	0.447366347051205	0.135	0.108(27)	0.003(3)
THR	0.562912862597605	0.175	0.148(37)	0.003(3)
THR	0.678459378144005	0.193	0.184(46)	0.001(1)
THR	0.794005893690405	0.229	0.22(55)	0.001(1)
THR	0.909552409236805	0.256	0.256(64)	0(0)
THR	1.02509892478321	0.3	0.3(75)	0(0)
THR	1.14064544032961	0.336	0.336(84)	0(0)
THR	1.25619195587601	0.388	0.388(97)	0(0)
THR	1.37173847142241	0.424	0.424(106)	0(0)
THR	1.4872849869688	0.448	0.448(112)	0(0)
THR	1.6028315025152	0.492	0.492(123)	0(0)
THR	1.7183780180616	0.556	0.556(139)	0(0)
THR	1.833924533608	0.62	0.62(155)	0(0)
THR	1.9494710491544	0.648	0.648(162)	0(0)
THR	2.0650175647008	0.688	0.688(172)	0(0)
THR	2.1805640802472	0.724	0.724(181)	0(0)
THR	2.2961105957936	0.76	0.76(190)	0(0)
THR	2.41165711134	0.792	0.792(198)	0(0)
THR	2.5272036268864	0.808	0.808(202)	0(0)
THR	2.6427501424328	0.844	0.844(211)	0(0)
THR	2.7582966579792	0.868	0.868(217)	0(0)
THR	2.8738431735256	0.88	0.88(220)	0(0)
THR	2.989389689072	0.904	0.904(226)	0(0)
THR	3.1049362046184	0.924	0.924(231)	0(0)
THR	3.2204827201648	0.94	0.94(235)	0(0)
THR	3.3360292357112	0.948	0.948(237)	0(0)
THR	3.4515757512576	0.952	0.952(238)	0(0)
THR	3.567122266804	0.968	0.968(242)	0(0)
THR	3.6826687823504	0.972	0.972(243)	0(0)
THR	3.7982152978968	0.972	0.972(243)	0(0)
THR	3.9137618134432	0.976	0.976(244)	0(0)
THR	4.0293083289896	0.976	0.976(244)	0(0)
THR	4.144854844536	0.98	0.98(245)	0(0)
THR	4.2604013600824	0.98	0.98(245)	0(0)
THR	4.37594787562881	0.98	0.98(245)	0(0)
THR	4.49149439117521	0.984	0.984(246)	0(0)
THR	4.60704090672161	0.992	0.992(248)	0(0)
THR	4.72258742226801	0.992	0.992(248)	0(0)
THR	4.83813393781441	0.992	0.992(248)	0(0)
THR	4.95368045336081	0.996	0.996(249)	0(0)
THR	5.06922696890721	0.996	0.996(249)	0(0)
THR	5.18477348445361	0.996	0.996(249)	0(0)
THR	5.30032000000001	1	1(250)	0(0)


==============================================
THR: -0.0148197151343947
Missed:     12/250=0.0480
FalseAlarm: 5/1000=0.0050
----------------------------------------------
==> CostDetection: 9.3
==============================================
Threshold search:
THR	-6.77830208476	9	0(0)	1(1000)
THR	-6.6574543639124	8.991	0(0)	0.999(999)
THR	-6.5366066430648	8.991	0(0)	0.999(999)
THR	-6.4157589222172	8.982	0(0)	0.998(998)
THR	-6.2949112013696	8.973	0(0)	0.997(997)
THR	-6.174063480522	8.973	0(0)	0.997(997)
THR	-6.0532157596744	8.964	0(0)	0.996(996)
THR	-5.9323680388268	8.955	0(0)	0.995(995)
THR	-5.8115203179792	8.955	0(0)	0.995(995)
THR	-5.6906725971316	8.937	0(0)	0.993(993)
THR	-5.569824876284	8.901	0(0)	0.989(989)
THR	-5.4489771554364	8.883	0(0)	0.987(987)
THR	-5.3281294345888	8.838	0(0)	0.982(982)
THR	-5.2072817137412	8.802	0(0)	0.978(978)
THR	-5.0864339928936	8.784	0(0)	0.976(976)
THR	-4.965586272046	8.775	0(0)	0.975(975)
THR	-4.8447385511984	8.748	0(0)	0.972(972)
THR	-4.7238908303508	8.667	0(0)	0.963(963)
THR	-4.6030431095032	8.622	0(0)	0.958(958)
THR	-4.4821953886556	8.514	0(0)	0.946(946)
THR	-4.361347667808	8.46	0(0)	0.94(940)
THR	-4.2404999469604	8.352	0(0)	0.928(928)
THR	-4.11965222611281	8.28	0(0)	0.92(920)
THR	-3.99880450526521	8.172	0(0)	0.908(908)
THR	-3.8779567844176	7.992	0(0)	0.888(888)
THR	-3.75710906357	7.866	0(0)	0.874(874)
THR	-3.6362613427224	7.731	0(0)	0.859(859)
THR	-3.5154136218748	7.506	0(0)	0.834(834)
THR	-3.3945659010272	7.2	0(0)	0.8(800)
THR	-3.2737181801796	6.885	0(0)	0.765(765)
THR	-3.152870459332	6.579	0(0)	0.731(731)
THR	-3.0320227384844	6.156	0(0)	0.684(684)
THR	-2.9111750176368	5.922	0(0)	0.658(658)
THR	-2.7903272967892	5.499	0(0)	0.611(611)
THR	-2.6694795759416	5.103	0(0)	0.567(567)
THR	-2.548631855094	4.68	0(0)	0.52(520)
THR	-2.4277841342464	4.203	0(0)	0.467(467)
THR	-2.3069364133988	3.753	0(0)	0.417(417)
THR	-2.1860886925512	3.348	0(0)	0.372(372)
THR	-2.0652409717036	2.835	0(0)	0.315(315)
THR	-1.944393250856	2.538	0(0)	0.282(282)
THR	-1.8235455300084	2.232	0(0)	0.248(248)
THR	-1.7026978091608	1.872	0(0)	0.208(208)
THR	-1.5818500883132	1.611	0(0)	0.179(179)
THR	-1.4610023674656	1.368	0(0)	0.152(152)
THR	-1.340154646618	1.125	0(0)	0.125(125)
THR	-1.2193069257704	0.99	0(0)	0.11(110)
THR	-1.0984592049228	0.796	0.004(1)	0.088(88)
THR	-0.977611484075202	0.634	0.004(1)	0.07(70)
THR	-0.856763763227602	0.445	0.004(1)	0.049(49)
THR	-0.735916042380002	0.305	0.008(2)	0.033(33)
THR	-0.615068321532402	0.219	0.012(3)	0.023(23)
THR	-0.494220600684802	0.174	0.012(3)	0.018(18)
THR	-0.373372879837202	0.146	0.02(5)	0.014(14)
THR	-0.252525158989602	0.123	0.024(6)	0.011(11)
THR	-0.131677438142002	0.118	0.028(7)	0.01(10)
THR	-0.010829717294402	0.113	0.032(8)	0.009(9)
THR	0.110018003553198	0.114	0.06(15)	0.006(6)
THR	0.230865724400798	0.122	0.068(17)	0.006(6)
THR	0.351713445248398	0.136	0.1(25)	0.004(4)
THR	0.472561166095998	0.156	0.12(30)	0.004(4)
THR	0.593408886943598	0.179	0.152(38)	0.003(3)
THR	0.714256607791198	0.214	0.196(49)	0.002(2)
THR	0.835104328638798	0.245	0.236(59)	0.001(1)
THR	0.955952049486398	0.28	0.28(70)	0(0)
THR	1.076799770334	0.308	0.308(77)	0(0)
THR	1.1976474911816	0.356	0.356(89)	0(0)
THR	1.3184952120292	0.396	0.396(99)	0(0)
THR	1.4393429328768	0.448	0.448(112)	0(0)
THR	1.5601906537244	0.5	0.5(125)	0(0)
THR	1.681038374572	0.544	0.544(136)	0(0)
THR	1.8018860954196	0.6	0.6(150)	0(0)
THR	1.9227338162672	0.636	0.636(159)	0(0)
THR	2.0435815371148	0.676	0.676(169)	0(0)
THR	2.1644292579624	0.712	0.712(178)	0(0)
THR	2.28527697881	0.744	0.744(186)	0(0)
THR	2.4061246996576	0.796	0.796(199)	0(0)
THR	2.5269724205052	0.812	0.812(203)	0(0)
THR	2.6478201413528	0.84	0.84(210)	0(0)
THR	2.7686678622004	0.864	0.864(216)	0(0)
THR	2.889515583048	0.884	0.884(221)	0(0)
THR	3.0103633038956	0.912	0.912(228)	0(0)
THR	3.1312110247432	0.928	0.928(232)	0(0)
THR	3.2520587455908	0.944	0.944(236)	0(0)
THR	3.3729064664384	0.96	0.96(240)	0(0)
THR	3.493754187286	0.964	0.964(241)	0(0)
THR	3.6146019081336	0.968	0.968(242)	0(0)
THR	3.7354496289812	0.976	0.976(244)	0(0)
THR	3.8562973498288	0.976	0.976(244)	0(0)
THR	3.9771450706764	0.976	0.976(244)	0(0)
THR	4.097992791524	0.976	0.976(244)	0(0)
THR	4.2188405123716	0.976	0.976(244)	0(0)
THR	4.3396882332192	0.984	0.984(246)	0(0)
THR	4.4605359540668	0.988	0.988(247)	0(0)
THR	4.5813836749144	0.988	0.988(247)	0(0)
THR	4.702231395762	0.992	0.992(248)	0(0)
THR	4.8230791166096	0.992	0.992(248)	0(0)
THR	4.9439268374572	0.992	0.992(248)	0(0)
THR	5.0647745583048	0.996	0.996(249)	0(0)
THR	5.1856222791524	0.996	0.996(249)	0(0)
THR	5.30647	0.996	0.996(249)	0(0)
THR	5.4273177208476	1	1(250)	0(0)


==============================================
THR: -0.010829717294402
Missed:     8/250=0.0320
FalseAlarm: 9/1000=0.0090
----------------------------------------------
==> CostDetection: 11.3
==============================================
Threshold search:
THR	-6.77198209034	9	0(0)	1(1000)
THR	-6.6510785694366	8.991	0(0)	0.999(999)
THR	-6.5301750485332	8.991	0(0)	0.999(999)
THR	-6.4092715276298	8.973	0(0)	0.997(997)
THR	-6.2883680067264	8.955	0(0)	0.995(995)
THR	-6.167464485823	8.955	0(0)	0.995(995)
THR	-6.0465609649196	8.946	0(0)	0.994(994)
THR	-5.9256574440162	8.91	0(0)	0.99(990)
THR	-5.8047539231128	8.892	0(0)	0.988(988)
THR	-5.6838504022094	8.883	0(0)	0.987(987)
THR	-5.562946881306	8.874	0(0)	0.986(986)
THR	-5.4420433604026	8.865	0(0)	0.985(985)
THR	-5.3211398394992	8.847	0(0)	0.983(983)
THR	-5.2002363185958	8.802	0(0)	0.978(978)
THR	-5.0793327976924	8.757	0(0)	0.973(973)
THR	-4.958429276789	8.712	0(0)	0.968(968)
THR	-4.8375257558856	8.649	0(0)	0.961(961)
THR	-4.7166222349822	8.568	0(0)	0.952(952)
THR	-4.5957187140788	8.523	0(0)	0.947(947)
THR	-4.4748151931754	8.424	0(0)	0.936(936)
THR	-4.35391167227201	8.334	0(0)	0.926(926)
THR	-4.23300815136861	8.208	0(0)	0.912(912)
THR	-4.11210463046521	8.055	0(0)	0.895(895)
THR	-3.99120110956181	7.947	0(0)	0.883(883)
THR	-3.87029758865841	7.776	0(0)	0.864(864)
THR	-3.74939406775501	7.56	0(0)	0.84(840)
THR	-3.62849054685161	7.416	0(0)	0.824(824)
THR	-3.5075870259482	7.173	0(0)	0.797(797)
THR	-3.3866835050448	6.867	0(0)	0.763(763)
THR	-3.2657799841414	6.624	0(0)	0.736(736)
THR	-3.144876463238	6.246	0(0)	0.694(694)
THR	-3.0239729423346	5.859	0(0)	0.651(651)
THR	-2.9030694214312	5.427	0(0)	0.603(603)
THR	-2.7821659005278	5.139	0(0)	0.571(571)
THR	-2.6612623796244	4.635	0(0)	0.515(515)
THR	-2.540358858721	4.302	0(0)	0.478(478)
THR	-2.4194553378176	3.915	0(0)	0.435(435)
THR	-2.2985518169142	3.492	0(0)	0.388(388)
THR	-2.1776482960108	3.096	0(0)	0.344(344)
THR	-2.0567447751074	2.745	0(0)	0.305(305)
THR	-1.935841254204	2.403	0(0)	0.267(267)
THR	-1.8149377333006	2.115	0(0)	0.235(235)
THR	-1.6940342123972	1.719	0(0)	0.191(191)
THR	-1.5731306914938	1.458	0(0)	0.162(162)
THR	-1.4522271705904	1.197	0(0)	0.133(133)
THR	-1.331323649687	0.99	0(0)	0.11(110)
THR	-1.2104201287836	0.787	0.004(1)	0.087(87)
THR	-1.0895166078802	0.607	0.004(1)	0.067(67)
THR	-0.968613086976803	0.481	0.004(1)	0.053(53)
THR	-0.847709566073403	0.382	0.004(1)	0.042(42)
THR	-0.726806045170003	0.242	0.008(2)	0.026(26)
THR	-0.605902524266603	0.197	0.008(2)	0.021(21)
THR	-0.484999003363203	0.133	0.016(4)	0.013(13)
THR	-0.364095482459803	0.088	0.016(4)	0.008(8)
THR	-0.243191961556403	0.074	0.02(5)	0.006(6)
THR	-0.122288440653003	0.073	0.028(7)	0.005(5)
THR	-0.00138491974960339	0.077	0.032(8)	0.005(5)
THR	0.119518601153797	0.07	0.052(13)	0.002(2)
THR	0.240422122057197	0.084	0.084(21)	0(0)
THR	0.361325642960597	0.108	0.108(27)	0(0)
THR	0.482229163863997	0.148	0.148(37)	0(0)
THR	0.603132684767397	0.196	0.196(49)	0(0)
THR	0.724036205670797	0.22	0.22(55)	0(0)
THR	0.844939726574196	0.236	0.236(59)	0(0)
THR	0.965843247477596	0.272	0.272(68)	0(0)
THR	1.086746768381	0.32	0.32(80)	0(0)
THR	1.2076502892844	0.372	0.372(93)	0(0)
THR	1.3285538101878	0.416	0.416(104)	0(0)
THR	1.4494573310912	0.476	0.476(119)	0(0)
THR	1.5703608519946	0.536	0.536(134)	0(0)
THR	1.691264372898	0.596	0.596(149)	0(0)
THR	1.8121678938014	0.636	0.636(159)	0(0)
THR	1.9330714147048	0.664	0.664(166)	0(0)
THR	2.0539749356082	0.716	0.716(179)	0(0)
THR	2.1748784565116	0.744	0.744(186)	0(0)
THR	2.295781977415	0.792	0.792(198)	0(0)
THR	2.4166854983184	0.824	0.824(206)	0(0)
THR	2.5375890192218	0.856	0.856(214)	0(0)
THR	2.6584925401252	0.872	0.872(218)	0(0)
THR	2.7793960610286	0.9	0.9(225)	0(0)
THR	2.900299581932	0.932	0.932(233)	0(0)
THR	3.0212031028354	0.936	0.936(234)	0(0)
THR	3.1421066237388	0.952	0.952(238)	0(0)
THR	3.2630101446422	0.956	0.956(239)	0(0)
THR	3.3839136655456	0.964	0.964(241)	0(0)
THR	3.504817186449	0.972	0.972(243)	0(0)
THR	3.6257207073524	0.972	0.972(243)	0(0)
THR	3.7466242282558	0.972	0.972(243)	0(0)
THR	3.8675277491592	0.976	0.976(244)	0(0)
THR	3.9884312700626	0.976	0.976(244)	0(0)
THR	4.109334790966	0.976	0.976(244)	0(0)
THR	4.2302383118694	0.988	0.988(247)	0(0)
THR	4.3511418327728	0.988	0.988(247)	0(0)
THR	4.4720453536762	0.988	0.988(247)	0(0)
THR	4.5929488745796	0.996	0.996(249)	0(0)
THR	4.713852395483	0.996	0.996(249)	0(0)
THR	4.8347559163864	0.996	0.996(249)	0(0)
THR	4.9556594372898	0.996	0.996(249)	0(0)
THR	5.0765629581932	0.996	0.996(249)	0(0)
THR	5.1974664790966	0.996	0.996(249)	0(0)
THR	5.31837	0.996	0.996(249)	0(0)
THR	5.4392735209034	1	1(250)	0(0)


==============================================
THR: 0.119518601153797
Missed:     13/250=0.0520
FalseAlarm: 2/1000=0.0020
----------------------------------------------
==> CostDetection: 7.0
==============================================
Threshold search:
THR	-6.77198209034	9	0(0)	1(1000)
THR	-6.6510785694366	8.991	0(0)	0.999(999)
THR	-6.5301750485332	8.991	0(0)	0.999(999)
THR	-6.4092715276298	8.973	0(0)	0.997(997)
THR	-6.2883680067264	8.955	0(0)	0.995(995)
THR	-6.167464485823	8.955	0(0)	0.995(995)
THR	-6.0465609649196	8.946	0(0)	0.994(994)
THR	-5.9256574440162	8.91	0(0)	0.99(990)
THR	-5.8047539231128	8.892	0(0)	0.988(988)
THR	-5.6838504022094	8.883	0(0)	0.987(987)
THR	-5.562946881306	8.874	0(0)	0.986(986)
THR	-5.4420433604026	8.865	0(0)	0.985(985)
THR	-5.3211398394992	8.847	0(0)	0.983(983)
THR	-5.2002363185958	8.802	0(0)	0.978(978)
THR	-5.0793327976924	8.757	0(0)	0.973(973)
THR	-4.958429276789	8.712	0(0)	0.968(968)
THR	-4.8375257558856	8.649	0(0)	0.961(961)
THR	-4.7166222349822	8.568	0(0)	0.952(952)
THR	-4.5957187140788	8.523	0(0)	0.947(947)
THR	-4.4748151931754	8.424	0(0)	0.936(936)
THR	-4.35391167227201	8.334	0(0)	0.926(926)
THR	-4.23300815136861	8.208	0(0)	0.912(912)
THR	-4.11210463046521	8.055	0(0)	0.895(895)
THR	-3.99120110956181	7.947	0(0)	0.883(883)
THR	-3.87029758865841	7.776	0(0)	0.864(864)
THR	-3.74939406775501	7.56	0(0)	0.84(840)
THR	-3.62849054685161	7.416	0(0)	0.824(824)
THR	-3.5075870259482	7.173	0(0)	0.797(797)
THR	-3.3866835050448	6.867	0(0)	0.763(763)
THR	-3.2657799841414	6.624	0(0)	0.736(736)
THR	-3.144876463238	6.246	0(0)	0.694(694)
THR	-3.0239729423346	5.859	0(0)	0.651(651)
THR	-2.9030694214312	5.427	0(0)	0.603(603)
THR	-2.7821659005278	5.139	0(0)	0.571(571)
THR	-2.6612623796244	4.635	0(0)	0.515(515)
THR	-2.540358858721	4.302	0(0)	0.478(478)
THR	-2.4194553378176	3.915	0(0)	0.435(435)
THR	-2.2985518169142	3.492	0(0)	0.388(388)
THR	-2.1776482960108	3.096	0(0)	0.344(344)
THR	-2.0567447751074	2.745	0(0)	0.305(305)
THR	-1.935841254204	2.403	0(0)	0.267(267)
THR	-1.8149377333006	2.115	0(0)	0.235(235)
THR	-1.6940342123972	1.719	0(0)	0.191(191)
THR	-1.5731306914938	1.458	0(0)	0.162(162)
THR	-1.4522271705904	1.197	0(0)	0.133(133)
THR	-1.331323649687	0.99	0(0)	0.11(110)
THR	-1.2104201287836	0.787	0.004(1)	0.087(87)
THR	-1.0895166078802	0.607	0.004(1)	0.067(67)
THR	-0.968613086976803	0.481	0.004(1)	0.053(53)
THR	-0.847709566073403	0.382	0.004(1)	0.042(42)
THR	-0.726806045170003	0.242	0.008(2)	0.026(26)
THR	-0.605902524266603	0.197	0.008(2)	0.021(21)
THR	-0.484999003363203	0.133	0.016(4)	0.013(13)
THR	-0.364095482459803	0.088	0.016(4)	0.008(8)
THR	-0.243191961556403	0.074	0.02(5)	0.006(6)
THR	-0.122288440653003	0.073	0.028(7)	0.005(5)
THR	-0.00138491974960339	0.077	0.032(8)	0.005(5)
THR	0.119518601153797	0.07	0.052(13)	0.002(2)
THR	0.240422122057197	0.084	0.084(21)	0(0)
THR	0.361325642960597	0.108	0.108(27)	0(0)
THR	0.482229163863997	0.148	0.148(37)	0(0)
THR	0.603132684767397	0.196	0.196(49)	0(0)
THR	0.724036205670797	0.22	0.22(55)	0(0)
THR	0.844939726574196	0.236	0.236(59)	0(0)
THR	0.965843247477596	0.272	0.272(68)	0(0)
THR	1.086746768381	0.32	0.32(80)	0(0)
THR	1.2076502892844	0.372	0.372(93)	0(0)
THR	1.3285538101878	0.416	0.416(104)	0(0)
THR	1.4494573310912	0.476	0.476(119)	0(0)
THR	1.5703608519946	0.536	0.536(134)	0(0)
THR	1.691264372898	0.596	0.596(149)	0(0)
THR	1.8121678938014	0.636	0.636(159)	0(0)
THR	1.9330714147048	0.664	0.664(166)	0(0)
THR	2.0539749356082	0.716	0.716(179)	0(0)
THR	2.1748784565116	0.744	0.744(186)	0(0)
THR	2.295781977415	0.792	0.792(198)	0(0)
THR	2.4166854983184	0.824	0.824(206)	0(0)
THR	2.5375890192218	0.856	0.856(214)	0(0)
THR	2.6584925401252	0.872	0.872(218)	0(0)
THR	2.7793960610286	0.9	0.9(225)	0(0)
THR	2.900299581932	0.932	0.932(233)	0(0)
THR	3.0212031028354	0.936	0.936(234)	0(0)
THR	3.1421066237388	0.952	0.952(238)	0(0)
THR	3.2630101446422	0.956	0.956(239)	0(0)
THR	3.3839136655456	0.964	0.964(241)	0(0)
THR	3.504817186449	0.972	0.972(243)	0(0)
THR	3.6257207073524	0.972	0.972(243)	0(0)
THR	3.7466242282558	0.972	0.972(243)	0(0)
THR	3.8675277491592	0.976	0.976(244)	0(0)
THR	3.9884312700626	0.976	0.976(244)	0(0)
THR	4.109334790966	0.976	0.976(244)	0(0)
THR	4.2302383118694	0.988	0.988(247)	0(0)
THR	4.3511418327728	0.988	0.988(247)	0(0)
THR	4.4720453536762	0.988	0.988(247)	0(0)
THR	4.5929488745796	0.996	0.996(249)	0(0)
THR	4.713852395483	0.996	0.996(249)	0(0)
THR	4.8347559163864	0.996	0.996(249)	0(0)
THR	4.9556594372898	0.996	0.996(249)	0(0)
THR	5.0765629581932	0.996	0.996(249)	0(0)
THR	5.1974664790966	0.996	0.996(249)	0(0)
THR	5.31837	0.996	0.996(249)	0(0)
THR	5.4392735209034	1	1(250)	0(0)


==============================================
THR: 0.119518601153797
Missed:     13/250=0.0520
FalseAlarm: 2/1000=0.0020
----------------------------------------------
==> CostDetection: 7.0
==============================================
Threshold search:
THR	-6.77198209034	9	0(0)	1(1000)
THR	-6.6510785694366	8.991	0(0)	0.999(999)
THR	-6.5301750485332	8.991	0(0)	0.999(999)
THR	-6.4092715276298	8.973	0(0)	0.997(997)
THR	-6.2883680067264	8.955	0(0)	0.995(995)
THR	-6.167464485823	8.955	0(0)	0.995(995)
THR	-6.0465609649196	8.946	0(0)	0.994(994)
THR	-5.9256574440162	8.91	0(0)	0.99(990)
THR	-5.8047539231128	8.892	0(0)	0.988(988)
THR	-5.6838504022094	8.883	0(0)	0.987(987)
THR	-5.562946881306	8.874	0(0)	0.986(986)
THR	-5.4420433604026	8.865	0(0)	0.985(985)
THR	-5.3211398394992	8.847	0(0)	0.983(983)
THR	-5.2002363185958	8.802	0(0)	0.978(978)
THR	-5.0793327976924	8.757	0(0)	0.973(973)
THR	-4.958429276789	8.712	0(0)	0.968(968)
THR	-4.8375257558856	8.649	0(0)	0.961(961)
THR	-4.7166222349822	8.568	0(0)	0.952(952)
THR	-4.5957187140788	8.523	0(0)	0.947(947)
THR	-4.4748151931754	8.424	0(0)	0.936(936)
THR	-4.35391167227201	8.334	0(0)	0.926(926)
THR	-4.23300815136861	8.208	0(0)	0.912(912)
THR	-4.11210463046521	8.055	0(0)	0.895(895)
THR	-3.99120110956181	7.947	0(0)	0.883(883)
THR	-3.87029758865841	7.776	0(0)	0.864(864)
THR	-3.74939406775501	7.56	0(0)	0.84(840)
THR	-3.62849054685161	7.416	0(0)	0.824(824)
THR	-3.5075870259482	7.173	0(0)	0.797(797)
THR	-3.3866835050448	6.867	0(0)	0.763(763)
THR	-3.2657799841414	6.624	0(0)	0.736(736)
THR	-3.144876463238	6.246	0(0)	0.694(694)
THR	-3.0239729423346	5.859	0(0)	0.651(651)
THR	-2.9030694214312	5.427	0(0)	0.603(603)
THR	-2.7821659005278	5.139	0(0)	0.571(571)
THR	-2.6612623796244	4.635	0(0)	0.515(515)
THR	-2.540358858721	4.302	0(0)	0.478(478)
THR	-2.4194553378176	3.915	0(0)	0.435(435)
THR	-2.2985518169142	3.492	0(0)	0.388(388)
THR	-2.1776482960108	3.096	0(0)	0.344(344)
THR	-2.0567447751074	2.745	0(0)	0.305(305)
THR	-1.935841254204	2.403	0(0)	0.267(267)
THR	-1.8149377333006	2.115	0(0)	0.235(235)
THR	-1.6940342123972	1.719	0(0)	0.191(191)
THR	-1.5731306914938	1.458	0(0)	0.162(162)
THR	-1.4522271705904	1.197	0(0)	0.133(133)
THR	-1.331323649687	0.99	0(0)	0.11(110)
THR	-1.2104201287836	0.787	0.004(1)	0.087(87)
THR	-1.0895166078802	0.607	0.004(1)	0.067(67)
THR	-0.968613086976803	0.481	0.004(1)	0.053(53)
THR	-0.847709566073403	0.382	0.004(1)	0.042(42)
THR	-0.726806045170003	0.242	0.008(2)	0.026(26)
THR	-0.605902524266603	0.197	0.008(2)	0.021(21)
THR	-0.484999003363203	0.133	0.016(4)	0.013(13)
THR	-0.364095482459803	0.088	0.016(4)	0.008(8)
THR	-0.243191961556403	0.074	0.02(5)	0.006(6)
THR	-0.122288440653003	0.073	0.028(7)	0.005(5)
THR	-0.00138491974960339	0.077	0.032(8)	0.005(5)
THR	0.119518601153797	0.07	0.052(13)	0.002(2)
THR	0.240422122057197	0.084	0.084(21)	0(0)
THR	0.361325642960597	0.108	0.108(27)	0(0)
THR	0.482229163863997	0.148	0.148(37)	0(0)
THR	0.603132684767397	0.196	0.196(49)	0(0)
THR	0.724036205670797	0.22	0.22(55)	0(0)
THR	0.844939726574196	0.236	0.236(59)	0(0)
THR	0.965843247477596	0.272	0.272(68)	0(0)
THR	1.086746768381	0.32	0.32(80)	0(0)
THR	1.2076502892844	0.372	0.372(93)	0(0)
THR	1.3285538101878	0.416	0.416(104)	0(0)
THR	1.4494573310912	0.476	0.476(119)	0(0)
THR	1.5703608519946	0.536	0.536(134)	0(0)
THR	1.691264372898	0.596	0.596(149)	0(0)
THR	1.8121678938014	0.636	0.636(159)	0(0)
THR	1.9330714147048	0.664	0.664(166)	0(0)
THR	2.0539749356082	0.716	0.716(179)	0(0)
THR	2.1748784565116	0.744	0.744(186)	0(0)
THR	2.295781977415	0.792	0.792(198)	0(0)
THR	2.4166854983184	0.824	0.824(206)	0(0)
THR	2.5375890192218	0.856	0.856(214)	0(0)
THR	2.6584925401252	0.872	0.872(218)	0(0)
THR	2.7793960610286	0.9	0.9(225)	0(0)
THR	2.900299581932	0.932	0.932(233)	0(0)
THR	3.0212031028354	0.936	0.936(234)	0(0)
THR	3.1421066237388	0.952	0.952(238)	0(0)
THR	3.2630101446422	0.956	0.956(239)	0(0)
THR	3.3839136655456	0.964	0.964(241)	0(0)
THR	3.504817186449	0.972	0.972(243)	0(0)
THR	3.6257207073524	0.972	0.972(243)	0(0)
THR	3.7466242282558	0.972	0.972(243)	0(0)
THR	3.8675277491592	0.976	0.976(244)	0(0)
THR	3.9884312700626	0.976	0.976(244)	0(0)
THR	4.109334790966	0.976	0.976(244)	0(0)
THR	4.2302383118694	0.988	0.988(247)	0(0)
THR	4.3511418327728	0.988	0.988(247)	0(0)
THR	4.4720453536762	0.988	0.988(247)	0(0)
THR	4.5929488745796	0.996	0.996(249)	0(0)
THR	4.713852395483	0.996	0.996(249)	0(0)
THR	4.8347559163864	0.996	0.996(249)	0(0)
THR	4.9556594372898	0.996	0.996(249)	0(0)
THR	5.0765629581932	0.996	0.996(249)	0(0)
THR	5.1974664790966	0.996	0.996(249)	0(0)
THR	5.31837	0.996	0.996(249)	0(0)
THR	5.4392735209034	1	1(250)	0(0)


==============================================
THR: 0.119518601153797
Missed:     13/250=0.0520
FalseAlarm: 2/1000=0.0020
----------------------------------------------
==> CostDetection: 7.0
==============================================
Threshold search:
THR	-6.77198209034	9	0(0)	1(1000)
THR	-6.6510785694366	8.991	0(0)	0.999(999)
THR	-6.5301750485332	8.991	0(0)	0.999(999)
THR	-6.4092715276298	8.973	0(0)	0.997(997)
THR	-6.2883680067264	8.955	0(0)	0.995(995)
THR	-6.167464485823	8.955	0(0)	0.995(995)
THR	-6.0465609649196	8.946	0(0)	0.994(994)
THR	-5.9256574440162	8.91	0(0)	0.99(990)
THR	-5.8047539231128	8.892	0(0)	0.988(988)
THR	-5.6838504022094	8.883	0(0)	0.987(987)
THR	-5.562946881306	8.874	0(0)	0.986(986)
THR	-5.4420433604026	8.865	0(0)	0.985(985)
THR	-5.3211398394992	8.847	0(0)	0.983(983)
THR	-5.2002363185958	8.802	0(0)	0.978(978)
THR	-5.0793327976924	8.757	0(0)	0.973(973)
THR	-4.958429276789	8.712	0(0)	0.968(968)
THR	-4.8375257558856	8.649	0(0)	0.961(961)
THR	-4.7166222349822	8.568	0(0)	0.952(952)
THR	-4.5957187140788	8.523	0(0)	0.947(947)
THR	-4.4748151931754	8.424	0(0)	0.936(936)
THR	-4.35391167227201	8.334	0(0)	0.926(926)
THR	-4.23300815136861	8.208	0(0)	0.912(912)
THR	-4.11210463046521	8.055	0(0)	0.895(895)
THR	-3.99120110956181	7.947	0(0)	0.883(883)
THR	-3.87029758865841	7.776	0(0)	0.864(864)
THR	-3.74939406775501	7.56	0(0)	0.84(840)
THR	-3.62849054685161	7.416	0(0)	0.824(824)
THR	-3.5075870259482	7.173	0(0)	0.797(797)
THR	-3.3866835050448	6.867	0(0)	0.763(763)
THR	-3.2657799841414	6.624	0(0)	0.736(736)
THR	-3.144876463238	6.246	0(0)	0.694(694)
THR	-3.0239729423346	5.859	0(0)	0.651(651)
THR	-2.9030694214312	5.427	0(0)	0.603(603)
THR	-2.7821659005278	5.139	0(0)	0.571(571)
THR	-2.6612623796244	4.635	0(0)	0.515(515)
THR	-2.540358858721	4.302	0(0)	0.478(478)
THR	-2.4194553378176	3.915	0(0)	0.435(435)
THR	-2.2985518169142	3.492	0(0)	0.388(388)
THR	-2.1776482960108	3.096	0(0)	0.344(344)
THR	-2.0567447751074	2.745	0(0)	0.305(305)
THR	-1.935841254204	2.403	0(0)	0.267(267)
THR	-1.8149377333006	2.115	0(0)	0.235(235)
THR	-1.6940342123972	1.719	0(0)	0.191(191)
THR	-1.5731306914938	1.458	0(0)	0.162(162)
THR	-1.4522271705904	1.197	0(0)	0.133(133)
THR	-1.331323649687	0.99	0(0)	0.11(110)
THR	-1.2104201287836	0.787	0.004(1)	0.087(87)
THR	-1.0895166078802	0.607	0.004(1)	0.067(67)
THR	-0.968613086976803	0.481	0.004(1)	0.053(53)
THR	-0.847709566073403	0.382	0.004(1)	0.042(42)
THR	-0.726806045170003	0.242	0.008(2)	0.026(26)
THR	-0.605902524266603	0.197	0.008(2)	0.021(21)
THR	-0.484999003363203	0.133	0.016(4)	0.013(13)
THR	-0.364095482459803	0.088	0.016(4)	0.008(8)
THR	-0.243191961556403	0.074	0.02(5)	0.006(6)
THR	-0.122288440653003	0.073	0.028(7)	0.005(5)
THR	-0.00138491974960339	0.077	0.032(8)	0.005(5)
THR	0.119518601153797	0.07	0.052(13)	0.002(2)
THR	0.240422122057197	0.084	0.084(21)	0(0)
THR	0.361325642960597	0.108	0.108(27)	0(0)
THR	0.482229163863997	0.148	0.148(37)	0(0)
THR	0.603132684767397	0.196	0.196(49)	0(0)
THR	0.724036205670797	0.22	0.22(55)	0(0)
THR	0.844939726574196	0.236	0.236(59)	0(0)
THR	0.965843247477596	0.272	0.272(68)	0(0)
THR	1.086746768381	0.32	0.32(80)	0(0)
THR	1.2076502892844	0.372	0.372(93)	0(0)
THR	1.3285538101878	0.416	0.416(104)	0(0)
THR	1.4494573310912	0.476	0.476(119)	0(0)
THR	1.5703608519946	0.536	0.536(134)	0(0)
THR	1.691264372898	0.596	0.596(149)	0(0)
THR	1.8121678938014	0.636	0.636(159)	0(0)
THR	1.9330714147048	0.664	0.664(166)	0(0)
THR	2.0539749356082	0.716	0.716(179)	0(0)
THR	2.1748784565116	0.744	0.744(186)	0(0)
THR	2.295781977415	0.792	0.792(198)	0(0)
THR	2.4166854983184	0.824	0.824(206)	0(0)
THR	2.5375890192218	0.856	0.856(214)	0(0)
THR	2.6584925401252	0.872	0.872(218)	0(0)
THR	2.7793960610286	0.9	0.9(225)	0(0)
THR	2.900299581932	0.932	0.932(233)	0(0)
THR	3.0212031028354	0.936	0.936(234)	0(0)
THR	3.1421066237388	0.952	0.952(238)	0(0)
THR	3.2630101446422	0.956	0.956(239)	0(0)
THR	3.3839136655456	0.964	0.964(241)	0(0)
THR	3.504817186449	0.972	0.972(243)	0(0)
THR	3.6257207073524	0.972	0.972(243)	0(0)
THR	3.7466242282558	0.972	0.972(243)	0(0)
THR	3.8675277491592	0.976	0.976(244)	0(0)
THR	3.9884312700626	0.976	0.976(244)	0(0)
THR	4.109334790966	0.976	0.976(244)	0(0)
THR	4.2302383118694	0.988	0.988(247)	0(0)
THR	4.3511418327728	0.988	0.988(247)	0(0)
THR	4.4720453536762	0.988	0.988(247)	0(0)
THR	4.5929488745796	0.996	0.996(249)	0(0)
THR	4.713852395483	0.996	0.996(249)	0(0)
THR	4.8347559163864	0.996	0.996(249)	0(0)
THR	4.9556594372898	0.996	0.996(249)	0(0)
THR	5.0765629581932	0.996	0.996(249)	0(0)
THR	5.1974664790966	0.996	0.996(249)	0(0)
THR	5.31837	0.996	0.996(249)	0(0)
THR	5.4392735209034	1	1(250)	0(0)


==============================================
THR: 0.119518601153797
Missed:     13/250=0.0520
FalseAlarm: 2/1000=0.0020
----------------------------------------------
==> CostDetection: 7.0
==============================================
