Threshold search:
THR	-9.63673358732	9	0(0)	1(1000)
THR	-9.5008602514468	8.991	0(0)	0.999(999)
THR	-9.3649869155736	8.991	0(0)	0.999(999)
THR	-9.2291135797004	8.991	0(0)	0.999(999)
THR	-9.0932402438272	8.991	0(0)	0.999(999)
THR	-8.957366907954	8.991	0(0)	0.999(999)
THR	-8.8214935720808	8.991	0(0)	0.999(999)
THR	-8.6856202362076	8.991	0(0)	0.999(999)
THR	-8.5497469003344	8.991	0(0)	0.999(999)
THR	-8.4138735644612	8.991	0(0)	0.999(999)
THR	-8.278000228588	8.982	0(0)	0.998(998)
THR	-8.1421268927148	8.982	0(0)	0.998(998)
THR	-8.0062535568416	8.982	0(0)	0.998(998)
THR	-7.87038022096841	8.982	0(0)	0.998(998)
THR	-7.73450688509521	8.982	0(0)	0.998(998)
THR	-7.59863354922201	8.973	0(0)	0.997(997)
THR	-7.46276021334881	8.973	0(0)	0.997(997)
THR	-7.32688687747561	8.973	0(0)	0.997(997)
THR	-7.19101354160241	8.973	0(0)	0.997(997)
THR	-7.05514020572921	8.973	0(0)	0.997(997)
THR	-6.91926686985601	8.964	0(0)	0.996(996)
THR	-6.78339353398281	8.964	0(0)	0.996(996)
THR	-6.64752019810961	8.955	0(0)	0.995(995)
THR	-6.51164686223641	8.946	0(0)	0.994(994)
THR	-6.37577352636321	8.946	0(0)	0.994(994)
THR	-6.23990019049001	8.928	0(0)	0.992(992)
THR	-6.10402685461681	8.901	0(0)	0.989(989)
THR	-5.96815351874361	8.865	0(0)	0.985(985)
THR	-5.83228018287041	8.829	0(0)	0.981(981)
THR	-5.69640684699721	8.811	0(0)	0.979(979)
THR	-5.56053351112401	8.793	0(0)	0.977(977)
THR	-5.42466017525081	8.775	0(0)	0.975(975)
THR	-5.28878683937761	8.739	0(0)	0.971(971)
THR	-5.15291350350441	8.64	0(0)	0.96(960)
THR	-5.01704016763121	8.586	0(0)	0.954(954)
THR	-4.88116683175801	8.55	0(0)	0.95(950)
THR	-4.74529349588481	8.46	0(0)	0.94(940)
THR	-4.60942016001161	8.361	0(0)	0.929(929)
THR	-4.47354682413842	8.325	0(0)	0.925(925)
THR	-4.33767348826522	8.262	0(0)	0.918(918)
THR	-4.20180015239202	8.208	0(0)	0.912(912)
THR	-4.06592681651882	8.1	0(0)	0.9(900)
THR	-3.93005348064562	8.055	0(0)	0.895(895)
THR	-3.79418014477242	7.938	0(0)	0.882(882)
THR	-3.65830680889922	7.866	0(0)	0.874(874)
THR	-3.52243347302602	7.758	0(0)	0.862(862)
THR	-3.38656013715282	7.65	0(0)	0.85(850)
THR	-3.25068680127962	7.488	0(0)	0.832(832)
THR	-3.11481346540642	7.335	0(0)	0.815(815)
THR	-2.97894012953322	7.101	0(0)	0.789(789)
THR	-2.84306679366002	6.826	0.004(1)	0.758(758)
THR	-2.70719345778682	6.691	0.004(1)	0.743(743)
THR	-2.57132012191362	6.421	0.004(1)	0.713(713)
THR	-2.43544678604042	6.16	0.004(1)	0.684(684)
THR	-2.29957345016722	5.836	0.004(1)	0.648(648)
THR	-2.16370011429402	5.476	0.004(1)	0.608(608)
THR	-2.02782677842082	5.053	0.004(1)	0.561(561)
THR	-1.89195344254762	4.684	0.004(1)	0.52(520)
THR	-1.75608010667442	4.243	0.004(1)	0.471(471)
THR	-1.62020677080122	3.793	0.004(1)	0.421(421)
THR	-1.48433343492802	3.361	0.004(1)	0.373(373)
THR	-1.34846009905482	2.92	0.004(1)	0.324(324)
THR	-1.21258676318162	2.443	0.004(1)	0.271(271)
THR	-1.07671342730842	2.011	0.004(1)	0.223(223)
THR	-0.940840091435215	1.561	0.004(1)	0.173(173)
THR	-0.804966755562015	1.273	0.004(1)	0.141(141)
THR	-0.669093419688815	0.98	0.008(2)	0.108(108)
THR	-0.533220083815615	0.683	0.008(2)	0.075(75)
THR	-0.397346747942415	0.48	0.012(3)	0.052(52)
THR	-0.261473412069215	0.291	0.012(3)	0.031(31)
THR	-0.125600076196015	0.201	0.012(3)	0.021(21)
THR	0.0102732596771851	0.142	0.016(4)	0.014(14)
THR	0.146146595550385	0.105	0.024(6)	0.009(9)
THR	0.282019931423585	0.099	0.036(9)	0.007(7)
THR	0.417893267296785	0.1	0.064(16)	0.004(4)
THR	0.553766603169985	0.12	0.084(21)	0.004(4)
THR	0.689639939043185	0.151	0.124(31)	0.003(3)
THR	0.825513274916385	0.185	0.176(44)	0.001(1)
THR	0.961386610789585	0.221	0.212(53)	0.001(1)
THR	1.09725994666279	0.269	0.26(65)	0.001(1)
THR	1.23313328253599	0.325	0.316(79)	0.001(1)
THR	1.36900661840919	0.38	0.38(95)	0(0)
THR	1.50487995428239	0.464	0.464(116)	0(0)
THR	1.64075329015559	0.564	0.564(141)	0(0)
THR	1.77662662602879	0.636	0.636(159)	0(0)
THR	1.91249996190199	0.684	0.684(171)	0(0)
THR	2.04837329777519	0.732	0.732(183)	0(0)
THR	2.18424663364839	0.784	0.784(196)	0(0)
THR	2.32011996952159	0.816	0.816(204)	0(0)
THR	2.45599330539479	0.864	0.864(216)	0(0)
THR	2.59186664126799	0.896	0.896(224)	0(0)
THR	2.72773997714119	0.916	0.916(229)	0(0)
THR	2.86361331301439	0.928	0.928(232)	0(0)
THR	2.99948664888759	0.948	0.948(237)	0(0)
THR	3.13535998476079	0.968	0.968(242)	0(0)
THR	3.27123332063399	0.976	0.976(244)	0(0)
THR	3.40710665650719	0.98	0.98(245)	0(0)
THR	3.54297999238039	0.992	0.992(248)	0(0)
THR	3.67885332825359	0.996	0.996(249)	0(0)
THR	3.81472666412679	0.996	0.996(249)	0(0)
THR	3.95059999999999	0.996	0.996(249)	0(0)
THR	4.08647333587319	1	1(250)	0(0)


==============================================
THR: 0.282019931423585
Missed:     9/250=0.0360
FalseAlarm: 7/1000=0.0070
----------------------------------------------
==> CostDetection: 9.9
==============================================
